[0.069s] Invoking command in '/home/rajesh/multi_tb3/build/velodyne_gazebo_plugins': CMAKE_PREFIX_PATH=/opt/ros/humble /usr/bin/cmake /home/rajesh/multi_tb3/src/Multi-turtlebot3-Gazebo-ROS2/velodyne_simulator/velodyne_gazebo_plugins -DCMAKE_INSTALL_PREFIX=/home/rajesh/multi_tb3/install/velodyne_gazebo_plugins
[0.119s] -- The C compiler identification is GNU 11.4.0
[0.168s] -- The CXX compiler identification is GNU 11.4.0
[0.175s] -- Detecting C compiler ABI info
[0.245s] -- Detecting C compiler ABI info - done
[0.255s] -- Check for working C compiler: /usr/bin/cc - skipped
[0.255s] -- Detecting C compile features
[0.255s] -- Detecting C compile features - done
[0.259s] -- Detecting CXX compiler ABI info
[0.346s] -- Detecting CXX compiler ABI info - done
[0.356s] -- Check for working CXX compiler: /usr/bin/c++ - skipped
[0.356s] -- Detecting CXX compile features
[0.356s] -- Detecting CXX compile features - done
[0.359s] -- Found ament_cmake: 1.3.7 (/opt/ros/humble/share/ament_cmake/cmake)
[0.507s] -- Found Python3: /usr/bin/python3.10 (found version "3.10.12") found components: Interpreter 
[0.603s] -- Found gazebo_dev: 3.7.0 (/opt/ros/humble/share/gazebo_dev/cmake)
[0.610s] -- Found PkgConfig: /usr/bin/pkg-config (found version "0.29.2") 
[0.615s] -- Checking for module 'bullet>=2.82'
[0.627s] --   Found bullet, version 3.05
[0.722s] -- Found fcl: /usr/include (found suitable version "0.7.0", minimum required is "0.5.0") 
[0.763s] -- Found assimp: /usr/include (found version "5.2.0") 
[0.775s] -- Found DART: /usr/include (Required is at least version "6.6") found components: dart 
[0.886s] -- Found Boost: /usr/lib/x86_64-linux-gnu/cmake/Boost-1.74.0/BoostConfig.cmake (found suitable version "1.74.0", minimum required is "1.40.0") found components: thread system filesystem program_options regex iostreams date_time 
[0.896s] -- Found Protobuf: /usr/lib/x86_64-linux-gnu/libprotobuf.so (found version "3.12.4") 
[0.899s] -- Looking for ignition-math6 -- found version 6.15.1
[0.903s] -- Searching for dependencies of ignition-math6
[0.904s] -- Looking for OGRE...
[0.904s] -- OGRE_PREFIX_WATCH changed.
[0.907s] -- Checking for module 'OGRE'
[0.915s] --   Found OGRE, version 1.9.0
[0.932s] -- Found Ogre Ghadamon (1.9.0)
[0.938s] -- Found OGRE: optimized;/usr/lib/x86_64-linux-gnu/libOgreMain.so;debug;/usr/lib/x86_64-linux-gnu/libOgreMain.so
[0.945s] -- Looking for OGRE_Paging...
[0.949s] -- Found OGRE_Paging: optimized;/usr/lib/x86_64-linux-gnu/libOgrePaging.so;debug;/usr/lib/x86_64-linux-gnu/libOgrePaging.so
[0.949s] -- Looking for OGRE_Terrain...
[0.951s] -- Found OGRE_Terrain: optimized;/usr/lib/x86_64-linux-gnu/libOgreTerrain.so;debug;/usr/lib/x86_64-linux-gnu/libOgreTerrain.so
[0.952s] -- Looking for OGRE_Property...
[0.954s] -- Found OGRE_Property: optimized;/usr/lib/x86_64-linux-gnu/libOgreProperty.so;debug;/usr/lib/x86_64-linux-gnu/libOgreProperty.so
[0.954s] -- Looking for OGRE_RTShaderSystem...
[0.957s] -- Found OGRE_RTShaderSystem: optimized;/usr/lib/x86_64-linux-gnu/libOgreRTShaderSystem.so;debug;/usr/lib/x86_64-linux-gnu/libOgreRTShaderSystem.so
[0.957s] -- Looking for OGRE_Volume...
[0.960s] -- Found OGRE_Volume: optimized;/usr/lib/x86_64-linux-gnu/libOgreVolume.so;debug;/usr/lib/x86_64-linux-gnu/libOgreVolume.so
[0.960s] -- Looking for OGRE_Overlay...
[0.963s] -- Found OGRE_Overlay: optimized;/usr/lib/x86_64-linux-gnu/libOgreOverlay.so;debug;/usr/lib/x86_64-linux-gnu/libOgreOverlay.so
[1.025s] -- Looking for ignition-math6 -- found version 6.15.1
[1.026s] -- Looking for ignition-transport8 -- found version 8.2.1
[1.026s] -- Searching for dependencies of ignition-transport8
[1.038s] -- Found Protobuf: /usr/lib/x86_64-linux-gnu/libprotobuf.so (found suitable version "3.12.4", minimum required is "3") 
[1.044s] -- Config-file not installed for ZeroMQ -- checking for pkg-config
[1.048s] -- Checking for module 'libzmq >= 4'
[1.055s] --   Found libzmq , version 4.3.4
[1.075s] -- Found ZeroMQ: TRUE (Required is at least version "4") 
[1.079s] -- Checking for module 'uuid'
[1.086s] --   Found uuid, version 2.37.2
[1.105s] -- Found UUID: TRUE  
[1.106s] -- Looking for ignition-msgs5 -- found version 5.8.1
[1.106s] -- Searching for dependencies of ignition-msgs5
[1.119s] -- Looking for ignition-math6 -- found version 6.15.1
[1.122s] -- Checking for module 'tinyxml2'
[1.130s] --   Found tinyxml2, version 9.0.0
[1.149s] -- Looking for ignition-msgs5 -- found version 5.8.1
[1.150s] -- Looking for ignition-common3 -- found version 3.14.0
[1.150s] -- Searching for dependencies of ignition-common3
[1.151s] -- Looking for dlfcn.h - found
[1.151s] -- Looking for libdl - found
[1.152s] -- Found DL: TRUE  
[1.159s] -- Found tinyobjloader: /usr/lib/x86_64-linux-gnu/cmake/tinyobjloader/tinyobjloader-config.cmake (found version "2.0.0") 
[1.159s] -- Searching for <ignition-common3> component [graphics]
[1.161s] -- Looking for ignition-common3-graphics -- found version 3.14.0
[1.161s] -- Searching for dependencies of ignition-common3-graphics
[1.161s] -- Looking for ignition-math6 -- found version 6.15.1
[1.163s] -- Looking for ignition-fuel_tools4 -- found version 4.4.0
[1.163s] -- Searching for dependencies of ignition-fuel_tools4
[1.211s] -- Found CURL: /usr/lib/x86_64-linux-gnu/libcurl.so (found version "7.81.0")  
[1.216s] -- Checking for module 'jsoncpp'
[1.223s] --   Found jsoncpp, version 1.9.5
[1.241s] -- Found JSONCPP: TRUE  
[1.245s] -- Checking for module 'libzip'
[1.252s] --   Found libzip, version 1.7.3
[1.276s] -- Found ZIP: TRUE  
[1.277s] -- Looking for ignition-common3 -- found version 3.14.0
[1.277s] -- Looking for ignition-math6 -- found version 6.15.1
[1.277s] -- Looking for ignition-msgs5 -- found version 5.8.1
[1.280s] -- Gazebo version: 11.10
[1.280s] -- Checking for module 'tbb'
[1.289s] --   Found tbb, version 2021.5.0
[1.308s] -- Found gazebo_ros: 3.7.0 (/opt/ros/humble/share/gazebo_ros/cmake)
[1.333s] -- Found rosidl_generator_c: 3.1.5 (/opt/ros/humble/share/rosidl_generator_c/cmake)
[1.336s] -- Found rosidl_adapter: 3.1.5 (/opt/ros/humble/share/rosidl_adapter/cmake)
[1.342s] -- Found rosidl_generator_cpp: 3.1.5 (/opt/ros/humble/share/rosidl_generator_cpp/cmake)
[1.351s] -- Using all available rosidl_typesupport_c: rosidl_typesupport_fastrtps_c;rosidl_typesupport_introspection_c
[1.363s] -- Using all available rosidl_typesupport_cpp: rosidl_typesupport_fastrtps_cpp;rosidl_typesupport_introspection_cpp
[1.408s] -- Found rmw_implementation_cmake: 6.1.1 (/opt/ros/humble/share/rmw_implementation_cmake/cmake)
[1.410s] -- Found rmw_fastrtps_cpp: 6.2.6 (/opt/ros/humble/share/rmw_fastrtps_cpp/cmake)
[1.471s] -- Found OpenSSL: /usr/lib/x86_64-linux-gnu/libcrypto.so (found version "3.0.2")  
[1.487s] -- Found FastRTPS: /opt/ros/humble/include  
[1.520s] -- Using RMW implementation 'rmw_fastrtps_cpp' as default
[1.527s] -- Found Threads: TRUE  
[1.643s] -- Found gazebo_msgs: 3.7.0 (/opt/ros/humble/share/gazebo_msgs/cmake)
[1.831s] -- Found sensor_msgs: 4.2.3 (/opt/ros/humble/share/sensor_msgs/cmake)
[1.950s] -- Configuring done
[1.964s] -- Generating done
[1.966s] -- Build files have been written to: /home/rajesh/multi_tb3/build/velodyne_gazebo_plugins
[1.975s] Invoked command in '/home/rajesh/multi_tb3/build/velodyne_gazebo_plugins' returned '0': CMAKE_PREFIX_PATH=/opt/ros/humble /usr/bin/cmake /home/rajesh/multi_tb3/src/Multi-turtlebot3-Gazebo-ROS2/velodyne_simulator/velodyne_gazebo_plugins -DCMAKE_INSTALL_PREFIX=/home/rajesh/multi_tb3/install/velodyne_gazebo_plugins
[1.978s] Invoking command in '/home/rajesh/multi_tb3/build/velodyne_gazebo_plugins': CMAKE_PREFIX_PATH=/opt/ros/humble /usr/bin/cmake --build /home/rajesh/multi_tb3/build/velodyne_gazebo_plugins -- -j12 -l12
[2.009s] [ 50%] [32mBuilding CXX object CMakeFiles/gazebo_ros_velodyne_laser.dir/src/GazeboRosVelodyneLaser.cpp.o[0m
[15.505s] [100%] [32m[1mLinking CXX shared library libgazebo_ros_velodyne_laser.so[0m
[15.925s] [100%] Built target gazebo_ros_velodyne_laser
[15.934s] Invoked command in '/home/rajesh/multi_tb3/build/velodyne_gazebo_plugins' returned '0': CMAKE_PREFIX_PATH=/opt/ros/humble /usr/bin/cmake --build /home/rajesh/multi_tb3/build/velodyne_gazebo_plugins -- -j12 -l12
[15.950s] Invoking command in '/home/rajesh/multi_tb3/build/velodyne_gazebo_plugins': CMAKE_PREFIX_PATH=/opt/ros/humble /usr/bin/cmake --install /home/rajesh/multi_tb3/build/velodyne_gazebo_plugins
[15.954s] -- Install configuration: ""
[15.954s] -- Installing: /home/rajesh/multi_tb3/install/velodyne_gazebo_plugins/lib/libgazebo_ros_velodyne_laser.so
[15.957s] -- Set runtime path of "/home/rajesh/multi_tb3/install/velodyne_gazebo_plugins/lib/libgazebo_ros_velodyne_laser.so" to ""
[15.957s] -- Installing: /home/rajesh/multi_tb3/install/velodyne_gazebo_plugins/include/velodyne_gazebo_plugins
[15.957s] -- Installing: /home/rajesh/multi_tb3/install/velodyne_gazebo_plugins/include/velodyne_gazebo_plugins/GazeboRosVelodyneLaser.hpp
[15.957s] -- Installing: /home/rajesh/multi_tb3/install/velodyne_gazebo_plugins/share/velodyne_gazebo_plugins/environment/library_path.sh
[15.957s] -- Installing: /home/rajesh/multi_tb3/install/velodyne_gazebo_plugins/share/velodyne_gazebo_plugins/environment/library_path.dsv
[15.957s] -- Installing: /home/rajesh/multi_tb3/install/velodyne_gazebo_plugins/share/ament_index/resource_index/package_run_dependencies/velodyne_gazebo_plugins
[15.957s] -- Installing: /home/rajesh/multi_tb3/install/velodyne_gazebo_plugins/share/ament_index/resource_index/parent_prefix_path/velodyne_gazebo_plugins
[15.958s] -- Installing: /home/rajesh/multi_tb3/install/velodyne_gazebo_plugins/share/velodyne_gazebo_plugins/environment/ament_prefix_path.sh
[15.958s] -- Installing: /home/rajesh/multi_tb3/install/velodyne_gazebo_plugins/share/velodyne_gazebo_plugins/environment/ament_prefix_path.dsv
[15.958s] -- Installing: /home/rajesh/multi_tb3/install/velodyne_gazebo_plugins/share/velodyne_gazebo_plugins/environment/path.sh
[15.958s] -- Installing: /home/rajesh/multi_tb3/install/velodyne_gazebo_plugins/share/velodyne_gazebo_plugins/environment/path.dsv
[15.958s] -- Installing: /home/rajesh/multi_tb3/install/velodyne_gazebo_plugins/share/velodyne_gazebo_plugins/local_setup.bash
[15.958s] -- Installing: /home/rajesh/multi_tb3/install/velodyne_gazebo_plugins/share/velodyne_gazebo_plugins/local_setup.sh
[15.958s] -- Installing: /home/rajesh/multi_tb3/install/velodyne_gazebo_plugins/share/velodyne_gazebo_plugins/local_setup.zsh
[15.958s] -- Installing: /home/rajesh/multi_tb3/install/velodyne_gazebo_plugins/share/velodyne_gazebo_plugins/local_setup.dsv
[15.958s] -- Installing: /home/rajesh/multi_tb3/install/velodyne_gazebo_plugins/share/velodyne_gazebo_plugins/package.dsv
[15.958s] -- Installing: /home/rajesh/multi_tb3/install/velodyne_gazebo_plugins/share/ament_index/resource_index/packages/velodyne_gazebo_plugins
[15.958s] -- Installing: /home/rajesh/multi_tb3/install/velodyne_gazebo_plugins/share/velodyne_gazebo_plugins/cmake/ament_cmake_export_include_directories-extras.cmake
[15.959s] -- Installing: /home/rajesh/multi_tb3/install/velodyne_gazebo_plugins/share/velodyne_gazebo_plugins/cmake/ament_cmake_export_libraries-extras.cmake
[15.959s] -- Installing: /home/rajesh/multi_tb3/install/velodyne_gazebo_plugins/share/velodyne_gazebo_plugins/cmake/ament_cmake_export_dependencies-extras.cmake
[15.959s] -- Installing: /home/rajesh/multi_tb3/install/velodyne_gazebo_plugins/share/velodyne_gazebo_plugins/cmake/velodyne_gazebo_pluginsConfig.cmake
[15.959s] -- Installing: /home/rajesh/multi_tb3/install/velodyne_gazebo_plugins/share/velodyne_gazebo_plugins/cmake/velodyne_gazebo_pluginsConfig-version.cmake
[15.959s] -- Installing: /home/rajesh/multi_tb3/install/velodyne_gazebo_plugins/share/velodyne_gazebo_plugins/package.xml
[15.960s] Invoked command in '/home/rajesh/multi_tb3/build/velodyne_gazebo_plugins' returned '0': CMAKE_PREFIX_PATH=/opt/ros/humble /usr/bin/cmake --install /home/rajesh/multi_tb3/build/velodyne_gazebo_plugins
