[0.517s] Invoking command in '/home/rajesh/multi_tb3/src/Multi-turtlebot3-Gazebo-ROS2/teleop_twist_keyboard': PYTHONPATH=/home/rajesh/multi_tb3/build/teleop_twist_keyboard/prefix_override:/home/rajesh/multi_tb3/install/teleop_twist_keyboard/lib/python3.10/site-packages:${PYTHONPATH} /usr/bin/python3 setup.py egg_info --egg-base ../../../build/teleop_twist_keyboard build --build-base /home/rajesh/multi_tb3/build/teleop_twist_keyboard/build install --record /home/rajesh/multi_tb3/build/teleop_twist_keyboard/install.log --single-version-externally-managed
[0.672s] running egg_info
[0.673s] creating ../../../build/teleop_twist_keyboard/teleop_twist_keyboard.egg-info
[0.673s] writing ../../../build/teleop_twist_keyboard/teleop_twist_keyboard.egg-info/PKG-INFO
[0.673s] writing dependency_links to ../../../build/teleop_twist_keyboard/teleop_twist_keyboard.egg-info/dependency_links.txt
[0.673s] writing entry points to ../../../build/teleop_twist_keyboard/teleop_twist_keyboard.egg-info/entry_points.txt
[0.674s] writing requirements to ../../../build/teleop_twist_keyboard/teleop_twist_keyboard.egg-info/requires.txt
[0.674s] writing top-level names to ../../../build/teleop_twist_keyboard/teleop_twist_keyboard.egg-info/top_level.txt
[0.674s] writing manifest file '../../../build/teleop_twist_keyboard/teleop_twist_keyboard.egg-info/SOURCES.txt'
[0.674s] reading manifest file '../../../build/teleop_twist_keyboard/teleop_twist_keyboard.egg-info/SOURCES.txt'
[0.674s] adding license file 'LICENSE'
[0.674s] writing manifest file '../../../build/teleop_twist_keyboard/teleop_twist_keyboard.egg-info/SOURCES.txt'
[0.674s] running build
[0.675s] running build_py
[0.675s] creating /home/rajesh/multi_tb3/build/teleop_twist_keyboard/build
[0.675s] creating /home/rajesh/multi_tb3/build/teleop_twist_keyboard/build/lib
[0.675s] copying teleop_twist_keyboard.py -> /home/rajesh/multi_tb3/build/teleop_twist_keyboard/build/lib
[0.675s] running install
[0.675s] running install_lib
[0.675s] copying /home/rajesh/multi_tb3/build/teleop_twist_keyboard/build/lib/teleop_twist_keyboard.py -> /home/rajesh/multi_tb3/install/teleop_twist_keyboard/lib/python3.10/site-packages
[0.675s] byte-compiling /home/rajesh/multi_tb3/install/teleop_twist_keyboard/lib/python3.10/site-packages/teleop_twist_keyboard.py to teleop_twist_keyboard.cpython-310.pyc
[0.675s] running install_data
[0.676s] creating /home/rajesh/multi_tb3/install/teleop_twist_keyboard/share/ament_index
[0.676s] creating /home/rajesh/multi_tb3/install/teleop_twist_keyboard/share/ament_index/resource_index
[0.676s] creating /home/rajesh/multi_tb3/install/teleop_twist_keyboard/share/ament_index/resource_index/packages
[0.676s] copying resource/teleop_twist_keyboard -> /home/rajesh/multi_tb3/install/teleop_twist_keyboard/share/ament_index/resource_index/packages
[0.676s] copying package.xml -> /home/rajesh/multi_tb3/install/teleop_twist_keyboard/share/teleop_twist_keyboard
[0.676s] running install_egg_info
[0.678s] Copying ../../../build/teleop_twist_keyboard/teleop_twist_keyboard.egg-info to /home/rajesh/multi_tb3/install/teleop_twist_keyboard/lib/python3.10/site-packages/teleop_twist_keyboard-2.3.2-py3.10.egg-info
[0.678s] running install_scripts
[0.691s] Installing teleop_twist_keyboard script to /home/rajesh/multi_tb3/install/teleop_twist_keyboard/lib/teleop_twist_keyboard
[0.691s] writing list of installed files to '/home/rajesh/multi_tb3/build/teleop_twist_keyboard/install.log'
[0.708s] Invoked command in '/home/rajesh/multi_tb3/src/Multi-turtlebot3-Gazebo-ROS2/teleop_twist_keyboard' returned '0': PYTHONPATH=/home/rajesh/multi_tb3/build/teleop_twist_keyboard/prefix_override:/home/rajesh/multi_tb3/install/teleop_twist_keyboard/lib/python3.10/site-packages:${PYTHONPATH} /usr/bin/python3 setup.py egg_info --egg-base ../../../build/teleop_twist_keyboard build --build-base /home/rajesh/multi_tb3/build/teleop_twist_keyboard/build install --record /home/rajesh/multi_tb3/build/teleop_twist_keyboard/install.log --single-version-externally-managed
