[0.034s] Invoking command in '/home/rajesh/multi_tb3/build/velodyne_simulator': AMENT_PREFIX_PATH=/home/rajesh/multi_tb3/install/velodyne_gazebo_plugins:/home/rajesh/multi_tb3/install/velodyne_description:${AMENT_PREFIX_PATH} CMAKE_PREFIX_PATH=/home/rajesh/multi_tb3/install/velodyne_gazebo_plugins:/home/rajesh/multi_tb3/install/velodyne_description:/opt/ros/humble LD_LIBRARY_PATH=/home/rajesh/multi_tb3/install/velodyne_gazebo_plugins/lib:${LD_LIBRARY_PATH} /usr/bin/cmake --build /home/rajesh/multi_tb3/build/velodyne_simulator -- -j12 -l12
[0.075s] Invoked command in '/home/rajesh/multi_tb3/build/velodyne_simulator' returned '0': AMENT_PREFIX_PATH=/home/rajesh/multi_tb3/install/velodyne_gazebo_plugins:/home/rajesh/multi_tb3/install/velodyne_description:${AMENT_PREFIX_PATH} CMAKE_PREFIX_PATH=/home/rajesh/multi_tb3/install/velodyne_gazebo_plugins:/home/rajesh/multi_tb3/install/velodyne_description:/opt/ros/humble LD_LIBRARY_PATH=/home/rajesh/multi_tb3/install/velodyne_gazebo_plugins/lib:${LD_LIBRARY_PATH} /usr/bin/cmake --build /home/rajesh/multi_tb3/build/velodyne_simulator -- -j12 -l12
[0.096s] Invoking command in '/home/rajesh/multi_tb3/build/velodyne_simulator': AMENT_PREFIX_PATH=/home/rajesh/multi_tb3/install/velodyne_gazebo_plugins:/home/rajesh/multi_tb3/install/velodyne_description:${AMENT_PREFIX_PATH} CMAKE_PREFIX_PATH=/home/rajesh/multi_tb3/install/velodyne_gazebo_plugins:/home/rajesh/multi_tb3/install/velodyne_description:/opt/ros/humble LD_LIBRARY_PATH=/home/rajesh/multi_tb3/install/velodyne_gazebo_plugins/lib:${LD_LIBRARY_PATH} /usr/bin/cmake --install /home/rajesh/multi_tb3/build/velodyne_simulator
[0.103s] -- Install configuration: ""
[0.103s] -- Up-to-date: /home/rajesh/multi_tb3/install/velodyne_simulator/share/ament_index/resource_index/package_run_dependencies/velodyne_simulator
[0.103s] -- Up-to-date: /home/rajesh/multi_tb3/install/velodyne_simulator/share/ament_index/resource_index/parent_prefix_path/velodyne_simulator
[0.104s] -- Up-to-date: /home/rajesh/multi_tb3/install/velodyne_simulator/share/velodyne_simulator/environment/ament_prefix_path.sh
[0.104s] -- Up-to-date: /home/rajesh/multi_tb3/install/velodyne_simulator/share/velodyne_simulator/environment/ament_prefix_path.dsv
[0.104s] -- Up-to-date: /home/rajesh/multi_tb3/install/velodyne_simulator/share/velodyne_simulator/environment/path.sh
[0.104s] -- Up-to-date: /home/rajesh/multi_tb3/install/velodyne_simulator/share/velodyne_simulator/environment/path.dsv
[0.104s] -- Up-to-date: /home/rajesh/multi_tb3/install/velodyne_simulator/share/velodyne_simulator/local_setup.bash
[0.104s] -- Up-to-date: /home/rajesh/multi_tb3/install/velodyne_simulator/share/velodyne_simulator/local_setup.sh
[0.104s] -- Up-to-date: /home/rajesh/multi_tb3/install/velodyne_simulator/share/velodyne_simulator/local_setup.zsh
[0.104s] -- Up-to-date: /home/rajesh/multi_tb3/install/velodyne_simulator/share/velodyne_simulator/local_setup.dsv
[0.104s] -- Installing: /home/rajesh/multi_tb3/install/velodyne_simulator/share/velodyne_simulator/package.dsv
[0.104s] -- Up-to-date: /home/rajesh/multi_tb3/install/velodyne_simulator/share/ament_index/resource_index/packages/velodyne_simulator
[0.105s] -- Up-to-date: /home/rajesh/multi_tb3/install/velodyne_simulator/share/velodyne_simulator/cmake/velodyne_simulatorConfig.cmake
[0.105s] -- Up-to-date: /home/rajesh/multi_tb3/install/velodyne_simulator/share/velodyne_simulator/cmake/velodyne_simulatorConfig-version.cmake
[0.105s] -- Up-to-date: /home/rajesh/multi_tb3/install/velodyne_simulator/share/velodyne_simulator/package.xml
[0.106s] Invoked command in '/home/rajesh/multi_tb3/build/velodyne_simulator' returned '0': AMENT_PREFIX_PATH=/home/rajesh/multi_tb3/install/velodyne_gazebo_plugins:/home/rajesh/multi_tb3/install/velodyne_description:${AMENT_PREFIX_PATH} CMAKE_PREFIX_PATH=/home/rajesh/multi_tb3/install/velodyne_gazebo_plugins:/home/rajesh/multi_tb3/install/velodyne_description:/opt/ros/humble LD_LIBRARY_PATH=/home/rajesh/multi_tb3/install/velodyne_gazebo_plugins/lib:${LD_LIBRARY_PATH} /usr/bin/cmake --install /home/rajesh/multi_tb3/build/velodyne_simulator
