[0.030s] Invoking command in '/home/rajesh/multi_tb3/build/velodyne_simulator': AMENT_PREFIX_PATH=/home/rajesh/multi_tb3/install/velodyne_gazebo_plugins:/home/rajesh/multi_tb3/install/velodyne_description:${AMENT_PREFIX_PATH} CMAKE_PREFIX_PATH=/home/rajesh/multi_tb3/install/velodyne_gazebo_plugins:/home/rajesh/multi_tb3/install/velodyne_description:/opt/ros/humble LD_LIBRARY_PATH=/home/rajesh/multi_tb3/install/velodyne_gazebo_plugins/lib:${LD_LIBRARY_PATH} /usr/bin/cmake /home/rajesh/multi_tb3/src/Multi-turtlebot3-Gazebo-ROS2/velodyne_simulator/velodyne_simulator -DCMAKE_INSTALL_PREFIX=/home/rajesh/multi_tb3/install/velodyne_simulator
[0.063s] -- The C compiler identification is GNU 11.4.0
[0.098s] -- The CXX compiler identification is GNU 11.4.0
[0.103s] -- Detecting C compiler ABI info
[0.145s] -- Detecting C compiler ABI info - done
[0.150s] -- Check for working C compiler: /usr/bin/cc - skipped
[0.150s] -- Detecting C compile features
[0.150s] -- Detecting C compile features - done
[0.152s] -- Detecting CXX compiler ABI info
[0.203s] -- Detecting CXX compiler ABI info - done
[0.214s] -- Check for working CXX compiler: /usr/bin/c++ - skipped
[0.214s] -- Detecting CXX compile features
[0.215s] -- Detecting CXX compile features - done
[0.218s] -- Found ament_cmake: 1.3.7 (/opt/ros/humble/share/ament_cmake/cmake)
[0.345s] -- Found Python3: /usr/bin/python3.10 (found version "3.10.12") found components: Interpreter 
[0.441s] -- Configuring done
[0.442s] -- Generating done
[0.442s] -- Build files have been written to: /home/rajesh/multi_tb3/build/velodyne_simulator
[0.446s] Invoked command in '/home/rajesh/multi_tb3/build/velodyne_simulator' returned '0': AMENT_PREFIX_PATH=/home/rajesh/multi_tb3/install/velodyne_gazebo_plugins:/home/rajesh/multi_tb3/install/velodyne_description:${AMENT_PREFIX_PATH} CMAKE_PREFIX_PATH=/home/rajesh/multi_tb3/install/velodyne_gazebo_plugins:/home/rajesh/multi_tb3/install/velodyne_description:/opt/ros/humble LD_LIBRARY_PATH=/home/rajesh/multi_tb3/install/velodyne_gazebo_plugins/lib:${LD_LIBRARY_PATH} /usr/bin/cmake /home/rajesh/multi_tb3/src/Multi-turtlebot3-Gazebo-ROS2/velodyne_simulator/velodyne_simulator -DCMAKE_INSTALL_PREFIX=/home/rajesh/multi_tb3/install/velodyne_simulator
[0.447s] Invoking command in '/home/rajesh/multi_tb3/build/velodyne_simulator': AMENT_PREFIX_PATH=/home/rajesh/multi_tb3/install/velodyne_gazebo_plugins:/home/rajesh/multi_tb3/install/velodyne_description:${AMENT_PREFIX_PATH} CMAKE_PREFIX_PATH=/home/rajesh/multi_tb3/install/velodyne_gazebo_plugins:/home/rajesh/multi_tb3/install/velodyne_description:/opt/ros/humble LD_LIBRARY_PATH=/home/rajesh/multi_tb3/install/velodyne_gazebo_plugins/lib:${LD_LIBRARY_PATH} /usr/bin/cmake --build /home/rajesh/multi_tb3/build/velodyne_simulator -- -j12 -l12
[0.527s] Invoked command in '/home/rajesh/multi_tb3/build/velodyne_simulator' returned '0': AMENT_PREFIX_PATH=/home/rajesh/multi_tb3/install/velodyne_gazebo_plugins:/home/rajesh/multi_tb3/install/velodyne_description:${AMENT_PREFIX_PATH} CMAKE_PREFIX_PATH=/home/rajesh/multi_tb3/install/velodyne_gazebo_plugins:/home/rajesh/multi_tb3/install/velodyne_description:/opt/ros/humble LD_LIBRARY_PATH=/home/rajesh/multi_tb3/install/velodyne_gazebo_plugins/lib:${LD_LIBRARY_PATH} /usr/bin/cmake --build /home/rajesh/multi_tb3/build/velodyne_simulator -- -j12 -l12
[0.542s] Invoking command in '/home/rajesh/multi_tb3/build/velodyne_simulator': AMENT_PREFIX_PATH=/home/rajesh/multi_tb3/install/velodyne_gazebo_plugins:/home/rajesh/multi_tb3/install/velodyne_description:${AMENT_PREFIX_PATH} CMAKE_PREFIX_PATH=/home/rajesh/multi_tb3/install/velodyne_gazebo_plugins:/home/rajesh/multi_tb3/install/velodyne_description:/opt/ros/humble LD_LIBRARY_PATH=/home/rajesh/multi_tb3/install/velodyne_gazebo_plugins/lib:${LD_LIBRARY_PATH} /usr/bin/cmake --install /home/rajesh/multi_tb3/build/velodyne_simulator
[0.546s] -- Install configuration: ""
[0.546s] -- Installing: /home/rajesh/multi_tb3/install/velodyne_simulator/share/ament_index/resource_index/package_run_dependencies/velodyne_simulator
[0.547s] -- Installing: /home/rajesh/multi_tb3/install/velodyne_simulator/share/ament_index/resource_index/parent_prefix_path/velodyne_simulator
[0.547s] -- Installing: /home/rajesh/multi_tb3/install/velodyne_simulator/share/velodyne_simulator/environment/ament_prefix_path.sh
[0.547s] -- Installing: /home/rajesh/multi_tb3/install/velodyne_simulator/share/velodyne_simulator/environment/ament_prefix_path.dsv
[0.547s] -- Installing: /home/rajesh/multi_tb3/install/velodyne_simulator/share/velodyne_simulator/environment/path.sh
[0.547s] -- Installing: /home/rajesh/multi_tb3/install/velodyne_simulator/share/velodyne_simulator/environment/path.dsv
[0.547s] -- Installing: /home/rajesh/multi_tb3/install/velodyne_simulator/share/velodyne_simulator/local_setup.bash
[0.547s] -- Installing: /home/rajesh/multi_tb3/install/velodyne_simulator/share/velodyne_simulator/local_setup.sh
[0.547s] -- Installing: /home/rajesh/multi_tb3/install/velodyne_simulator/share/velodyne_simulator/local_setup.zsh
[0.547s] -- Installing: /home/rajesh/multi_tb3/install/velodyne_simulator/share/velodyne_simulator/local_setup.dsv
[0.547s] -- Installing: /home/rajesh/multi_tb3/install/velodyne_simulator/share/velodyne_simulator/package.dsv
[0.548s] -- Installing: /home/rajesh/multi_tb3/install/velodyne_simulator/share/ament_index/resource_index/packages/velodyne_simulator
[0.548s] -- Installing: /home/rajesh/multi_tb3/install/velodyne_simulator/share/velodyne_simulator/cmake/velodyne_simulatorConfig.cmake
[0.548s] -- Installing: /home/rajesh/multi_tb3/install/velodyne_simulator/share/velodyne_simulator/cmake/velodyne_simulatorConfig-version.cmake
[0.548s] -- Installing: /home/rajesh/multi_tb3/install/velodyne_simulator/share/velodyne_simulator/package.xml
[0.549s] Invoked command in '/home/rajesh/multi_tb3/build/velodyne_simulator' returned '0': AMENT_PREFIX_PATH=/home/rajesh/multi_tb3/install/velodyne_gazebo_plugins:/home/rajesh/multi_tb3/install/velodyne_description:${AMENT_PREFIX_PATH} CMAKE_PREFIX_PATH=/home/rajesh/multi_tb3/install/velodyne_gazebo_plugins:/home/rajesh/multi_tb3/install/velodyne_description:/opt/ros/humble LD_LIBRARY_PATH=/home/rajesh/multi_tb3/install/velodyne_gazebo_plugins/lib:${LD_LIBRARY_PATH} /usr/bin/cmake --install /home/rajesh/multi_tb3/build/velodyne_simulator
