[0.061s] Invoking command in '/home/rajesh/multi_tb3/build/velodyne_simulator': CMAKE_PREFIX_PATH=/home/rajesh/multi_tb3/install/velodyne_gazebo_plugins:/home/rajesh/multi_tb3/install/velodyne_description:/home/rajesh/multi_tb3/install/velodyne_simulator:/home/rajesh/multi_tb3/install/turtlebot3_simulations:/home/rajesh/multi_tb3/install/turtlebot3_gazebo:/home/rajesh/multi_tb3/install/turtlebot3_description:/home/rajesh/multi_tb3/install/teleop_twist_keyboard:/opt/ros/humble /usr/bin/cmake --build /home/rajesh/multi_tb3/build/velodyne_simulator -- -j12 -l12
[0.104s] Invoked command in '/home/rajesh/multi_tb3/build/velodyne_simulator' returned '0': CMAKE_PREFIX_PATH=/home/rajesh/multi_tb3/install/velodyne_gazebo_plugins:/home/rajesh/multi_tb3/install/velodyne_description:/home/rajesh/multi_tb3/install/velodyne_simulator:/home/rajesh/multi_tb3/install/turtlebot3_simulations:/home/rajesh/multi_tb3/install/turtlebot3_gazebo:/home/rajesh/multi_tb3/install/turtlebot3_description:/home/rajesh/multi_tb3/install/teleop_twist_keyboard:/opt/ros/humble /usr/bin/cmake --build /home/rajesh/multi_tb3/build/velodyne_simulator -- -j12 -l12
[0.125s] Invoking command in '/home/rajesh/multi_tb3/build/velodyne_simulator': CMAKE_PREFIX_PATH=/home/rajesh/multi_tb3/install/velodyne_gazebo_plugins:/home/rajesh/multi_tb3/install/velodyne_description:/home/rajesh/multi_tb3/install/velodyne_simulator:/home/rajesh/multi_tb3/install/turtlebot3_simulations:/home/rajesh/multi_tb3/install/turtlebot3_gazebo:/home/rajesh/multi_tb3/install/turtlebot3_description:/home/rajesh/multi_tb3/install/teleop_twist_keyboard:/opt/ros/humble /usr/bin/cmake --install /home/rajesh/multi_tb3/build/velodyne_simulator
[0.134s] -- Install configuration: ""
[0.134s] -- Up-to-date: /home/rajesh/multi_tb3/install/velodyne_simulator/share/ament_index/resource_index/package_run_dependencies/velodyne_simulator
[0.134s] -- Up-to-date: /home/rajesh/multi_tb3/install/velodyne_simulator/share/ament_index/resource_index/parent_prefix_path/velodyne_simulator
[0.134s] -- Up-to-date: /home/rajesh/multi_tb3/install/velodyne_simulator/share/velodyne_simulator/environment/ament_prefix_path.sh
[0.134s] -- Up-to-date: /home/rajesh/multi_tb3/install/velodyne_simulator/share/velodyne_simulator/environment/ament_prefix_path.dsv
[0.134s] -- Up-to-date: /home/rajesh/multi_tb3/install/velodyne_simulator/share/velodyne_simulator/environment/path.sh
[0.134s] -- Up-to-date: /home/rajesh/multi_tb3/install/velodyne_simulator/share/velodyne_simulator/environment/path.dsv
[0.134s] -- Up-to-date: /home/rajesh/multi_tb3/install/velodyne_simulator/share/velodyne_simulator/local_setup.bash
[0.134s] -- Up-to-date: /home/rajesh/multi_tb3/install/velodyne_simulator/share/velodyne_simulator/local_setup.sh
[0.135s] -- Up-to-date: /home/rajesh/multi_tb3/install/velodyne_simulator/share/velodyne_simulator/local_setup.zsh
[0.135s] -- Up-to-date: /home/rajesh/multi_tb3/install/velodyne_simulator/share/velodyne_simulator/local_setup.dsv
[0.135s] -- Installing: /home/rajesh/multi_tb3/install/velodyne_simulator/share/velodyne_simulator/package.dsv
[0.135s] -- Up-to-date: /home/rajesh/multi_tb3/install/velodyne_simulator/share/ament_index/resource_index/packages/velodyne_simulator
[0.135s] -- Up-to-date: /home/rajesh/multi_tb3/install/velodyne_simulator/share/velodyne_simulator/cmake/velodyne_simulatorConfig.cmake
[0.135s] -- Up-to-date: /home/rajesh/multi_tb3/install/velodyne_simulator/share/velodyne_simulator/cmake/velodyne_simulatorConfig-version.cmake
[0.135s] -- Up-to-date: /home/rajesh/multi_tb3/install/velodyne_simulator/share/velodyne_simulator/package.xml
[0.136s] Invoked command in '/home/rajesh/multi_tb3/build/velodyne_simulator' returned '0': CMAKE_PREFIX_PATH=/home/rajesh/multi_tb3/install/velodyne_gazebo_plugins:/home/rajesh/multi_tb3/install/velodyne_description:/home/rajesh/multi_tb3/install/velodyne_simulator:/home/rajesh/multi_tb3/install/turtlebot3_simulations:/home/rajesh/multi_tb3/install/turtlebot3_gazebo:/home/rajesh/multi_tb3/install/turtlebot3_description:/home/rajesh/multi_tb3/install/teleop_twist_keyboard:/opt/ros/humble /usr/bin/cmake --install /home/rajesh/multi_tb3/build/velodyne_simulator
