[0.664s] Invoking command in '/home/rajesh/multi_tb3/src/Multi-turtlebot3-Gazebo-ROS2/teleop_twist_keyboard': PYTHONPATH=/home/rajesh/multi_tb3/build/teleop_twist_keyboard/prefix_override:/home/rajesh/multi_tb3/install/teleop_twist_keyboard/lib/python3.10/site-packages:${PYTHONPATH} /usr/bin/python3 setup.py egg_info --egg-base ../../../build/teleop_twist_keyboard build --build-base /home/rajesh/multi_tb3/build/teleop_twist_keyboard/build install --record /home/rajesh/multi_tb3/build/teleop_twist_keyboard/install.log --single-version-externally-managed
[0.858s] running egg_info
[0.858s] writing ../../../build/teleop_twist_keyboard/teleop_twist_keyboard.egg-info/PKG-INFO
[0.858s] writing dependency_links to ../../../build/teleop_twist_keyboard/teleop_twist_keyboard.egg-info/dependency_links.txt
[0.858s] writing entry points to ../../../build/teleop_twist_keyboard/teleop_twist_keyboard.egg-info/entry_points.txt
[0.859s] writing requirements to ../../../build/teleop_twist_keyboard/teleop_twist_keyboard.egg-info/requires.txt
[0.859s] writing top-level names to ../../../build/teleop_twist_keyboard/teleop_twist_keyboard.egg-info/top_level.txt
[0.859s] reading manifest file '../../../build/teleop_twist_keyboard/teleop_twist_keyboard.egg-info/SOURCES.txt'
[0.859s] adding license file 'LICENSE'
[0.859s] writing manifest file '../../../build/teleop_twist_keyboard/teleop_twist_keyboard.egg-info/SOURCES.txt'
[0.859s] running build
[0.859s] running build_py
[0.860s] running install
[0.860s] running install_lib
[0.860s] running install_data
[0.860s] running install_egg_info
[0.860s] removing '/home/rajesh/multi_tb3/install/teleop_twist_keyboard/lib/python3.10/site-packages/teleop_twist_keyboard-2.3.2-py3.10.egg-info' (and everything under it)
[0.861s] Copying ../../../build/teleop_twist_keyboard/teleop_twist_keyboard.egg-info to /home/rajesh/multi_tb3/install/teleop_twist_keyboard/lib/python3.10/site-packages/teleop_twist_keyboard-2.3.2-py3.10.egg-info
[0.861s] running install_scripts
[0.861s] Installing teleop_twist_keyboard script to /home/rajesh/multi_tb3/install/teleop_twist_keyboard/lib/teleop_twist_keyboard
[0.861s] writing list of installed files to '/home/rajesh/multi_tb3/build/teleop_twist_keyboard/install.log'
[0.919s] Invoked command in '/home/rajesh/multi_tb3/src/Multi-turtlebot3-Gazebo-ROS2/teleop_twist_keyboard' returned '0': PYTHONPATH=/home/rajesh/multi_tb3/build/teleop_twist_keyboard/prefix_override:/home/rajesh/multi_tb3/install/teleop_twist_keyboard/lib/python3.10/site-packages:${PYTHONPATH} /usr/bin/python3 setup.py egg_info --egg-base ../../../build/teleop_twist_keyboard build --build-base /home/rajesh/multi_tb3/build/teleop_twist_keyboard/build install --record /home/rajesh/multi_tb3/build/teleop_twist_keyboard/install.log --single-version-externally-managed
