[0.578s] DEBUG:colcon:Command line arguments: ['/usr/bin/colcon', 'build', '--allow-overriding', 'teleop_twist_keyboard']
[0.578s] DEBUG:colcon:Parsed command line arguments: Namespace(log_base=None, log_level=None, verb_name='build', build_base='build', install_base='install', merge_install=False, symlink_install=False, test_result_base=None, continue_on_error=False, executor='parallel', parallel_workers=12, event_handlers=None, ignore_user_meta=False, metas=['./colcon.meta'], base_paths=['.'], packages_ignore=None, packages_ignore_regex=None, paths=None, packages_up_to=None, packages_up_to_regex=None, packages_above=None, packages_above_and_dependencies=None, packages_above_depth=None, packages_select_by_dep=None, packages_skip_by_dep=None, packages_skip_up_to=None, packages_select_build_failed=False, packages_skip_build_finished=False, packages_select_test_failures=False, packages_skip_test_passed=False, packages_select=None, packages_skip=None, packages_select_regex=None, packages_skip_regex=None, packages_start=None, packages_end=None, allow_overriding=['teleop_twist_keyboard'], cmake_args=None, cmake_target=None, cmake_target_skip_unavailable=False, cmake_clean_cache=False, cmake_clean_first=False, cmake_force_configure=False, ament_cmake_args=None, catkin_cmake_args=None, catkin_skip_building_tests=False, verb_parser=<colcon_defaults.argument_parser.defaults.DefaultArgumentsDecorator object at 0x7f7784f8e1d0>, verb_extension=<colcon_core.verb.build.BuildVerb object at 0x7f7784f8fc10>, main=<bound method BuildVerb.main of <colcon_core.verb.build.BuildVerb object at 0x7f7784f8fc10>>)
[0.604s] Level 1:colcon.colcon_core.package_discovery:discover_packages(colcon_meta) check parameters
[0.604s] Level 1:colcon.colcon_core.package_discovery:discover_packages(recursive) check parameters
[0.604s] Level 1:colcon.colcon_core.package_discovery:discover_packages(ignore) check parameters
[0.604s] Level 1:colcon.colcon_core.package_discovery:discover_packages(path) check parameters
[0.604s] Level 1:colcon.colcon_core.package_discovery:discover_packages(colcon_meta) discover
[0.604s] Level 1:colcon.colcon_core.package_discovery:discover_packages(recursive) discover
[0.604s] INFO:colcon.colcon_core.package_discovery:Crawling recursively for packages in '/home/rajesh/multi_tb3'
[0.604s] Level 1:colcon.colcon_core.package_identification:_identify(.) by extensions ['ignore', 'ignore_ament_install']
[0.604s] Level 1:colcon.colcon_core.package_identification:_identify(.) by extension 'ignore'
[0.604s] Level 1:colcon.colcon_core.package_identification:_identify(.) by extension 'ignore_ament_install'
[0.604s] Level 1:colcon.colcon_core.package_identification:_identify(.) by extensions ['colcon_pkg']
[0.604s] Level 1:colcon.colcon_core.package_identification:_identify(.) by extension 'colcon_pkg'
[0.604s] Level 1:colcon.colcon_core.package_identification:_identify(.) by extensions ['colcon_meta']
[0.604s] Level 1:colcon.colcon_core.package_identification:_identify(.) by extension 'colcon_meta'
[0.605s] Level 1:colcon.colcon_core.package_identification:_identify(.) by extensions ['ros']
[0.605s] Level 1:colcon.colcon_core.package_identification:_identify(.) by extension 'ros'
[0.612s] Level 1:colcon.colcon_core.package_identification:_identify(.) by extensions ['cmake', 'python']
[0.612s] Level 1:colcon.colcon_core.package_identification:_identify(.) by extension 'cmake'
[0.612s] Level 1:colcon.colcon_core.package_identification:_identify(.) by extension 'python'
[0.612s] Level 1:colcon.colcon_core.package_identification:_identify(.) by extensions ['python_setup_py']
[0.612s] Level 1:colcon.colcon_core.package_identification:_identify(.) by extension 'python_setup_py'
[0.612s] Level 1:colcon.colcon_core.package_identification:_identify(build) by extensions ['ignore', 'ignore_ament_install']
[0.612s] Level 1:colcon.colcon_core.package_identification:_identify(build) by extension 'ignore'
[0.612s] Level 1:colcon.colcon_core.package_identification:_identify(build) ignored
[0.612s] Level 1:colcon.colcon_core.package_identification:_identify(install) by extensions ['ignore', 'ignore_ament_install']
[0.612s] Level 1:colcon.colcon_core.package_identification:_identify(install) by extension 'ignore'
[0.612s] Level 1:colcon.colcon_core.package_identification:_identify(install) ignored
[0.612s] Level 1:colcon.colcon_core.package_identification:_identify(log) by extensions ['ignore', 'ignore_ament_install']
[0.612s] Level 1:colcon.colcon_core.package_identification:_identify(log) by extension 'ignore'
[0.612s] Level 1:colcon.colcon_core.package_identification:_identify(log) ignored
[0.612s] Level 1:colcon.colcon_core.package_identification:_identify(src) by extensions ['ignore', 'ignore_ament_install']
[0.613s] Level 1:colcon.colcon_core.package_identification:_identify(src) by extension 'ignore'
[0.613s] Level 1:colcon.colcon_core.package_identification:_identify(src) by extension 'ignore_ament_install'
[0.613s] Level 1:colcon.colcon_core.package_identification:_identify(src) by extensions ['colcon_pkg']
[0.613s] Level 1:colcon.colcon_core.package_identification:_identify(src) by extension 'colcon_pkg'
[0.613s] Level 1:colcon.colcon_core.package_identification:_identify(src) by extensions ['colcon_meta']
[0.613s] Level 1:colcon.colcon_core.package_identification:_identify(src) by extension 'colcon_meta'
[0.613s] Level 1:colcon.colcon_core.package_identification:_identify(src) by extensions ['ros']
[0.613s] Level 1:colcon.colcon_core.package_identification:_identify(src) by extension 'ros'
[0.613s] Level 1:colcon.colcon_core.package_identification:_identify(src) by extensions ['cmake', 'python']
[0.613s] Level 1:colcon.colcon_core.package_identification:_identify(src) by extension 'cmake'
[0.613s] Level 1:colcon.colcon_core.package_identification:_identify(src) by extension 'python'
[0.613s] Level 1:colcon.colcon_core.package_identification:_identify(src) by extensions ['python_setup_py']
[0.613s] Level 1:colcon.colcon_core.package_identification:_identify(src) by extension 'python_setup_py'
[0.613s] Level 1:colcon.colcon_core.package_identification:_identify(src/Multi-turtlebot3-Gazebo-ROS2) by extensions ['ignore', 'ignore_ament_install']
[0.613s] Level 1:colcon.colcon_core.package_identification:_identify(src/Multi-turtlebot3-Gazebo-ROS2) by extension 'ignore'
[0.613s] Level 1:colcon.colcon_core.package_identification:_identify(src/Multi-turtlebot3-Gazebo-ROS2) by extension 'ignore_ament_install'
[0.613s] Level 1:colcon.colcon_core.package_identification:_identify(src/Multi-turtlebot3-Gazebo-ROS2) by extensions ['colcon_pkg']
[0.613s] Level 1:colcon.colcon_core.package_identification:_identify(src/Multi-turtlebot3-Gazebo-ROS2) by extension 'colcon_pkg'
[0.613s] Level 1:colcon.colcon_core.package_identification:_identify(src/Multi-turtlebot3-Gazebo-ROS2) by extensions ['colcon_meta']
[0.613s] Level 1:colcon.colcon_core.package_identification:_identify(src/Multi-turtlebot3-Gazebo-ROS2) by extension 'colcon_meta'
[0.613s] Level 1:colcon.colcon_core.package_identification:_identify(src/Multi-turtlebot3-Gazebo-ROS2) by extensions ['ros']
[0.613s] Level 1:colcon.colcon_core.package_identification:_identify(src/Multi-turtlebot3-Gazebo-ROS2) by extension 'ros'
[0.613s] Level 1:colcon.colcon_core.package_identification:_identify(src/Multi-turtlebot3-Gazebo-ROS2) by extensions ['cmake', 'python']
[0.613s] Level 1:colcon.colcon_core.package_identification:_identify(src/Multi-turtlebot3-Gazebo-ROS2) by extension 'cmake'
[0.613s] Level 1:colcon.colcon_core.package_identification:_identify(src/Multi-turtlebot3-Gazebo-ROS2) by extension 'python'
[0.613s] Level 1:colcon.colcon_core.package_identification:_identify(src/Multi-turtlebot3-Gazebo-ROS2) by extensions ['python_setup_py']
[0.613s] Level 1:colcon.colcon_core.package_identification:_identify(src/Multi-turtlebot3-Gazebo-ROS2) by extension 'python_setup_py'
[0.613s] Level 1:colcon.colcon_core.package_identification:_identify(src/Multi-turtlebot3-Gazebo-ROS2/docker) by extensions ['ignore', 'ignore_ament_install']
[0.613s] Level 1:colcon.colcon_core.package_identification:_identify(src/Multi-turtlebot3-Gazebo-ROS2/docker) by extension 'ignore'
[0.613s] Level 1:colcon.colcon_core.package_identification:_identify(src/Multi-turtlebot3-Gazebo-ROS2/docker) by extension 'ignore_ament_install'
[0.613s] Level 1:colcon.colcon_core.package_identification:_identify(src/Multi-turtlebot3-Gazebo-ROS2/docker) by extensions ['colcon_pkg']
[0.613s] Level 1:colcon.colcon_core.package_identification:_identify(src/Multi-turtlebot3-Gazebo-ROS2/docker) by extension 'colcon_pkg'
[0.613s] Level 1:colcon.colcon_core.package_identification:_identify(src/Multi-turtlebot3-Gazebo-ROS2/docker) by extensions ['colcon_meta']
[0.613s] Level 1:colcon.colcon_core.package_identification:_identify(src/Multi-turtlebot3-Gazebo-ROS2/docker) by extension 'colcon_meta'
[0.613s] Level 1:colcon.colcon_core.package_identification:_identify(src/Multi-turtlebot3-Gazebo-ROS2/docker) by extensions ['ros']
[0.613s] Level 1:colcon.colcon_core.package_identification:_identify(src/Multi-turtlebot3-Gazebo-ROS2/docker) by extension 'ros'
[0.613s] Level 1:colcon.colcon_core.package_identification:_identify(src/Multi-turtlebot3-Gazebo-ROS2/docker) by extensions ['cmake', 'python']
[0.613s] Level 1:colcon.colcon_core.package_identification:_identify(src/Multi-turtlebot3-Gazebo-ROS2/docker) by extension 'cmake'
[0.613s] Level 1:colcon.colcon_core.package_identification:_identify(src/Multi-turtlebot3-Gazebo-ROS2/docker) by extension 'python'
[0.613s] Level 1:colcon.colcon_core.package_identification:_identify(src/Multi-turtlebot3-Gazebo-ROS2/docker) by extensions ['python_setup_py']
[0.614s] Level 1:colcon.colcon_core.package_identification:_identify(src/Multi-turtlebot3-Gazebo-ROS2/docker) by extension 'python_setup_py'
[0.614s] Level 1:colcon.colcon_core.package_identification:_identify(src/Multi-turtlebot3-Gazebo-ROS2/teleop_twist_keyboard) by extensions ['ignore', 'ignore_ament_install']
[0.614s] Level 1:colcon.colcon_core.package_identification:_identify(src/Multi-turtlebot3-Gazebo-ROS2/teleop_twist_keyboard) by extension 'ignore'
[0.614s] Level 1:colcon.colcon_core.package_identification:_identify(src/Multi-turtlebot3-Gazebo-ROS2/teleop_twist_keyboard) by extension 'ignore_ament_install'
[0.614s] Level 1:colcon.colcon_core.package_identification:_identify(src/Multi-turtlebot3-Gazebo-ROS2/teleop_twist_keyboard) by extensions ['colcon_pkg']
[0.614s] Level 1:colcon.colcon_core.package_identification:_identify(src/Multi-turtlebot3-Gazebo-ROS2/teleop_twist_keyboard) by extension 'colcon_pkg'
[0.614s] Level 1:colcon.colcon_core.package_identification:_identify(src/Multi-turtlebot3-Gazebo-ROS2/teleop_twist_keyboard) by extensions ['colcon_meta']
[0.614s] Level 1:colcon.colcon_core.package_identification:_identify(src/Multi-turtlebot3-Gazebo-ROS2/teleop_twist_keyboard) by extension 'colcon_meta'
[0.614s] Level 1:colcon.colcon_core.package_identification:_identify(src/Multi-turtlebot3-Gazebo-ROS2/teleop_twist_keyboard) by extensions ['ros']
[0.614s] Level 1:colcon.colcon_core.package_identification:_identify(src/Multi-turtlebot3-Gazebo-ROS2/teleop_twist_keyboard) by extension 'ros'
[0.615s] DEBUG:colcon.colcon_core.package_identification:Package 'src/Multi-turtlebot3-Gazebo-ROS2/teleop_twist_keyboard' with type 'ros.ament_python' and name 'teleop_twist_keyboard'
[0.615s] Level 1:colcon.colcon_core.package_identification:_identify(src/Multi-turtlebot3-Gazebo-ROS2/tf_results) by extensions ['ignore', 'ignore_ament_install']
[0.615s] Level 1:colcon.colcon_core.package_identification:_identify(src/Multi-turtlebot3-Gazebo-ROS2/tf_results) by extension 'ignore'
[0.615s] Level 1:colcon.colcon_core.package_identification:_identify(src/Multi-turtlebot3-Gazebo-ROS2/tf_results) by extension 'ignore_ament_install'
[0.615s] Level 1:colcon.colcon_core.package_identification:_identify(src/Multi-turtlebot3-Gazebo-ROS2/tf_results) by extensions ['colcon_pkg']
[0.615s] Level 1:colcon.colcon_core.package_identification:_identify(src/Multi-turtlebot3-Gazebo-ROS2/tf_results) by extension 'colcon_pkg'
[0.616s] Level 1:colcon.colcon_core.package_identification:_identify(src/Multi-turtlebot3-Gazebo-ROS2/tf_results) by extensions ['colcon_meta']
[0.616s] Level 1:colcon.colcon_core.package_identification:_identify(src/Multi-turtlebot3-Gazebo-ROS2/tf_results) by extension 'colcon_meta'
[0.616s] Level 1:colcon.colcon_core.package_identification:_identify(src/Multi-turtlebot3-Gazebo-ROS2/tf_results) by extensions ['ros']
[0.616s] Level 1:colcon.colcon_core.package_identification:_identify(src/Multi-turtlebot3-Gazebo-ROS2/tf_results) by extension 'ros'
[0.616s] Level 1:colcon.colcon_core.package_identification:_identify(src/Multi-turtlebot3-Gazebo-ROS2/tf_results) by extensions ['cmake', 'python']
[0.616s] Level 1:colcon.colcon_core.package_identification:_identify(src/Multi-turtlebot3-Gazebo-ROS2/tf_results) by extension 'cmake'
[0.616s] Level 1:colcon.colcon_core.package_identification:_identify(src/Multi-turtlebot3-Gazebo-ROS2/tf_results) by extension 'python'
[0.616s] Level 1:colcon.colcon_core.package_identification:_identify(src/Multi-turtlebot3-Gazebo-ROS2/tf_results) by extensions ['python_setup_py']
[0.616s] Level 1:colcon.colcon_core.package_identification:_identify(src/Multi-turtlebot3-Gazebo-ROS2/tf_results) by extension 'python_setup_py'
[0.616s] Level 1:colcon.colcon_core.package_identification:_identify(src/Multi-turtlebot3-Gazebo-ROS2/turtlebot3_description) by extensions ['ignore', 'ignore_ament_install']
[0.616s] Level 1:colcon.colcon_core.package_identification:_identify(src/Multi-turtlebot3-Gazebo-ROS2/turtlebot3_description) by extension 'ignore'
[0.616s] Level 1:colcon.colcon_core.package_identification:_identify(src/Multi-turtlebot3-Gazebo-ROS2/turtlebot3_description) by extension 'ignore_ament_install'
[0.616s] Level 1:colcon.colcon_core.package_identification:_identify(src/Multi-turtlebot3-Gazebo-ROS2/turtlebot3_description) by extensions ['colcon_pkg']
[0.616s] Level 1:colcon.colcon_core.package_identification:_identify(src/Multi-turtlebot3-Gazebo-ROS2/turtlebot3_description) by extension 'colcon_pkg'
[0.616s] Level 1:colcon.colcon_core.package_identification:_identify(src/Multi-turtlebot3-Gazebo-ROS2/turtlebot3_description) by extensions ['colcon_meta']
[0.616s] Level 1:colcon.colcon_core.package_identification:_identify(src/Multi-turtlebot3-Gazebo-ROS2/turtlebot3_description) by extension 'colcon_meta'
[0.616s] Level 1:colcon.colcon_core.package_identification:_identify(src/Multi-turtlebot3-Gazebo-ROS2/turtlebot3_description) by extensions ['ros']
[0.616s] Level 1:colcon.colcon_core.package_identification:_identify(src/Multi-turtlebot3-Gazebo-ROS2/turtlebot3_description) by extension 'ros'
[0.616s] DEBUG:colcon.colcon_core.package_identification:Package 'src/Multi-turtlebot3-Gazebo-ROS2/turtlebot3_description' with type 'ros.ament_cmake' and name 'turtlebot3_description'
[0.616s] Level 1:colcon.colcon_core.package_identification:_identify(src/Multi-turtlebot3-Gazebo-ROS2/turtlebot3_simulations) by extensions ['ignore', 'ignore_ament_install']
[0.617s] Level 1:colcon.colcon_core.package_identification:_identify(src/Multi-turtlebot3-Gazebo-ROS2/turtlebot3_simulations) by extension 'ignore'
[0.617s] Level 1:colcon.colcon_core.package_identification:_identify(src/Multi-turtlebot3-Gazebo-ROS2/turtlebot3_simulations) by extension 'ignore_ament_install'
[0.617s] Level 1:colcon.colcon_core.package_identification:_identify(src/Multi-turtlebot3-Gazebo-ROS2/turtlebot3_simulations) by extensions ['colcon_pkg']
[0.617s] Level 1:colcon.colcon_core.package_identification:_identify(src/Multi-turtlebot3-Gazebo-ROS2/turtlebot3_simulations) by extension 'colcon_pkg'
[0.617s] Level 1:colcon.colcon_core.package_identification:_identify(src/Multi-turtlebot3-Gazebo-ROS2/turtlebot3_simulations) by extensions ['colcon_meta']
[0.617s] Level 1:colcon.colcon_core.package_identification:_identify(src/Multi-turtlebot3-Gazebo-ROS2/turtlebot3_simulations) by extension 'colcon_meta'
[0.617s] Level 1:colcon.colcon_core.package_identification:_identify(src/Multi-turtlebot3-Gazebo-ROS2/turtlebot3_simulations) by extensions ['ros']
[0.617s] Level 1:colcon.colcon_core.package_identification:_identify(src/Multi-turtlebot3-Gazebo-ROS2/turtlebot3_simulations) by extension 'ros'
[0.617s] Level 1:colcon.colcon_core.package_identification:_identify(src/Multi-turtlebot3-Gazebo-ROS2/turtlebot3_simulations) by extensions ['cmake', 'python']
[0.617s] Level 1:colcon.colcon_core.package_identification:_identify(src/Multi-turtlebot3-Gazebo-ROS2/turtlebot3_simulations) by extension 'cmake'
[0.617s] Level 1:colcon.colcon_core.package_identification:_identify(src/Multi-turtlebot3-Gazebo-ROS2/turtlebot3_simulations) by extension 'python'
[0.617s] Level 1:colcon.colcon_core.package_identification:_identify(src/Multi-turtlebot3-Gazebo-ROS2/turtlebot3_simulations) by extensions ['python_setup_py']
[0.617s] Level 1:colcon.colcon_core.package_identification:_identify(src/Multi-turtlebot3-Gazebo-ROS2/turtlebot3_simulations) by extension 'python_setup_py'
[0.617s] Level 1:colcon.colcon_core.package_identification:_identify(src/Multi-turtlebot3-Gazebo-ROS2/turtlebot3_simulations/turtlebot3_gazebo) by extensions ['ignore', 'ignore_ament_install']
[0.617s] Level 1:colcon.colcon_core.package_identification:_identify(src/Multi-turtlebot3-Gazebo-ROS2/turtlebot3_simulations/turtlebot3_gazebo) by extension 'ignore'
[0.617s] Level 1:colcon.colcon_core.package_identification:_identify(src/Multi-turtlebot3-Gazebo-ROS2/turtlebot3_simulations/turtlebot3_gazebo) by extension 'ignore_ament_install'
[0.617s] Level 1:colcon.colcon_core.package_identification:_identify(src/Multi-turtlebot3-Gazebo-ROS2/turtlebot3_simulations/turtlebot3_gazebo) by extensions ['colcon_pkg']
[0.617s] Level 1:colcon.colcon_core.package_identification:_identify(src/Multi-turtlebot3-Gazebo-ROS2/turtlebot3_simulations/turtlebot3_gazebo) by extension 'colcon_pkg'
[0.617s] Level 1:colcon.colcon_core.package_identification:_identify(src/Multi-turtlebot3-Gazebo-ROS2/turtlebot3_simulations/turtlebot3_gazebo) by extensions ['colcon_meta']
[0.617s] Level 1:colcon.colcon_core.package_identification:_identify(src/Multi-turtlebot3-Gazebo-ROS2/turtlebot3_simulations/turtlebot3_gazebo) by extension 'colcon_meta'
[0.617s] Level 1:colcon.colcon_core.package_identification:_identify(src/Multi-turtlebot3-Gazebo-ROS2/turtlebot3_simulations/turtlebot3_gazebo) by extensions ['ros']
[0.617s] Level 1:colcon.colcon_core.package_identification:_identify(src/Multi-turtlebot3-Gazebo-ROS2/turtlebot3_simulations/turtlebot3_gazebo) by extension 'ros'
[0.618s] DEBUG:colcon.colcon_core.package_identification:Package 'src/Multi-turtlebot3-Gazebo-ROS2/turtlebot3_simulations/turtlebot3_gazebo' with type 'ros.ament_cmake' and name 'turtlebot3_gazebo'
[0.618s] Level 1:colcon.colcon_core.package_identification:_identify(src/Multi-turtlebot3-Gazebo-ROS2/turtlebot3_simulations/turtlebot3_simulations) by extensions ['ignore', 'ignore_ament_install']
[0.618s] Level 1:colcon.colcon_core.package_identification:_identify(src/Multi-turtlebot3-Gazebo-ROS2/turtlebot3_simulations/turtlebot3_simulations) by extension 'ignore'
[0.618s] Level 1:colcon.colcon_core.package_identification:_identify(src/Multi-turtlebot3-Gazebo-ROS2/turtlebot3_simulations/turtlebot3_simulations) by extension 'ignore_ament_install'
[0.618s] Level 1:colcon.colcon_core.package_identification:_identify(src/Multi-turtlebot3-Gazebo-ROS2/turtlebot3_simulations/turtlebot3_simulations) by extensions ['colcon_pkg']
[0.618s] Level 1:colcon.colcon_core.package_identification:_identify(src/Multi-turtlebot3-Gazebo-ROS2/turtlebot3_simulations/turtlebot3_simulations) by extension 'colcon_pkg'
[0.618s] Level 1:colcon.colcon_core.package_identification:_identify(src/Multi-turtlebot3-Gazebo-ROS2/turtlebot3_simulations/turtlebot3_simulations) by extensions ['colcon_meta']
[0.618s] Level 1:colcon.colcon_core.package_identification:_identify(src/Multi-turtlebot3-Gazebo-ROS2/turtlebot3_simulations/turtlebot3_simulations) by extension 'colcon_meta'
[0.618s] Level 1:colcon.colcon_core.package_identification:_identify(src/Multi-turtlebot3-Gazebo-ROS2/turtlebot3_simulations/turtlebot3_simulations) by extensions ['ros']
[0.618s] Level 1:colcon.colcon_core.package_identification:_identify(src/Multi-turtlebot3-Gazebo-ROS2/turtlebot3_simulations/turtlebot3_simulations) by extension 'ros'
[0.618s] DEBUG:colcon.colcon_core.package_identification:Package 'src/Multi-turtlebot3-Gazebo-ROS2/turtlebot3_simulations/turtlebot3_simulations' with type 'ros.ament_cmake' and name 'turtlebot3_simulations'
[0.618s] Level 1:colcon.colcon_core.package_identification:_identify(src/Multi-turtlebot3-Gazebo-ROS2/velodyne_simulator) by extensions ['ignore', 'ignore_ament_install']
[0.618s] Level 1:colcon.colcon_core.package_identification:_identify(src/Multi-turtlebot3-Gazebo-ROS2/velodyne_simulator) by extension 'ignore'
[0.618s] Level 1:colcon.colcon_core.package_identification:_identify(src/Multi-turtlebot3-Gazebo-ROS2/velodyne_simulator) by extension 'ignore_ament_install'
[0.619s] Level 1:colcon.colcon_core.package_identification:_identify(src/Multi-turtlebot3-Gazebo-ROS2/velodyne_simulator) by extensions ['colcon_pkg']
[0.619s] Level 1:colcon.colcon_core.package_identification:_identify(src/Multi-turtlebot3-Gazebo-ROS2/velodyne_simulator) by extension 'colcon_pkg'
[0.619s] Level 1:colcon.colcon_core.package_identification:_identify(src/Multi-turtlebot3-Gazebo-ROS2/velodyne_simulator) by extensions ['colcon_meta']
[0.619s] Level 1:colcon.colcon_core.package_identification:_identify(src/Multi-turtlebot3-Gazebo-ROS2/velodyne_simulator) by extension 'colcon_meta'
[0.619s] Level 1:colcon.colcon_core.package_identification:_identify(src/Multi-turtlebot3-Gazebo-ROS2/velodyne_simulator) by extensions ['ros']
[0.619s] Level 1:colcon.colcon_core.package_identification:_identify(src/Multi-turtlebot3-Gazebo-ROS2/velodyne_simulator) by extension 'ros'
[0.619s] Level 1:colcon.colcon_core.package_identification:_identify(src/Multi-turtlebot3-Gazebo-ROS2/velodyne_simulator) by extensions ['cmake', 'python']
[0.619s] Level 1:colcon.colcon_core.package_identification:_identify(src/Multi-turtlebot3-Gazebo-ROS2/velodyne_simulator) by extension 'cmake'
[0.619s] Level 1:colcon.colcon_core.package_identification:_identify(src/Multi-turtlebot3-Gazebo-ROS2/velodyne_simulator) by extension 'python'
[0.619s] Level 1:colcon.colcon_core.package_identification:_identify(src/Multi-turtlebot3-Gazebo-ROS2/velodyne_simulator) by extensions ['python_setup_py']
[0.619s] Level 1:colcon.colcon_core.package_identification:_identify(src/Multi-turtlebot3-Gazebo-ROS2/velodyne_simulator) by extension 'python_setup_py'
[0.619s] Level 1:colcon.colcon_core.package_identification:_identify(src/Multi-turtlebot3-Gazebo-ROS2/velodyne_simulator/img) by extensions ['ignore', 'ignore_ament_install']
[0.619s] Level 1:colcon.colcon_core.package_identification:_identify(src/Multi-turtlebot3-Gazebo-ROS2/velodyne_simulator/img) by extension 'ignore'
[0.619s] Level 1:colcon.colcon_core.package_identification:_identify(src/Multi-turtlebot3-Gazebo-ROS2/velodyne_simulator/img) by extension 'ignore_ament_install'
[0.619s] Level 1:colcon.colcon_core.package_identification:_identify(src/Multi-turtlebot3-Gazebo-ROS2/velodyne_simulator/img) by extensions ['colcon_pkg']
[0.619s] Level 1:colcon.colcon_core.package_identification:_identify(src/Multi-turtlebot3-Gazebo-ROS2/velodyne_simulator/img) by extension 'colcon_pkg'
[0.619s] Level 1:colcon.colcon_core.package_identification:_identify(src/Multi-turtlebot3-Gazebo-ROS2/velodyne_simulator/img) by extensions ['colcon_meta']
[0.619s] Level 1:colcon.colcon_core.package_identification:_identify(src/Multi-turtlebot3-Gazebo-ROS2/velodyne_simulator/img) by extension 'colcon_meta'
[0.619s] Level 1:colcon.colcon_core.package_identification:_identify(src/Multi-turtlebot3-Gazebo-ROS2/velodyne_simulator/img) by extensions ['ros']
[0.619s] Level 1:colcon.colcon_core.package_identification:_identify(src/Multi-turtlebot3-Gazebo-ROS2/velodyne_simulator/img) by extension 'ros'
[0.619s] Level 1:colcon.colcon_core.package_identification:_identify(src/Multi-turtlebot3-Gazebo-ROS2/velodyne_simulator/img) by extensions ['cmake', 'python']
[0.619s] Level 1:colcon.colcon_core.package_identification:_identify(src/Multi-turtlebot3-Gazebo-ROS2/velodyne_simulator/img) by extension 'cmake'
[0.619s] Level 1:colcon.colcon_core.package_identification:_identify(src/Multi-turtlebot3-Gazebo-ROS2/velodyne_simulator/img) by extension 'python'
[0.619s] Level 1:colcon.colcon_core.package_identification:_identify(src/Multi-turtlebot3-Gazebo-ROS2/velodyne_simulator/img) by extensions ['python_setup_py']
[0.619s] Level 1:colcon.colcon_core.package_identification:_identify(src/Multi-turtlebot3-Gazebo-ROS2/velodyne_simulator/img) by extension 'python_setup_py'
[0.619s] Level 1:colcon.colcon_core.package_identification:_identify(src/Multi-turtlebot3-Gazebo-ROS2/velodyne_simulator/velodyne_description) by extensions ['ignore', 'ignore_ament_install']
[0.619s] Level 1:colcon.colcon_core.package_identification:_identify(src/Multi-turtlebot3-Gazebo-ROS2/velodyne_simulator/velodyne_description) by extension 'ignore'
[0.619s] Level 1:colcon.colcon_core.package_identification:_identify(src/Multi-turtlebot3-Gazebo-ROS2/velodyne_simulator/velodyne_description) by extension 'ignore_ament_install'
[0.619s] Level 1:colcon.colcon_core.package_identification:_identify(src/Multi-turtlebot3-Gazebo-ROS2/velodyne_simulator/velodyne_description) by extensions ['colcon_pkg']
[0.619s] Level 1:colcon.colcon_core.package_identification:_identify(src/Multi-turtlebot3-Gazebo-ROS2/velodyne_simulator/velodyne_description) by extension 'colcon_pkg'
[0.619s] Level 1:colcon.colcon_core.package_identification:_identify(src/Multi-turtlebot3-Gazebo-ROS2/velodyne_simulator/velodyne_description) by extensions ['colcon_meta']
[0.619s] Level 1:colcon.colcon_core.package_identification:_identify(src/Multi-turtlebot3-Gazebo-ROS2/velodyne_simulator/velodyne_description) by extension 'colcon_meta'
[0.619s] Level 1:colcon.colcon_core.package_identification:_identify(src/Multi-turtlebot3-Gazebo-ROS2/velodyne_simulator/velodyne_description) by extensions ['ros']
[0.619s] Level 1:colcon.colcon_core.package_identification:_identify(src/Multi-turtlebot3-Gazebo-ROS2/velodyne_simulator/velodyne_description) by extension 'ros'
[0.620s] DEBUG:colcon.colcon_core.package_identification:Package 'src/Multi-turtlebot3-Gazebo-ROS2/velodyne_simulator/velodyne_description' with type 'ros.ament_cmake' and name 'velodyne_description'
[0.620s] Level 1:colcon.colcon_core.package_identification:_identify(src/Multi-turtlebot3-Gazebo-ROS2/velodyne_simulator/velodyne_gazebo_plugins) by extensions ['ignore', 'ignore_ament_install']
[0.620s] Level 1:colcon.colcon_core.package_identification:_identify(src/Multi-turtlebot3-Gazebo-ROS2/velodyne_simulator/velodyne_gazebo_plugins) by extension 'ignore'
[0.620s] Level 1:colcon.colcon_core.package_identification:_identify(src/Multi-turtlebot3-Gazebo-ROS2/velodyne_simulator/velodyne_gazebo_plugins) by extension 'ignore_ament_install'
[0.620s] Level 1:colcon.colcon_core.package_identification:_identify(src/Multi-turtlebot3-Gazebo-ROS2/velodyne_simulator/velodyne_gazebo_plugins) by extensions ['colcon_pkg']
[0.620s] Level 1:colcon.colcon_core.package_identification:_identify(src/Multi-turtlebot3-Gazebo-ROS2/velodyne_simulator/velodyne_gazebo_plugins) by extension 'colcon_pkg'
[0.620s] Level 1:colcon.colcon_core.package_identification:_identify(src/Multi-turtlebot3-Gazebo-ROS2/velodyne_simulator/velodyne_gazebo_plugins) by extensions ['colcon_meta']
[0.620s] Level 1:colcon.colcon_core.package_identification:_identify(src/Multi-turtlebot3-Gazebo-ROS2/velodyne_simulator/velodyne_gazebo_plugins) by extension 'colcon_meta'
[0.620s] Level 1:colcon.colcon_core.package_identification:_identify(src/Multi-turtlebot3-Gazebo-ROS2/velodyne_simulator/velodyne_gazebo_plugins) by extensions ['ros']
[0.620s] Level 1:colcon.colcon_core.package_identification:_identify(src/Multi-turtlebot3-Gazebo-ROS2/velodyne_simulator/velodyne_gazebo_plugins) by extension 'ros'
[0.620s] DEBUG:colcon.colcon_core.package_identification:Package 'src/Multi-turtlebot3-Gazebo-ROS2/velodyne_simulator/velodyne_gazebo_plugins' with type 'ros.ament_cmake' and name 'velodyne_gazebo_plugins'
[0.620s] Level 1:colcon.colcon_core.package_identification:_identify(src/Multi-turtlebot3-Gazebo-ROS2/velodyne_simulator/velodyne_simulator) by extensions ['ignore', 'ignore_ament_install']
[0.620s] Level 1:colcon.colcon_core.package_identification:_identify(src/Multi-turtlebot3-Gazebo-ROS2/velodyne_simulator/velodyne_simulator) by extension 'ignore'
[0.621s] Level 1:colcon.colcon_core.package_identification:_identify(src/Multi-turtlebot3-Gazebo-ROS2/velodyne_simulator/velodyne_simulator) by extension 'ignore_ament_install'
[0.621s] Level 1:colcon.colcon_core.package_identification:_identify(src/Multi-turtlebot3-Gazebo-ROS2/velodyne_simulator/velodyne_simulator) by extensions ['colcon_pkg']
[0.621s] Level 1:colcon.colcon_core.package_identification:_identify(src/Multi-turtlebot3-Gazebo-ROS2/velodyne_simulator/velodyne_simulator) by extension 'colcon_pkg'
[0.621s] Level 1:colcon.colcon_core.package_identification:_identify(src/Multi-turtlebot3-Gazebo-ROS2/velodyne_simulator/velodyne_simulator) by extensions ['colcon_meta']
[0.621s] Level 1:colcon.colcon_core.package_identification:_identify(src/Multi-turtlebot3-Gazebo-ROS2/velodyne_simulator/velodyne_simulator) by extension 'colcon_meta'
[0.621s] Level 1:colcon.colcon_core.package_identification:_identify(src/Multi-turtlebot3-Gazebo-ROS2/velodyne_simulator/velodyne_simulator) by extensions ['ros']
[0.621s] Level 1:colcon.colcon_core.package_identification:_identify(src/Multi-turtlebot3-Gazebo-ROS2/velodyne_simulator/velodyne_simulator) by extension 'ros'
[0.621s] DEBUG:colcon.colcon_core.package_identification:Package 'src/Multi-turtlebot3-Gazebo-ROS2/velodyne_simulator/velodyne_simulator' with type 'ros.ament_cmake' and name 'velodyne_simulator'
[0.621s] Level 1:colcon.colcon_core.package_discovery:discover_packages(recursive) using defaults
[0.621s] Level 1:colcon.colcon_core.package_discovery:discover_packages(ignore) discover
[0.621s] Level 1:colcon.colcon_core.package_discovery:discover_packages(ignore) using defaults
[0.621s] Level 1:colcon.colcon_core.package_discovery:discover_packages(path) discover
[0.621s] Level 1:colcon.colcon_core.package_discovery:discover_packages(path) using defaults
[0.674s] Level 1:colcon.colcon_core.package_discovery:discover_packages(prefix_path) check parameters
[0.674s] Level 1:colcon.colcon_core.package_discovery:discover_packages(prefix_path) discover
[0.690s] DEBUG:colcon.colcon_installed_package_information.package_discovery:Found 7 installed packages in /home/rajesh/multi_tb3/install
[0.705s] DEBUG:colcon.colcon_installed_package_information.package_discovery:Found 369 installed packages in /opt/ros/humble
[0.707s] Level 1:colcon.colcon_core.package_discovery:discover_packages(prefix_path) using defaults
[0.766s] Level 5:colcon.colcon_core.verb:set package 'teleop_twist_keyboard' build argument 'cmake_args' from command line to 'None'
[0.766s] Level 5:colcon.colcon_core.verb:set package 'teleop_twist_keyboard' build argument 'cmake_target' from command line to 'None'
[0.766s] Level 5:colcon.colcon_core.verb:set package 'teleop_twist_keyboard' build argument 'cmake_target_skip_unavailable' from command line to 'False'
[0.766s] Level 5:colcon.colcon_core.verb:set package 'teleop_twist_keyboard' build argument 'cmake_clean_cache' from command line to 'False'
[0.766s] Level 5:colcon.colcon_core.verb:set package 'teleop_twist_keyboard' build argument 'cmake_clean_first' from command line to 'False'
[0.766s] Level 5:colcon.colcon_core.verb:set package 'teleop_twist_keyboard' build argument 'cmake_force_configure' from command line to 'False'
[0.766s] Level 5:colcon.colcon_core.verb:set package 'teleop_twist_keyboard' build argument 'ament_cmake_args' from command line to 'None'
[0.766s] Level 5:colcon.colcon_core.verb:set package 'teleop_twist_keyboard' build argument 'catkin_cmake_args' from command line to 'None'
[0.766s] Level 5:colcon.colcon_core.verb:set package 'teleop_twist_keyboard' build argument 'catkin_skip_building_tests' from command line to 'False'
[0.766s] DEBUG:colcon.colcon_core.verb:Building package 'teleop_twist_keyboard' with the following arguments: {'ament_cmake_args': None, 'build_base': '/home/rajesh/multi_tb3/build/teleop_twist_keyboard', 'catkin_cmake_args': None, 'catkin_skip_building_tests': False, 'cmake_args': None, 'cmake_clean_cache': False, 'cmake_clean_first': False, 'cmake_force_configure': False, 'cmake_target': None, 'cmake_target_skip_unavailable': False, 'install_base': '/home/rajesh/multi_tb3/install/teleop_twist_keyboard', 'merge_install': False, 'path': '/home/rajesh/multi_tb3/src/Multi-turtlebot3-Gazebo-ROS2/teleop_twist_keyboard', 'symlink_install': False, 'test_result_base': None}
[0.774s] Level 5:colcon.colcon_core.verb:set package 'turtlebot3_description' build argument 'cmake_args' from command line to 'None'
[0.774s] Level 5:colcon.colcon_core.verb:set package 'turtlebot3_description' build argument 'cmake_target' from command line to 'None'
[0.774s] Level 5:colcon.colcon_core.verb:set package 'turtlebot3_description' build argument 'cmake_target_skip_unavailable' from command line to 'False'
[0.774s] Level 5:colcon.colcon_core.verb:set package 'turtlebot3_description' build argument 'cmake_clean_cache' from command line to 'False'
[0.774s] Level 5:colcon.colcon_core.verb:set package 'turtlebot3_description' build argument 'cmake_clean_first' from command line to 'False'
[0.774s] Level 5:colcon.colcon_core.verb:set package 'turtlebot3_description' build argument 'cmake_force_configure' from command line to 'False'
[0.774s] Level 5:colcon.colcon_core.verb:set package 'turtlebot3_description' build argument 'ament_cmake_args' from command line to 'None'
[0.774s] Level 5:colcon.colcon_core.verb:set package 'turtlebot3_description' build argument 'catkin_cmake_args' from command line to 'None'
[0.774s] Level 5:colcon.colcon_core.verb:set package 'turtlebot3_description' build argument 'catkin_skip_building_tests' from command line to 'False'
[0.774s] DEBUG:colcon.colcon_core.verb:Building package 'turtlebot3_description' with the following arguments: {'ament_cmake_args': None, 'build_base': '/home/rajesh/multi_tb3/build/turtlebot3_description', 'catkin_cmake_args': None, 'catkin_skip_building_tests': False, 'cmake_args': None, 'cmake_clean_cache': False, 'cmake_clean_first': False, 'cmake_force_configure': False, 'cmake_target': None, 'cmake_target_skip_unavailable': False, 'install_base': '/home/rajesh/multi_tb3/install/turtlebot3_description', 'merge_install': False, 'path': '/home/rajesh/multi_tb3/src/Multi-turtlebot3-Gazebo-ROS2/turtlebot3_description', 'symlink_install': False, 'test_result_base': None}
[0.782s] Level 5:colcon.colcon_core.verb:set package 'velodyne_description' build argument 'cmake_args' from command line to 'None'
[0.782s] Level 5:colcon.colcon_core.verb:set package 'velodyne_description' build argument 'cmake_target' from command line to 'None'
[0.782s] Level 5:colcon.colcon_core.verb:set package 'velodyne_description' build argument 'cmake_target_skip_unavailable' from command line to 'False'
[0.782s] Level 5:colcon.colcon_core.verb:set package 'velodyne_description' build argument 'cmake_clean_cache' from command line to 'False'
[0.782s] Level 5:colcon.colcon_core.verb:set package 'velodyne_description' build argument 'cmake_clean_first' from command line to 'False'
[0.782s] Level 5:colcon.colcon_core.verb:set package 'velodyne_description' build argument 'cmake_force_configure' from command line to 'False'
[0.782s] Level 5:colcon.colcon_core.verb:set package 'velodyne_description' build argument 'ament_cmake_args' from command line to 'None'
[0.782s] Level 5:colcon.colcon_core.verb:set package 'velodyne_description' build argument 'catkin_cmake_args' from command line to 'None'
[0.782s] Level 5:colcon.colcon_core.verb:set package 'velodyne_description' build argument 'catkin_skip_building_tests' from command line to 'False'
[0.782s] DEBUG:colcon.colcon_core.verb:Building package 'velodyne_description' with the following arguments: {'ament_cmake_args': None, 'build_base': '/home/rajesh/multi_tb3/build/velodyne_description', 'catkin_cmake_args': None, 'catkin_skip_building_tests': False, 'cmake_args': None, 'cmake_clean_cache': False, 'cmake_clean_first': False, 'cmake_force_configure': False, 'cmake_target': None, 'cmake_target_skip_unavailable': False, 'install_base': '/home/rajesh/multi_tb3/install/velodyne_description', 'merge_install': False, 'path': '/home/rajesh/multi_tb3/src/Multi-turtlebot3-Gazebo-ROS2/velodyne_simulator/velodyne_description', 'symlink_install': False, 'test_result_base': None}
[0.790s] Level 5:colcon.colcon_core.verb:set package 'velodyne_gazebo_plugins' build argument 'cmake_args' from command line to 'None'
[0.790s] Level 5:colcon.colcon_core.verb:set package 'velodyne_gazebo_plugins' build argument 'cmake_target' from command line to 'None'
[0.790s] Level 5:colcon.colcon_core.verb:set package 'velodyne_gazebo_plugins' build argument 'cmake_target_skip_unavailable' from command line to 'False'
[0.790s] Level 5:colcon.colcon_core.verb:set package 'velodyne_gazebo_plugins' build argument 'cmake_clean_cache' from command line to 'False'
[0.790s] Level 5:colcon.colcon_core.verb:set package 'velodyne_gazebo_plugins' build argument 'cmake_clean_first' from command line to 'False'
[0.790s] Level 5:colcon.colcon_core.verb:set package 'velodyne_gazebo_plugins' build argument 'cmake_force_configure' from command line to 'False'
[0.790s] Level 5:colcon.colcon_core.verb:set package 'velodyne_gazebo_plugins' build argument 'ament_cmake_args' from command line to 'None'
[0.790s] Level 5:colcon.colcon_core.verb:set package 'velodyne_gazebo_plugins' build argument 'catkin_cmake_args' from command line to 'None'
[0.790s] Level 5:colcon.colcon_core.verb:set package 'velodyne_gazebo_plugins' build argument 'catkin_skip_building_tests' from command line to 'False'
[0.790s] DEBUG:colcon.colcon_core.verb:Building package 'velodyne_gazebo_plugins' with the following arguments: {'ament_cmake_args': None, 'build_base': '/home/rajesh/multi_tb3/build/velodyne_gazebo_plugins', 'catkin_cmake_args': None, 'catkin_skip_building_tests': False, 'cmake_args': None, 'cmake_clean_cache': False, 'cmake_clean_first': False, 'cmake_force_configure': False, 'cmake_target': None, 'cmake_target_skip_unavailable': False, 'install_base': '/home/rajesh/multi_tb3/install/velodyne_gazebo_plugins', 'merge_install': False, 'path': '/home/rajesh/multi_tb3/src/Multi-turtlebot3-Gazebo-ROS2/velodyne_simulator/velodyne_gazebo_plugins', 'symlink_install': False, 'test_result_base': None}
[0.798s] Level 5:colcon.colcon_core.verb:set package 'turtlebot3_gazebo' build argument 'cmake_args' from command line to 'None'
[0.798s] Level 5:colcon.colcon_core.verb:set package 'turtlebot3_gazebo' build argument 'cmake_target' from command line to 'None'
[0.798s] Level 5:colcon.colcon_core.verb:set package 'turtlebot3_gazebo' build argument 'cmake_target_skip_unavailable' from command line to 'False'
[0.798s] Level 5:colcon.colcon_core.verb:set package 'turtlebot3_gazebo' build argument 'cmake_clean_cache' from command line to 'False'
[0.798s] Level 5:colcon.colcon_core.verb:set package 'turtlebot3_gazebo' build argument 'cmake_clean_first' from command line to 'False'
[0.798s] Level 5:colcon.colcon_core.verb:set package 'turtlebot3_gazebo' build argument 'cmake_force_configure' from command line to 'False'
[0.798s] Level 5:colcon.colcon_core.verb:set package 'turtlebot3_gazebo' build argument 'ament_cmake_args' from command line to 'None'
[0.798s] Level 5:colcon.colcon_core.verb:set package 'turtlebot3_gazebo' build argument 'catkin_cmake_args' from command line to 'None'
[0.798s] Level 5:colcon.colcon_core.verb:set package 'turtlebot3_gazebo' build argument 'catkin_skip_building_tests' from command line to 'False'
[0.798s] DEBUG:colcon.colcon_core.verb:Building package 'turtlebot3_gazebo' with the following arguments: {'ament_cmake_args': None, 'build_base': '/home/rajesh/multi_tb3/build/turtlebot3_gazebo', 'catkin_cmake_args': None, 'catkin_skip_building_tests': False, 'cmake_args': None, 'cmake_clean_cache': False, 'cmake_clean_first': False, 'cmake_force_configure': False, 'cmake_target': None, 'cmake_target_skip_unavailable': False, 'install_base': '/home/rajesh/multi_tb3/install/turtlebot3_gazebo', 'merge_install': False, 'path': '/home/rajesh/multi_tb3/src/Multi-turtlebot3-Gazebo-ROS2/turtlebot3_simulations/turtlebot3_gazebo', 'symlink_install': False, 'test_result_base': None}
[0.806s] Level 5:colcon.colcon_core.verb:set package 'velodyne_simulator' build argument 'cmake_args' from command line to 'None'
[0.806s] Level 5:colcon.colcon_core.verb:set package 'velodyne_simulator' build argument 'cmake_target' from command line to 'None'
[0.806s] Level 5:colcon.colcon_core.verb:set package 'velodyne_simulator' build argument 'cmake_target_skip_unavailable' from command line to 'False'
[0.807s] Level 5:colcon.colcon_core.verb:set package 'velodyne_simulator' build argument 'cmake_clean_cache' from command line to 'False'
[0.807s] Level 5:colcon.colcon_core.verb:set package 'velodyne_simulator' build argument 'cmake_clean_first' from command line to 'False'
[0.807s] Level 5:colcon.colcon_core.verb:set package 'velodyne_simulator' build argument 'cmake_force_configure' from command line to 'False'
[0.807s] Level 5:colcon.colcon_core.verb:set package 'velodyne_simulator' build argument 'ament_cmake_args' from command line to 'None'
[0.807s] Level 5:colcon.colcon_core.verb:set package 'velodyne_simulator' build argument 'catkin_cmake_args' from command line to 'None'
[0.807s] Level 5:colcon.colcon_core.verb:set package 'velodyne_simulator' build argument 'catkin_skip_building_tests' from command line to 'False'
[0.807s] DEBUG:colcon.colcon_core.verb:Building package 'velodyne_simulator' with the following arguments: {'ament_cmake_args': None, 'build_base': '/home/rajesh/multi_tb3/build/velodyne_simulator', 'catkin_cmake_args': None, 'catkin_skip_building_tests': False, 'cmake_args': None, 'cmake_clean_cache': False, 'cmake_clean_first': False, 'cmake_force_configure': False, 'cmake_target': None, 'cmake_target_skip_unavailable': False, 'install_base': '/home/rajesh/multi_tb3/install/velodyne_simulator', 'merge_install': False, 'path': '/home/rajesh/multi_tb3/src/Multi-turtlebot3-Gazebo-ROS2/velodyne_simulator/velodyne_simulator', 'symlink_install': False, 'test_result_base': None}
[0.815s] Level 5:colcon.colcon_core.verb:set package 'turtlebot3_simulations' build argument 'cmake_args' from command line to 'None'
[0.815s] Level 5:colcon.colcon_core.verb:set package 'turtlebot3_simulations' build argument 'cmake_target' from command line to 'None'
[0.815s] Level 5:colcon.colcon_core.verb:set package 'turtlebot3_simulations' build argument 'cmake_target_skip_unavailable' from command line to 'False'
[0.815s] Level 5:colcon.colcon_core.verb:set package 'turtlebot3_simulations' build argument 'cmake_clean_cache' from command line to 'False'
[0.815s] Level 5:colcon.colcon_core.verb:set package 'turtlebot3_simulations' build argument 'cmake_clean_first' from command line to 'False'
[0.815s] Level 5:colcon.colcon_core.verb:set package 'turtlebot3_simulations' build argument 'cmake_force_configure' from command line to 'False'
[0.815s] Level 5:colcon.colcon_core.verb:set package 'turtlebot3_simulations' build argument 'ament_cmake_args' from command line to 'None'
[0.815s] Level 5:colcon.colcon_core.verb:set package 'turtlebot3_simulations' build argument 'catkin_cmake_args' from command line to 'None'
[0.815s] Level 5:colcon.colcon_core.verb:set package 'turtlebot3_simulations' build argument 'catkin_skip_building_tests' from command line to 'False'
[0.815s] DEBUG:colcon.colcon_core.verb:Building package 'turtlebot3_simulations' with the following arguments: {'ament_cmake_args': None, 'build_base': '/home/rajesh/multi_tb3/build/turtlebot3_simulations', 'catkin_cmake_args': None, 'catkin_skip_building_tests': False, 'cmake_args': None, 'cmake_clean_cache': False, 'cmake_clean_first': False, 'cmake_force_configure': False, 'cmake_target': None, 'cmake_target_skip_unavailable': False, 'install_base': '/home/rajesh/multi_tb3/install/turtlebot3_simulations', 'merge_install': False, 'path': '/home/rajesh/multi_tb3/src/Multi-turtlebot3-Gazebo-ROS2/turtlebot3_simulations/turtlebot3_simulations', 'symlink_install': False, 'test_result_base': None}
[0.822s] INFO:colcon.colcon_core.executor:Executing jobs using 'parallel' executor
[0.831s] DEBUG:colcon.colcon_parallel_executor.executor.parallel:run_until_complete
[0.831s] INFO:colcon.colcon_ros.task.ament_cmake.build:Building ROS package in '/home/rajesh/multi_tb3/src/Multi-turtlebot3-Gazebo-ROS2/velodyne_simulator/velodyne_description' with build type 'ament_cmake'
[0.832s] INFO:colcon.colcon_cmake.task.cmake.build:Building CMake package in '/home/rajesh/multi_tb3/src/Multi-turtlebot3-Gazebo-ROS2/velodyne_simulator/velodyne_description'
[0.841s] INFO:colcon.colcon_core.plugin_system:Skipping extension 'colcon_core.shell.bat': Not used on non-Windows systems
[0.841s] INFO:colcon.colcon_core.shell:Skip shell extension 'powershell' for command environment: Not usable outside of PowerShell
[0.841s] DEBUG:colcon.colcon_core.shell:Skip shell extension 'dsv' for command environment
[0.869s] INFO:colcon.colcon_ros.task.ament_cmake.build:Building ROS package in '/home/rajesh/multi_tb3/src/Multi-turtlebot3-Gazebo-ROS2/turtlebot3_description' with build type 'ament_cmake'
[0.869s] INFO:colcon.colcon_cmake.task.cmake.build:Building CMake package in '/home/rajesh/multi_tb3/src/Multi-turtlebot3-Gazebo-ROS2/turtlebot3_description'
[0.878s] INFO:colcon.colcon_core.shell:Skip shell extension 'powershell' for command environment: Not usable outside of PowerShell
[0.878s] DEBUG:colcon.colcon_core.shell:Skip shell extension 'dsv' for command environment
[0.905s] INFO:colcon.colcon_ros.task.ament_cmake.build:Building ROS package in '/home/rajesh/multi_tb3/src/Multi-turtlebot3-Gazebo-ROS2/velodyne_simulator/velodyne_gazebo_plugins' with build type 'ament_cmake'
[0.906s] INFO:colcon.colcon_cmake.task.cmake.build:Building CMake package in '/home/rajesh/multi_tb3/src/Multi-turtlebot3-Gazebo-ROS2/velodyne_simulator/velodyne_gazebo_plugins'
[0.914s] INFO:colcon.colcon_core.shell:Skip shell extension 'powershell' for command environment: Not usable outside of PowerShell
[0.915s] DEBUG:colcon.colcon_core.shell:Skip shell extension 'dsv' for command environment
[0.957s] INFO:colcon.colcon_ros.task.ament_python.build:Building ROS package in '/home/rajesh/multi_tb3/src/Multi-turtlebot3-Gazebo-ROS2/teleop_twist_keyboard' with build type 'ament_python'
[0.957s] Level 1:colcon.colcon_core.shell:create_environment_hook('teleop_twist_keyboard', 'ament_prefix_path')
[0.970s] INFO:colcon.colcon_core.shell:Creating environment hook '/home/rajesh/multi_tb3/install/teleop_twist_keyboard/share/teleop_twist_keyboard/hook/ament_prefix_path.ps1'
[0.971s] INFO:colcon.colcon_core.shell:Creating environment descriptor '/home/rajesh/multi_tb3/install/teleop_twist_keyboard/share/teleop_twist_keyboard/hook/ament_prefix_path.dsv'
[0.971s] INFO:colcon.colcon_core.shell:Creating environment hook '/home/rajesh/multi_tb3/install/teleop_twist_keyboard/share/teleop_twist_keyboard/hook/ament_prefix_path.sh'
[0.979s] INFO:colcon.colcon_core.shell:Skip shell extension 'powershell' for command environment: Not usable outside of PowerShell
[0.979s] DEBUG:colcon.colcon_core.shell:Skip shell extension 'dsv' for command environment
[1.011s] DEBUG:colcon.colcon_core.event_handler.log_command:Invoking command in '/home/rajesh/multi_tb3/build/velodyne_description': CMAKE_PREFIX_PATH=${CMAKE_PREFIX_PATH}:/home/rajesh/multi_tb3/install/teleop_twist_keyboard:/opt/ros/humble /usr/bin/cmake --build /home/rajesh/multi_tb3/build/velodyne_description -- -j12 -l12
[1.013s] DEBUG:colcon.colcon_core.event_handler.log_command:Invoking command in '/home/rajesh/multi_tb3/build/turtlebot3_description': CMAKE_PREFIX_PATH=${CMAKE_PREFIX_PATH}:/home/rajesh/multi_tb3/install/teleop_twist_keyboard:/opt/ros/humble /usr/bin/cmake --build /home/rajesh/multi_tb3/build/turtlebot3_description -- -j12 -l12
[1.015s] DEBUG:colcon.colcon_core.event_handler.log_command:Invoking command in '/home/rajesh/multi_tb3/build/velodyne_gazebo_plugins': CMAKE_PREFIX_PATH=${CMAKE_PREFIX_PATH}:/home/rajesh/multi_tb3/install/teleop_twist_keyboard:/opt/ros/humble /usr/bin/cmake --build /home/rajesh/multi_tb3/build/velodyne_gazebo_plugins -- -j12 -l12
[1.204s] INFO:colcon.colcon_core.task.python.build:Building Python package in '/home/rajesh/multi_tb3/src/Multi-turtlebot3-Gazebo-ROS2/teleop_twist_keyboard'
[1.226s] INFO:colcon.colcon_core.shell:Skip shell extension 'powershell' for command environment: Not usable outside of PowerShell
[1.226s] DEBUG:colcon.colcon_core.shell:Skip shell extension 'dsv' for command environment
[1.259s] DEBUG:colcon.colcon_core.event_handler.log_command:Invoked command in '/home/rajesh/multi_tb3/build/velodyne_description' returned '0': CMAKE_PREFIX_PATH=${CMAKE_PREFIX_PATH}:/home/rajesh/multi_tb3/install/teleop_twist_keyboard:/opt/ros/humble /usr/bin/cmake --build /home/rajesh/multi_tb3/build/velodyne_description -- -j12 -l12
[1.260s] DEBUG:colcon.colcon_core.event_handler.log_command:Invoked command in '/home/rajesh/multi_tb3/build/velodyne_gazebo_plugins' returned '0': CMAKE_PREFIX_PATH=${CMAKE_PREFIX_PATH}:/home/rajesh/multi_tb3/install/teleop_twist_keyboard:/opt/ros/humble /usr/bin/cmake --build /home/rajesh/multi_tb3/build/velodyne_gazebo_plugins -- -j12 -l12
[1.260s] DEBUG:colcon.colcon_core.event_handler.log_command:Invoked command in '/home/rajesh/multi_tb3/build/turtlebot3_description' returned '0': CMAKE_PREFIX_PATH=${CMAKE_PREFIX_PATH}:/home/rajesh/multi_tb3/install/teleop_twist_keyboard:/opt/ros/humble /usr/bin/cmake --build /home/rajesh/multi_tb3/build/turtlebot3_description -- -j12 -l12
[1.278s] DEBUG:colcon.colcon_core.event_handler.log_command:Invoking command in '/home/rajesh/multi_tb3/build/velodyne_description': CMAKE_PREFIX_PATH=${CMAKE_PREFIX_PATH}:/home/rajesh/multi_tb3/install/teleop_twist_keyboard:/opt/ros/humble /usr/bin/cmake --install /home/rajesh/multi_tb3/build/velodyne_description
[1.280s] DEBUG:colcon.colcon_core.event_handler.log_command:Invoking command in '/home/rajesh/multi_tb3/build/turtlebot3_description': CMAKE_PREFIX_PATH=${CMAKE_PREFIX_PATH}:/home/rajesh/multi_tb3/install/teleop_twist_keyboard:/opt/ros/humble /usr/bin/cmake --install /home/rajesh/multi_tb3/build/turtlebot3_description
[1.283s] DEBUG:colcon.colcon_core.event_handler.log_command:Invoking command in '/home/rajesh/multi_tb3/build/velodyne_gazebo_plugins': CMAKE_PREFIX_PATH=${CMAKE_PREFIX_PATH}:/home/rajesh/multi_tb3/install/teleop_twist_keyboard:/opt/ros/humble /usr/bin/cmake --install /home/rajesh/multi_tb3/build/velodyne_gazebo_plugins
[1.284s] Level 1:colcon.colcon_core.environment:create_environment_scripts_only(velodyne_description)
[1.292s] DEBUG:colcon.colcon_core.event_handler.log_command:Invoked command in '/home/rajesh/multi_tb3/build/velodyne_description' returned '0': CMAKE_PREFIX_PATH=${CMAKE_PREFIX_PATH}:/home/rajesh/multi_tb3/install/teleop_twist_keyboard:/opt/ros/humble /usr/bin/cmake --install /home/rajesh/multi_tb3/build/velodyne_description
[1.318s] Level 1:colcon.colcon_core.environment:checking '/home/rajesh/multi_tb3/install/velodyne_description' for CMake module files
[1.319s] Level 1:colcon.colcon_core.environment:checking '/home/rajesh/multi_tb3/install/velodyne_description' for CMake config files
[1.319s] Level 1:colcon.colcon_core.shell:create_environment_hook('velodyne_description', 'cmake_prefix_path')
[1.330s] INFO:colcon.colcon_core.shell:Creating environment hook '/home/rajesh/multi_tb3/install/velodyne_description/share/velodyne_description/hook/cmake_prefix_path.ps1'
[1.330s] INFO:colcon.colcon_core.shell:Creating environment descriptor '/home/rajesh/multi_tb3/install/velodyne_description/share/velodyne_description/hook/cmake_prefix_path.dsv'
[1.330s] INFO:colcon.colcon_core.shell:Creating environment hook '/home/rajesh/multi_tb3/install/velodyne_description/share/velodyne_description/hook/cmake_prefix_path.sh'
[1.331s] Level 1:colcon.colcon_core.environment:checking '/home/rajesh/multi_tb3/install/velodyne_description/bin'
[1.331s] Level 1:colcon.colcon_core.environment:checking '/home/rajesh/multi_tb3/install/velodyne_description/lib/pkgconfig/velodyne_description.pc'
[1.331s] Level 1:colcon.colcon_core.environment:checking '/home/rajesh/multi_tb3/install/velodyne_description/lib/python3.10/site-packages'
[1.331s] Level 1:colcon.colcon_core.environment:checking '/home/rajesh/multi_tb3/install/velodyne_description/bin'
[1.340s] INFO:colcon.colcon_core.shell:Creating package script '/home/rajesh/multi_tb3/install/velodyne_description/share/velodyne_description/package.ps1'
[1.340s] INFO:colcon.colcon_core.shell:Creating package descriptor '/home/rajesh/multi_tb3/install/velodyne_description/share/velodyne_description/package.dsv'
[1.340s] INFO:colcon.colcon_core.shell:Creating package script '/home/rajesh/multi_tb3/install/velodyne_description/share/velodyne_description/package.sh'
[1.341s] INFO:colcon.colcon_core.shell:Creating package script '/home/rajesh/multi_tb3/install/velodyne_description/share/velodyne_description/package.bash'
[1.341s] INFO:colcon.colcon_core.shell:Creating package script '/home/rajesh/multi_tb3/install/velodyne_description/share/velodyne_description/package.zsh'
[1.341s] Level 1:colcon.colcon_core.environment:create_file_with_runtime_dependencies(/home/rajesh/multi_tb3/install/velodyne_description/share/colcon-core/packages/velodyne_description)
[1.343s] Level 1:colcon.colcon_core.environment:create_environment_scripts_only(turtlebot3_description)
[1.344s] DEBUG:colcon.colcon_core.event_handler.log_command:Invoked command in '/home/rajesh/multi_tb3/build/turtlebot3_description' returned '0': CMAKE_PREFIX_PATH=${CMAKE_PREFIX_PATH}:/home/rajesh/multi_tb3/install/teleop_twist_keyboard:/opt/ros/humble /usr/bin/cmake --install /home/rajesh/multi_tb3/build/turtlebot3_description
[1.352s] Level 1:colcon.colcon_core.environment:checking '/home/rajesh/multi_tb3/install/turtlebot3_description' for CMake module files
[1.353s] Level 1:colcon.colcon_core.environment:checking '/home/rajesh/multi_tb3/install/turtlebot3_description' for CMake config files
[1.353s] Level 1:colcon.colcon_core.shell:create_environment_hook('turtlebot3_description', 'cmake_prefix_path')
[1.361s] INFO:colcon.colcon_core.shell:Creating environment hook '/home/rajesh/multi_tb3/install/turtlebot3_description/share/turtlebot3_description/hook/cmake_prefix_path.ps1'
[1.361s] INFO:colcon.colcon_core.shell:Creating environment descriptor '/home/rajesh/multi_tb3/install/turtlebot3_description/share/turtlebot3_description/hook/cmake_prefix_path.dsv'
[1.362s] INFO:colcon.colcon_core.shell:Creating environment hook '/home/rajesh/multi_tb3/install/turtlebot3_description/share/turtlebot3_description/hook/cmake_prefix_path.sh'
[1.362s] Level 1:colcon.colcon_core.environment:checking '/home/rajesh/multi_tb3/install/turtlebot3_description/bin'
[1.362s] Level 1:colcon.colcon_core.environment:checking '/home/rajesh/multi_tb3/install/turtlebot3_description/lib/pkgconfig/turtlebot3_description.pc'
[1.362s] Level 1:colcon.colcon_core.environment:checking '/home/rajesh/multi_tb3/install/turtlebot3_description/lib/python3.10/site-packages'
[1.362s] Level 1:colcon.colcon_core.environment:checking '/home/rajesh/multi_tb3/install/turtlebot3_description/bin'
[1.371s] INFO:colcon.colcon_core.shell:Creating package script '/home/rajesh/multi_tb3/install/turtlebot3_description/share/turtlebot3_description/package.ps1'
[1.371s] INFO:colcon.colcon_core.shell:Creating package descriptor '/home/rajesh/multi_tb3/install/turtlebot3_description/share/turtlebot3_description/package.dsv'
[1.371s] INFO:colcon.colcon_core.shell:Creating package script '/home/rajesh/multi_tb3/install/turtlebot3_description/share/turtlebot3_description/package.sh'
[1.372s] INFO:colcon.colcon_core.shell:Creating package script '/home/rajesh/multi_tb3/install/turtlebot3_description/share/turtlebot3_description/package.bash'
[1.372s] INFO:colcon.colcon_core.shell:Creating package script '/home/rajesh/multi_tb3/install/turtlebot3_description/share/turtlebot3_description/package.zsh'
[1.372s] Level 1:colcon.colcon_core.environment:create_file_with_runtime_dependencies(/home/rajesh/multi_tb3/install/turtlebot3_description/share/colcon-core/packages/turtlebot3_description)
[1.372s] Level 1:colcon.colcon_core.environment:create_environment_scripts_only(velodyne_gazebo_plugins)
[1.374s] DEBUG:colcon.colcon_core.event_handler.log_command:Invoked command in '/home/rajesh/multi_tb3/build/velodyne_gazebo_plugins' returned '0': CMAKE_PREFIX_PATH=${CMAKE_PREFIX_PATH}:/home/rajesh/multi_tb3/install/teleop_twist_keyboard:/opt/ros/humble /usr/bin/cmake --install /home/rajesh/multi_tb3/build/velodyne_gazebo_plugins
[1.392s] Level 1:colcon.colcon_core.environment:checking '/home/rajesh/multi_tb3/install/velodyne_gazebo_plugins' for CMake module files
[1.392s] Level 1:colcon.colcon_core.environment:checking '/home/rajesh/multi_tb3/install/velodyne_gazebo_plugins' for CMake config files
[1.393s] Level 1:colcon.colcon_core.shell:create_environment_hook('velodyne_gazebo_plugins', 'cmake_prefix_path')
[1.412s] INFO:colcon.colcon_core.shell:Creating environment hook '/home/rajesh/multi_tb3/install/velodyne_gazebo_plugins/share/velodyne_gazebo_plugins/hook/cmake_prefix_path.ps1'
[1.412s] INFO:colcon.colcon_core.shell:Creating environment descriptor '/home/rajesh/multi_tb3/install/velodyne_gazebo_plugins/share/velodyne_gazebo_plugins/hook/cmake_prefix_path.dsv'
[1.413s] INFO:colcon.colcon_core.shell:Creating environment hook '/home/rajesh/multi_tb3/install/velodyne_gazebo_plugins/share/velodyne_gazebo_plugins/hook/cmake_prefix_path.sh'
[1.413s] Level 1:colcon.colcon_core.environment:checking '/home/rajesh/multi_tb3/install/velodyne_gazebo_plugins/lib'
[1.413s] Level 1:colcon.colcon_core.shell:create_environment_hook('velodyne_gazebo_plugins', 'ld_library_path_lib')
[1.422s] INFO:colcon.colcon_core.shell:Creating environment hook '/home/rajesh/multi_tb3/install/velodyne_gazebo_plugins/share/velodyne_gazebo_plugins/hook/ld_library_path_lib.ps1'
[1.422s] INFO:colcon.colcon_core.shell:Creating environment descriptor '/home/rajesh/multi_tb3/install/velodyne_gazebo_plugins/share/velodyne_gazebo_plugins/hook/ld_library_path_lib.dsv'
[1.423s] INFO:colcon.colcon_core.shell:Creating environment hook '/home/rajesh/multi_tb3/install/velodyne_gazebo_plugins/share/velodyne_gazebo_plugins/hook/ld_library_path_lib.sh'
[1.423s] Level 1:colcon.colcon_core.environment:checking '/home/rajesh/multi_tb3/install/velodyne_gazebo_plugins/bin'
[1.423s] Level 1:colcon.colcon_core.environment:checking '/home/rajesh/multi_tb3/install/velodyne_gazebo_plugins/lib/pkgconfig/velodyne_gazebo_plugins.pc'
[1.423s] Level 1:colcon.colcon_core.environment:checking '/home/rajesh/multi_tb3/install/velodyne_gazebo_plugins/lib/python3.10/site-packages'
[1.423s] Level 1:colcon.colcon_core.environment:checking '/home/rajesh/multi_tb3/install/velodyne_gazebo_plugins/bin'
[1.431s] INFO:colcon.colcon_core.shell:Creating package script '/home/rajesh/multi_tb3/install/velodyne_gazebo_plugins/share/velodyne_gazebo_plugins/package.ps1'
[1.431s] INFO:colcon.colcon_core.shell:Creating package descriptor '/home/rajesh/multi_tb3/install/velodyne_gazebo_plugins/share/velodyne_gazebo_plugins/package.dsv'
[1.432s] INFO:colcon.colcon_core.shell:Creating package script '/home/rajesh/multi_tb3/install/velodyne_gazebo_plugins/share/velodyne_gazebo_plugins/package.sh'
[1.432s] INFO:colcon.colcon_core.shell:Creating package script '/home/rajesh/multi_tb3/install/velodyne_gazebo_plugins/share/velodyne_gazebo_plugins/package.bash'
[1.432s] INFO:colcon.colcon_core.shell:Creating package script '/home/rajesh/multi_tb3/install/velodyne_gazebo_plugins/share/velodyne_gazebo_plugins/package.zsh'
[1.432s] Level 1:colcon.colcon_core.environment:create_file_with_runtime_dependencies(/home/rajesh/multi_tb3/install/velodyne_gazebo_plugins/share/colcon-core/packages/velodyne_gazebo_plugins)
[1.448s] Level 1:colcon.colcon_core.environment:create_environment_scripts_only(velodyne_description)
[1.456s] Level 1:colcon.colcon_core.environment:checking '/home/rajesh/multi_tb3/install/velodyne_description' for CMake module files
[1.457s] Level 1:colcon.colcon_core.environment:checking '/home/rajesh/multi_tb3/install/velodyne_description' for CMake config files
[1.457s] Level 1:colcon.colcon_core.shell:create_environment_hook('velodyne_description', 'cmake_prefix_path')
[1.465s] INFO:colcon.colcon_core.shell:Creating environment hook '/home/rajesh/multi_tb3/install/velodyne_description/share/velodyne_description/hook/cmake_prefix_path.ps1'
[1.466s] INFO:colcon.colcon_core.shell:Creating environment descriptor '/home/rajesh/multi_tb3/install/velodyne_description/share/velodyne_description/hook/cmake_prefix_path.dsv'
[1.466s] INFO:colcon.colcon_core.shell:Creating environment hook '/home/rajesh/multi_tb3/install/velodyne_description/share/velodyne_description/hook/cmake_prefix_path.sh'
[1.466s] Level 1:colcon.colcon_core.environment:checking '/home/rajesh/multi_tb3/install/velodyne_description/bin'
[1.466s] Level 1:colcon.colcon_core.environment:checking '/home/rajesh/multi_tb3/install/velodyne_description/lib/pkgconfig/velodyne_description.pc'
[1.466s] Level 1:colcon.colcon_core.environment:checking '/home/rajesh/multi_tb3/install/velodyne_description/lib/python3.10/site-packages'
[1.466s] Level 1:colcon.colcon_core.environment:checking '/home/rajesh/multi_tb3/install/velodyne_description/bin'
[1.475s] INFO:colcon.colcon_core.shell:Creating package script '/home/rajesh/multi_tb3/install/velodyne_description/share/velodyne_description/package.ps1'
[1.475s] INFO:colcon.colcon_core.shell:Creating package descriptor '/home/rajesh/multi_tb3/install/velodyne_description/share/velodyne_description/package.dsv'
[1.475s] INFO:colcon.colcon_core.shell:Creating package script '/home/rajesh/multi_tb3/install/velodyne_description/share/velodyne_description/package.sh'
[1.475s] INFO:colcon.colcon_core.shell:Creating package script '/home/rajesh/multi_tb3/install/velodyne_description/share/velodyne_description/package.bash'
[1.476s] INFO:colcon.colcon_core.shell:Creating package script '/home/rajesh/multi_tb3/install/velodyne_description/share/velodyne_description/package.zsh'
[1.476s] Level 1:colcon.colcon_core.environment:create_file_with_runtime_dependencies(/home/rajesh/multi_tb3/install/velodyne_description/share/colcon-core/packages/velodyne_description)
[1.485s] Level 1:colcon.colcon_core.environment:create_environment_scripts_only(turtlebot3_description)
[1.493s] Level 1:colcon.colcon_core.environment:checking '/home/rajesh/multi_tb3/install/turtlebot3_description' for CMake module files
[1.493s] Level 1:colcon.colcon_core.environment:checking '/home/rajesh/multi_tb3/install/turtlebot3_description' for CMake config files
[1.494s] Level 1:colcon.colcon_core.shell:create_environment_hook('turtlebot3_description', 'cmake_prefix_path')
[1.502s] INFO:colcon.colcon_core.shell:Creating environment hook '/home/rajesh/multi_tb3/install/turtlebot3_description/share/turtlebot3_description/hook/cmake_prefix_path.ps1'
[1.502s] INFO:colcon.colcon_core.shell:Creating environment descriptor '/home/rajesh/multi_tb3/install/turtlebot3_description/share/turtlebot3_description/hook/cmake_prefix_path.dsv'
[1.503s] INFO:colcon.colcon_core.shell:Creating environment hook '/home/rajesh/multi_tb3/install/turtlebot3_description/share/turtlebot3_description/hook/cmake_prefix_path.sh'
[1.503s] Level 1:colcon.colcon_core.environment:checking '/home/rajesh/multi_tb3/install/turtlebot3_description/bin'
[1.503s] Level 1:colcon.colcon_core.environment:checking '/home/rajesh/multi_tb3/install/turtlebot3_description/lib/pkgconfig/turtlebot3_description.pc'
[1.503s] Level 1:colcon.colcon_core.environment:checking '/home/rajesh/multi_tb3/install/turtlebot3_description/lib/python3.10/site-packages'
[1.503s] Level 1:colcon.colcon_core.environment:checking '/home/rajesh/multi_tb3/install/turtlebot3_description/bin'
[1.523s] INFO:colcon.colcon_core.shell:Creating package script '/home/rajesh/multi_tb3/install/turtlebot3_description/share/turtlebot3_description/package.ps1'
[1.524s] INFO:colcon.colcon_core.shell:Creating package descriptor '/home/rajesh/multi_tb3/install/turtlebot3_description/share/turtlebot3_description/package.dsv'
[1.524s] INFO:colcon.colcon_core.shell:Creating package script '/home/rajesh/multi_tb3/install/turtlebot3_description/share/turtlebot3_description/package.sh'
[1.524s] INFO:colcon.colcon_core.shell:Creating package script '/home/rajesh/multi_tb3/install/turtlebot3_description/share/turtlebot3_description/package.bash'
[1.524s] INFO:colcon.colcon_core.shell:Creating package script '/home/rajesh/multi_tb3/install/turtlebot3_description/share/turtlebot3_description/package.zsh'
[1.524s] Level 1:colcon.colcon_core.environment:create_file_with_runtime_dependencies(/home/rajesh/multi_tb3/install/turtlebot3_description/share/colcon-core/packages/turtlebot3_description)
[1.525s] INFO:colcon.colcon_ros.task.ament_cmake.build:Building ROS package in '/home/rajesh/multi_tb3/src/Multi-turtlebot3-Gazebo-ROS2/turtlebot3_simulations/turtlebot3_gazebo' with build type 'ament_cmake'
[1.526s] INFO:colcon.colcon_cmake.task.cmake.build:Building CMake package in '/home/rajesh/multi_tb3/src/Multi-turtlebot3-Gazebo-ROS2/turtlebot3_simulations/turtlebot3_gazebo'
[1.535s] INFO:colcon.colcon_core.shell:Skip shell extension 'powershell' for command environment: Not usable outside of PowerShell
[1.535s] DEBUG:colcon.colcon_core.shell:Skip shell extension 'dsv' for command environment
[1.571s] Level 1:colcon.colcon_core.environment:create_environment_scripts_only(velodyne_gazebo_plugins)
[1.579s] Level 1:colcon.colcon_core.environment:checking '/home/rajesh/multi_tb3/install/velodyne_gazebo_plugins' for CMake module files
[1.580s] Level 1:colcon.colcon_core.environment:checking '/home/rajesh/multi_tb3/install/velodyne_gazebo_plugins' for CMake config files
[1.580s] Level 1:colcon.colcon_core.shell:create_environment_hook('velodyne_gazebo_plugins', 'cmake_prefix_path')
[1.588s] INFO:colcon.colcon_core.shell:Creating environment hook '/home/rajesh/multi_tb3/install/velodyne_gazebo_plugins/share/velodyne_gazebo_plugins/hook/cmake_prefix_path.ps1'
[1.588s] INFO:colcon.colcon_core.shell:Creating environment descriptor '/home/rajesh/multi_tb3/install/velodyne_gazebo_plugins/share/velodyne_gazebo_plugins/hook/cmake_prefix_path.dsv'
[1.588s] INFO:colcon.colcon_core.shell:Creating environment hook '/home/rajesh/multi_tb3/install/velodyne_gazebo_plugins/share/velodyne_gazebo_plugins/hook/cmake_prefix_path.sh'
[1.589s] Level 1:colcon.colcon_core.environment:checking '/home/rajesh/multi_tb3/install/velodyne_gazebo_plugins/lib'
[1.589s] Level 1:colcon.colcon_core.shell:create_environment_hook('velodyne_gazebo_plugins', 'ld_library_path_lib')
[1.597s] INFO:colcon.colcon_core.shell:Creating environment hook '/home/rajesh/multi_tb3/install/velodyne_gazebo_plugins/share/velodyne_gazebo_plugins/hook/ld_library_path_lib.ps1'
[1.597s] INFO:colcon.colcon_core.shell:Creating environment descriptor '/home/rajesh/multi_tb3/install/velodyne_gazebo_plugins/share/velodyne_gazebo_plugins/hook/ld_library_path_lib.dsv'
[1.597s] INFO:colcon.colcon_core.shell:Creating environment hook '/home/rajesh/multi_tb3/install/velodyne_gazebo_plugins/share/velodyne_gazebo_plugins/hook/ld_library_path_lib.sh'
[1.597s] Level 1:colcon.colcon_core.environment:checking '/home/rajesh/multi_tb3/install/velodyne_gazebo_plugins/bin'
[1.597s] Level 1:colcon.colcon_core.environment:checking '/home/rajesh/multi_tb3/install/velodyne_gazebo_plugins/lib/pkgconfig/velodyne_gazebo_plugins.pc'
[1.598s] Level 1:colcon.colcon_core.environment:checking '/home/rajesh/multi_tb3/install/velodyne_gazebo_plugins/lib/python3.10/site-packages'
[1.598s] Level 1:colcon.colcon_core.environment:checking '/home/rajesh/multi_tb3/install/velodyne_gazebo_plugins/bin'
[1.606s] INFO:colcon.colcon_core.shell:Creating package script '/home/rajesh/multi_tb3/install/velodyne_gazebo_plugins/share/velodyne_gazebo_plugins/package.ps1'
[1.606s] INFO:colcon.colcon_core.shell:Creating package descriptor '/home/rajesh/multi_tb3/install/velodyne_gazebo_plugins/share/velodyne_gazebo_plugins/package.dsv'
[1.606s] INFO:colcon.colcon_core.shell:Creating package script '/home/rajesh/multi_tb3/install/velodyne_gazebo_plugins/share/velodyne_gazebo_plugins/package.sh'
[1.606s] INFO:colcon.colcon_core.shell:Creating package script '/home/rajesh/multi_tb3/install/velodyne_gazebo_plugins/share/velodyne_gazebo_plugins/package.bash'
[1.607s] INFO:colcon.colcon_core.shell:Creating package script '/home/rajesh/multi_tb3/install/velodyne_gazebo_plugins/share/velodyne_gazebo_plugins/package.zsh'
[1.607s] Level 1:colcon.colcon_core.environment:create_file_with_runtime_dependencies(/home/rajesh/multi_tb3/install/velodyne_gazebo_plugins/share/colcon-core/packages/velodyne_gazebo_plugins)
[1.607s] INFO:colcon.colcon_ros.task.ament_cmake.build:Building ROS package in '/home/rajesh/multi_tb3/src/Multi-turtlebot3-Gazebo-ROS2/velodyne_simulator/velodyne_simulator' with build type 'ament_cmake'
[1.607s] INFO:colcon.colcon_cmake.task.cmake.build:Building CMake package in '/home/rajesh/multi_tb3/src/Multi-turtlebot3-Gazebo-ROS2/velodyne_simulator/velodyne_simulator'
[1.616s] INFO:colcon.colcon_core.shell:Skip shell extension 'powershell' for command environment: Not usable outside of PowerShell
[1.616s] DEBUG:colcon.colcon_core.shell:Skip shell extension 'dsv' for command environment
[1.646s] DEBUG:colcon.colcon_core.event_handler.log_command:Invoking command in '/home/rajesh/multi_tb3/src/Multi-turtlebot3-Gazebo-ROS2/teleop_twist_keyboard': PYTHONPATH=/home/rajesh/multi_tb3/build/teleop_twist_keyboard/prefix_override:/home/rajesh/multi_tb3/install/teleop_twist_keyboard/lib/python3.10/site-packages:${PYTHONPATH} /usr/bin/python3 setup.py egg_info --egg-base ../../../build/teleop_twist_keyboard build --build-base /home/rajesh/multi_tb3/build/teleop_twist_keyboard/build install --record /home/rajesh/multi_tb3/build/teleop_twist_keyboard/install.log --single-version-externally-managed
[1.650s] DEBUG:colcon.colcon_core.event_handler.log_command:Invoking command in '/home/rajesh/multi_tb3/build/turtlebot3_gazebo': CMAKE_PREFIX_PATH=/home/rajesh/multi_tb3/install/velodyne_description:/home/rajesh/multi_tb3/install/turtlebot3_description:/home/rajesh/multi_tb3/install/velodyne_simulator:/home/rajesh/multi_tb3/install/velodyne_gazebo_plugins:/home/rajesh/multi_tb3/install/turtlebot3_simulations:/home/rajesh/multi_tb3/install/turtlebot3_gazebo:/home/rajesh/multi_tb3/install/teleop_twist_keyboard:/opt/ros/humble /usr/bin/cmake --build /home/rajesh/multi_tb3/build/turtlebot3_gazebo -- -j12 -l12
[1.652s] DEBUG:colcon.colcon_core.event_handler.log_command:Invoking command in '/home/rajesh/multi_tb3/build/velodyne_simulator': CMAKE_PREFIX_PATH=/home/rajesh/multi_tb3/install/velodyne_gazebo_plugins:/home/rajesh/multi_tb3/install/velodyne_description:/home/rajesh/multi_tb3/install/velodyne_simulator:/home/rajesh/multi_tb3/install/turtlebot3_simulations:/home/rajesh/multi_tb3/install/turtlebot3_gazebo:/home/rajesh/multi_tb3/install/turtlebot3_description:/home/rajesh/multi_tb3/install/teleop_twist_keyboard:/opt/ros/humble /usr/bin/cmake --build /home/rajesh/multi_tb3/build/velodyne_simulator -- -j12 -l12
[1.677s] DEBUG:colcon.colcon_core.event_handler.log_command:Invoked command in '/home/rajesh/multi_tb3/build/velodyne_simulator' returned '0': CMAKE_PREFIX_PATH=/home/rajesh/multi_tb3/install/velodyne_gazebo_plugins:/home/rajesh/multi_tb3/install/velodyne_description:/home/rajesh/multi_tb3/install/velodyne_simulator:/home/rajesh/multi_tb3/install/turtlebot3_simulations:/home/rajesh/multi_tb3/install/turtlebot3_gazebo:/home/rajesh/multi_tb3/install/turtlebot3_description:/home/rajesh/multi_tb3/install/teleop_twist_keyboard:/opt/ros/humble /usr/bin/cmake --build /home/rajesh/multi_tb3/build/velodyne_simulator -- -j12 -l12
[1.699s] DEBUG:colcon.colcon_core.event_handler.log_command:Invoking command in '/home/rajesh/multi_tb3/build/velodyne_simulator': CMAKE_PREFIX_PATH=/home/rajesh/multi_tb3/install/velodyne_gazebo_plugins:/home/rajesh/multi_tb3/install/velodyne_description:/home/rajesh/multi_tb3/install/velodyne_simulator:/home/rajesh/multi_tb3/install/turtlebot3_simulations:/home/rajesh/multi_tb3/install/turtlebot3_gazebo:/home/rajesh/multi_tb3/install/turtlebot3_description:/home/rajesh/multi_tb3/install/teleop_twist_keyboard:/opt/ros/humble /usr/bin/cmake --install /home/rajesh/multi_tb3/build/velodyne_simulator
[1.709s] Level 1:colcon.colcon_core.environment:create_environment_scripts_only(velodyne_simulator)
[1.710s] DEBUG:colcon.colcon_core.event_handler.log_command:Invoked command in '/home/rajesh/multi_tb3/build/velodyne_simulator' returned '0': CMAKE_PREFIX_PATH=/home/rajesh/multi_tb3/install/velodyne_gazebo_plugins:/home/rajesh/multi_tb3/install/velodyne_description:/home/rajesh/multi_tb3/install/velodyne_simulator:/home/rajesh/multi_tb3/install/turtlebot3_simulations:/home/rajesh/multi_tb3/install/turtlebot3_gazebo:/home/rajesh/multi_tb3/install/turtlebot3_description:/home/rajesh/multi_tb3/install/teleop_twist_keyboard:/opt/ros/humble /usr/bin/cmake --install /home/rajesh/multi_tb3/build/velodyne_simulator
[1.729s] Level 1:colcon.colcon_core.environment:checking '/home/rajesh/multi_tb3/install/velodyne_simulator' for CMake module files
[1.730s] Level 1:colcon.colcon_core.environment:checking '/home/rajesh/multi_tb3/install/velodyne_simulator' for CMake config files
[1.730s] Level 1:colcon.colcon_core.shell:create_environment_hook('velodyne_simulator', 'cmake_prefix_path')
[1.739s] INFO:colcon.colcon_core.shell:Creating environment hook '/home/rajesh/multi_tb3/install/velodyne_simulator/share/velodyne_simulator/hook/cmake_prefix_path.ps1'
[1.739s] INFO:colcon.colcon_core.shell:Creating environment descriptor '/home/rajesh/multi_tb3/install/velodyne_simulator/share/velodyne_simulator/hook/cmake_prefix_path.dsv'
[1.739s] INFO:colcon.colcon_core.shell:Creating environment hook '/home/rajesh/multi_tb3/install/velodyne_simulator/share/velodyne_simulator/hook/cmake_prefix_path.sh'
[1.740s] Level 1:colcon.colcon_core.environment:checking '/home/rajesh/multi_tb3/install/velodyne_simulator/bin'
[1.740s] Level 1:colcon.colcon_core.environment:checking '/home/rajesh/multi_tb3/install/velodyne_simulator/lib/pkgconfig/velodyne_simulator.pc'
[1.740s] Level 1:colcon.colcon_core.environment:checking '/home/rajesh/multi_tb3/install/velodyne_simulator/lib/python3.10/site-packages'
[1.740s] Level 1:colcon.colcon_core.environment:checking '/home/rajesh/multi_tb3/install/velodyne_simulator/bin'
[1.749s] INFO:colcon.colcon_core.shell:Creating package script '/home/rajesh/multi_tb3/install/velodyne_simulator/share/velodyne_simulator/package.ps1'
[1.749s] INFO:colcon.colcon_core.shell:Creating package descriptor '/home/rajesh/multi_tb3/install/velodyne_simulator/share/velodyne_simulator/package.dsv'
[1.750s] INFO:colcon.colcon_core.shell:Creating package script '/home/rajesh/multi_tb3/install/velodyne_simulator/share/velodyne_simulator/package.sh'
[1.750s] INFO:colcon.colcon_core.shell:Creating package script '/home/rajesh/multi_tb3/install/velodyne_simulator/share/velodyne_simulator/package.bash'
[1.750s] INFO:colcon.colcon_core.shell:Creating package script '/home/rajesh/multi_tb3/install/velodyne_simulator/share/velodyne_simulator/package.zsh'
[1.750s] Level 1:colcon.colcon_core.environment:create_file_with_runtime_dependencies(/home/rajesh/multi_tb3/install/velodyne_simulator/share/colcon-core/packages/velodyne_simulator)
[1.752s] DEBUG:colcon.colcon_core.event_handler.log_command:Invoked command in '/home/rajesh/multi_tb3/build/turtlebot3_gazebo' returned '0': CMAKE_PREFIX_PATH=/home/rajesh/multi_tb3/install/velodyne_description:/home/rajesh/multi_tb3/install/turtlebot3_description:/home/rajesh/multi_tb3/install/velodyne_simulator:/home/rajesh/multi_tb3/install/velodyne_gazebo_plugins:/home/rajesh/multi_tb3/install/turtlebot3_simulations:/home/rajesh/multi_tb3/install/turtlebot3_gazebo:/home/rajesh/multi_tb3/install/teleop_twist_keyboard:/opt/ros/humble /usr/bin/cmake --build /home/rajesh/multi_tb3/build/turtlebot3_gazebo -- -j12 -l12
[1.785s] Level 1:colcon.colcon_core.environment:create_environment_scripts_only(velodyne_simulator)
[1.793s] Level 1:colcon.colcon_core.environment:checking '/home/rajesh/multi_tb3/install/velodyne_simulator' for CMake module files
[1.793s] Level 1:colcon.colcon_core.environment:checking '/home/rajesh/multi_tb3/install/velodyne_simulator' for CMake config files
[1.793s] Level 1:colcon.colcon_core.shell:create_environment_hook('velodyne_simulator', 'cmake_prefix_path')
[1.801s] INFO:colcon.colcon_core.shell:Creating environment hook '/home/rajesh/multi_tb3/install/velodyne_simulator/share/velodyne_simulator/hook/cmake_prefix_path.ps1'
[1.802s] INFO:colcon.colcon_core.shell:Creating environment descriptor '/home/rajesh/multi_tb3/install/velodyne_simulator/share/velodyne_simulator/hook/cmake_prefix_path.dsv'
[1.802s] INFO:colcon.colcon_core.shell:Creating environment hook '/home/rajesh/multi_tb3/install/velodyne_simulator/share/velodyne_simulator/hook/cmake_prefix_path.sh'
[1.802s] Level 1:colcon.colcon_core.environment:checking '/home/rajesh/multi_tb3/install/velodyne_simulator/bin'
[1.802s] Level 1:colcon.colcon_core.environment:checking '/home/rajesh/multi_tb3/install/velodyne_simulator/lib/pkgconfig/velodyne_simulator.pc'
[1.802s] Level 1:colcon.colcon_core.environment:checking '/home/rajesh/multi_tb3/install/velodyne_simulator/lib/python3.10/site-packages'
[1.802s] Level 1:colcon.colcon_core.environment:checking '/home/rajesh/multi_tb3/install/velodyne_simulator/bin'
[1.810s] INFO:colcon.colcon_core.shell:Creating package script '/home/rajesh/multi_tb3/install/velodyne_simulator/share/velodyne_simulator/package.ps1'
[1.811s] INFO:colcon.colcon_core.shell:Creating package descriptor '/home/rajesh/multi_tb3/install/velodyne_simulator/share/velodyne_simulator/package.dsv'
[1.811s] INFO:colcon.colcon_core.shell:Creating package script '/home/rajesh/multi_tb3/install/velodyne_simulator/share/velodyne_simulator/package.sh'
[1.811s] INFO:colcon.colcon_core.shell:Creating package script '/home/rajesh/multi_tb3/install/velodyne_simulator/share/velodyne_simulator/package.bash'
[1.811s] INFO:colcon.colcon_core.shell:Creating package script '/home/rajesh/multi_tb3/install/velodyne_simulator/share/velodyne_simulator/package.zsh'
[1.811s] Level 1:colcon.colcon_core.environment:create_file_with_runtime_dependencies(/home/rajesh/multi_tb3/install/velodyne_simulator/share/colcon-core/packages/velodyne_simulator)
[1.813s] DEBUG:colcon.colcon_core.event_handler.log_command:Invoking command in '/home/rajesh/multi_tb3/build/turtlebot3_gazebo': CMAKE_PREFIX_PATH=/home/rajesh/multi_tb3/install/velodyne_description:/home/rajesh/multi_tb3/install/turtlebot3_description:/home/rajesh/multi_tb3/install/velodyne_simulator:/home/rajesh/multi_tb3/install/velodyne_gazebo_plugins:/home/rajesh/multi_tb3/install/turtlebot3_simulations:/home/rajesh/multi_tb3/install/turtlebot3_gazebo:/home/rajesh/multi_tb3/install/teleop_twist_keyboard:/opt/ros/humble /usr/bin/cmake --install /home/rajesh/multi_tb3/build/turtlebot3_gazebo
[1.823s] Level 1:colcon.colcon_core.environment:create_environment_scripts_only(turtlebot3_gazebo)
[1.846s] Level 1:colcon.colcon_core.environment:checking '/home/rajesh/multi_tb3/install/turtlebot3_gazebo' for CMake module files
[1.847s] Level 1:colcon.colcon_core.environment:checking '/home/rajesh/multi_tb3/install/turtlebot3_gazebo' for CMake config files
[1.849s] Level 1:colcon.colcon_core.shell:create_environment_hook('turtlebot3_gazebo', 'cmake_prefix_path')
[1.880s] DEBUG:colcon.colcon_core.event_handler.log_command:Invoked command in '/home/rajesh/multi_tb3/build/turtlebot3_gazebo' returned '0': CMAKE_PREFIX_PATH=/home/rajesh/multi_tb3/install/velodyne_description:/home/rajesh/multi_tb3/install/turtlebot3_description:/home/rajesh/multi_tb3/install/velodyne_simulator:/home/rajesh/multi_tb3/install/velodyne_gazebo_plugins:/home/rajesh/multi_tb3/install/turtlebot3_simulations:/home/rajesh/multi_tb3/install/turtlebot3_gazebo:/home/rajesh/multi_tb3/install/teleop_twist_keyboard:/opt/ros/humble /usr/bin/cmake --install /home/rajesh/multi_tb3/build/turtlebot3_gazebo
[1.890s] INFO:colcon.colcon_core.shell:Creating environment hook '/home/rajesh/multi_tb3/install/turtlebot3_gazebo/share/turtlebot3_gazebo/hook/cmake_prefix_path.ps1'
[1.890s] INFO:colcon.colcon_core.shell:Creating environment descriptor '/home/rajesh/multi_tb3/install/turtlebot3_gazebo/share/turtlebot3_gazebo/hook/cmake_prefix_path.dsv'
[1.891s] INFO:colcon.colcon_core.shell:Creating environment hook '/home/rajesh/multi_tb3/install/turtlebot3_gazebo/share/turtlebot3_gazebo/hook/cmake_prefix_path.sh'
[1.891s] Level 1:colcon.colcon_core.environment:checking '/home/rajesh/multi_tb3/install/turtlebot3_gazebo/lib'
[1.892s] Level 1:colcon.colcon_core.environment:checking '/home/rajesh/multi_tb3/install/turtlebot3_gazebo/bin'
[1.892s] Level 1:colcon.colcon_core.environment:checking '/home/rajesh/multi_tb3/install/turtlebot3_gazebo/lib/pkgconfig/turtlebot3_gazebo.pc'
[1.892s] Level 1:colcon.colcon_core.environment:checking '/home/rajesh/multi_tb3/install/turtlebot3_gazebo/lib/python3.10/site-packages'
[1.892s] Level 1:colcon.colcon_core.environment:checking '/home/rajesh/multi_tb3/install/turtlebot3_gazebo/bin'
[1.913s] INFO:colcon.colcon_core.shell:Creating package script '/home/rajesh/multi_tb3/install/turtlebot3_gazebo/share/turtlebot3_gazebo/package.ps1'
[1.913s] INFO:colcon.colcon_core.shell:Creating package descriptor '/home/rajesh/multi_tb3/install/turtlebot3_gazebo/share/turtlebot3_gazebo/package.dsv'
[1.914s] INFO:colcon.colcon_core.shell:Creating package script '/home/rajesh/multi_tb3/install/turtlebot3_gazebo/share/turtlebot3_gazebo/package.sh'
[1.914s] INFO:colcon.colcon_core.shell:Creating package script '/home/rajesh/multi_tb3/install/turtlebot3_gazebo/share/turtlebot3_gazebo/package.bash'
[1.914s] INFO:colcon.colcon_core.shell:Creating package script '/home/rajesh/multi_tb3/install/turtlebot3_gazebo/share/turtlebot3_gazebo/package.zsh'
[1.914s] Level 1:colcon.colcon_core.environment:create_file_with_runtime_dependencies(/home/rajesh/multi_tb3/install/turtlebot3_gazebo/share/colcon-core/packages/turtlebot3_gazebo)
[1.917s] DEBUG:colcon.colcon_core.event_handler.log_command:Invoked command in '/home/rajesh/multi_tb3/src/Multi-turtlebot3-Gazebo-ROS2/teleop_twist_keyboard' returned '0': PYTHONPATH=/home/rajesh/multi_tb3/build/teleop_twist_keyboard/prefix_override:/home/rajesh/multi_tb3/install/teleop_twist_keyboard/lib/python3.10/site-packages:${PYTHONPATH} /usr/bin/python3 setup.py egg_info --egg-base ../../../build/teleop_twist_keyboard build --build-base /home/rajesh/multi_tb3/build/teleop_twist_keyboard/build install --record /home/rajesh/multi_tb3/build/teleop_twist_keyboard/install.log --single-version-externally-managed
[1.925s] Level 1:colcon.colcon_core.environment:checking '/home/rajesh/multi_tb3/install/teleop_twist_keyboard' for CMake module files
[1.925s] Level 1:colcon.colcon_core.environment:checking '/home/rajesh/multi_tb3/install/teleop_twist_keyboard' for CMake config files
[1.926s] Level 1:colcon.colcon_core.environment:checking '/home/rajesh/multi_tb3/install/teleop_twist_keyboard/lib'
[1.926s] Level 1:colcon.colcon_core.environment:checking '/home/rajesh/multi_tb3/install/teleop_twist_keyboard/bin'
[1.926s] Level 1:colcon.colcon_core.environment:checking '/home/rajesh/multi_tb3/install/teleop_twist_keyboard/lib/pkgconfig/teleop_twist_keyboard.pc'
[1.926s] Level 1:colcon.colcon_core.environment:checking '/home/rajesh/multi_tb3/install/teleop_twist_keyboard/lib/python3.10/site-packages'
[1.926s] Level 1:colcon.colcon_core.shell:create_environment_hook('teleop_twist_keyboard', 'pythonpath')
[1.934s] INFO:colcon.colcon_core.shell:Creating environment hook '/home/rajesh/multi_tb3/install/teleop_twist_keyboard/share/teleop_twist_keyboard/hook/pythonpath.ps1'
[1.935s] INFO:colcon.colcon_core.shell:Creating environment descriptor '/home/rajesh/multi_tb3/install/teleop_twist_keyboard/share/teleop_twist_keyboard/hook/pythonpath.dsv'
[1.935s] INFO:colcon.colcon_core.shell:Creating environment hook '/home/rajesh/multi_tb3/install/teleop_twist_keyboard/share/teleop_twist_keyboard/hook/pythonpath.sh'
[1.935s] Level 1:colcon.colcon_core.environment:checking '/home/rajesh/multi_tb3/install/teleop_twist_keyboard/bin'
[1.935s] Level 1:colcon.colcon_core.environment:create_environment_scripts_only(teleop_twist_keyboard)
[1.944s] INFO:colcon.colcon_core.shell:Creating package script '/home/rajesh/multi_tb3/install/teleop_twist_keyboard/share/teleop_twist_keyboard/package.ps1'
[1.944s] INFO:colcon.colcon_core.shell:Creating package descriptor '/home/rajesh/multi_tb3/install/teleop_twist_keyboard/share/teleop_twist_keyboard/package.dsv'
[1.945s] INFO:colcon.colcon_core.shell:Creating package script '/home/rajesh/multi_tb3/install/teleop_twist_keyboard/share/teleop_twist_keyboard/package.sh'
[1.945s] INFO:colcon.colcon_core.shell:Creating package script '/home/rajesh/multi_tb3/install/teleop_twist_keyboard/share/teleop_twist_keyboard/package.bash'
[1.945s] INFO:colcon.colcon_core.shell:Creating package script '/home/rajesh/multi_tb3/install/teleop_twist_keyboard/share/teleop_twist_keyboard/package.zsh'
[1.945s] Level 1:colcon.colcon_core.environment:create_file_with_runtime_dependencies(/home/rajesh/multi_tb3/install/teleop_twist_keyboard/share/colcon-core/packages/teleop_twist_keyboard)
[1.955s] Level 1:colcon.colcon_core.environment:create_environment_scripts_only(turtlebot3_gazebo)
[1.964s] Level 1:colcon.colcon_core.environment:checking '/home/rajesh/multi_tb3/install/turtlebot3_gazebo' for CMake module files
[1.964s] Level 1:colcon.colcon_core.environment:checking '/home/rajesh/multi_tb3/install/turtlebot3_gazebo' for CMake config files
[1.965s] Level 1:colcon.colcon_core.shell:create_environment_hook('turtlebot3_gazebo', 'cmake_prefix_path')
[1.981s] INFO:colcon.colcon_core.shell:Creating environment hook '/home/rajesh/multi_tb3/install/turtlebot3_gazebo/share/turtlebot3_gazebo/hook/cmake_prefix_path.ps1'
[1.982s] INFO:colcon.colcon_core.shell:Creating environment descriptor '/home/rajesh/multi_tb3/install/turtlebot3_gazebo/share/turtlebot3_gazebo/hook/cmake_prefix_path.dsv'
[1.982s] INFO:colcon.colcon_core.shell:Creating environment hook '/home/rajesh/multi_tb3/install/turtlebot3_gazebo/share/turtlebot3_gazebo/hook/cmake_prefix_path.sh'
[1.982s] Level 1:colcon.colcon_core.environment:checking '/home/rajesh/multi_tb3/install/turtlebot3_gazebo/lib'
[1.983s] Level 1:colcon.colcon_core.environment:checking '/home/rajesh/multi_tb3/install/turtlebot3_gazebo/bin'
[1.983s] Level 1:colcon.colcon_core.environment:checking '/home/rajesh/multi_tb3/install/turtlebot3_gazebo/lib/pkgconfig/turtlebot3_gazebo.pc'
[1.983s] Level 1:colcon.colcon_core.environment:checking '/home/rajesh/multi_tb3/install/turtlebot3_gazebo/lib/python3.10/site-packages'
[1.983s] Level 1:colcon.colcon_core.environment:checking '/home/rajesh/multi_tb3/install/turtlebot3_gazebo/bin'
[1.992s] INFO:colcon.colcon_core.shell:Creating package script '/home/rajesh/multi_tb3/install/turtlebot3_gazebo/share/turtlebot3_gazebo/package.ps1'
[1.992s] INFO:colcon.colcon_core.shell:Creating package descriptor '/home/rajesh/multi_tb3/install/turtlebot3_gazebo/share/turtlebot3_gazebo/package.dsv'
[1.993s] INFO:colcon.colcon_core.shell:Creating package script '/home/rajesh/multi_tb3/install/turtlebot3_gazebo/share/turtlebot3_gazebo/package.sh'
[1.993s] INFO:colcon.colcon_core.shell:Creating package script '/home/rajesh/multi_tb3/install/turtlebot3_gazebo/share/turtlebot3_gazebo/package.bash'
[1.993s] INFO:colcon.colcon_core.shell:Creating package script '/home/rajesh/multi_tb3/install/turtlebot3_gazebo/share/turtlebot3_gazebo/package.zsh'
[1.993s] Level 1:colcon.colcon_core.environment:create_file_with_runtime_dependencies(/home/rajesh/multi_tb3/install/turtlebot3_gazebo/share/colcon-core/packages/turtlebot3_gazebo)
[1.993s] INFO:colcon.colcon_ros.task.ament_cmake.build:Building ROS package in '/home/rajesh/multi_tb3/src/Multi-turtlebot3-Gazebo-ROS2/turtlebot3_simulations/turtlebot3_simulations' with build type 'ament_cmake'
[1.993s] INFO:colcon.colcon_cmake.task.cmake.build:Building CMake package in '/home/rajesh/multi_tb3/src/Multi-turtlebot3-Gazebo-ROS2/turtlebot3_simulations/turtlebot3_simulations'
[2.003s] INFO:colcon.colcon_core.shell:Skip shell extension 'powershell' for command environment: Not usable outside of PowerShell
[2.003s] DEBUG:colcon.colcon_core.shell:Skip shell extension 'dsv' for command environment
[2.037s] DEBUG:colcon.colcon_core.event_handler.log_command:Invoking command in '/home/rajesh/multi_tb3/build/turtlebot3_simulations': CMAKE_PREFIX_PATH=/home/rajesh/multi_tb3/install/turtlebot3_gazebo:/home/rajesh/multi_tb3/install/velodyne_description:/home/rajesh/multi_tb3/install/turtlebot3_description:/home/rajesh/multi_tb3/install/velodyne_simulator:/home/rajesh/multi_tb3/install/velodyne_gazebo_plugins:/home/rajesh/multi_tb3/install/turtlebot3_simulations:/home/rajesh/multi_tb3/install/teleop_twist_keyboard:/opt/ros/humble /usr/bin/cmake --build /home/rajesh/multi_tb3/build/turtlebot3_simulations -- -j12 -l12
[2.062s] DEBUG:colcon.colcon_core.event_handler.log_command:Invoked command in '/home/rajesh/multi_tb3/build/turtlebot3_simulations' returned '0': CMAKE_PREFIX_PATH=/home/rajesh/multi_tb3/install/turtlebot3_gazebo:/home/rajesh/multi_tb3/install/velodyne_description:/home/rajesh/multi_tb3/install/turtlebot3_description:/home/rajesh/multi_tb3/install/velodyne_simulator:/home/rajesh/multi_tb3/install/velodyne_gazebo_plugins:/home/rajesh/multi_tb3/install/turtlebot3_simulations:/home/rajesh/multi_tb3/install/teleop_twist_keyboard:/opt/ros/humble /usr/bin/cmake --build /home/rajesh/multi_tb3/build/turtlebot3_simulations -- -j12 -l12
[2.077s] DEBUG:colcon.colcon_core.event_handler.log_command:Invoking command in '/home/rajesh/multi_tb3/build/turtlebot3_simulations': CMAKE_PREFIX_PATH=/home/rajesh/multi_tb3/install/turtlebot3_gazebo:/home/rajesh/multi_tb3/install/velodyne_description:/home/rajesh/multi_tb3/install/turtlebot3_description:/home/rajesh/multi_tb3/install/velodyne_simulator:/home/rajesh/multi_tb3/install/velodyne_gazebo_plugins:/home/rajesh/multi_tb3/install/turtlebot3_simulations:/home/rajesh/multi_tb3/install/teleop_twist_keyboard:/opt/ros/humble /usr/bin/cmake --install /home/rajesh/multi_tb3/build/turtlebot3_simulations
[2.083s] Level 1:colcon.colcon_core.environment:create_environment_scripts_only(turtlebot3_simulations)
[2.084s] DEBUG:colcon.colcon_core.event_handler.log_command:Invoked command in '/home/rajesh/multi_tb3/build/turtlebot3_simulations' returned '0': CMAKE_PREFIX_PATH=/home/rajesh/multi_tb3/install/turtlebot3_gazebo:/home/rajesh/multi_tb3/install/velodyne_description:/home/rajesh/multi_tb3/install/turtlebot3_description:/home/rajesh/multi_tb3/install/velodyne_simulator:/home/rajesh/multi_tb3/install/velodyne_gazebo_plugins:/home/rajesh/multi_tb3/install/turtlebot3_simulations:/home/rajesh/multi_tb3/install/teleop_twist_keyboard:/opt/ros/humble /usr/bin/cmake --install /home/rajesh/multi_tb3/build/turtlebot3_simulations
[2.097s] Level 1:colcon.colcon_core.environment:checking '/home/rajesh/multi_tb3/install/turtlebot3_simulations' for CMake module files
[2.097s] Level 1:colcon.colcon_core.environment:checking '/home/rajesh/multi_tb3/install/turtlebot3_simulations' for CMake config files
[2.098s] Level 1:colcon.colcon_core.shell:create_environment_hook('turtlebot3_simulations', 'cmake_prefix_path')
[2.106s] INFO:colcon.colcon_core.shell:Creating environment hook '/home/rajesh/multi_tb3/install/turtlebot3_simulations/share/turtlebot3_simulations/hook/cmake_prefix_path.ps1'
[2.106s] INFO:colcon.colcon_core.shell:Creating environment descriptor '/home/rajesh/multi_tb3/install/turtlebot3_simulations/share/turtlebot3_simulations/hook/cmake_prefix_path.dsv'
[2.106s] INFO:colcon.colcon_core.shell:Creating environment hook '/home/rajesh/multi_tb3/install/turtlebot3_simulations/share/turtlebot3_simulations/hook/cmake_prefix_path.sh'
[2.106s] Level 1:colcon.colcon_core.environment:checking '/home/rajesh/multi_tb3/install/turtlebot3_simulations/bin'
[2.107s] Level 1:colcon.colcon_core.environment:checking '/home/rajesh/multi_tb3/install/turtlebot3_simulations/lib/pkgconfig/turtlebot3_simulations.pc'
[2.107s] Level 1:colcon.colcon_core.environment:checking '/home/rajesh/multi_tb3/install/turtlebot3_simulations/lib/python3.10/site-packages'
[2.107s] Level 1:colcon.colcon_core.environment:checking '/home/rajesh/multi_tb3/install/turtlebot3_simulations/bin'
[2.115s] INFO:colcon.colcon_core.shell:Creating package script '/home/rajesh/multi_tb3/install/turtlebot3_simulations/share/turtlebot3_simulations/package.ps1'
[2.115s] INFO:colcon.colcon_core.shell:Creating package descriptor '/home/rajesh/multi_tb3/install/turtlebot3_simulations/share/turtlebot3_simulations/package.dsv'
[2.115s] INFO:colcon.colcon_core.shell:Creating package script '/home/rajesh/multi_tb3/install/turtlebot3_simulations/share/turtlebot3_simulations/package.sh'
[2.115s] INFO:colcon.colcon_core.shell:Creating package script '/home/rajesh/multi_tb3/install/turtlebot3_simulations/share/turtlebot3_simulations/package.bash'
[2.116s] INFO:colcon.colcon_core.shell:Creating package script '/home/rajesh/multi_tb3/install/turtlebot3_simulations/share/turtlebot3_simulations/package.zsh'
[2.116s] Level 1:colcon.colcon_core.environment:create_file_with_runtime_dependencies(/home/rajesh/multi_tb3/install/turtlebot3_simulations/share/colcon-core/packages/turtlebot3_simulations)
[2.138s] Level 1:colcon.colcon_core.environment:create_environment_scripts_only(turtlebot3_simulations)
[2.147s] Level 1:colcon.colcon_core.environment:checking '/home/rajesh/multi_tb3/install/turtlebot3_simulations' for CMake module files
[2.147s] Level 1:colcon.colcon_core.environment:checking '/home/rajesh/multi_tb3/install/turtlebot3_simulations' for CMake config files
[2.148s] Level 1:colcon.colcon_core.shell:create_environment_hook('turtlebot3_simulations', 'cmake_prefix_path')
[2.156s] INFO:colcon.colcon_core.shell:Creating environment hook '/home/rajesh/multi_tb3/install/turtlebot3_simulations/share/turtlebot3_simulations/hook/cmake_prefix_path.ps1'
[2.156s] INFO:colcon.colcon_core.shell:Creating environment descriptor '/home/rajesh/multi_tb3/install/turtlebot3_simulations/share/turtlebot3_simulations/hook/cmake_prefix_path.dsv'
[2.157s] INFO:colcon.colcon_core.shell:Creating environment hook '/home/rajesh/multi_tb3/install/turtlebot3_simulations/share/turtlebot3_simulations/hook/cmake_prefix_path.sh'
[2.157s] Level 1:colcon.colcon_core.environment:checking '/home/rajesh/multi_tb3/install/turtlebot3_simulations/bin'
[2.157s] Level 1:colcon.colcon_core.environment:checking '/home/rajesh/multi_tb3/install/turtlebot3_simulations/lib/pkgconfig/turtlebot3_simulations.pc'
[2.157s] Level 1:colcon.colcon_core.environment:checking '/home/rajesh/multi_tb3/install/turtlebot3_simulations/lib/python3.10/site-packages'
[2.157s] Level 1:colcon.colcon_core.environment:checking '/home/rajesh/multi_tb3/install/turtlebot3_simulations/bin'
[2.166s] INFO:colcon.colcon_core.shell:Creating package script '/home/rajesh/multi_tb3/install/turtlebot3_simulations/share/turtlebot3_simulations/package.ps1'
[2.166s] INFO:colcon.colcon_core.shell:Creating package descriptor '/home/rajesh/multi_tb3/install/turtlebot3_simulations/share/turtlebot3_simulations/package.dsv'
[2.166s] INFO:colcon.colcon_core.shell:Creating package script '/home/rajesh/multi_tb3/install/turtlebot3_simulations/share/turtlebot3_simulations/package.sh'
[2.167s] INFO:colcon.colcon_core.shell:Creating package script '/home/rajesh/multi_tb3/install/turtlebot3_simulations/share/turtlebot3_simulations/package.bash'
[2.167s] INFO:colcon.colcon_core.shell:Creating package script '/home/rajesh/multi_tb3/install/turtlebot3_simulations/share/turtlebot3_simulations/package.zsh'
[2.167s] Level 1:colcon.colcon_core.environment:create_file_with_runtime_dependencies(/home/rajesh/multi_tb3/install/turtlebot3_simulations/share/colcon-core/packages/turtlebot3_simulations)
[2.167s] DEBUG:colcon.colcon_parallel_executor.executor.parallel:closing loop
[2.168s] DEBUG:colcon.colcon_parallel_executor.executor.parallel:loop closed
[2.168s] DEBUG:colcon.colcon_parallel_executor.executor.parallel:run_until_complete finished with '0'
[2.168s] DEBUG:colcon.colcon_core.event_reactor:joining thread
[2.179s] INFO:colcon.colcon_core.plugin_system:Skipping extension 'colcon_notification.desktop_notification.terminal_notifier': Not used on non-Darwin systems
[2.180s] INFO:colcon.colcon_core.plugin_system:Skipping extension 'colcon_notification.desktop_notification.win32': Not used on non-Windows systems
[2.180s] INFO:colcon.colcon_notification.desktop_notification:Sending desktop notification using 'notify2'
[2.189s] DEBUG:colcon.colcon_core.event_reactor:joined thread
[2.198s] INFO:colcon.colcon_core.shell:Creating prefix script '/home/rajesh/multi_tb3/install/local_setup.ps1'
[2.199s] INFO:colcon.colcon_core.shell:Creating prefix util module '/home/rajesh/multi_tb3/install/_local_setup_util_ps1.py'
[2.200s] INFO:colcon.colcon_core.shell:Creating prefix chain script '/home/rajesh/multi_tb3/install/setup.ps1'
[2.209s] INFO:colcon.colcon_core.shell:Creating prefix script '/home/rajesh/multi_tb3/install/local_setup.sh'
[2.209s] INFO:colcon.colcon_core.shell:Creating prefix util module '/home/rajesh/multi_tb3/install/_local_setup_util_sh.py'
[2.210s] INFO:colcon.colcon_core.shell:Creating prefix chain script '/home/rajesh/multi_tb3/install/setup.sh'
[2.219s] INFO:colcon.colcon_core.shell:Creating prefix script '/home/rajesh/multi_tb3/install/local_setup.bash'
[2.219s] INFO:colcon.colcon_core.shell:Creating prefix chain script '/home/rajesh/multi_tb3/install/setup.bash'
[2.228s] INFO:colcon.colcon_core.shell:Creating prefix script '/home/rajesh/multi_tb3/install/local_setup.zsh'
[2.228s] INFO:colcon.colcon_core.shell:Creating prefix chain script '/home/rajesh/multi_tb3/install/setup.zsh'
