[0.163s] Invoking command in '/home/rajesh/multi_tb3/build/velodyne_description': CMAKE_PREFIX_PATH=${CMAKE_PREFIX_PATH}:/home/rajesh/multi_tb3/install/teleop_twist_keyboard:/opt/ros/humble /usr/bin/cmake --build /home/rajesh/multi_tb3/build/velodyne_description -- -j12 -l12
[0.396s] Invoked command in '/home/rajesh/multi_tb3/build/velodyne_description' returned '0': CMAKE_PREFIX_PATH=${CMAKE_PREFIX_PATH}:/home/rajesh/multi_tb3/install/teleop_twist_keyboard:/opt/ros/humble /usr/bin/cmake --build /home/rajesh/multi_tb3/build/velodyne_description -- -j12 -l12
[0.416s] Invoking command in '/home/rajesh/multi_tb3/build/velodyne_description': CMAKE_PREFIX_PATH=${CMAKE_PREFIX_PATH}:/home/rajesh/multi_tb3/install/teleop_twist_keyboard:/opt/ros/humble /usr/bin/cmake --install /home/rajesh/multi_tb3/build/velodyne_description
[0.422s] -- Install configuration: ""
[0.422s] -- Up-to-date: /home/rajesh/multi_tb3/install/velodyne_description/share/velodyne_description/launch
[0.422s] -- Up-to-date: /home/rajesh/multi_tb3/install/velodyne_description/share/velodyne_description/launch/example.launch.py
[0.422s] -- Up-to-date: /home/rajesh/multi_tb3/install/velodyne_description/share/velodyne_description/meshes
[0.422s] -- Up-to-date: /home/rajesh/multi_tb3/install/velodyne_description/share/velodyne_description/meshes/HDL32E_base.dae
[0.422s] -- Up-to-date: /home/rajesh/multi_tb3/install/velodyne_description/share/velodyne_description/meshes/VLP16_base_2.stl
[0.423s] -- Up-to-date: /home/rajesh/multi_tb3/install/velodyne_description/share/velodyne_description/meshes/VLP16_base_1.dae
[0.423s] -- Up-to-date: /home/rajesh/multi_tb3/install/velodyne_description/share/velodyne_description/meshes/VLP16_base_2.dae
[0.423s] -- Up-to-date: /home/rajesh/multi_tb3/install/velodyne_description/share/velodyne_description/meshes/HDL32E_base.stl
[0.423s] -- Up-to-date: /home/rajesh/multi_tb3/install/velodyne_description/share/velodyne_description/meshes/VLP16_base_1.stl
[0.423s] -- Up-to-date: /home/rajesh/multi_tb3/install/velodyne_description/share/velodyne_description/meshes/VLP16_scan.stl
[0.423s] -- Up-to-date: /home/rajesh/multi_tb3/install/velodyne_description/share/velodyne_description/meshes/HDL32E_scan.dae
[0.423s] -- Up-to-date: /home/rajesh/multi_tb3/install/velodyne_description/share/velodyne_description/meshes/VLP16_scan.dae
[0.423s] -- Up-to-date: /home/rajesh/multi_tb3/install/velodyne_description/share/velodyne_description/meshes/HDL32E_scan.stl
[0.424s] -- Up-to-date: /home/rajesh/multi_tb3/install/velodyne_description/share/velodyne_description/rviz
[0.424s] -- Up-to-date: /home/rajesh/multi_tb3/install/velodyne_description/share/velodyne_description/rviz/example.rviz
[0.425s] -- Up-to-date: /home/rajesh/multi_tb3/install/velodyne_description/share/velodyne_description/urdf
[0.425s] -- Up-to-date: /home/rajesh/multi_tb3/install/velodyne_description/share/velodyne_description/urdf/VLP-16.urdf.xacro
[0.425s] -- Up-to-date: /home/rajesh/multi_tb3/install/velodyne_description/share/velodyne_description/urdf/example.urdf.xacro
[0.425s] -- Up-to-date: /home/rajesh/multi_tb3/install/velodyne_description/share/velodyne_description/urdf/HDL-32E.urdf.xacro
[0.426s] -- Up-to-date: /home/rajesh/multi_tb3/install/velodyne_description/share/velodyne_description/world
[0.426s] -- Up-to-date: /home/rajesh/multi_tb3/install/velodyne_description/share/velodyne_description/world/example.world
[0.426s] -- Up-to-date: /home/rajesh/multi_tb3/install/velodyne_description/share/velodyne_description/environment/velodyne_description.dsv
[0.426s] -- Up-to-date: /home/rajesh/multi_tb3/install/velodyne_description/share/ament_index/resource_index/package_run_dependencies/velodyne_description
[0.426s] -- Up-to-date: /home/rajesh/multi_tb3/install/velodyne_description/share/ament_index/resource_index/parent_prefix_path/velodyne_description
[0.427s] -- Up-to-date: /home/rajesh/multi_tb3/install/velodyne_description/share/velodyne_description/environment/ament_prefix_path.sh
[0.427s] -- Up-to-date: /home/rajesh/multi_tb3/install/velodyne_description/share/velodyne_description/environment/ament_prefix_path.dsv
[0.427s] -- Up-to-date: /home/rajesh/multi_tb3/install/velodyne_description/share/velodyne_description/environment/path.sh
[0.427s] -- Up-to-date: /home/rajesh/multi_tb3/install/velodyne_description/share/velodyne_description/environment/path.dsv
[0.428s] -- Up-to-date: /home/rajesh/multi_tb3/install/velodyne_description/share/velodyne_description/local_setup.bash
[0.428s] -- Up-to-date: /home/rajesh/multi_tb3/install/velodyne_description/share/velodyne_description/local_setup.sh
[0.428s] -- Up-to-date: /home/rajesh/multi_tb3/install/velodyne_description/share/velodyne_description/local_setup.zsh
[0.428s] -- Up-to-date: /home/rajesh/multi_tb3/install/velodyne_description/share/velodyne_description/local_setup.dsv
[0.428s] -- Installing: /home/rajesh/multi_tb3/install/velodyne_description/share/velodyne_description/package.dsv
[0.429s] -- Up-to-date: /home/rajesh/multi_tb3/install/velodyne_description/share/ament_index/resource_index/packages/velodyne_description
[0.429s] -- Up-to-date: /home/rajesh/multi_tb3/install/velodyne_description/share/velodyne_description/cmake/velodyne_descriptionConfig.cmake
[0.429s] -- Up-to-date: /home/rajesh/multi_tb3/install/velodyne_description/share/velodyne_description/cmake/velodyne_descriptionConfig-version.cmake
[0.429s] -- Up-to-date: /home/rajesh/multi_tb3/install/velodyne_description/share/velodyne_description/package.xml
[0.429s] Invoked command in '/home/rajesh/multi_tb3/build/velodyne_description' returned '0': CMAKE_PREFIX_PATH=${CMAKE_PREFIX_PATH}:/home/rajesh/multi_tb3/install/teleop_twist_keyboard:/opt/ros/humble /usr/bin/cmake --install /home/rajesh/multi_tb3/build/velodyne_description
