[1.510s] Invoking command in '/home/rajesh/multi_tb3/src/Multi-turtlebot3-Gazebo-ROS2/teleop_twist_keyboard': PYTHONPATH=/home/rajesh/multi_tb3/build/teleop_twist_keyboard/prefix_override:/home/rajesh/multi_tb3/install/teleop_twist_keyboard/lib/python3.10/site-packages:${PYTHONPATH} /usr/bin/python3 setup.py egg_info --egg-base ../../../build/teleop_twist_keyboard build --build-base /home/rajesh/multi_tb3/build/teleop_twist_keyboard/build install --record /home/rajesh/multi_tb3/build/teleop_twist_keyboard/install.log --single-version-externally-managed
[1.989s] running egg_info
[1.989s] writing ../../../build/teleop_twist_keyboard/teleop_twist_keyboard.egg-info/PKG-INFO
[1.990s] writing dependency_links to ../../../build/teleop_twist_keyboard/teleop_twist_keyboard.egg-info/dependency_links.txt
[1.990s] writing entry points to ../../../build/teleop_twist_keyboard/teleop_twist_keyboard.egg-info/entry_points.txt
[1.990s] writing requirements to ../../../build/teleop_twist_keyboard/teleop_twist_keyboard.egg-info/requires.txt
[1.990s] writing top-level names to ../../../build/teleop_twist_keyboard/teleop_twist_keyboard.egg-info/top_level.txt
[1.992s] reading manifest file '../../../build/teleop_twist_keyboard/teleop_twist_keyboard.egg-info/SOURCES.txt'
[1.992s] adding license file 'LICENSE'
[1.995s] writing manifest file '../../../build/teleop_twist_keyboard/teleop_twist_keyboard.egg-info/SOURCES.txt'
[1.996s] running build
[1.996s] running build_py
[1.996s] running install
[1.997s] running install_lib
[1.997s] running install_data
[1.997s] running install_egg_info
[1.999s] removing '/home/rajesh/multi_tb3/install/teleop_twist_keyboard/lib/python3.10/site-packages/teleop_twist_keyboard-2.3.2-py3.10.egg-info' (and everything under it)
[1.999s] Copying ../../../build/teleop_twist_keyboard/teleop_twist_keyboard.egg-info to /home/rajesh/multi_tb3/install/teleop_twist_keyboard/lib/python3.10/site-packages/teleop_twist_keyboard-2.3.2-py3.10.egg-info
[2.000s] running install_scripts
[2.031s] Installing teleop_twist_keyboard script to /home/rajesh/multi_tb3/install/teleop_twist_keyboard/lib/teleop_twist_keyboard
[2.032s] writing list of installed files to '/home/rajesh/multi_tb3/build/teleop_twist_keyboard/install.log'
[2.086s] Invoked command in '/home/rajesh/multi_tb3/src/Multi-turtlebot3-Gazebo-ROS2/teleop_twist_keyboard' returned '0': PYTHONPATH=/home/rajesh/multi_tb3/build/teleop_twist_keyboard/prefix_override:/home/rajesh/multi_tb3/install/teleop_twist_keyboard/lib/python3.10/site-packages:${PYTHONPATH} /usr/bin/python3 setup.py egg_info --egg-base ../../../build/teleop_twist_keyboard build --build-base /home/rajesh/multi_tb3/build/teleop_twist_keyboard/build install --record /home/rajesh/multi_tb3/build/teleop_twist_keyboard/install.log --single-version-externally-managed
