[0.583s] DEBUG:colcon:Command line arguments: ['/usr/bin/colcon', 'build', '--allow-overriding', 'teleop_twist_keyboard']
[0.583s] DEBUG:colcon:Parsed command line arguments: Namespace(log_base=None, log_level=None, verb_name='build', build_base='build', install_base='install', merge_install=False, symlink_install=False, test_result_base=None, continue_on_error=False, executor='parallel', parallel_workers=12, event_handlers=None, ignore_user_meta=False, metas=['./colcon.meta'], base_paths=['.'], packages_ignore=None, packages_ignore_regex=None, paths=None, packages_up_to=None, packages_up_to_regex=None, packages_above=None, packages_above_and_dependencies=None, packages_above_depth=None, packages_select_by_dep=None, packages_skip_by_dep=None, packages_skip_up_to=None, packages_select_build_failed=False, packages_skip_build_finished=False, packages_select_test_failures=False, packages_skip_test_passed=False, packages_select=None, packages_skip=None, packages_select_regex=None, packages_skip_regex=None, packages_start=None, packages_end=None, allow_overriding=['teleop_twist_keyboard'], cmake_args=None, cmake_target=None, cmake_target_skip_unavailable=False, cmake_clean_cache=False, cmake_clean_first=False, cmake_force_configure=False, ament_cmake_args=None, catkin_cmake_args=None, catkin_skip_building_tests=False, verb_parser=<colcon_defaults.argument_parser.defaults.DefaultArgumentsDecorator object at 0x7f6bdeab4130>, verb_extension=<colcon_core.verb.build.BuildVerb object at 0x7f6bdeab4520>, main=<bound method BuildVerb.main of <colcon_core.verb.build.BuildVerb object at 0x7f6bdeab4520>>)
[0.609s] Level 1:colcon.colcon_core.package_discovery:discover_packages(colcon_meta) check parameters
[0.610s] Level 1:colcon.colcon_core.package_discovery:discover_packages(recursive) check parameters
[0.610s] Level 1:colcon.colcon_core.package_discovery:discover_packages(ignore) check parameters
[0.610s] Level 1:colcon.colcon_core.package_discovery:discover_packages(path) check parameters
[0.610s] Level 1:colcon.colcon_core.package_discovery:discover_packages(colcon_meta) discover
[0.610s] Level 1:colcon.colcon_core.package_discovery:discover_packages(recursive) discover
[0.610s] INFO:colcon.colcon_core.package_discovery:Crawling recursively for packages in '/home/rajesh/multi_tb3'
[0.610s] Level 1:colcon.colcon_core.package_identification:_identify(.) by extensions ['ignore', 'ignore_ament_install']
[0.610s] Level 1:colcon.colcon_core.package_identification:_identify(.) by extension 'ignore'
[0.610s] Level 1:colcon.colcon_core.package_identification:_identify(.) by extension 'ignore_ament_install'
[0.610s] Level 1:colcon.colcon_core.package_identification:_identify(.) by extensions ['colcon_pkg']
[0.610s] Level 1:colcon.colcon_core.package_identification:_identify(.) by extension 'colcon_pkg'
[0.610s] Level 1:colcon.colcon_core.package_identification:_identify(.) by extensions ['colcon_meta']
[0.610s] Level 1:colcon.colcon_core.package_identification:_identify(.) by extension 'colcon_meta'
[0.610s] Level 1:colcon.colcon_core.package_identification:_identify(.) by extensions ['ros']
[0.610s] Level 1:colcon.colcon_core.package_identification:_identify(.) by extension 'ros'
[0.618s] Level 1:colcon.colcon_core.package_identification:_identify(.) by extensions ['cmake', 'python']
[0.618s] Level 1:colcon.colcon_core.package_identification:_identify(.) by extension 'cmake'
[0.618s] Level 1:colcon.colcon_core.package_identification:_identify(.) by extension 'python'
[0.618s] Level 1:colcon.colcon_core.package_identification:_identify(.) by extensions ['python_setup_py']
[0.618s] Level 1:colcon.colcon_core.package_identification:_identify(.) by extension 'python_setup_py'
[0.618s] Level 1:colcon.colcon_core.package_identification:_identify(build) by extensions ['ignore', 'ignore_ament_install']
[0.618s] Level 1:colcon.colcon_core.package_identification:_identify(build) by extension 'ignore'
[0.618s] Level 1:colcon.colcon_core.package_identification:_identify(build) ignored
[0.618s] Level 1:colcon.colcon_core.package_identification:_identify(install) by extensions ['ignore', 'ignore_ament_install']
[0.618s] Level 1:colcon.colcon_core.package_identification:_identify(install) by extension 'ignore'
[0.618s] Level 1:colcon.colcon_core.package_identification:_identify(install) ignored
[0.618s] Level 1:colcon.colcon_core.package_identification:_identify(log) by extensions ['ignore', 'ignore_ament_install']
[0.618s] Level 1:colcon.colcon_core.package_identification:_identify(log) by extension 'ignore'
[0.618s] Level 1:colcon.colcon_core.package_identification:_identify(log) ignored
[0.618s] Level 1:colcon.colcon_core.package_identification:_identify(src) by extensions ['ignore', 'ignore_ament_install']
[0.618s] Level 1:colcon.colcon_core.package_identification:_identify(src) by extension 'ignore'
[0.619s] Level 1:colcon.colcon_core.package_identification:_identify(src) by extension 'ignore_ament_install'
[0.619s] Level 1:colcon.colcon_core.package_identification:_identify(src) by extensions ['colcon_pkg']
[0.619s] Level 1:colcon.colcon_core.package_identification:_identify(src) by extension 'colcon_pkg'
[0.619s] Level 1:colcon.colcon_core.package_identification:_identify(src) by extensions ['colcon_meta']
[0.619s] Level 1:colcon.colcon_core.package_identification:_identify(src) by extension 'colcon_meta'
[0.619s] Level 1:colcon.colcon_core.package_identification:_identify(src) by extensions ['ros']
[0.619s] Level 1:colcon.colcon_core.package_identification:_identify(src) by extension 'ros'
[0.619s] Level 1:colcon.colcon_core.package_identification:_identify(src) by extensions ['cmake', 'python']
[0.619s] Level 1:colcon.colcon_core.package_identification:_identify(src) by extension 'cmake'
[0.619s] Level 1:colcon.colcon_core.package_identification:_identify(src) by extension 'python'
[0.619s] Level 1:colcon.colcon_core.package_identification:_identify(src) by extensions ['python_setup_py']
[0.619s] Level 1:colcon.colcon_core.package_identification:_identify(src) by extension 'python_setup_py'
[0.619s] Level 1:colcon.colcon_core.package_identification:_identify(src/Multi-turtlebot3-Gazebo-ROS2) by extensions ['ignore', 'ignore_ament_install']
[0.619s] Level 1:colcon.colcon_core.package_identification:_identify(src/Multi-turtlebot3-Gazebo-ROS2) by extension 'ignore'
[0.619s] Level 1:colcon.colcon_core.package_identification:_identify(src/Multi-turtlebot3-Gazebo-ROS2) by extension 'ignore_ament_install'
[0.619s] Level 1:colcon.colcon_core.package_identification:_identify(src/Multi-turtlebot3-Gazebo-ROS2) by extensions ['colcon_pkg']
[0.619s] Level 1:colcon.colcon_core.package_identification:_identify(src/Multi-turtlebot3-Gazebo-ROS2) by extension 'colcon_pkg'
[0.619s] Level 1:colcon.colcon_core.package_identification:_identify(src/Multi-turtlebot3-Gazebo-ROS2) by extensions ['colcon_meta']
[0.619s] Level 1:colcon.colcon_core.package_identification:_identify(src/Multi-turtlebot3-Gazebo-ROS2) by extension 'colcon_meta'
[0.619s] Level 1:colcon.colcon_core.package_identification:_identify(src/Multi-turtlebot3-Gazebo-ROS2) by extensions ['ros']
[0.619s] Level 1:colcon.colcon_core.package_identification:_identify(src/Multi-turtlebot3-Gazebo-ROS2) by extension 'ros'
[0.619s] Level 1:colcon.colcon_core.package_identification:_identify(src/Multi-turtlebot3-Gazebo-ROS2) by extensions ['cmake', 'python']
[0.619s] Level 1:colcon.colcon_core.package_identification:_identify(src/Multi-turtlebot3-Gazebo-ROS2) by extension 'cmake'
[0.619s] Level 1:colcon.colcon_core.package_identification:_identify(src/Multi-turtlebot3-Gazebo-ROS2) by extension 'python'
[0.619s] Level 1:colcon.colcon_core.package_identification:_identify(src/Multi-turtlebot3-Gazebo-ROS2) by extensions ['python_setup_py']
[0.619s] Level 1:colcon.colcon_core.package_identification:_identify(src/Multi-turtlebot3-Gazebo-ROS2) by extension 'python_setup_py'
[0.620s] Level 1:colcon.colcon_core.package_identification:_identify(src/Multi-turtlebot3-Gazebo-ROS2/docker) by extensions ['ignore', 'ignore_ament_install']
[0.620s] Level 1:colcon.colcon_core.package_identification:_identify(src/Multi-turtlebot3-Gazebo-ROS2/docker) by extension 'ignore'
[0.620s] Level 1:colcon.colcon_core.package_identification:_identify(src/Multi-turtlebot3-Gazebo-ROS2/docker) by extension 'ignore_ament_install'
[0.620s] Level 1:colcon.colcon_core.package_identification:_identify(src/Multi-turtlebot3-Gazebo-ROS2/docker) by extensions ['colcon_pkg']
[0.620s] Level 1:colcon.colcon_core.package_identification:_identify(src/Multi-turtlebot3-Gazebo-ROS2/docker) by extension 'colcon_pkg'
[0.620s] Level 1:colcon.colcon_core.package_identification:_identify(src/Multi-turtlebot3-Gazebo-ROS2/docker) by extensions ['colcon_meta']
[0.620s] Level 1:colcon.colcon_core.package_identification:_identify(src/Multi-turtlebot3-Gazebo-ROS2/docker) by extension 'colcon_meta'
[0.620s] Level 1:colcon.colcon_core.package_identification:_identify(src/Multi-turtlebot3-Gazebo-ROS2/docker) by extensions ['ros']
[0.620s] Level 1:colcon.colcon_core.package_identification:_identify(src/Multi-turtlebot3-Gazebo-ROS2/docker) by extension 'ros'
[0.620s] Level 1:colcon.colcon_core.package_identification:_identify(src/Multi-turtlebot3-Gazebo-ROS2/docker) by extensions ['cmake', 'python']
[0.620s] Level 1:colcon.colcon_core.package_identification:_identify(src/Multi-turtlebot3-Gazebo-ROS2/docker) by extension 'cmake'
[0.620s] Level 1:colcon.colcon_core.package_identification:_identify(src/Multi-turtlebot3-Gazebo-ROS2/docker) by extension 'python'
[0.620s] Level 1:colcon.colcon_core.package_identification:_identify(src/Multi-turtlebot3-Gazebo-ROS2/docker) by extensions ['python_setup_py']
[0.620s] Level 1:colcon.colcon_core.package_identification:_identify(src/Multi-turtlebot3-Gazebo-ROS2/docker) by extension 'python_setup_py'
[0.620s] Level 1:colcon.colcon_core.package_identification:_identify(src/Multi-turtlebot3-Gazebo-ROS2/teleop_twist_keyboard) by extensions ['ignore', 'ignore_ament_install']
[0.620s] Level 1:colcon.colcon_core.package_identification:_identify(src/Multi-turtlebot3-Gazebo-ROS2/teleop_twist_keyboard) by extension 'ignore'
[0.620s] Level 1:colcon.colcon_core.package_identification:_identify(src/Multi-turtlebot3-Gazebo-ROS2/teleop_twist_keyboard) by extension 'ignore_ament_install'
[0.620s] Level 1:colcon.colcon_core.package_identification:_identify(src/Multi-turtlebot3-Gazebo-ROS2/teleop_twist_keyboard) by extensions ['colcon_pkg']
[0.620s] Level 1:colcon.colcon_core.package_identification:_identify(src/Multi-turtlebot3-Gazebo-ROS2/teleop_twist_keyboard) by extension 'colcon_pkg'
[0.620s] Level 1:colcon.colcon_core.package_identification:_identify(src/Multi-turtlebot3-Gazebo-ROS2/teleop_twist_keyboard) by extensions ['colcon_meta']
[0.620s] Level 1:colcon.colcon_core.package_identification:_identify(src/Multi-turtlebot3-Gazebo-ROS2/teleop_twist_keyboard) by extension 'colcon_meta'
[0.620s] Level 1:colcon.colcon_core.package_identification:_identify(src/Multi-turtlebot3-Gazebo-ROS2/teleop_twist_keyboard) by extensions ['ros']
[0.620s] Level 1:colcon.colcon_core.package_identification:_identify(src/Multi-turtlebot3-Gazebo-ROS2/teleop_twist_keyboard) by extension 'ros'
[0.622s] DEBUG:colcon.colcon_core.package_identification:Package 'src/Multi-turtlebot3-Gazebo-ROS2/teleop_twist_keyboard' with type 'ros.ament_python' and name 'teleop_twist_keyboard'
[0.622s] Level 1:colcon.colcon_core.package_identification:_identify(src/Multi-turtlebot3-Gazebo-ROS2/tf_results) by extensions ['ignore', 'ignore_ament_install']
[0.622s] Level 1:colcon.colcon_core.package_identification:_identify(src/Multi-turtlebot3-Gazebo-ROS2/tf_results) by extension 'ignore'
[0.622s] Level 1:colcon.colcon_core.package_identification:_identify(src/Multi-turtlebot3-Gazebo-ROS2/tf_results) by extension 'ignore_ament_install'
[0.622s] Level 1:colcon.colcon_core.package_identification:_identify(src/Multi-turtlebot3-Gazebo-ROS2/tf_results) by extensions ['colcon_pkg']
[0.622s] Level 1:colcon.colcon_core.package_identification:_identify(src/Multi-turtlebot3-Gazebo-ROS2/tf_results) by extension 'colcon_pkg'
[0.622s] Level 1:colcon.colcon_core.package_identification:_identify(src/Multi-turtlebot3-Gazebo-ROS2/tf_results) by extensions ['colcon_meta']
[0.622s] Level 1:colcon.colcon_core.package_identification:_identify(src/Multi-turtlebot3-Gazebo-ROS2/tf_results) by extension 'colcon_meta'
[0.622s] Level 1:colcon.colcon_core.package_identification:_identify(src/Multi-turtlebot3-Gazebo-ROS2/tf_results) by extensions ['ros']
[0.622s] Level 1:colcon.colcon_core.package_identification:_identify(src/Multi-turtlebot3-Gazebo-ROS2/tf_results) by extension 'ros'
[0.622s] Level 1:colcon.colcon_core.package_identification:_identify(src/Multi-turtlebot3-Gazebo-ROS2/tf_results) by extensions ['cmake', 'python']
[0.622s] Level 1:colcon.colcon_core.package_identification:_identify(src/Multi-turtlebot3-Gazebo-ROS2/tf_results) by extension 'cmake'
[0.622s] Level 1:colcon.colcon_core.package_identification:_identify(src/Multi-turtlebot3-Gazebo-ROS2/tf_results) by extension 'python'
[0.622s] Level 1:colcon.colcon_core.package_identification:_identify(src/Multi-turtlebot3-Gazebo-ROS2/tf_results) by extensions ['python_setup_py']
[0.623s] Level 1:colcon.colcon_core.package_identification:_identify(src/Multi-turtlebot3-Gazebo-ROS2/tf_results) by extension 'python_setup_py'
[0.623s] Level 1:colcon.colcon_core.package_identification:_identify(src/Multi-turtlebot3-Gazebo-ROS2/turtlebot3_description) by extensions ['ignore', 'ignore_ament_install']
[0.623s] Level 1:colcon.colcon_core.package_identification:_identify(src/Multi-turtlebot3-Gazebo-ROS2/turtlebot3_description) by extension 'ignore'
[0.623s] Level 1:colcon.colcon_core.package_identification:_identify(src/Multi-turtlebot3-Gazebo-ROS2/turtlebot3_description) by extension 'ignore_ament_install'
[0.623s] Level 1:colcon.colcon_core.package_identification:_identify(src/Multi-turtlebot3-Gazebo-ROS2/turtlebot3_description) by extensions ['colcon_pkg']
[0.623s] Level 1:colcon.colcon_core.package_identification:_identify(src/Multi-turtlebot3-Gazebo-ROS2/turtlebot3_description) by extension 'colcon_pkg'
[0.623s] Level 1:colcon.colcon_core.package_identification:_identify(src/Multi-turtlebot3-Gazebo-ROS2/turtlebot3_description) by extensions ['colcon_meta']
[0.623s] Level 1:colcon.colcon_core.package_identification:_identify(src/Multi-turtlebot3-Gazebo-ROS2/turtlebot3_description) by extension 'colcon_meta'
[0.623s] Level 1:colcon.colcon_core.package_identification:_identify(src/Multi-turtlebot3-Gazebo-ROS2/turtlebot3_description) by extensions ['ros']
[0.623s] Level 1:colcon.colcon_core.package_identification:_identify(src/Multi-turtlebot3-Gazebo-ROS2/turtlebot3_description) by extension 'ros'
[0.623s] DEBUG:colcon.colcon_core.package_identification:Package 'src/Multi-turtlebot3-Gazebo-ROS2/turtlebot3_description' with type 'ros.ament_cmake' and name 'turtlebot3_description'
[0.623s] Level 1:colcon.colcon_core.package_identification:_identify(src/Multi-turtlebot3-Gazebo-ROS2/turtlebot3_simulations) by extensions ['ignore', 'ignore_ament_install']
[0.623s] Level 1:colcon.colcon_core.package_identification:_identify(src/Multi-turtlebot3-Gazebo-ROS2/turtlebot3_simulations) by extension 'ignore'
[0.624s] Level 1:colcon.colcon_core.package_identification:_identify(src/Multi-turtlebot3-Gazebo-ROS2/turtlebot3_simulations) by extension 'ignore_ament_install'
[0.624s] Level 1:colcon.colcon_core.package_identification:_identify(src/Multi-turtlebot3-Gazebo-ROS2/turtlebot3_simulations) by extensions ['colcon_pkg']
[0.624s] Level 1:colcon.colcon_core.package_identification:_identify(src/Multi-turtlebot3-Gazebo-ROS2/turtlebot3_simulations) by extension 'colcon_pkg'
[0.624s] Level 1:colcon.colcon_core.package_identification:_identify(src/Multi-turtlebot3-Gazebo-ROS2/turtlebot3_simulations) by extensions ['colcon_meta']
[0.624s] Level 1:colcon.colcon_core.package_identification:_identify(src/Multi-turtlebot3-Gazebo-ROS2/turtlebot3_simulations) by extension 'colcon_meta'
[0.624s] Level 1:colcon.colcon_core.package_identification:_identify(src/Multi-turtlebot3-Gazebo-ROS2/turtlebot3_simulations) by extensions ['ros']
[0.624s] Level 1:colcon.colcon_core.package_identification:_identify(src/Multi-turtlebot3-Gazebo-ROS2/turtlebot3_simulations) by extension 'ros'
[0.624s] Level 1:colcon.colcon_core.package_identification:_identify(src/Multi-turtlebot3-Gazebo-ROS2/turtlebot3_simulations) by extensions ['cmake', 'python']
[0.624s] Level 1:colcon.colcon_core.package_identification:_identify(src/Multi-turtlebot3-Gazebo-ROS2/turtlebot3_simulations) by extension 'cmake'
[0.624s] Level 1:colcon.colcon_core.package_identification:_identify(src/Multi-turtlebot3-Gazebo-ROS2/turtlebot3_simulations) by extension 'python'
[0.624s] Level 1:colcon.colcon_core.package_identification:_identify(src/Multi-turtlebot3-Gazebo-ROS2/turtlebot3_simulations) by extensions ['python_setup_py']
[0.624s] Level 1:colcon.colcon_core.package_identification:_identify(src/Multi-turtlebot3-Gazebo-ROS2/turtlebot3_simulations) by extension 'python_setup_py'
[0.624s] Level 1:colcon.colcon_core.package_identification:_identify(src/Multi-turtlebot3-Gazebo-ROS2/turtlebot3_simulations/turtlebot3_gazebo) by extensions ['ignore', 'ignore_ament_install']
[0.624s] Level 1:colcon.colcon_core.package_identification:_identify(src/Multi-turtlebot3-Gazebo-ROS2/turtlebot3_simulations/turtlebot3_gazebo) by extension 'ignore'
[0.624s] Level 1:colcon.colcon_core.package_identification:_identify(src/Multi-turtlebot3-Gazebo-ROS2/turtlebot3_simulations/turtlebot3_gazebo) by extension 'ignore_ament_install'
[0.624s] Level 1:colcon.colcon_core.package_identification:_identify(src/Multi-turtlebot3-Gazebo-ROS2/turtlebot3_simulations/turtlebot3_gazebo) by extensions ['colcon_pkg']
[0.624s] Level 1:colcon.colcon_core.package_identification:_identify(src/Multi-turtlebot3-Gazebo-ROS2/turtlebot3_simulations/turtlebot3_gazebo) by extension 'colcon_pkg'
[0.624s] Level 1:colcon.colcon_core.package_identification:_identify(src/Multi-turtlebot3-Gazebo-ROS2/turtlebot3_simulations/turtlebot3_gazebo) by extensions ['colcon_meta']
[0.624s] Level 1:colcon.colcon_core.package_identification:_identify(src/Multi-turtlebot3-Gazebo-ROS2/turtlebot3_simulations/turtlebot3_gazebo) by extension 'colcon_meta'
[0.624s] Level 1:colcon.colcon_core.package_identification:_identify(src/Multi-turtlebot3-Gazebo-ROS2/turtlebot3_simulations/turtlebot3_gazebo) by extensions ['ros']
[0.624s] Level 1:colcon.colcon_core.package_identification:_identify(src/Multi-turtlebot3-Gazebo-ROS2/turtlebot3_simulations/turtlebot3_gazebo) by extension 'ros'
[0.625s] DEBUG:colcon.colcon_core.package_identification:Package 'src/Multi-turtlebot3-Gazebo-ROS2/turtlebot3_simulations/turtlebot3_gazebo' with type 'ros.ament_cmake' and name 'turtlebot3_gazebo'
[0.625s] Level 1:colcon.colcon_core.package_identification:_identify(src/Multi-turtlebot3-Gazebo-ROS2/turtlebot3_simulations/turtlebot3_simulations) by extensions ['ignore', 'ignore_ament_install']
[0.625s] Level 1:colcon.colcon_core.package_identification:_identify(src/Multi-turtlebot3-Gazebo-ROS2/turtlebot3_simulations/turtlebot3_simulations) by extension 'ignore'
[0.625s] Level 1:colcon.colcon_core.package_identification:_identify(src/Multi-turtlebot3-Gazebo-ROS2/turtlebot3_simulations/turtlebot3_simulations) by extension 'ignore_ament_install'
[0.625s] Level 1:colcon.colcon_core.package_identification:_identify(src/Multi-turtlebot3-Gazebo-ROS2/turtlebot3_simulations/turtlebot3_simulations) by extensions ['colcon_pkg']
[0.625s] Level 1:colcon.colcon_core.package_identification:_identify(src/Multi-turtlebot3-Gazebo-ROS2/turtlebot3_simulations/turtlebot3_simulations) by extension 'colcon_pkg'
[0.625s] Level 1:colcon.colcon_core.package_identification:_identify(src/Multi-turtlebot3-Gazebo-ROS2/turtlebot3_simulations/turtlebot3_simulations) by extensions ['colcon_meta']
[0.625s] Level 1:colcon.colcon_core.package_identification:_identify(src/Multi-turtlebot3-Gazebo-ROS2/turtlebot3_simulations/turtlebot3_simulations) by extension 'colcon_meta'
[0.625s] Level 1:colcon.colcon_core.package_identification:_identify(src/Multi-turtlebot3-Gazebo-ROS2/turtlebot3_simulations/turtlebot3_simulations) by extensions ['ros']
[0.625s] Level 1:colcon.colcon_core.package_identification:_identify(src/Multi-turtlebot3-Gazebo-ROS2/turtlebot3_simulations/turtlebot3_simulations) by extension 'ros'
[0.626s] DEBUG:colcon.colcon_core.package_identification:Package 'src/Multi-turtlebot3-Gazebo-ROS2/turtlebot3_simulations/turtlebot3_simulations' with type 'ros.ament_cmake' and name 'turtlebot3_simulations'
[0.626s] Level 1:colcon.colcon_core.package_identification:_identify(src/Multi-turtlebot3-Gazebo-ROS2/velodyne_simulator) by extensions ['ignore', 'ignore_ament_install']
[0.626s] Level 1:colcon.colcon_core.package_identification:_identify(src/Multi-turtlebot3-Gazebo-ROS2/velodyne_simulator) by extension 'ignore'
[0.626s] Level 1:colcon.colcon_core.package_identification:_identify(src/Multi-turtlebot3-Gazebo-ROS2/velodyne_simulator) by extension 'ignore_ament_install'
[0.626s] Level 1:colcon.colcon_core.package_identification:_identify(src/Multi-turtlebot3-Gazebo-ROS2/velodyne_simulator) by extensions ['colcon_pkg']
[0.626s] Level 1:colcon.colcon_core.package_identification:_identify(src/Multi-turtlebot3-Gazebo-ROS2/velodyne_simulator) by extension 'colcon_pkg'
[0.626s] Level 1:colcon.colcon_core.package_identification:_identify(src/Multi-turtlebot3-Gazebo-ROS2/velodyne_simulator) by extensions ['colcon_meta']
[0.626s] Level 1:colcon.colcon_core.package_identification:_identify(src/Multi-turtlebot3-Gazebo-ROS2/velodyne_simulator) by extension 'colcon_meta'
[0.626s] Level 1:colcon.colcon_core.package_identification:_identify(src/Multi-turtlebot3-Gazebo-ROS2/velodyne_simulator) by extensions ['ros']
[0.626s] Level 1:colcon.colcon_core.package_identification:_identify(src/Multi-turtlebot3-Gazebo-ROS2/velodyne_simulator) by extension 'ros'
[0.626s] Level 1:colcon.colcon_core.package_identification:_identify(src/Multi-turtlebot3-Gazebo-ROS2/velodyne_simulator) by extensions ['cmake', 'python']
[0.626s] Level 1:colcon.colcon_core.package_identification:_identify(src/Multi-turtlebot3-Gazebo-ROS2/velodyne_simulator) by extension 'cmake'
[0.626s] Level 1:colcon.colcon_core.package_identification:_identify(src/Multi-turtlebot3-Gazebo-ROS2/velodyne_simulator) by extension 'python'
[0.626s] Level 1:colcon.colcon_core.package_identification:_identify(src/Multi-turtlebot3-Gazebo-ROS2/velodyne_simulator) by extensions ['python_setup_py']
[0.626s] Level 1:colcon.colcon_core.package_identification:_identify(src/Multi-turtlebot3-Gazebo-ROS2/velodyne_simulator) by extension 'python_setup_py'
[0.626s] Level 1:colcon.colcon_core.package_identification:_identify(src/Multi-turtlebot3-Gazebo-ROS2/velodyne_simulator/img) by extensions ['ignore', 'ignore_ament_install']
[0.626s] Level 1:colcon.colcon_core.package_identification:_identify(src/Multi-turtlebot3-Gazebo-ROS2/velodyne_simulator/img) by extension 'ignore'
[0.627s] Level 1:colcon.colcon_core.package_identification:_identify(src/Multi-turtlebot3-Gazebo-ROS2/velodyne_simulator/img) by extension 'ignore_ament_install'
[0.627s] Level 1:colcon.colcon_core.package_identification:_identify(src/Multi-turtlebot3-Gazebo-ROS2/velodyne_simulator/img) by extensions ['colcon_pkg']
[0.627s] Level 1:colcon.colcon_core.package_identification:_identify(src/Multi-turtlebot3-Gazebo-ROS2/velodyne_simulator/img) by extension 'colcon_pkg'
[0.627s] Level 1:colcon.colcon_core.package_identification:_identify(src/Multi-turtlebot3-Gazebo-ROS2/velodyne_simulator/img) by extensions ['colcon_meta']
[0.627s] Level 1:colcon.colcon_core.package_identification:_identify(src/Multi-turtlebot3-Gazebo-ROS2/velodyne_simulator/img) by extension 'colcon_meta'
[0.627s] Level 1:colcon.colcon_core.package_identification:_identify(src/Multi-turtlebot3-Gazebo-ROS2/velodyne_simulator/img) by extensions ['ros']
[0.627s] Level 1:colcon.colcon_core.package_identification:_identify(src/Multi-turtlebot3-Gazebo-ROS2/velodyne_simulator/img) by extension 'ros'
[0.627s] Level 1:colcon.colcon_core.package_identification:_identify(src/Multi-turtlebot3-Gazebo-ROS2/velodyne_simulator/img) by extensions ['cmake', 'python']
[0.627s] Level 1:colcon.colcon_core.package_identification:_identify(src/Multi-turtlebot3-Gazebo-ROS2/velodyne_simulator/img) by extension 'cmake'
[0.627s] Level 1:colcon.colcon_core.package_identification:_identify(src/Multi-turtlebot3-Gazebo-ROS2/velodyne_simulator/img) by extension 'python'
[0.627s] Level 1:colcon.colcon_core.package_identification:_identify(src/Multi-turtlebot3-Gazebo-ROS2/velodyne_simulator/img) by extensions ['python_setup_py']
[0.627s] Level 1:colcon.colcon_core.package_identification:_identify(src/Multi-turtlebot3-Gazebo-ROS2/velodyne_simulator/img) by extension 'python_setup_py'
[0.627s] Level 1:colcon.colcon_core.package_identification:_identify(src/Multi-turtlebot3-Gazebo-ROS2/velodyne_simulator/velodyne_description) by extensions ['ignore', 'ignore_ament_install']
[0.627s] Level 1:colcon.colcon_core.package_identification:_identify(src/Multi-turtlebot3-Gazebo-ROS2/velodyne_simulator/velodyne_description) by extension 'ignore'
[0.627s] Level 1:colcon.colcon_core.package_identification:_identify(src/Multi-turtlebot3-Gazebo-ROS2/velodyne_simulator/velodyne_description) by extension 'ignore_ament_install'
[0.627s] Level 1:colcon.colcon_core.package_identification:_identify(src/Multi-turtlebot3-Gazebo-ROS2/velodyne_simulator/velodyne_description) by extensions ['colcon_pkg']
[0.627s] Level 1:colcon.colcon_core.package_identification:_identify(src/Multi-turtlebot3-Gazebo-ROS2/velodyne_simulator/velodyne_description) by extension 'colcon_pkg'
[0.627s] Level 1:colcon.colcon_core.package_identification:_identify(src/Multi-turtlebot3-Gazebo-ROS2/velodyne_simulator/velodyne_description) by extensions ['colcon_meta']
[0.627s] Level 1:colcon.colcon_core.package_identification:_identify(src/Multi-turtlebot3-Gazebo-ROS2/velodyne_simulator/velodyne_description) by extension 'colcon_meta'
[0.627s] Level 1:colcon.colcon_core.package_identification:_identify(src/Multi-turtlebot3-Gazebo-ROS2/velodyne_simulator/velodyne_description) by extensions ['ros']
[0.627s] Level 1:colcon.colcon_core.package_identification:_identify(src/Multi-turtlebot3-Gazebo-ROS2/velodyne_simulator/velodyne_description) by extension 'ros'
[0.628s] DEBUG:colcon.colcon_core.package_identification:Package 'src/Multi-turtlebot3-Gazebo-ROS2/velodyne_simulator/velodyne_description' with type 'ros.ament_cmake' and name 'velodyne_description'
[0.628s] Level 1:colcon.colcon_core.package_identification:_identify(src/Multi-turtlebot3-Gazebo-ROS2/velodyne_simulator/velodyne_gazebo_plugins) by extensions ['ignore', 'ignore_ament_install']
[0.628s] Level 1:colcon.colcon_core.package_identification:_identify(src/Multi-turtlebot3-Gazebo-ROS2/velodyne_simulator/velodyne_gazebo_plugins) by extension 'ignore'
[0.628s] Level 1:colcon.colcon_core.package_identification:_identify(src/Multi-turtlebot3-Gazebo-ROS2/velodyne_simulator/velodyne_gazebo_plugins) by extension 'ignore_ament_install'
[0.628s] Level 1:colcon.colcon_core.package_identification:_identify(src/Multi-turtlebot3-Gazebo-ROS2/velodyne_simulator/velodyne_gazebo_plugins) by extensions ['colcon_pkg']
[0.628s] Level 1:colcon.colcon_core.package_identification:_identify(src/Multi-turtlebot3-Gazebo-ROS2/velodyne_simulator/velodyne_gazebo_plugins) by extension 'colcon_pkg'
[0.628s] Level 1:colcon.colcon_core.package_identification:_identify(src/Multi-turtlebot3-Gazebo-ROS2/velodyne_simulator/velodyne_gazebo_plugins) by extensions ['colcon_meta']
[0.628s] Level 1:colcon.colcon_core.package_identification:_identify(src/Multi-turtlebot3-Gazebo-ROS2/velodyne_simulator/velodyne_gazebo_plugins) by extension 'colcon_meta'
[0.628s] Level 1:colcon.colcon_core.package_identification:_identify(src/Multi-turtlebot3-Gazebo-ROS2/velodyne_simulator/velodyne_gazebo_plugins) by extensions ['ros']
[0.628s] Level 1:colcon.colcon_core.package_identification:_identify(src/Multi-turtlebot3-Gazebo-ROS2/velodyne_simulator/velodyne_gazebo_plugins) by extension 'ros'
[0.628s] DEBUG:colcon.colcon_core.package_identification:Package 'src/Multi-turtlebot3-Gazebo-ROS2/velodyne_simulator/velodyne_gazebo_plugins' with type 'ros.ament_cmake' and name 'velodyne_gazebo_plugins'
[0.628s] Level 1:colcon.colcon_core.package_identification:_identify(src/Multi-turtlebot3-Gazebo-ROS2/velodyne_simulator/velodyne_simulator) by extensions ['ignore', 'ignore_ament_install']
[0.629s] Level 1:colcon.colcon_core.package_identification:_identify(src/Multi-turtlebot3-Gazebo-ROS2/velodyne_simulator/velodyne_simulator) by extension 'ignore'
[0.629s] Level 1:colcon.colcon_core.package_identification:_identify(src/Multi-turtlebot3-Gazebo-ROS2/velodyne_simulator/velodyne_simulator) by extension 'ignore_ament_install'
[0.629s] Level 1:colcon.colcon_core.package_identification:_identify(src/Multi-turtlebot3-Gazebo-ROS2/velodyne_simulator/velodyne_simulator) by extensions ['colcon_pkg']
[0.629s] Level 1:colcon.colcon_core.package_identification:_identify(src/Multi-turtlebot3-Gazebo-ROS2/velodyne_simulator/velodyne_simulator) by extension 'colcon_pkg'
[0.629s] Level 1:colcon.colcon_core.package_identification:_identify(src/Multi-turtlebot3-Gazebo-ROS2/velodyne_simulator/velodyne_simulator) by extensions ['colcon_meta']
[0.629s] Level 1:colcon.colcon_core.package_identification:_identify(src/Multi-turtlebot3-Gazebo-ROS2/velodyne_simulator/velodyne_simulator) by extension 'colcon_meta'
[0.629s] Level 1:colcon.colcon_core.package_identification:_identify(src/Multi-turtlebot3-Gazebo-ROS2/velodyne_simulator/velodyne_simulator) by extensions ['ros']
[0.629s] Level 1:colcon.colcon_core.package_identification:_identify(src/Multi-turtlebot3-Gazebo-ROS2/velodyne_simulator/velodyne_simulator) by extension 'ros'
[0.629s] DEBUG:colcon.colcon_core.package_identification:Package 'src/Multi-turtlebot3-Gazebo-ROS2/velodyne_simulator/velodyne_simulator' with type 'ros.ament_cmake' and name 'velodyne_simulator'
[0.629s] Level 1:colcon.colcon_core.package_discovery:discover_packages(recursive) using defaults
[0.629s] Level 1:colcon.colcon_core.package_discovery:discover_packages(ignore) discover
[0.629s] Level 1:colcon.colcon_core.package_discovery:discover_packages(ignore) using defaults
[0.629s] Level 1:colcon.colcon_core.package_discovery:discover_packages(path) discover
[0.629s] Level 1:colcon.colcon_core.package_discovery:discover_packages(path) using defaults
[0.682s] Level 1:colcon.colcon_core.package_discovery:discover_packages(prefix_path) check parameters
[0.682s] Level 1:colcon.colcon_core.package_discovery:discover_packages(prefix_path) discover
[0.699s] DEBUG:colcon.colcon_installed_package_information.package_discovery:Found 7 installed packages in /home/rajesh/multi_tb3/install
[0.715s] DEBUG:colcon.colcon_installed_package_information.package_discovery:Found 369 installed packages in /opt/ros/humble
[0.716s] Level 1:colcon.colcon_core.package_discovery:discover_packages(prefix_path) using defaults
[0.775s] Level 5:colcon.colcon_core.verb:set package 'teleop_twist_keyboard' build argument 'cmake_args' from command line to 'None'
[0.775s] Level 5:colcon.colcon_core.verb:set package 'teleop_twist_keyboard' build argument 'cmake_target' from command line to 'None'
[0.775s] Level 5:colcon.colcon_core.verb:set package 'teleop_twist_keyboard' build argument 'cmake_target_skip_unavailable' from command line to 'False'
[0.775s] Level 5:colcon.colcon_core.verb:set package 'teleop_twist_keyboard' build argument 'cmake_clean_cache' from command line to 'False'
[0.775s] Level 5:colcon.colcon_core.verb:set package 'teleop_twist_keyboard' build argument 'cmake_clean_first' from command line to 'False'
[0.775s] Level 5:colcon.colcon_core.verb:set package 'teleop_twist_keyboard' build argument 'cmake_force_configure' from command line to 'False'
[0.775s] Level 5:colcon.colcon_core.verb:set package 'teleop_twist_keyboard' build argument 'ament_cmake_args' from command line to 'None'
[0.775s] Level 5:colcon.colcon_core.verb:set package 'teleop_twist_keyboard' build argument 'catkin_cmake_args' from command line to 'None'
[0.775s] Level 5:colcon.colcon_core.verb:set package 'teleop_twist_keyboard' build argument 'catkin_skip_building_tests' from command line to 'False'
[0.775s] DEBUG:colcon.colcon_core.verb:Building package 'teleop_twist_keyboard' with the following arguments: {'ament_cmake_args': None, 'build_base': '/home/rajesh/multi_tb3/build/teleop_twist_keyboard', 'catkin_cmake_args': None, 'catkin_skip_building_tests': False, 'cmake_args': None, 'cmake_clean_cache': False, 'cmake_clean_first': False, 'cmake_force_configure': False, 'cmake_target': None, 'cmake_target_skip_unavailable': False, 'install_base': '/home/rajesh/multi_tb3/install/teleop_twist_keyboard', 'merge_install': False, 'path': '/home/rajesh/multi_tb3/src/Multi-turtlebot3-Gazebo-ROS2/teleop_twist_keyboard', 'symlink_install': False, 'test_result_base': None}
[0.783s] Level 5:colcon.colcon_core.verb:set package 'turtlebot3_description' build argument 'cmake_args' from command line to 'None'
[0.783s] Level 5:colcon.colcon_core.verb:set package 'turtlebot3_description' build argument 'cmake_target' from command line to 'None'
[0.783s] Level 5:colcon.colcon_core.verb:set package 'turtlebot3_description' build argument 'cmake_target_skip_unavailable' from command line to 'False'
[0.783s] Level 5:colcon.colcon_core.verb:set package 'turtlebot3_description' build argument 'cmake_clean_cache' from command line to 'False'
[0.783s] Level 5:colcon.colcon_core.verb:set package 'turtlebot3_description' build argument 'cmake_clean_first' from command line to 'False'
[0.783s] Level 5:colcon.colcon_core.verb:set package 'turtlebot3_description' build argument 'cmake_force_configure' from command line to 'False'
[0.783s] Level 5:colcon.colcon_core.verb:set package 'turtlebot3_description' build argument 'ament_cmake_args' from command line to 'None'
[0.783s] Level 5:colcon.colcon_core.verb:set package 'turtlebot3_description' build argument 'catkin_cmake_args' from command line to 'None'
[0.783s] Level 5:colcon.colcon_core.verb:set package 'turtlebot3_description' build argument 'catkin_skip_building_tests' from command line to 'False'
[0.783s] DEBUG:colcon.colcon_core.verb:Building package 'turtlebot3_description' with the following arguments: {'ament_cmake_args': None, 'build_base': '/home/rajesh/multi_tb3/build/turtlebot3_description', 'catkin_cmake_args': None, 'catkin_skip_building_tests': False, 'cmake_args': None, 'cmake_clean_cache': False, 'cmake_clean_first': False, 'cmake_force_configure': False, 'cmake_target': None, 'cmake_target_skip_unavailable': False, 'install_base': '/home/rajesh/multi_tb3/install/turtlebot3_description', 'merge_install': False, 'path': '/home/rajesh/multi_tb3/src/Multi-turtlebot3-Gazebo-ROS2/turtlebot3_description', 'symlink_install': False, 'test_result_base': None}
[0.791s] Level 5:colcon.colcon_core.verb:set package 'velodyne_description' build argument 'cmake_args' from command line to 'None'
[0.791s] Level 5:colcon.colcon_core.verb:set package 'velodyne_description' build argument 'cmake_target' from command line to 'None'
[0.791s] Level 5:colcon.colcon_core.verb:set package 'velodyne_description' build argument 'cmake_target_skip_unavailable' from command line to 'False'
[0.791s] Level 5:colcon.colcon_core.verb:set package 'velodyne_description' build argument 'cmake_clean_cache' from command line to 'False'
[0.791s] Level 5:colcon.colcon_core.verb:set package 'velodyne_description' build argument 'cmake_clean_first' from command line to 'False'
[0.792s] Level 5:colcon.colcon_core.verb:set package 'velodyne_description' build argument 'cmake_force_configure' from command line to 'False'
[0.792s] Level 5:colcon.colcon_core.verb:set package 'velodyne_description' build argument 'ament_cmake_args' from command line to 'None'
[0.792s] Level 5:colcon.colcon_core.verb:set package 'velodyne_description' build argument 'catkin_cmake_args' from command line to 'None'
[0.792s] Level 5:colcon.colcon_core.verb:set package 'velodyne_description' build argument 'catkin_skip_building_tests' from command line to 'False'
[0.792s] DEBUG:colcon.colcon_core.verb:Building package 'velodyne_description' with the following arguments: {'ament_cmake_args': None, 'build_base': '/home/rajesh/multi_tb3/build/velodyne_description', 'catkin_cmake_args': None, 'catkin_skip_building_tests': False, 'cmake_args': None, 'cmake_clean_cache': False, 'cmake_clean_first': False, 'cmake_force_configure': False, 'cmake_target': None, 'cmake_target_skip_unavailable': False, 'install_base': '/home/rajesh/multi_tb3/install/velodyne_description', 'merge_install': False, 'path': '/home/rajesh/multi_tb3/src/Multi-turtlebot3-Gazebo-ROS2/velodyne_simulator/velodyne_description', 'symlink_install': False, 'test_result_base': None}
[0.800s] Level 5:colcon.colcon_core.verb:set package 'velodyne_gazebo_plugins' build argument 'cmake_args' from command line to 'None'
[0.800s] Level 5:colcon.colcon_core.verb:set package 'velodyne_gazebo_plugins' build argument 'cmake_target' from command line to 'None'
[0.800s] Level 5:colcon.colcon_core.verb:set package 'velodyne_gazebo_plugins' build argument 'cmake_target_skip_unavailable' from command line to 'False'
[0.800s] Level 5:colcon.colcon_core.verb:set package 'velodyne_gazebo_plugins' build argument 'cmake_clean_cache' from command line to 'False'
[0.800s] Level 5:colcon.colcon_core.verb:set package 'velodyne_gazebo_plugins' build argument 'cmake_clean_first' from command line to 'False'
[0.800s] Level 5:colcon.colcon_core.verb:set package 'velodyne_gazebo_plugins' build argument 'cmake_force_configure' from command line to 'False'
[0.800s] Level 5:colcon.colcon_core.verb:set package 'velodyne_gazebo_plugins' build argument 'ament_cmake_args' from command line to 'None'
[0.800s] Level 5:colcon.colcon_core.verb:set package 'velodyne_gazebo_plugins' build argument 'catkin_cmake_args' from command line to 'None'
[0.800s] Level 5:colcon.colcon_core.verb:set package 'velodyne_gazebo_plugins' build argument 'catkin_skip_building_tests' from command line to 'False'
[0.800s] DEBUG:colcon.colcon_core.verb:Building package 'velodyne_gazebo_plugins' with the following arguments: {'ament_cmake_args': None, 'build_base': '/home/rajesh/multi_tb3/build/velodyne_gazebo_plugins', 'catkin_cmake_args': None, 'catkin_skip_building_tests': False, 'cmake_args': None, 'cmake_clean_cache': False, 'cmake_clean_first': False, 'cmake_force_configure': False, 'cmake_target': None, 'cmake_target_skip_unavailable': False, 'install_base': '/home/rajesh/multi_tb3/install/velodyne_gazebo_plugins', 'merge_install': False, 'path': '/home/rajesh/multi_tb3/src/Multi-turtlebot3-Gazebo-ROS2/velodyne_simulator/velodyne_gazebo_plugins', 'symlink_install': False, 'test_result_base': None}
[0.808s] Level 5:colcon.colcon_core.verb:set package 'turtlebot3_gazebo' build argument 'cmake_args' from command line to 'None'
[0.808s] Level 5:colcon.colcon_core.verb:set package 'turtlebot3_gazebo' build argument 'cmake_target' from command line to 'None'
[0.808s] Level 5:colcon.colcon_core.verb:set package 'turtlebot3_gazebo' build argument 'cmake_target_skip_unavailable' from command line to 'False'
[0.808s] Level 5:colcon.colcon_core.verb:set package 'turtlebot3_gazebo' build argument 'cmake_clean_cache' from command line to 'False'
[0.808s] Level 5:colcon.colcon_core.verb:set package 'turtlebot3_gazebo' build argument 'cmake_clean_first' from command line to 'False'
[0.808s] Level 5:colcon.colcon_core.verb:set package 'turtlebot3_gazebo' build argument 'cmake_force_configure' from command line to 'False'
[0.808s] Level 5:colcon.colcon_core.verb:set package 'turtlebot3_gazebo' build argument 'ament_cmake_args' from command line to 'None'
[0.808s] Level 5:colcon.colcon_core.verb:set package 'turtlebot3_gazebo' build argument 'catkin_cmake_args' from command line to 'None'
[0.808s] Level 5:colcon.colcon_core.verb:set package 'turtlebot3_gazebo' build argument 'catkin_skip_building_tests' from command line to 'False'
[0.808s] DEBUG:colcon.colcon_core.verb:Building package 'turtlebot3_gazebo' with the following arguments: {'ament_cmake_args': None, 'build_base': '/home/rajesh/multi_tb3/build/turtlebot3_gazebo', 'catkin_cmake_args': None, 'catkin_skip_building_tests': False, 'cmake_args': None, 'cmake_clean_cache': False, 'cmake_clean_first': False, 'cmake_force_configure': False, 'cmake_target': None, 'cmake_target_skip_unavailable': False, 'install_base': '/home/rajesh/multi_tb3/install/turtlebot3_gazebo', 'merge_install': False, 'path': '/home/rajesh/multi_tb3/src/Multi-turtlebot3-Gazebo-ROS2/turtlebot3_simulations/turtlebot3_gazebo', 'symlink_install': False, 'test_result_base': None}
[0.816s] Level 5:colcon.colcon_core.verb:set package 'velodyne_simulator' build argument 'cmake_args' from command line to 'None'
[0.816s] Level 5:colcon.colcon_core.verb:set package 'velodyne_simulator' build argument 'cmake_target' from command line to 'None'
[0.816s] Level 5:colcon.colcon_core.verb:set package 'velodyne_simulator' build argument 'cmake_target_skip_unavailable' from command line to 'False'
[0.816s] Level 5:colcon.colcon_core.verb:set package 'velodyne_simulator' build argument 'cmake_clean_cache' from command line to 'False'
[0.816s] Level 5:colcon.colcon_core.verb:set package 'velodyne_simulator' build argument 'cmake_clean_first' from command line to 'False'
[0.816s] Level 5:colcon.colcon_core.verb:set package 'velodyne_simulator' build argument 'cmake_force_configure' from command line to 'False'
[0.816s] Level 5:colcon.colcon_core.verb:set package 'velodyne_simulator' build argument 'ament_cmake_args' from command line to 'None'
[0.816s] Level 5:colcon.colcon_core.verb:set package 'velodyne_simulator' build argument 'catkin_cmake_args' from command line to 'None'
[0.816s] Level 5:colcon.colcon_core.verb:set package 'velodyne_simulator' build argument 'catkin_skip_building_tests' from command line to 'False'
[0.816s] DEBUG:colcon.colcon_core.verb:Building package 'velodyne_simulator' with the following arguments: {'ament_cmake_args': None, 'build_base': '/home/rajesh/multi_tb3/build/velodyne_simulator', 'catkin_cmake_args': None, 'catkin_skip_building_tests': False, 'cmake_args': None, 'cmake_clean_cache': False, 'cmake_clean_first': False, 'cmake_force_configure': False, 'cmake_target': None, 'cmake_target_skip_unavailable': False, 'install_base': '/home/rajesh/multi_tb3/install/velodyne_simulator', 'merge_install': False, 'path': '/home/rajesh/multi_tb3/src/Multi-turtlebot3-Gazebo-ROS2/velodyne_simulator/velodyne_simulator', 'symlink_install': False, 'test_result_base': None}
[0.824s] Level 5:colcon.colcon_core.verb:set package 'turtlebot3_simulations' build argument 'cmake_args' from command line to 'None'
[0.824s] Level 5:colcon.colcon_core.verb:set package 'turtlebot3_simulations' build argument 'cmake_target' from command line to 'None'
[0.824s] Level 5:colcon.colcon_core.verb:set package 'turtlebot3_simulations' build argument 'cmake_target_skip_unavailable' from command line to 'False'
[0.824s] Level 5:colcon.colcon_core.verb:set package 'turtlebot3_simulations' build argument 'cmake_clean_cache' from command line to 'False'
[0.824s] Level 5:colcon.colcon_core.verb:set package 'turtlebot3_simulations' build argument 'cmake_clean_first' from command line to 'False'
[0.824s] Level 5:colcon.colcon_core.verb:set package 'turtlebot3_simulations' build argument 'cmake_force_configure' from command line to 'False'
[0.824s] Level 5:colcon.colcon_core.verb:set package 'turtlebot3_simulations' build argument 'ament_cmake_args' from command line to 'None'
[0.825s] Level 5:colcon.colcon_core.verb:set package 'turtlebot3_simulations' build argument 'catkin_cmake_args' from command line to 'None'
[0.825s] Level 5:colcon.colcon_core.verb:set package 'turtlebot3_simulations' build argument 'catkin_skip_building_tests' from command line to 'False'
[0.825s] DEBUG:colcon.colcon_core.verb:Building package 'turtlebot3_simulations' with the following arguments: {'ament_cmake_args': None, 'build_base': '/home/rajesh/multi_tb3/build/turtlebot3_simulations', 'catkin_cmake_args': None, 'catkin_skip_building_tests': False, 'cmake_args': None, 'cmake_clean_cache': False, 'cmake_clean_first': False, 'cmake_force_configure': False, 'cmake_target': None, 'cmake_target_skip_unavailable': False, 'install_base': '/home/rajesh/multi_tb3/install/turtlebot3_simulations', 'merge_install': False, 'path': '/home/rajesh/multi_tb3/src/Multi-turtlebot3-Gazebo-ROS2/turtlebot3_simulations/turtlebot3_simulations', 'symlink_install': False, 'test_result_base': None}
[0.832s] INFO:colcon.colcon_core.executor:Executing jobs using 'parallel' executor
[0.841s] DEBUG:colcon.colcon_parallel_executor.executor.parallel:run_until_complete
[0.841s] INFO:colcon.colcon_ros.task.ament_cmake.build:Building ROS package in '/home/rajesh/multi_tb3/src/Multi-turtlebot3-Gazebo-ROS2/velodyne_simulator/velodyne_description' with build type 'ament_cmake'
[0.841s] INFO:colcon.colcon_cmake.task.cmake.build:Building CMake package in '/home/rajesh/multi_tb3/src/Multi-turtlebot3-Gazebo-ROS2/velodyne_simulator/velodyne_description'
[0.855s] INFO:colcon.colcon_core.plugin_system:Skipping extension 'colcon_core.shell.bat': Not used on non-Windows systems
[0.856s] INFO:colcon.colcon_core.shell:Skip shell extension 'powershell' for command environment: Not usable outside of PowerShell
[0.856s] DEBUG:colcon.colcon_core.shell:Skip shell extension 'dsv' for command environment
[0.889s] INFO:colcon.colcon_ros.task.ament_cmake.build:Building ROS package in '/home/rajesh/multi_tb3/src/Multi-turtlebot3-Gazebo-ROS2/turtlebot3_description' with build type 'ament_cmake'
[0.890s] INFO:colcon.colcon_cmake.task.cmake.build:Building CMake package in '/home/rajesh/multi_tb3/src/Multi-turtlebot3-Gazebo-ROS2/turtlebot3_description'
[0.899s] INFO:colcon.colcon_core.shell:Skip shell extension 'powershell' for command environment: Not usable outside of PowerShell
[0.899s] DEBUG:colcon.colcon_core.shell:Skip shell extension 'dsv' for command environment
[0.927s] INFO:colcon.colcon_ros.task.ament_cmake.build:Building ROS package in '/home/rajesh/multi_tb3/src/Multi-turtlebot3-Gazebo-ROS2/velodyne_simulator/velodyne_gazebo_plugins' with build type 'ament_cmake'
[0.927s] INFO:colcon.colcon_cmake.task.cmake.build:Building CMake package in '/home/rajesh/multi_tb3/src/Multi-turtlebot3-Gazebo-ROS2/velodyne_simulator/velodyne_gazebo_plugins'
[0.936s] INFO:colcon.colcon_core.shell:Skip shell extension 'powershell' for command environment: Not usable outside of PowerShell
[0.936s] DEBUG:colcon.colcon_core.shell:Skip shell extension 'dsv' for command environment
[0.971s] INFO:colcon.colcon_ros.task.ament_python.build:Building ROS package in '/home/rajesh/multi_tb3/src/Multi-turtlebot3-Gazebo-ROS2/teleop_twist_keyboard' with build type 'ament_python'
[0.972s] Level 1:colcon.colcon_core.shell:create_environment_hook('teleop_twist_keyboard', 'ament_prefix_path')
[0.981s] INFO:colcon.colcon_core.shell:Creating environment hook '/home/rajesh/multi_tb3/install/teleop_twist_keyboard/share/teleop_twist_keyboard/hook/ament_prefix_path.ps1'
[0.981s] INFO:colcon.colcon_core.shell:Creating environment descriptor '/home/rajesh/multi_tb3/install/teleop_twist_keyboard/share/teleop_twist_keyboard/hook/ament_prefix_path.dsv'
[0.981s] INFO:colcon.colcon_core.shell:Creating environment hook '/home/rajesh/multi_tb3/install/teleop_twist_keyboard/share/teleop_twist_keyboard/hook/ament_prefix_path.sh'
[0.990s] INFO:colcon.colcon_core.shell:Skip shell extension 'powershell' for command environment: Not usable outside of PowerShell
[0.990s] DEBUG:colcon.colcon_core.shell:Skip shell extension 'dsv' for command environment
[1.030s] DEBUG:colcon.colcon_core.event_handler.log_command:Invoking command in '/home/rajesh/multi_tb3/build/velodyne_description': CMAKE_PREFIX_PATH=${CMAKE_PREFIX_PATH}:/home/rajesh/multi_tb3/install/teleop_twist_keyboard:/opt/ros/humble /usr/bin/cmake --build /home/rajesh/multi_tb3/build/velodyne_description -- -j12 -l12
[1.032s] DEBUG:colcon.colcon_core.event_handler.log_command:Invoking command in '/home/rajesh/multi_tb3/build/turtlebot3_description': CMAKE_PREFIX_PATH=${CMAKE_PREFIX_PATH}:/home/rajesh/multi_tb3/install/teleop_twist_keyboard:/opt/ros/humble /usr/bin/cmake --build /home/rajesh/multi_tb3/build/turtlebot3_description -- -j12 -l12
[1.035s] DEBUG:colcon.colcon_core.event_handler.log_command:Invoking command in '/home/rajesh/multi_tb3/build/velodyne_gazebo_plugins': CMAKE_PREFIX_PATH=${CMAKE_PREFIX_PATH}:/home/rajesh/multi_tb3/install/teleop_twist_keyboard:/opt/ros/humble /usr/bin/cmake --build /home/rajesh/multi_tb3/build/velodyne_gazebo_plugins -- -j12 -l12
[1.230s] INFO:colcon.colcon_core.task.python.build:Building Python package in '/home/rajesh/multi_tb3/src/Multi-turtlebot3-Gazebo-ROS2/teleop_twist_keyboard'
[1.246s] INFO:colcon.colcon_core.shell:Skip shell extension 'powershell' for command environment: Not usable outside of PowerShell
[1.246s] DEBUG:colcon.colcon_core.shell:Skip shell extension 'dsv' for command environment
[1.276s] DEBUG:colcon.colcon_core.event_handler.log_command:Invoked command in '/home/rajesh/multi_tb3/build/velodyne_gazebo_plugins' returned '0': CMAKE_PREFIX_PATH=${CMAKE_PREFIX_PATH}:/home/rajesh/multi_tb3/install/teleop_twist_keyboard:/opt/ros/humble /usr/bin/cmake --build /home/rajesh/multi_tb3/build/velodyne_gazebo_plugins -- -j12 -l12
[1.279s] DEBUG:colcon.colcon_core.event_handler.log_command:Invoked command in '/home/rajesh/multi_tb3/build/turtlebot3_description' returned '0': CMAKE_PREFIX_PATH=${CMAKE_PREFIX_PATH}:/home/rajesh/multi_tb3/install/teleop_twist_keyboard:/opt/ros/humble /usr/bin/cmake --build /home/rajesh/multi_tb3/build/turtlebot3_description -- -j12 -l12
[1.280s] DEBUG:colcon.colcon_core.event_handler.log_command:Invoked command in '/home/rajesh/multi_tb3/build/velodyne_description' returned '0': CMAKE_PREFIX_PATH=${CMAKE_PREFIX_PATH}:/home/rajesh/multi_tb3/install/teleop_twist_keyboard:/opt/ros/humble /usr/bin/cmake --build /home/rajesh/multi_tb3/build/velodyne_description -- -j12 -l12
[1.303s] DEBUG:colcon.colcon_core.event_handler.log_command:Invoking command in '/home/rajesh/multi_tb3/build/velodyne_gazebo_plugins': CMAKE_PREFIX_PATH=${CMAKE_PREFIX_PATH}:/home/rajesh/multi_tb3/install/teleop_twist_keyboard:/opt/ros/humble /usr/bin/cmake --install /home/rajesh/multi_tb3/build/velodyne_gazebo_plugins
[1.304s] DEBUG:colcon.colcon_core.event_handler.log_command:Invoking command in '/home/rajesh/multi_tb3/build/velodyne_description': CMAKE_PREFIX_PATH=${CMAKE_PREFIX_PATH}:/home/rajesh/multi_tb3/install/teleop_twist_keyboard:/opt/ros/humble /usr/bin/cmake --install /home/rajesh/multi_tb3/build/velodyne_description
[1.306s] DEBUG:colcon.colcon_core.event_handler.log_command:Invoking command in '/home/rajesh/multi_tb3/build/turtlebot3_description': CMAKE_PREFIX_PATH=${CMAKE_PREFIX_PATH}:/home/rajesh/multi_tb3/install/teleop_twist_keyboard:/opt/ros/humble /usr/bin/cmake --install /home/rajesh/multi_tb3/build/turtlebot3_description
[1.309s] Level 1:colcon.colcon_core.environment:create_environment_scripts_only(velodyne_gazebo_plugins)
[1.311s] DEBUG:colcon.colcon_core.event_handler.log_command:Invoked command in '/home/rajesh/multi_tb3/build/velodyne_gazebo_plugins' returned '0': CMAKE_PREFIX_PATH=${CMAKE_PREFIX_PATH}:/home/rajesh/multi_tb3/install/teleop_twist_keyboard:/opt/ros/humble /usr/bin/cmake --install /home/rajesh/multi_tb3/build/velodyne_gazebo_plugins
[1.341s] Level 1:colcon.colcon_core.environment:checking '/home/rajesh/multi_tb3/install/velodyne_gazebo_plugins' for CMake module files
[1.341s] Level 1:colcon.colcon_core.environment:checking '/home/rajesh/multi_tb3/install/velodyne_gazebo_plugins' for CMake config files
[1.341s] Level 1:colcon.colcon_core.shell:create_environment_hook('velodyne_gazebo_plugins', 'cmake_prefix_path')
[1.350s] INFO:colcon.colcon_core.shell:Creating environment hook '/home/rajesh/multi_tb3/install/velodyne_gazebo_plugins/share/velodyne_gazebo_plugins/hook/cmake_prefix_path.ps1'
[1.351s] INFO:colcon.colcon_core.shell:Creating environment descriptor '/home/rajesh/multi_tb3/install/velodyne_gazebo_plugins/share/velodyne_gazebo_plugins/hook/cmake_prefix_path.dsv'
[1.351s] INFO:colcon.colcon_core.shell:Creating environment hook '/home/rajesh/multi_tb3/install/velodyne_gazebo_plugins/share/velodyne_gazebo_plugins/hook/cmake_prefix_path.sh'
[1.351s] Level 1:colcon.colcon_core.environment:checking '/home/rajesh/multi_tb3/install/velodyne_gazebo_plugins/lib'
[1.351s] Level 1:colcon.colcon_core.shell:create_environment_hook('velodyne_gazebo_plugins', 'ld_library_path_lib')
[1.360s] INFO:colcon.colcon_core.shell:Creating environment hook '/home/rajesh/multi_tb3/install/velodyne_gazebo_plugins/share/velodyne_gazebo_plugins/hook/ld_library_path_lib.ps1'
[1.360s] INFO:colcon.colcon_core.shell:Creating environment descriptor '/home/rajesh/multi_tb3/install/velodyne_gazebo_plugins/share/velodyne_gazebo_plugins/hook/ld_library_path_lib.dsv'
[1.361s] INFO:colcon.colcon_core.shell:Creating environment hook '/home/rajesh/multi_tb3/install/velodyne_gazebo_plugins/share/velodyne_gazebo_plugins/hook/ld_library_path_lib.sh'
[1.361s] Level 1:colcon.colcon_core.environment:checking '/home/rajesh/multi_tb3/install/velodyne_gazebo_plugins/bin'
[1.361s] Level 1:colcon.colcon_core.environment:checking '/home/rajesh/multi_tb3/install/velodyne_gazebo_plugins/lib/pkgconfig/velodyne_gazebo_plugins.pc'
[1.361s] Level 1:colcon.colcon_core.environment:checking '/home/rajesh/multi_tb3/install/velodyne_gazebo_plugins/lib/python3.10/site-packages'
[1.361s] Level 1:colcon.colcon_core.environment:checking '/home/rajesh/multi_tb3/install/velodyne_gazebo_plugins/bin'
[1.370s] INFO:colcon.colcon_core.shell:Creating package script '/home/rajesh/multi_tb3/install/velodyne_gazebo_plugins/share/velodyne_gazebo_plugins/package.ps1'
[1.370s] INFO:colcon.colcon_core.shell:Creating package descriptor '/home/rajesh/multi_tb3/install/velodyne_gazebo_plugins/share/velodyne_gazebo_plugins/package.dsv'
[1.371s] INFO:colcon.colcon_core.shell:Creating package script '/home/rajesh/multi_tb3/install/velodyne_gazebo_plugins/share/velodyne_gazebo_plugins/package.sh'
[1.371s] INFO:colcon.colcon_core.shell:Creating package script '/home/rajesh/multi_tb3/install/velodyne_gazebo_plugins/share/velodyne_gazebo_plugins/package.bash'
[1.371s] INFO:colcon.colcon_core.shell:Creating package script '/home/rajesh/multi_tb3/install/velodyne_gazebo_plugins/share/velodyne_gazebo_plugins/package.zsh'
[1.372s] Level 1:colcon.colcon_core.environment:create_file_with_runtime_dependencies(/home/rajesh/multi_tb3/install/velodyne_gazebo_plugins/share/colcon-core/packages/velodyne_gazebo_plugins)
[1.374s] Level 1:colcon.colcon_core.environment:create_environment_scripts_only(turtlebot3_description)
[1.374s] DEBUG:colcon.colcon_core.event_handler.log_command:Invoked command in '/home/rajesh/multi_tb3/build/turtlebot3_description' returned '0': CMAKE_PREFIX_PATH=${CMAKE_PREFIX_PATH}:/home/rajesh/multi_tb3/install/teleop_twist_keyboard:/opt/ros/humble /usr/bin/cmake --install /home/rajesh/multi_tb3/build/turtlebot3_description
[1.383s] Level 1:colcon.colcon_core.environment:checking '/home/rajesh/multi_tb3/install/turtlebot3_description' for CMake module files
[1.383s] Level 1:colcon.colcon_core.environment:checking '/home/rajesh/multi_tb3/install/turtlebot3_description' for CMake config files
[1.383s] Level 1:colcon.colcon_core.shell:create_environment_hook('turtlebot3_description', 'cmake_prefix_path')
[1.392s] INFO:colcon.colcon_core.shell:Creating environment hook '/home/rajesh/multi_tb3/install/turtlebot3_description/share/turtlebot3_description/hook/cmake_prefix_path.ps1'
[1.392s] INFO:colcon.colcon_core.shell:Creating environment descriptor '/home/rajesh/multi_tb3/install/turtlebot3_description/share/turtlebot3_description/hook/cmake_prefix_path.dsv'
[1.392s] INFO:colcon.colcon_core.shell:Creating environment hook '/home/rajesh/multi_tb3/install/turtlebot3_description/share/turtlebot3_description/hook/cmake_prefix_path.sh'
[1.392s] Level 1:colcon.colcon_core.environment:checking '/home/rajesh/multi_tb3/install/turtlebot3_description/bin'
[1.392s] Level 1:colcon.colcon_core.environment:checking '/home/rajesh/multi_tb3/install/turtlebot3_description/lib/pkgconfig/turtlebot3_description.pc'
[1.393s] Level 1:colcon.colcon_core.environment:checking '/home/rajesh/multi_tb3/install/turtlebot3_description/lib/python3.10/site-packages'
[1.393s] Level 1:colcon.colcon_core.environment:checking '/home/rajesh/multi_tb3/install/turtlebot3_description/bin'
[1.401s] INFO:colcon.colcon_core.shell:Creating package script '/home/rajesh/multi_tb3/install/turtlebot3_description/share/turtlebot3_description/package.ps1'
[1.401s] INFO:colcon.colcon_core.shell:Creating package descriptor '/home/rajesh/multi_tb3/install/turtlebot3_description/share/turtlebot3_description/package.dsv'
[1.401s] INFO:colcon.colcon_core.shell:Creating package script '/home/rajesh/multi_tb3/install/turtlebot3_description/share/turtlebot3_description/package.sh'
[1.402s] INFO:colcon.colcon_core.shell:Creating package script '/home/rajesh/multi_tb3/install/turtlebot3_description/share/turtlebot3_description/package.bash'
[1.402s] INFO:colcon.colcon_core.shell:Creating package script '/home/rajesh/multi_tb3/install/turtlebot3_description/share/turtlebot3_description/package.zsh'
[1.402s] Level 1:colcon.colcon_core.environment:create_file_with_runtime_dependencies(/home/rajesh/multi_tb3/install/turtlebot3_description/share/colcon-core/packages/turtlebot3_description)
[1.402s] Level 1:colcon.colcon_core.environment:create_environment_scripts_only(velodyne_description)
[1.404s] DEBUG:colcon.colcon_core.event_handler.log_command:Invoked command in '/home/rajesh/multi_tb3/build/velodyne_description' returned '0': CMAKE_PREFIX_PATH=${CMAKE_PREFIX_PATH}:/home/rajesh/multi_tb3/install/teleop_twist_keyboard:/opt/ros/humble /usr/bin/cmake --install /home/rajesh/multi_tb3/build/velodyne_description
[1.413s] Level 1:colcon.colcon_core.environment:checking '/home/rajesh/multi_tb3/install/velodyne_description' for CMake module files
[1.413s] Level 1:colcon.colcon_core.environment:checking '/home/rajesh/multi_tb3/install/velodyne_description' for CMake config files
[1.413s] Level 1:colcon.colcon_core.shell:create_environment_hook('velodyne_description', 'cmake_prefix_path')
[1.421s] INFO:colcon.colcon_core.shell:Creating environment hook '/home/rajesh/multi_tb3/install/velodyne_description/share/velodyne_description/hook/cmake_prefix_path.ps1'
[1.422s] INFO:colcon.colcon_core.shell:Creating environment descriptor '/home/rajesh/multi_tb3/install/velodyne_description/share/velodyne_description/hook/cmake_prefix_path.dsv'
[1.422s] INFO:colcon.colcon_core.shell:Creating environment hook '/home/rajesh/multi_tb3/install/velodyne_description/share/velodyne_description/hook/cmake_prefix_path.sh'
[1.422s] Level 1:colcon.colcon_core.environment:checking '/home/rajesh/multi_tb3/install/velodyne_description/bin'
[1.422s] Level 1:colcon.colcon_core.environment:checking '/home/rajesh/multi_tb3/install/velodyne_description/lib/pkgconfig/velodyne_description.pc'
[1.422s] Level 1:colcon.colcon_core.environment:checking '/home/rajesh/multi_tb3/install/velodyne_description/lib/python3.10/site-packages'
[1.422s] Level 1:colcon.colcon_core.environment:checking '/home/rajesh/multi_tb3/install/velodyne_description/bin'
[1.431s] INFO:colcon.colcon_core.shell:Creating package script '/home/rajesh/multi_tb3/install/velodyne_description/share/velodyne_description/package.ps1'
[1.431s] INFO:colcon.colcon_core.shell:Creating package descriptor '/home/rajesh/multi_tb3/install/velodyne_description/share/velodyne_description/package.dsv'
[1.431s] INFO:colcon.colcon_core.shell:Creating package script '/home/rajesh/multi_tb3/install/velodyne_description/share/velodyne_description/package.sh'
[1.432s] INFO:colcon.colcon_core.shell:Creating package script '/home/rajesh/multi_tb3/install/velodyne_description/share/velodyne_description/package.bash'
[1.432s] INFO:colcon.colcon_core.shell:Creating package script '/home/rajesh/multi_tb3/install/velodyne_description/share/velodyne_description/package.zsh'
[1.432s] Level 1:colcon.colcon_core.environment:create_file_with_runtime_dependencies(/home/rajesh/multi_tb3/install/velodyne_description/share/colcon-core/packages/velodyne_description)
[1.441s] Level 1:colcon.colcon_core.environment:create_environment_scripts_only(velodyne_gazebo_plugins)
[1.450s] Level 1:colcon.colcon_core.environment:checking '/home/rajesh/multi_tb3/install/velodyne_gazebo_plugins' for CMake module files
[1.451s] Level 1:colcon.colcon_core.environment:checking '/home/rajesh/multi_tb3/install/velodyne_gazebo_plugins' for CMake config files
[1.451s] Level 1:colcon.colcon_core.shell:create_environment_hook('velodyne_gazebo_plugins', 'cmake_prefix_path')
[1.460s] INFO:colcon.colcon_core.shell:Creating environment hook '/home/rajesh/multi_tb3/install/velodyne_gazebo_plugins/share/velodyne_gazebo_plugins/hook/cmake_prefix_path.ps1'
[1.461s] INFO:colcon.colcon_core.shell:Creating environment descriptor '/home/rajesh/multi_tb3/install/velodyne_gazebo_plugins/share/velodyne_gazebo_plugins/hook/cmake_prefix_path.dsv'
[1.461s] INFO:colcon.colcon_core.shell:Creating environment hook '/home/rajesh/multi_tb3/install/velodyne_gazebo_plugins/share/velodyne_gazebo_plugins/hook/cmake_prefix_path.sh'
[1.461s] Level 1:colcon.colcon_core.environment:checking '/home/rajesh/multi_tb3/install/velodyne_gazebo_plugins/lib'
[1.461s] Level 1:colcon.colcon_core.shell:create_environment_hook('velodyne_gazebo_plugins', 'ld_library_path_lib')
[1.470s] INFO:colcon.colcon_core.shell:Creating environment hook '/home/rajesh/multi_tb3/install/velodyne_gazebo_plugins/share/velodyne_gazebo_plugins/hook/ld_library_path_lib.ps1'
[1.470s] INFO:colcon.colcon_core.shell:Creating environment descriptor '/home/rajesh/multi_tb3/install/velodyne_gazebo_plugins/share/velodyne_gazebo_plugins/hook/ld_library_path_lib.dsv'
[1.470s] INFO:colcon.colcon_core.shell:Creating environment hook '/home/rajesh/multi_tb3/install/velodyne_gazebo_plugins/share/velodyne_gazebo_plugins/hook/ld_library_path_lib.sh'
[1.470s] Level 1:colcon.colcon_core.environment:checking '/home/rajesh/multi_tb3/install/velodyne_gazebo_plugins/bin'
[1.470s] Level 1:colcon.colcon_core.environment:checking '/home/rajesh/multi_tb3/install/velodyne_gazebo_plugins/lib/pkgconfig/velodyne_gazebo_plugins.pc'
[1.470s] Level 1:colcon.colcon_core.environment:checking '/home/rajesh/multi_tb3/install/velodyne_gazebo_plugins/lib/python3.10/site-packages'
[1.471s] Level 1:colcon.colcon_core.environment:checking '/home/rajesh/multi_tb3/install/velodyne_gazebo_plugins/bin'
[1.479s] INFO:colcon.colcon_core.shell:Creating package script '/home/rajesh/multi_tb3/install/velodyne_gazebo_plugins/share/velodyne_gazebo_plugins/package.ps1'
[1.479s] INFO:colcon.colcon_core.shell:Creating package descriptor '/home/rajesh/multi_tb3/install/velodyne_gazebo_plugins/share/velodyne_gazebo_plugins/package.dsv'
[1.480s] INFO:colcon.colcon_core.shell:Creating package script '/home/rajesh/multi_tb3/install/velodyne_gazebo_plugins/share/velodyne_gazebo_plugins/package.sh'
[1.480s] INFO:colcon.colcon_core.shell:Creating package script '/home/rajesh/multi_tb3/install/velodyne_gazebo_plugins/share/velodyne_gazebo_plugins/package.bash'
[1.480s] INFO:colcon.colcon_core.shell:Creating package script '/home/rajesh/multi_tb3/install/velodyne_gazebo_plugins/share/velodyne_gazebo_plugins/package.zsh'
[1.480s] Level 1:colcon.colcon_core.environment:create_file_with_runtime_dependencies(/home/rajesh/multi_tb3/install/velodyne_gazebo_plugins/share/colcon-core/packages/velodyne_gazebo_plugins)
[1.490s] Level 1:colcon.colcon_core.environment:create_environment_scripts_only(turtlebot3_description)
[1.499s] Level 1:colcon.colcon_core.environment:checking '/home/rajesh/multi_tb3/install/turtlebot3_description' for CMake module files
[1.499s] Level 1:colcon.colcon_core.environment:checking '/home/rajesh/multi_tb3/install/turtlebot3_description' for CMake config files
[1.499s] Level 1:colcon.colcon_core.shell:create_environment_hook('turtlebot3_description', 'cmake_prefix_path')
[1.535s] INFO:colcon.colcon_core.shell:Creating environment hook '/home/rajesh/multi_tb3/install/turtlebot3_description/share/turtlebot3_description/hook/cmake_prefix_path.ps1'
[1.536s] INFO:colcon.colcon_core.shell:Creating environment descriptor '/home/rajesh/multi_tb3/install/turtlebot3_description/share/turtlebot3_description/hook/cmake_prefix_path.dsv'
[1.536s] INFO:colcon.colcon_core.shell:Creating environment hook '/home/rajesh/multi_tb3/install/turtlebot3_description/share/turtlebot3_description/hook/cmake_prefix_path.sh'
[1.537s] Level 1:colcon.colcon_core.environment:checking '/home/rajesh/multi_tb3/install/turtlebot3_description/bin'
[1.537s] Level 1:colcon.colcon_core.environment:checking '/home/rajesh/multi_tb3/install/turtlebot3_description/lib/pkgconfig/turtlebot3_description.pc'
[1.537s] Level 1:colcon.colcon_core.environment:checking '/home/rajesh/multi_tb3/install/turtlebot3_description/lib/python3.10/site-packages'
[1.537s] Level 1:colcon.colcon_core.environment:checking '/home/rajesh/multi_tb3/install/turtlebot3_description/bin'
[1.560s] INFO:colcon.colcon_core.shell:Creating package script '/home/rajesh/multi_tb3/install/turtlebot3_description/share/turtlebot3_description/package.ps1'
[1.561s] INFO:colcon.colcon_core.shell:Creating package descriptor '/home/rajesh/multi_tb3/install/turtlebot3_description/share/turtlebot3_description/package.dsv'
[1.562s] INFO:colcon.colcon_core.shell:Creating package script '/home/rajesh/multi_tb3/install/turtlebot3_description/share/turtlebot3_description/package.sh'
[1.562s] INFO:colcon.colcon_core.shell:Creating package script '/home/rajesh/multi_tb3/install/turtlebot3_description/share/turtlebot3_description/package.bash'
[1.562s] INFO:colcon.colcon_core.shell:Creating package script '/home/rajesh/multi_tb3/install/turtlebot3_description/share/turtlebot3_description/package.zsh'
[1.562s] Level 1:colcon.colcon_core.environment:create_file_with_runtime_dependencies(/home/rajesh/multi_tb3/install/turtlebot3_description/share/colcon-core/packages/turtlebot3_description)
[1.572s] Level 1:colcon.colcon_core.environment:create_environment_scripts_only(velodyne_description)
[1.581s] Level 1:colcon.colcon_core.environment:checking '/home/rajesh/multi_tb3/install/velodyne_description' for CMake module files
[1.581s] Level 1:colcon.colcon_core.environment:checking '/home/rajesh/multi_tb3/install/velodyne_description' for CMake config files
[1.582s] Level 1:colcon.colcon_core.shell:create_environment_hook('velodyne_description', 'cmake_prefix_path')
[1.590s] INFO:colcon.colcon_core.shell:Creating environment hook '/home/rajesh/multi_tb3/install/velodyne_description/share/velodyne_description/hook/cmake_prefix_path.ps1'
[1.590s] INFO:colcon.colcon_core.shell:Creating environment descriptor '/home/rajesh/multi_tb3/install/velodyne_description/share/velodyne_description/hook/cmake_prefix_path.dsv'
[1.590s] INFO:colcon.colcon_core.shell:Creating environment hook '/home/rajesh/multi_tb3/install/velodyne_description/share/velodyne_description/hook/cmake_prefix_path.sh'
[1.591s] Level 1:colcon.colcon_core.environment:checking '/home/rajesh/multi_tb3/install/velodyne_description/bin'
[1.591s] Level 1:colcon.colcon_core.environment:checking '/home/rajesh/multi_tb3/install/velodyne_description/lib/pkgconfig/velodyne_description.pc'
[1.591s] Level 1:colcon.colcon_core.environment:checking '/home/rajesh/multi_tb3/install/velodyne_description/lib/python3.10/site-packages'
[1.591s] Level 1:colcon.colcon_core.environment:checking '/home/rajesh/multi_tb3/install/velodyne_description/bin'
[1.603s] INFO:colcon.colcon_core.shell:Creating package script '/home/rajesh/multi_tb3/install/velodyne_description/share/velodyne_description/package.ps1'
[1.603s] INFO:colcon.colcon_core.shell:Creating package descriptor '/home/rajesh/multi_tb3/install/velodyne_description/share/velodyne_description/package.dsv'
[1.604s] INFO:colcon.colcon_core.shell:Creating package script '/home/rajesh/multi_tb3/install/velodyne_description/share/velodyne_description/package.sh'
[1.604s] INFO:colcon.colcon_core.shell:Creating package script '/home/rajesh/multi_tb3/install/velodyne_description/share/velodyne_description/package.bash'
[1.604s] INFO:colcon.colcon_core.shell:Creating package script '/home/rajesh/multi_tb3/install/velodyne_description/share/velodyne_description/package.zsh'
[1.604s] Level 1:colcon.colcon_core.environment:create_file_with_runtime_dependencies(/home/rajesh/multi_tb3/install/velodyne_description/share/colcon-core/packages/velodyne_description)
[1.604s] INFO:colcon.colcon_ros.task.ament_cmake.build:Building ROS package in '/home/rajesh/multi_tb3/src/Multi-turtlebot3-Gazebo-ROS2/turtlebot3_simulations/turtlebot3_gazebo' with build type 'ament_cmake'
[1.605s] INFO:colcon.colcon_cmake.task.cmake.build:Building CMake package in '/home/rajesh/multi_tb3/src/Multi-turtlebot3-Gazebo-ROS2/turtlebot3_simulations/turtlebot3_gazebo'
[1.617s] INFO:colcon.colcon_core.shell:Skip shell extension 'powershell' for command environment: Not usable outside of PowerShell
[1.617s] DEBUG:colcon.colcon_core.shell:Skip shell extension 'dsv' for command environment
[1.646s] INFO:colcon.colcon_ros.task.ament_cmake.build:Building ROS package in '/home/rajesh/multi_tb3/src/Multi-turtlebot3-Gazebo-ROS2/velodyne_simulator/velodyne_simulator' with build type 'ament_cmake'
[1.646s] INFO:colcon.colcon_cmake.task.cmake.build:Building CMake package in '/home/rajesh/multi_tb3/src/Multi-turtlebot3-Gazebo-ROS2/velodyne_simulator/velodyne_simulator'
[1.655s] INFO:colcon.colcon_core.shell:Skip shell extension 'powershell' for command environment: Not usable outside of PowerShell
[1.655s] DEBUG:colcon.colcon_core.shell:Skip shell extension 'dsv' for command environment
[1.687s] DEBUG:colcon.colcon_core.event_handler.log_command:Invoking command in '/home/rajesh/multi_tb3/src/Multi-turtlebot3-Gazebo-ROS2/teleop_twist_keyboard': PYTHONPATH=/home/rajesh/multi_tb3/build/teleop_twist_keyboard/prefix_override:/home/rajesh/multi_tb3/install/teleop_twist_keyboard/lib/python3.10/site-packages:${PYTHONPATH} /usr/bin/python3 setup.py egg_info --egg-base ../../../build/teleop_twist_keyboard build --build-base /home/rajesh/multi_tb3/build/teleop_twist_keyboard/build install --record /home/rajesh/multi_tb3/build/teleop_twist_keyboard/install.log --single-version-externally-managed
[1.691s] DEBUG:colcon.colcon_core.event_handler.log_command:Invoking command in '/home/rajesh/multi_tb3/build/turtlebot3_gazebo': CMAKE_PREFIX_PATH=/home/rajesh/multi_tb3/install/velodyne_description:/home/rajesh/multi_tb3/install/turtlebot3_description:/home/rajesh/multi_tb3/install/velodyne_simulator:/home/rajesh/multi_tb3/install/velodyne_gazebo_plugins:/home/rajesh/multi_tb3/install/turtlebot3_simulations:/home/rajesh/multi_tb3/install/turtlebot3_gazebo:/home/rajesh/multi_tb3/install/teleop_twist_keyboard:/opt/ros/humble /usr/bin/cmake --build /home/rajesh/multi_tb3/build/turtlebot3_gazebo -- -j12 -l12
[1.694s] DEBUG:colcon.colcon_core.event_handler.log_command:Invoking command in '/home/rajesh/multi_tb3/build/velodyne_simulator': CMAKE_PREFIX_PATH=/home/rajesh/multi_tb3/install/velodyne_gazebo_plugins:/home/rajesh/multi_tb3/install/velodyne_description:/home/rajesh/multi_tb3/install/velodyne_simulator:/home/rajesh/multi_tb3/install/turtlebot3_simulations:/home/rajesh/multi_tb3/install/turtlebot3_gazebo:/home/rajesh/multi_tb3/install/turtlebot3_description:/home/rajesh/multi_tb3/install/teleop_twist_keyboard:/opt/ros/humble /usr/bin/cmake --build /home/rajesh/multi_tb3/build/velodyne_simulator -- -j12 -l12
[1.737s] DEBUG:colcon.colcon_core.event_handler.log_command:Invoked command in '/home/rajesh/multi_tb3/build/velodyne_simulator' returned '0': CMAKE_PREFIX_PATH=/home/rajesh/multi_tb3/install/velodyne_gazebo_plugins:/home/rajesh/multi_tb3/install/velodyne_description:/home/rajesh/multi_tb3/install/velodyne_simulator:/home/rajesh/multi_tb3/install/turtlebot3_simulations:/home/rajesh/multi_tb3/install/turtlebot3_gazebo:/home/rajesh/multi_tb3/install/turtlebot3_description:/home/rajesh/multi_tb3/install/teleop_twist_keyboard:/opt/ros/humble /usr/bin/cmake --build /home/rajesh/multi_tb3/build/velodyne_simulator -- -j12 -l12
[1.760s] DEBUG:colcon.colcon_core.event_handler.log_command:Invoking command in '/home/rajesh/multi_tb3/build/velodyne_simulator': CMAKE_PREFIX_PATH=/home/rajesh/multi_tb3/install/velodyne_gazebo_plugins:/home/rajesh/multi_tb3/install/velodyne_description:/home/rajesh/multi_tb3/install/velodyne_simulator:/home/rajesh/multi_tb3/install/turtlebot3_simulations:/home/rajesh/multi_tb3/install/turtlebot3_gazebo:/home/rajesh/multi_tb3/install/turtlebot3_description:/home/rajesh/multi_tb3/install/teleop_twist_keyboard:/opt/ros/humble /usr/bin/cmake --install /home/rajesh/multi_tb3/build/velodyne_simulator
[1.762s] DEBUG:colcon.colcon_core.event_handler.log_command:Invoked command in '/home/rajesh/multi_tb3/build/turtlebot3_gazebo' returned '0': CMAKE_PREFIX_PATH=/home/rajesh/multi_tb3/install/velodyne_description:/home/rajesh/multi_tb3/install/turtlebot3_description:/home/rajesh/multi_tb3/install/velodyne_simulator:/home/rajesh/multi_tb3/install/velodyne_gazebo_plugins:/home/rajesh/multi_tb3/install/turtlebot3_simulations:/home/rajesh/multi_tb3/install/turtlebot3_gazebo:/home/rajesh/multi_tb3/install/teleop_twist_keyboard:/opt/ros/humble /usr/bin/cmake --build /home/rajesh/multi_tb3/build/turtlebot3_gazebo -- -j12 -l12
[1.771s] Level 1:colcon.colcon_core.environment:create_environment_scripts_only(velodyne_simulator)
[1.772s] DEBUG:colcon.colcon_core.event_handler.log_command:Invoked command in '/home/rajesh/multi_tb3/build/velodyne_simulator' returned '0': CMAKE_PREFIX_PATH=/home/rajesh/multi_tb3/install/velodyne_gazebo_plugins:/home/rajesh/multi_tb3/install/velodyne_description:/home/rajesh/multi_tb3/install/velodyne_simulator:/home/rajesh/multi_tb3/install/turtlebot3_simulations:/home/rajesh/multi_tb3/install/turtlebot3_gazebo:/home/rajesh/multi_tb3/install/turtlebot3_description:/home/rajesh/multi_tb3/install/teleop_twist_keyboard:/opt/ros/humble /usr/bin/cmake --install /home/rajesh/multi_tb3/build/velodyne_simulator
[1.792s] Level 1:colcon.colcon_core.environment:checking '/home/rajesh/multi_tb3/install/velodyne_simulator' for CMake module files
[1.793s] Level 1:colcon.colcon_core.environment:checking '/home/rajesh/multi_tb3/install/velodyne_simulator' for CMake config files
[1.793s] Level 1:colcon.colcon_core.shell:create_environment_hook('velodyne_simulator', 'cmake_prefix_path')
[1.807s] INFO:colcon.colcon_core.shell:Creating environment hook '/home/rajesh/multi_tb3/install/velodyne_simulator/share/velodyne_simulator/hook/cmake_prefix_path.ps1'
[1.807s] INFO:colcon.colcon_core.shell:Creating environment descriptor '/home/rajesh/multi_tb3/install/velodyne_simulator/share/velodyne_simulator/hook/cmake_prefix_path.dsv'
[1.807s] INFO:colcon.colcon_core.shell:Creating environment hook '/home/rajesh/multi_tb3/install/velodyne_simulator/share/velodyne_simulator/hook/cmake_prefix_path.sh'
[1.808s] Level 1:colcon.colcon_core.environment:checking '/home/rajesh/multi_tb3/install/velodyne_simulator/bin'
[1.808s] Level 1:colcon.colcon_core.environment:checking '/home/rajesh/multi_tb3/install/velodyne_simulator/lib/pkgconfig/velodyne_simulator.pc'
[1.808s] Level 1:colcon.colcon_core.environment:checking '/home/rajesh/multi_tb3/install/velodyne_simulator/lib/python3.10/site-packages'
[1.808s] Level 1:colcon.colcon_core.environment:checking '/home/rajesh/multi_tb3/install/velodyne_simulator/bin'
[1.816s] INFO:colcon.colcon_core.shell:Creating package script '/home/rajesh/multi_tb3/install/velodyne_simulator/share/velodyne_simulator/package.ps1'
[1.816s] INFO:colcon.colcon_core.shell:Creating package descriptor '/home/rajesh/multi_tb3/install/velodyne_simulator/share/velodyne_simulator/package.dsv'
[1.817s] INFO:colcon.colcon_core.shell:Creating package script '/home/rajesh/multi_tb3/install/velodyne_simulator/share/velodyne_simulator/package.sh'
[1.817s] INFO:colcon.colcon_core.shell:Creating package script '/home/rajesh/multi_tb3/install/velodyne_simulator/share/velodyne_simulator/package.bash'
[1.817s] INFO:colcon.colcon_core.shell:Creating package script '/home/rajesh/multi_tb3/install/velodyne_simulator/share/velodyne_simulator/package.zsh'
[1.817s] Level 1:colcon.colcon_core.environment:create_file_with_runtime_dependencies(/home/rajesh/multi_tb3/install/velodyne_simulator/share/colcon-core/packages/velodyne_simulator)
[1.820s] DEBUG:colcon.colcon_core.event_handler.log_command:Invoking command in '/home/rajesh/multi_tb3/build/turtlebot3_gazebo': CMAKE_PREFIX_PATH=/home/rajesh/multi_tb3/install/velodyne_description:/home/rajesh/multi_tb3/install/turtlebot3_description:/home/rajesh/multi_tb3/install/velodyne_simulator:/home/rajesh/multi_tb3/install/velodyne_gazebo_plugins:/home/rajesh/multi_tb3/install/turtlebot3_simulations:/home/rajesh/multi_tb3/install/turtlebot3_gazebo:/home/rajesh/multi_tb3/install/teleop_twist_keyboard:/opt/ros/humble /usr/bin/cmake --install /home/rajesh/multi_tb3/build/turtlebot3_gazebo
[1.884s] Level 1:colcon.colcon_core.environment:create_environment_scripts_only(velodyne_simulator)
[1.900s] Level 1:colcon.colcon_core.environment:checking '/home/rajesh/multi_tb3/install/velodyne_simulator' for CMake module files
[1.901s] Level 1:colcon.colcon_core.environment:checking '/home/rajesh/multi_tb3/install/velodyne_simulator' for CMake config files
[1.901s] Level 1:colcon.colcon_core.shell:create_environment_hook('velodyne_simulator', 'cmake_prefix_path')
[1.909s] INFO:colcon.colcon_core.shell:Creating environment hook '/home/rajesh/multi_tb3/install/velodyne_simulator/share/velodyne_simulator/hook/cmake_prefix_path.ps1'
[1.909s] INFO:colcon.colcon_core.shell:Creating environment descriptor '/home/rajesh/multi_tb3/install/velodyne_simulator/share/velodyne_simulator/hook/cmake_prefix_path.dsv'
[1.909s] INFO:colcon.colcon_core.shell:Creating environment hook '/home/rajesh/multi_tb3/install/velodyne_simulator/share/velodyne_simulator/hook/cmake_prefix_path.sh'
[1.910s] Level 1:colcon.colcon_core.environment:checking '/home/rajesh/multi_tb3/install/velodyne_simulator/bin'
[1.910s] Level 1:colcon.colcon_core.environment:checking '/home/rajesh/multi_tb3/install/velodyne_simulator/lib/pkgconfig/velodyne_simulator.pc'
[1.910s] Level 1:colcon.colcon_core.environment:checking '/home/rajesh/multi_tb3/install/velodyne_simulator/lib/python3.10/site-packages'
[1.910s] Level 1:colcon.colcon_core.environment:checking '/home/rajesh/multi_tb3/install/velodyne_simulator/bin'
[1.918s] INFO:colcon.colcon_core.shell:Creating package script '/home/rajesh/multi_tb3/install/velodyne_simulator/share/velodyne_simulator/package.ps1'
[1.918s] INFO:colcon.colcon_core.shell:Creating package descriptor '/home/rajesh/multi_tb3/install/velodyne_simulator/share/velodyne_simulator/package.dsv'
[1.918s] INFO:colcon.colcon_core.shell:Creating package script '/home/rajesh/multi_tb3/install/velodyne_simulator/share/velodyne_simulator/package.sh'
[1.919s] INFO:colcon.colcon_core.shell:Creating package script '/home/rajesh/multi_tb3/install/velodyne_simulator/share/velodyne_simulator/package.bash'
[1.919s] INFO:colcon.colcon_core.shell:Creating package script '/home/rajesh/multi_tb3/install/velodyne_simulator/share/velodyne_simulator/package.zsh'
[1.919s] Level 1:colcon.colcon_core.environment:create_file_with_runtime_dependencies(/home/rajesh/multi_tb3/install/velodyne_simulator/share/colcon-core/packages/velodyne_simulator)
[1.920s] Level 1:colcon.colcon_core.environment:create_environment_scripts_only(turtlebot3_gazebo)
[1.921s] DEBUG:colcon.colcon_core.event_handler.log_command:Invoked command in '/home/rajesh/multi_tb3/build/turtlebot3_gazebo' returned '0': CMAKE_PREFIX_PATH=/home/rajesh/multi_tb3/install/velodyne_description:/home/rajesh/multi_tb3/install/turtlebot3_description:/home/rajesh/multi_tb3/install/velodyne_simulator:/home/rajesh/multi_tb3/install/velodyne_gazebo_plugins:/home/rajesh/multi_tb3/install/turtlebot3_simulations:/home/rajesh/multi_tb3/install/turtlebot3_gazebo:/home/rajesh/multi_tb3/install/teleop_twist_keyboard:/opt/ros/humble /usr/bin/cmake --install /home/rajesh/multi_tb3/build/turtlebot3_gazebo
[1.929s] Level 1:colcon.colcon_core.environment:checking '/home/rajesh/multi_tb3/install/turtlebot3_gazebo' for CMake module files
[1.929s] Level 1:colcon.colcon_core.environment:checking '/home/rajesh/multi_tb3/install/turtlebot3_gazebo' for CMake config files
[1.929s] Level 1:colcon.colcon_core.shell:create_environment_hook('turtlebot3_gazebo', 'cmake_prefix_path')
[1.937s] INFO:colcon.colcon_core.shell:Creating environment hook '/home/rajesh/multi_tb3/install/turtlebot3_gazebo/share/turtlebot3_gazebo/hook/cmake_prefix_path.ps1'
[1.938s] INFO:colcon.colcon_core.shell:Creating environment descriptor '/home/rajesh/multi_tb3/install/turtlebot3_gazebo/share/turtlebot3_gazebo/hook/cmake_prefix_path.dsv'
[1.938s] INFO:colcon.colcon_core.shell:Creating environment hook '/home/rajesh/multi_tb3/install/turtlebot3_gazebo/share/turtlebot3_gazebo/hook/cmake_prefix_path.sh'
[1.938s] Level 1:colcon.colcon_core.environment:checking '/home/rajesh/multi_tb3/install/turtlebot3_gazebo/lib'
[1.938s] Level 1:colcon.colcon_core.environment:checking '/home/rajesh/multi_tb3/install/turtlebot3_gazebo/bin'
[1.938s] Level 1:colcon.colcon_core.environment:checking '/home/rajesh/multi_tb3/install/turtlebot3_gazebo/lib/pkgconfig/turtlebot3_gazebo.pc'
[1.938s] Level 1:colcon.colcon_core.environment:checking '/home/rajesh/multi_tb3/install/turtlebot3_gazebo/lib/python3.10/site-packages'
[1.939s] Level 1:colcon.colcon_core.environment:checking '/home/rajesh/multi_tb3/install/turtlebot3_gazebo/bin'
[1.948s] INFO:colcon.colcon_core.shell:Creating package script '/home/rajesh/multi_tb3/install/turtlebot3_gazebo/share/turtlebot3_gazebo/package.ps1'
[1.948s] INFO:colcon.colcon_core.shell:Creating package descriptor '/home/rajesh/multi_tb3/install/turtlebot3_gazebo/share/turtlebot3_gazebo/package.dsv'
[1.948s] INFO:colcon.colcon_core.shell:Creating package script '/home/rajesh/multi_tb3/install/turtlebot3_gazebo/share/turtlebot3_gazebo/package.sh'
[1.948s] INFO:colcon.colcon_core.shell:Creating package script '/home/rajesh/multi_tb3/install/turtlebot3_gazebo/share/turtlebot3_gazebo/package.bash'
[1.949s] INFO:colcon.colcon_core.shell:Creating package script '/home/rajesh/multi_tb3/install/turtlebot3_gazebo/share/turtlebot3_gazebo/package.zsh'
[1.949s] Level 1:colcon.colcon_core.environment:create_file_with_runtime_dependencies(/home/rajesh/multi_tb3/install/turtlebot3_gazebo/share/colcon-core/packages/turtlebot3_gazebo)
[1.950s] DEBUG:colcon.colcon_core.event_handler.log_command:Invoked command in '/home/rajesh/multi_tb3/src/Multi-turtlebot3-Gazebo-ROS2/teleop_twist_keyboard' returned '0': PYTHONPATH=/home/rajesh/multi_tb3/build/teleop_twist_keyboard/prefix_override:/home/rajesh/multi_tb3/install/teleop_twist_keyboard/lib/python3.10/site-packages:${PYTHONPATH} /usr/bin/python3 setup.py egg_info --egg-base ../../../build/teleop_twist_keyboard build --build-base /home/rajesh/multi_tb3/build/teleop_twist_keyboard/build install --record /home/rajesh/multi_tb3/build/teleop_twist_keyboard/install.log --single-version-externally-managed
[1.966s] Level 1:colcon.colcon_core.environment:checking '/home/rajesh/multi_tb3/install/teleop_twist_keyboard' for CMake module files
[1.966s] Level 1:colcon.colcon_core.environment:checking '/home/rajesh/multi_tb3/install/teleop_twist_keyboard' for CMake config files
[1.967s] Level 1:colcon.colcon_core.environment:checking '/home/rajesh/multi_tb3/install/teleop_twist_keyboard/lib'
[1.967s] Level 1:colcon.colcon_core.environment:checking '/home/rajesh/multi_tb3/install/teleop_twist_keyboard/bin'
[1.967s] Level 1:colcon.colcon_core.environment:checking '/home/rajesh/multi_tb3/install/teleop_twist_keyboard/lib/pkgconfig/teleop_twist_keyboard.pc'
[1.968s] Level 1:colcon.colcon_core.environment:checking '/home/rajesh/multi_tb3/install/teleop_twist_keyboard/lib/python3.10/site-packages'
[1.968s] Level 1:colcon.colcon_core.shell:create_environment_hook('teleop_twist_keyboard', 'pythonpath')
[1.982s] INFO:colcon.colcon_core.shell:Creating environment hook '/home/rajesh/multi_tb3/install/teleop_twist_keyboard/share/teleop_twist_keyboard/hook/pythonpath.ps1'
[1.983s] INFO:colcon.colcon_core.shell:Creating environment descriptor '/home/rajesh/multi_tb3/install/teleop_twist_keyboard/share/teleop_twist_keyboard/hook/pythonpath.dsv'
[1.983s] INFO:colcon.colcon_core.shell:Creating environment hook '/home/rajesh/multi_tb3/install/teleop_twist_keyboard/share/teleop_twist_keyboard/hook/pythonpath.sh'
[1.983s] Level 1:colcon.colcon_core.environment:checking '/home/rajesh/multi_tb3/install/teleop_twist_keyboard/bin'
[1.983s] Level 1:colcon.colcon_core.environment:create_environment_scripts_only(teleop_twist_keyboard)
[1.995s] INFO:colcon.colcon_core.shell:Creating package script '/home/rajesh/multi_tb3/install/teleop_twist_keyboard/share/teleop_twist_keyboard/package.ps1'
[1.995s] INFO:colcon.colcon_core.shell:Creating package descriptor '/home/rajesh/multi_tb3/install/teleop_twist_keyboard/share/teleop_twist_keyboard/package.dsv'
[1.996s] INFO:colcon.colcon_core.shell:Creating package script '/home/rajesh/multi_tb3/install/teleop_twist_keyboard/share/teleop_twist_keyboard/package.sh'
[1.996s] INFO:colcon.colcon_core.shell:Creating package script '/home/rajesh/multi_tb3/install/teleop_twist_keyboard/share/teleop_twist_keyboard/package.bash'
[1.996s] INFO:colcon.colcon_core.shell:Creating package script '/home/rajesh/multi_tb3/install/teleop_twist_keyboard/share/teleop_twist_keyboard/package.zsh'
[1.996s] Level 1:colcon.colcon_core.environment:create_file_with_runtime_dependencies(/home/rajesh/multi_tb3/install/teleop_twist_keyboard/share/colcon-core/packages/teleop_twist_keyboard)
[2.006s] Level 1:colcon.colcon_core.environment:create_environment_scripts_only(turtlebot3_gazebo)
[2.014s] Level 1:colcon.colcon_core.environment:checking '/home/rajesh/multi_tb3/install/turtlebot3_gazebo' for CMake module files
[2.015s] Level 1:colcon.colcon_core.environment:checking '/home/rajesh/multi_tb3/install/turtlebot3_gazebo' for CMake config files
[2.015s] Level 1:colcon.colcon_core.shell:create_environment_hook('turtlebot3_gazebo', 'cmake_prefix_path')
[2.024s] INFO:colcon.colcon_core.shell:Creating environment hook '/home/rajesh/multi_tb3/install/turtlebot3_gazebo/share/turtlebot3_gazebo/hook/cmake_prefix_path.ps1'
[2.024s] INFO:colcon.colcon_core.shell:Creating environment descriptor '/home/rajesh/multi_tb3/install/turtlebot3_gazebo/share/turtlebot3_gazebo/hook/cmake_prefix_path.dsv'
[2.024s] INFO:colcon.colcon_core.shell:Creating environment hook '/home/rajesh/multi_tb3/install/turtlebot3_gazebo/share/turtlebot3_gazebo/hook/cmake_prefix_path.sh'
[2.025s] Level 1:colcon.colcon_core.environment:checking '/home/rajesh/multi_tb3/install/turtlebot3_gazebo/lib'
[2.025s] Level 1:colcon.colcon_core.environment:checking '/home/rajesh/multi_tb3/install/turtlebot3_gazebo/bin'
[2.025s] Level 1:colcon.colcon_core.environment:checking '/home/rajesh/multi_tb3/install/turtlebot3_gazebo/lib/pkgconfig/turtlebot3_gazebo.pc'
[2.025s] Level 1:colcon.colcon_core.environment:checking '/home/rajesh/multi_tb3/install/turtlebot3_gazebo/lib/python3.10/site-packages'
[2.025s] Level 1:colcon.colcon_core.environment:checking '/home/rajesh/multi_tb3/install/turtlebot3_gazebo/bin'
[2.036s] INFO:colcon.colcon_core.shell:Creating package script '/home/rajesh/multi_tb3/install/turtlebot3_gazebo/share/turtlebot3_gazebo/package.ps1'
[2.036s] INFO:colcon.colcon_core.shell:Creating package descriptor '/home/rajesh/multi_tb3/install/turtlebot3_gazebo/share/turtlebot3_gazebo/package.dsv'
[2.037s] INFO:colcon.colcon_core.shell:Creating package script '/home/rajesh/multi_tb3/install/turtlebot3_gazebo/share/turtlebot3_gazebo/package.sh'
[2.037s] INFO:colcon.colcon_core.shell:Creating package script '/home/rajesh/multi_tb3/install/turtlebot3_gazebo/share/turtlebot3_gazebo/package.bash'
[2.037s] INFO:colcon.colcon_core.shell:Creating package script '/home/rajesh/multi_tb3/install/turtlebot3_gazebo/share/turtlebot3_gazebo/package.zsh'
[2.037s] Level 1:colcon.colcon_core.environment:create_file_with_runtime_dependencies(/home/rajesh/multi_tb3/install/turtlebot3_gazebo/share/colcon-core/packages/turtlebot3_gazebo)
[2.038s] INFO:colcon.colcon_ros.task.ament_cmake.build:Building ROS package in '/home/rajesh/multi_tb3/src/Multi-turtlebot3-Gazebo-ROS2/turtlebot3_simulations/turtlebot3_simulations' with build type 'ament_cmake'
[2.038s] INFO:colcon.colcon_cmake.task.cmake.build:Building CMake package in '/home/rajesh/multi_tb3/src/Multi-turtlebot3-Gazebo-ROS2/turtlebot3_simulations/turtlebot3_simulations'
[2.047s] INFO:colcon.colcon_core.shell:Skip shell extension 'powershell' for command environment: Not usable outside of PowerShell
[2.047s] DEBUG:colcon.colcon_core.shell:Skip shell extension 'dsv' for command environment
[2.079s] DEBUG:colcon.colcon_core.event_handler.log_command:Invoking command in '/home/rajesh/multi_tb3/build/turtlebot3_simulations': CMAKE_PREFIX_PATH=/home/rajesh/multi_tb3/install/turtlebot3_gazebo:/home/rajesh/multi_tb3/install/velodyne_description:/home/rajesh/multi_tb3/install/turtlebot3_description:/home/rajesh/multi_tb3/install/velodyne_simulator:/home/rajesh/multi_tb3/install/velodyne_gazebo_plugins:/home/rajesh/multi_tb3/install/turtlebot3_simulations:/home/rajesh/multi_tb3/install/teleop_twist_keyboard:/opt/ros/humble /usr/bin/cmake --build /home/rajesh/multi_tb3/build/turtlebot3_simulations -- -j12 -l12
[2.105s] DEBUG:colcon.colcon_core.event_handler.log_command:Invoked command in '/home/rajesh/multi_tb3/build/turtlebot3_simulations' returned '0': CMAKE_PREFIX_PATH=/home/rajesh/multi_tb3/install/turtlebot3_gazebo:/home/rajesh/multi_tb3/install/velodyne_description:/home/rajesh/multi_tb3/install/turtlebot3_description:/home/rajesh/multi_tb3/install/velodyne_simulator:/home/rajesh/multi_tb3/install/velodyne_gazebo_plugins:/home/rajesh/multi_tb3/install/turtlebot3_simulations:/home/rajesh/multi_tb3/install/teleop_twist_keyboard:/opt/ros/humble /usr/bin/cmake --build /home/rajesh/multi_tb3/build/turtlebot3_simulations -- -j12 -l12
[2.119s] DEBUG:colcon.colcon_core.event_handler.log_command:Invoking command in '/home/rajesh/multi_tb3/build/turtlebot3_simulations': CMAKE_PREFIX_PATH=/home/rajesh/multi_tb3/install/turtlebot3_gazebo:/home/rajesh/multi_tb3/install/velodyne_description:/home/rajesh/multi_tb3/install/turtlebot3_description:/home/rajesh/multi_tb3/install/velodyne_simulator:/home/rajesh/multi_tb3/install/velodyne_gazebo_plugins:/home/rajesh/multi_tb3/install/turtlebot3_simulations:/home/rajesh/multi_tb3/install/teleop_twist_keyboard:/opt/ros/humble /usr/bin/cmake --install /home/rajesh/multi_tb3/build/turtlebot3_simulations
[2.124s] Level 1:colcon.colcon_core.environment:create_environment_scripts_only(turtlebot3_simulations)
[2.125s] DEBUG:colcon.colcon_core.event_handler.log_command:Invoked command in '/home/rajesh/multi_tb3/build/turtlebot3_simulations' returned '0': CMAKE_PREFIX_PATH=/home/rajesh/multi_tb3/install/turtlebot3_gazebo:/home/rajesh/multi_tb3/install/velodyne_description:/home/rajesh/multi_tb3/install/turtlebot3_description:/home/rajesh/multi_tb3/install/velodyne_simulator:/home/rajesh/multi_tb3/install/velodyne_gazebo_plugins:/home/rajesh/multi_tb3/install/turtlebot3_simulations:/home/rajesh/multi_tb3/install/teleop_twist_keyboard:/opt/ros/humble /usr/bin/cmake --install /home/rajesh/multi_tb3/build/turtlebot3_simulations
[2.133s] Level 1:colcon.colcon_core.environment:checking '/home/rajesh/multi_tb3/install/turtlebot3_simulations' for CMake module files
[2.134s] Level 1:colcon.colcon_core.environment:checking '/home/rajesh/multi_tb3/install/turtlebot3_simulations' for CMake config files
[2.134s] Level 1:colcon.colcon_core.shell:create_environment_hook('turtlebot3_simulations', 'cmake_prefix_path')
[2.142s] INFO:colcon.colcon_core.shell:Creating environment hook '/home/rajesh/multi_tb3/install/turtlebot3_simulations/share/turtlebot3_simulations/hook/cmake_prefix_path.ps1'
[2.142s] INFO:colcon.colcon_core.shell:Creating environment descriptor '/home/rajesh/multi_tb3/install/turtlebot3_simulations/share/turtlebot3_simulations/hook/cmake_prefix_path.dsv'
[2.142s] INFO:colcon.colcon_core.shell:Creating environment hook '/home/rajesh/multi_tb3/install/turtlebot3_simulations/share/turtlebot3_simulations/hook/cmake_prefix_path.sh'
[2.142s] Level 1:colcon.colcon_core.environment:checking '/home/rajesh/multi_tb3/install/turtlebot3_simulations/bin'
[2.143s] Level 1:colcon.colcon_core.environment:checking '/home/rajesh/multi_tb3/install/turtlebot3_simulations/lib/pkgconfig/turtlebot3_simulations.pc'
[2.143s] Level 1:colcon.colcon_core.environment:checking '/home/rajesh/multi_tb3/install/turtlebot3_simulations/lib/python3.10/site-packages'
[2.143s] Level 1:colcon.colcon_core.environment:checking '/home/rajesh/multi_tb3/install/turtlebot3_simulations/bin'
[2.151s] INFO:colcon.colcon_core.shell:Creating package script '/home/rajesh/multi_tb3/install/turtlebot3_simulations/share/turtlebot3_simulations/package.ps1'
[2.151s] INFO:colcon.colcon_core.shell:Creating package descriptor '/home/rajesh/multi_tb3/install/turtlebot3_simulations/share/turtlebot3_simulations/package.dsv'
[2.152s] INFO:colcon.colcon_core.shell:Creating package script '/home/rajesh/multi_tb3/install/turtlebot3_simulations/share/turtlebot3_simulations/package.sh'
[2.152s] INFO:colcon.colcon_core.shell:Creating package script '/home/rajesh/multi_tb3/install/turtlebot3_simulations/share/turtlebot3_simulations/package.bash'
[2.152s] INFO:colcon.colcon_core.shell:Creating package script '/home/rajesh/multi_tb3/install/turtlebot3_simulations/share/turtlebot3_simulations/package.zsh'
[2.152s] Level 1:colcon.colcon_core.environment:create_file_with_runtime_dependencies(/home/rajesh/multi_tb3/install/turtlebot3_simulations/share/colcon-core/packages/turtlebot3_simulations)
[2.182s] Level 1:colcon.colcon_core.environment:create_environment_scripts_only(turtlebot3_simulations)
[2.192s] Level 1:colcon.colcon_core.environment:checking '/home/rajesh/multi_tb3/install/turtlebot3_simulations' for CMake module files
[2.192s] Level 1:colcon.colcon_core.environment:checking '/home/rajesh/multi_tb3/install/turtlebot3_simulations' for CMake config files
[2.192s] Level 1:colcon.colcon_core.shell:create_environment_hook('turtlebot3_simulations', 'cmake_prefix_path')
[2.201s] INFO:colcon.colcon_core.shell:Creating environment hook '/home/rajesh/multi_tb3/install/turtlebot3_simulations/share/turtlebot3_simulations/hook/cmake_prefix_path.ps1'
[2.201s] INFO:colcon.colcon_core.shell:Creating environment descriptor '/home/rajesh/multi_tb3/install/turtlebot3_simulations/share/turtlebot3_simulations/hook/cmake_prefix_path.dsv'
[2.201s] INFO:colcon.colcon_core.shell:Creating environment hook '/home/rajesh/multi_tb3/install/turtlebot3_simulations/share/turtlebot3_simulations/hook/cmake_prefix_path.sh'
[2.201s] Level 1:colcon.colcon_core.environment:checking '/home/rajesh/multi_tb3/install/turtlebot3_simulations/bin'
[2.202s] Level 1:colcon.colcon_core.environment:checking '/home/rajesh/multi_tb3/install/turtlebot3_simulations/lib/pkgconfig/turtlebot3_simulations.pc'
[2.202s] Level 1:colcon.colcon_core.environment:checking '/home/rajesh/multi_tb3/install/turtlebot3_simulations/lib/python3.10/site-packages'
[2.202s] Level 1:colcon.colcon_core.environment:checking '/home/rajesh/multi_tb3/install/turtlebot3_simulations/bin'
[2.210s] INFO:colcon.colcon_core.shell:Creating package script '/home/rajesh/multi_tb3/install/turtlebot3_simulations/share/turtlebot3_simulations/package.ps1'
[2.210s] INFO:colcon.colcon_core.shell:Creating package descriptor '/home/rajesh/multi_tb3/install/turtlebot3_simulations/share/turtlebot3_simulations/package.dsv'
[2.210s] INFO:colcon.colcon_core.shell:Creating package script '/home/rajesh/multi_tb3/install/turtlebot3_simulations/share/turtlebot3_simulations/package.sh'
[2.211s] INFO:colcon.colcon_core.shell:Creating package script '/home/rajesh/multi_tb3/install/turtlebot3_simulations/share/turtlebot3_simulations/package.bash'
[2.211s] INFO:colcon.colcon_core.shell:Creating package script '/home/rajesh/multi_tb3/install/turtlebot3_simulations/share/turtlebot3_simulations/package.zsh'
[2.211s] Level 1:colcon.colcon_core.environment:create_file_with_runtime_dependencies(/home/rajesh/multi_tb3/install/turtlebot3_simulations/share/colcon-core/packages/turtlebot3_simulations)
[2.211s] DEBUG:colcon.colcon_parallel_executor.executor.parallel:closing loop
[2.211s] DEBUG:colcon.colcon_parallel_executor.executor.parallel:loop closed
[2.211s] DEBUG:colcon.colcon_parallel_executor.executor.parallel:run_until_complete finished with '0'
[2.211s] DEBUG:colcon.colcon_core.event_reactor:joining thread
[2.223s] INFO:colcon.colcon_core.plugin_system:Skipping extension 'colcon_notification.desktop_notification.terminal_notifier': Not used on non-Darwin systems
[2.223s] INFO:colcon.colcon_core.plugin_system:Skipping extension 'colcon_notification.desktop_notification.win32': Not used on non-Windows systems
[2.223s] INFO:colcon.colcon_notification.desktop_notification:Sending desktop notification using 'notify2'
[2.236s] DEBUG:colcon.colcon_core.event_reactor:joined thread
[2.247s] INFO:colcon.colcon_core.shell:Creating prefix script '/home/rajesh/multi_tb3/install/local_setup.ps1'
[2.248s] INFO:colcon.colcon_core.shell:Creating prefix util module '/home/rajesh/multi_tb3/install/_local_setup_util_ps1.py'
[2.248s] INFO:colcon.colcon_core.shell:Creating prefix chain script '/home/rajesh/multi_tb3/install/setup.ps1'
[2.257s] INFO:colcon.colcon_core.shell:Creating prefix script '/home/rajesh/multi_tb3/install/local_setup.sh'
[2.258s] INFO:colcon.colcon_core.shell:Creating prefix util module '/home/rajesh/multi_tb3/install/_local_setup_util_sh.py'
[2.258s] INFO:colcon.colcon_core.shell:Creating prefix chain script '/home/rajesh/multi_tb3/install/setup.sh'
[2.267s] INFO:colcon.colcon_core.shell:Creating prefix script '/home/rajesh/multi_tb3/install/local_setup.bash'
[2.267s] INFO:colcon.colcon_core.shell:Creating prefix chain script '/home/rajesh/multi_tb3/install/setup.bash'
[2.276s] INFO:colcon.colcon_core.shell:Creating prefix script '/home/rajesh/multi_tb3/install/local_setup.zsh'
[2.277s] INFO:colcon.colcon_core.shell:Creating prefix chain script '/home/rajesh/multi_tb3/install/setup.zsh'
