[0.582s] DEBUG:colcon:Command line arguments: ['/usr/bin/colcon', 'build', '--allow-overriding', 'teleop_twist_keyboard']
[0.582s] DEBUG:colcon:Parsed command line arguments: Namespace(log_base=None, log_level=None, verb_name='build', build_base='build', install_base='install', merge_install=False, symlink_install=False, test_result_base=None, continue_on_error=False, executor='parallel', parallel_workers=12, event_handlers=None, ignore_user_meta=False, metas=['./colcon.meta'], base_paths=['.'], packages_ignore=None, packages_ignore_regex=None, paths=None, packages_up_to=None, packages_up_to_regex=None, packages_above=None, packages_above_and_dependencies=None, packages_above_depth=None, packages_select_by_dep=None, packages_skip_by_dep=None, packages_skip_up_to=None, packages_select_build_failed=False, packages_skip_build_finished=False, packages_select_test_failures=False, packages_skip_test_passed=False, packages_select=None, packages_skip=None, packages_select_regex=None, packages_skip_regex=None, packages_start=None, packages_end=None, allow_overriding=['teleop_twist_keyboard'], cmake_args=None, cmake_target=None, cmake_target_skip_unavailable=False, cmake_clean_cache=False, cmake_clean_first=False, cmake_force_configure=False, ament_cmake_args=None, catkin_cmake_args=None, catkin_skip_building_tests=False, verb_parser=<colcon_defaults.argument_parser.defaults.DefaultArgumentsDecorator object at 0x7fddc44b8160>, verb_extension=<colcon_core.verb.build.BuildVerb object at 0x7fddc44ba710>, main=<bound method BuildVerb.main of <colcon_core.verb.build.BuildVerb object at 0x7fddc44ba710>>)
[0.608s] Level 1:colcon.colcon_core.package_discovery:discover_packages(colcon_meta) check parameters
[0.608s] Level 1:colcon.colcon_core.package_discovery:discover_packages(recursive) check parameters
[0.608s] Level 1:colcon.colcon_core.package_discovery:discover_packages(ignore) check parameters
[0.608s] Level 1:colcon.colcon_core.package_discovery:discover_packages(path) check parameters
[0.608s] Level 1:colcon.colcon_core.package_discovery:discover_packages(colcon_meta) discover
[0.608s] Level 1:colcon.colcon_core.package_discovery:discover_packages(recursive) discover
[0.608s] INFO:colcon.colcon_core.package_discovery:Crawling recursively for packages in '/home/rajesh/multi_tb3'
[0.608s] Level 1:colcon.colcon_core.package_identification:_identify(.) by extensions ['ignore', 'ignore_ament_install']
[0.608s] Level 1:colcon.colcon_core.package_identification:_identify(.) by extension 'ignore'
[0.608s] Level 1:colcon.colcon_core.package_identification:_identify(.) by extension 'ignore_ament_install'
[0.608s] Level 1:colcon.colcon_core.package_identification:_identify(.) by extensions ['colcon_pkg']
[0.608s] Level 1:colcon.colcon_core.package_identification:_identify(.) by extension 'colcon_pkg'
[0.609s] Level 1:colcon.colcon_core.package_identification:_identify(.) by extensions ['colcon_meta']
[0.609s] Level 1:colcon.colcon_core.package_identification:_identify(.) by extension 'colcon_meta'
[0.609s] Level 1:colcon.colcon_core.package_identification:_identify(.) by extensions ['ros']
[0.609s] Level 1:colcon.colcon_core.package_identification:_identify(.) by extension 'ros'
[0.616s] Level 1:colcon.colcon_core.package_identification:_identify(.) by extensions ['cmake', 'python']
[0.616s] Level 1:colcon.colcon_core.package_identification:_identify(.) by extension 'cmake'
[0.616s] Level 1:colcon.colcon_core.package_identification:_identify(.) by extension 'python'
[0.616s] Level 1:colcon.colcon_core.package_identification:_identify(.) by extensions ['python_setup_py']
[0.616s] Level 1:colcon.colcon_core.package_identification:_identify(.) by extension 'python_setup_py'
[0.616s] Level 1:colcon.colcon_core.package_identification:_identify(build) by extensions ['ignore', 'ignore_ament_install']
[0.616s] Level 1:colcon.colcon_core.package_identification:_identify(build) by extension 'ignore'
[0.616s] Level 1:colcon.colcon_core.package_identification:_identify(build) ignored
[0.616s] Level 1:colcon.colcon_core.package_identification:_identify(install) by extensions ['ignore', 'ignore_ament_install']
[0.616s] Level 1:colcon.colcon_core.package_identification:_identify(install) by extension 'ignore'
[0.616s] Level 1:colcon.colcon_core.package_identification:_identify(install) ignored
[0.616s] Level 1:colcon.colcon_core.package_identification:_identify(log) by extensions ['ignore', 'ignore_ament_install']
[0.616s] Level 1:colcon.colcon_core.package_identification:_identify(log) by extension 'ignore'
[0.616s] Level 1:colcon.colcon_core.package_identification:_identify(log) ignored
[0.616s] Level 1:colcon.colcon_core.package_identification:_identify(src) by extensions ['ignore', 'ignore_ament_install']
[0.616s] Level 1:colcon.colcon_core.package_identification:_identify(src) by extension 'ignore'
[0.617s] Level 1:colcon.colcon_core.package_identification:_identify(src) by extension 'ignore_ament_install'
[0.617s] Level 1:colcon.colcon_core.package_identification:_identify(src) by extensions ['colcon_pkg']
[0.617s] Level 1:colcon.colcon_core.package_identification:_identify(src) by extension 'colcon_pkg'
[0.617s] Level 1:colcon.colcon_core.package_identification:_identify(src) by extensions ['colcon_meta']
[0.617s] Level 1:colcon.colcon_core.package_identification:_identify(src) by extension 'colcon_meta'
[0.617s] Level 1:colcon.colcon_core.package_identification:_identify(src) by extensions ['ros']
[0.617s] Level 1:colcon.colcon_core.package_identification:_identify(src) by extension 'ros'
[0.617s] Level 1:colcon.colcon_core.package_identification:_identify(src) by extensions ['cmake', 'python']
[0.617s] Level 1:colcon.colcon_core.package_identification:_identify(src) by extension 'cmake'
[0.617s] Level 1:colcon.colcon_core.package_identification:_identify(src) by extension 'python'
[0.617s] Level 1:colcon.colcon_core.package_identification:_identify(src) by extensions ['python_setup_py']
[0.617s] Level 1:colcon.colcon_core.package_identification:_identify(src) by extension 'python_setup_py'
[0.617s] Level 1:colcon.colcon_core.package_identification:_identify(src/Multi-turtlebot3-Gazebo-ROS2) by extensions ['ignore', 'ignore_ament_install']
[0.617s] Level 1:colcon.colcon_core.package_identification:_identify(src/Multi-turtlebot3-Gazebo-ROS2) by extension 'ignore'
[0.617s] Level 1:colcon.colcon_core.package_identification:_identify(src/Multi-turtlebot3-Gazebo-ROS2) by extension 'ignore_ament_install'
[0.617s] Level 1:colcon.colcon_core.package_identification:_identify(src/Multi-turtlebot3-Gazebo-ROS2) by extensions ['colcon_pkg']
[0.617s] Level 1:colcon.colcon_core.package_identification:_identify(src/Multi-turtlebot3-Gazebo-ROS2) by extension 'colcon_pkg'
[0.617s] Level 1:colcon.colcon_core.package_identification:_identify(src/Multi-turtlebot3-Gazebo-ROS2) by extensions ['colcon_meta']
[0.617s] Level 1:colcon.colcon_core.package_identification:_identify(src/Multi-turtlebot3-Gazebo-ROS2) by extension 'colcon_meta'
[0.617s] Level 1:colcon.colcon_core.package_identification:_identify(src/Multi-turtlebot3-Gazebo-ROS2) by extensions ['ros']
[0.617s] Level 1:colcon.colcon_core.package_identification:_identify(src/Multi-turtlebot3-Gazebo-ROS2) by extension 'ros'
[0.617s] Level 1:colcon.colcon_core.package_identification:_identify(src/Multi-turtlebot3-Gazebo-ROS2) by extensions ['cmake', 'python']
[0.617s] Level 1:colcon.colcon_core.package_identification:_identify(src/Multi-turtlebot3-Gazebo-ROS2) by extension 'cmake'
[0.617s] Level 1:colcon.colcon_core.package_identification:_identify(src/Multi-turtlebot3-Gazebo-ROS2) by extension 'python'
[0.617s] Level 1:colcon.colcon_core.package_identification:_identify(src/Multi-turtlebot3-Gazebo-ROS2) by extensions ['python_setup_py']
[0.617s] Level 1:colcon.colcon_core.package_identification:_identify(src/Multi-turtlebot3-Gazebo-ROS2) by extension 'python_setup_py'
[0.617s] Level 1:colcon.colcon_core.package_identification:_identify(src/Multi-turtlebot3-Gazebo-ROS2/docker) by extensions ['ignore', 'ignore_ament_install']
[0.617s] Level 1:colcon.colcon_core.package_identification:_identify(src/Multi-turtlebot3-Gazebo-ROS2/docker) by extension 'ignore'
[0.617s] Level 1:colcon.colcon_core.package_identification:_identify(src/Multi-turtlebot3-Gazebo-ROS2/docker) by extension 'ignore_ament_install'
[0.617s] Level 1:colcon.colcon_core.package_identification:_identify(src/Multi-turtlebot3-Gazebo-ROS2/docker) by extensions ['colcon_pkg']
[0.617s] Level 1:colcon.colcon_core.package_identification:_identify(src/Multi-turtlebot3-Gazebo-ROS2/docker) by extension 'colcon_pkg'
[0.617s] Level 1:colcon.colcon_core.package_identification:_identify(src/Multi-turtlebot3-Gazebo-ROS2/docker) by extensions ['colcon_meta']
[0.617s] Level 1:colcon.colcon_core.package_identification:_identify(src/Multi-turtlebot3-Gazebo-ROS2/docker) by extension 'colcon_meta'
[0.617s] Level 1:colcon.colcon_core.package_identification:_identify(src/Multi-turtlebot3-Gazebo-ROS2/docker) by extensions ['ros']
[0.617s] Level 1:colcon.colcon_core.package_identification:_identify(src/Multi-turtlebot3-Gazebo-ROS2/docker) by extension 'ros'
[0.617s] Level 1:colcon.colcon_core.package_identification:_identify(src/Multi-turtlebot3-Gazebo-ROS2/docker) by extensions ['cmake', 'python']
[0.617s] Level 1:colcon.colcon_core.package_identification:_identify(src/Multi-turtlebot3-Gazebo-ROS2/docker) by extension 'cmake'
[0.617s] Level 1:colcon.colcon_core.package_identification:_identify(src/Multi-turtlebot3-Gazebo-ROS2/docker) by extension 'python'
[0.617s] Level 1:colcon.colcon_core.package_identification:_identify(src/Multi-turtlebot3-Gazebo-ROS2/docker) by extensions ['python_setup_py']
[0.617s] Level 1:colcon.colcon_core.package_identification:_identify(src/Multi-turtlebot3-Gazebo-ROS2/docker) by extension 'python_setup_py'
[0.618s] Level 1:colcon.colcon_core.package_identification:_identify(src/Multi-turtlebot3-Gazebo-ROS2/teleop_twist_keyboard) by extensions ['ignore', 'ignore_ament_install']
[0.618s] Level 1:colcon.colcon_core.package_identification:_identify(src/Multi-turtlebot3-Gazebo-ROS2/teleop_twist_keyboard) by extension 'ignore'
[0.618s] Level 1:colcon.colcon_core.package_identification:_identify(src/Multi-turtlebot3-Gazebo-ROS2/teleop_twist_keyboard) by extension 'ignore_ament_install'
[0.618s] Level 1:colcon.colcon_core.package_identification:_identify(src/Multi-turtlebot3-Gazebo-ROS2/teleop_twist_keyboard) by extensions ['colcon_pkg']
[0.618s] Level 1:colcon.colcon_core.package_identification:_identify(src/Multi-turtlebot3-Gazebo-ROS2/teleop_twist_keyboard) by extension 'colcon_pkg'
[0.618s] Level 1:colcon.colcon_core.package_identification:_identify(src/Multi-turtlebot3-Gazebo-ROS2/teleop_twist_keyboard) by extensions ['colcon_meta']
[0.618s] Level 1:colcon.colcon_core.package_identification:_identify(src/Multi-turtlebot3-Gazebo-ROS2/teleop_twist_keyboard) by extension 'colcon_meta'
[0.618s] Level 1:colcon.colcon_core.package_identification:_identify(src/Multi-turtlebot3-Gazebo-ROS2/teleop_twist_keyboard) by extensions ['ros']
[0.618s] Level 1:colcon.colcon_core.package_identification:_identify(src/Multi-turtlebot3-Gazebo-ROS2/teleop_twist_keyboard) by extension 'ros'
[0.619s] DEBUG:colcon.colcon_core.package_identification:Package 'src/Multi-turtlebot3-Gazebo-ROS2/teleop_twist_keyboard' with type 'ros.ament_python' and name 'teleop_twist_keyboard'
[0.619s] Level 1:colcon.colcon_core.package_identification:_identify(src/Multi-turtlebot3-Gazebo-ROS2/tf_results) by extensions ['ignore', 'ignore_ament_install']
[0.619s] Level 1:colcon.colcon_core.package_identification:_identify(src/Multi-turtlebot3-Gazebo-ROS2/tf_results) by extension 'ignore'
[0.619s] Level 1:colcon.colcon_core.package_identification:_identify(src/Multi-turtlebot3-Gazebo-ROS2/tf_results) by extension 'ignore_ament_install'
[0.619s] Level 1:colcon.colcon_core.package_identification:_identify(src/Multi-turtlebot3-Gazebo-ROS2/tf_results) by extensions ['colcon_pkg']
[0.620s] Level 1:colcon.colcon_core.package_identification:_identify(src/Multi-turtlebot3-Gazebo-ROS2/tf_results) by extension 'colcon_pkg'
[0.620s] Level 1:colcon.colcon_core.package_identification:_identify(src/Multi-turtlebot3-Gazebo-ROS2/tf_results) by extensions ['colcon_meta']
[0.620s] Level 1:colcon.colcon_core.package_identification:_identify(src/Multi-turtlebot3-Gazebo-ROS2/tf_results) by extension 'colcon_meta'
[0.620s] Level 1:colcon.colcon_core.package_identification:_identify(src/Multi-turtlebot3-Gazebo-ROS2/tf_results) by extensions ['ros']
[0.620s] Level 1:colcon.colcon_core.package_identification:_identify(src/Multi-turtlebot3-Gazebo-ROS2/tf_results) by extension 'ros'
[0.620s] Level 1:colcon.colcon_core.package_identification:_identify(src/Multi-turtlebot3-Gazebo-ROS2/tf_results) by extensions ['cmake', 'python']
[0.620s] Level 1:colcon.colcon_core.package_identification:_identify(src/Multi-turtlebot3-Gazebo-ROS2/tf_results) by extension 'cmake'
[0.620s] Level 1:colcon.colcon_core.package_identification:_identify(src/Multi-turtlebot3-Gazebo-ROS2/tf_results) by extension 'python'
[0.620s] Level 1:colcon.colcon_core.package_identification:_identify(src/Multi-turtlebot3-Gazebo-ROS2/tf_results) by extensions ['python_setup_py']
[0.620s] Level 1:colcon.colcon_core.package_identification:_identify(src/Multi-turtlebot3-Gazebo-ROS2/tf_results) by extension 'python_setup_py'
[0.620s] Level 1:colcon.colcon_core.package_identification:_identify(src/Multi-turtlebot3-Gazebo-ROS2/turtlebot3_description) by extensions ['ignore', 'ignore_ament_install']
[0.620s] Level 1:colcon.colcon_core.package_identification:_identify(src/Multi-turtlebot3-Gazebo-ROS2/turtlebot3_description) by extension 'ignore'
[0.620s] Level 1:colcon.colcon_core.package_identification:_identify(src/Multi-turtlebot3-Gazebo-ROS2/turtlebot3_description) by extension 'ignore_ament_install'
[0.620s] Level 1:colcon.colcon_core.package_identification:_identify(src/Multi-turtlebot3-Gazebo-ROS2/turtlebot3_description) by extensions ['colcon_pkg']
[0.620s] Level 1:colcon.colcon_core.package_identification:_identify(src/Multi-turtlebot3-Gazebo-ROS2/turtlebot3_description) by extension 'colcon_pkg'
[0.620s] Level 1:colcon.colcon_core.package_identification:_identify(src/Multi-turtlebot3-Gazebo-ROS2/turtlebot3_description) by extensions ['colcon_meta']
[0.620s] Level 1:colcon.colcon_core.package_identification:_identify(src/Multi-turtlebot3-Gazebo-ROS2/turtlebot3_description) by extension 'colcon_meta'
[0.620s] Level 1:colcon.colcon_core.package_identification:_identify(src/Multi-turtlebot3-Gazebo-ROS2/turtlebot3_description) by extensions ['ros']
[0.620s] Level 1:colcon.colcon_core.package_identification:_identify(src/Multi-turtlebot3-Gazebo-ROS2/turtlebot3_description) by extension 'ros'
[0.620s] DEBUG:colcon.colcon_core.package_identification:Package 'src/Multi-turtlebot3-Gazebo-ROS2/turtlebot3_description' with type 'ros.ament_cmake' and name 'turtlebot3_description'
[0.620s] Level 1:colcon.colcon_core.package_identification:_identify(src/Multi-turtlebot3-Gazebo-ROS2/turtlebot3_simulations) by extensions ['ignore', 'ignore_ament_install']
[0.621s] Level 1:colcon.colcon_core.package_identification:_identify(src/Multi-turtlebot3-Gazebo-ROS2/turtlebot3_simulations) by extension 'ignore'
[0.621s] Level 1:colcon.colcon_core.package_identification:_identify(src/Multi-turtlebot3-Gazebo-ROS2/turtlebot3_simulations) by extension 'ignore_ament_install'
[0.621s] Level 1:colcon.colcon_core.package_identification:_identify(src/Multi-turtlebot3-Gazebo-ROS2/turtlebot3_simulations) by extensions ['colcon_pkg']
[0.621s] Level 1:colcon.colcon_core.package_identification:_identify(src/Multi-turtlebot3-Gazebo-ROS2/turtlebot3_simulations) by extension 'colcon_pkg'
[0.621s] Level 1:colcon.colcon_core.package_identification:_identify(src/Multi-turtlebot3-Gazebo-ROS2/turtlebot3_simulations) by extensions ['colcon_meta']
[0.621s] Level 1:colcon.colcon_core.package_identification:_identify(src/Multi-turtlebot3-Gazebo-ROS2/turtlebot3_simulations) by extension 'colcon_meta'
[0.621s] Level 1:colcon.colcon_core.package_identification:_identify(src/Multi-turtlebot3-Gazebo-ROS2/turtlebot3_simulations) by extensions ['ros']
[0.621s] Level 1:colcon.colcon_core.package_identification:_identify(src/Multi-turtlebot3-Gazebo-ROS2/turtlebot3_simulations) by extension 'ros'
[0.621s] Level 1:colcon.colcon_core.package_identification:_identify(src/Multi-turtlebot3-Gazebo-ROS2/turtlebot3_simulations) by extensions ['cmake', 'python']
[0.621s] Level 1:colcon.colcon_core.package_identification:_identify(src/Multi-turtlebot3-Gazebo-ROS2/turtlebot3_simulations) by extension 'cmake'
[0.621s] Level 1:colcon.colcon_core.package_identification:_identify(src/Multi-turtlebot3-Gazebo-ROS2/turtlebot3_simulations) by extension 'python'
[0.621s] Level 1:colcon.colcon_core.package_identification:_identify(src/Multi-turtlebot3-Gazebo-ROS2/turtlebot3_simulations) by extensions ['python_setup_py']
[0.621s] Level 1:colcon.colcon_core.package_identification:_identify(src/Multi-turtlebot3-Gazebo-ROS2/turtlebot3_simulations) by extension 'python_setup_py'
[0.621s] Level 1:colcon.colcon_core.package_identification:_identify(src/Multi-turtlebot3-Gazebo-ROS2/turtlebot3_simulations/turtlebot3_gazebo) by extensions ['ignore', 'ignore_ament_install']
[0.621s] Level 1:colcon.colcon_core.package_identification:_identify(src/Multi-turtlebot3-Gazebo-ROS2/turtlebot3_simulations/turtlebot3_gazebo) by extension 'ignore'
[0.621s] Level 1:colcon.colcon_core.package_identification:_identify(src/Multi-turtlebot3-Gazebo-ROS2/turtlebot3_simulations/turtlebot3_gazebo) by extension 'ignore_ament_install'
[0.621s] Level 1:colcon.colcon_core.package_identification:_identify(src/Multi-turtlebot3-Gazebo-ROS2/turtlebot3_simulations/turtlebot3_gazebo) by extensions ['colcon_pkg']
[0.621s] Level 1:colcon.colcon_core.package_identification:_identify(src/Multi-turtlebot3-Gazebo-ROS2/turtlebot3_simulations/turtlebot3_gazebo) by extension 'colcon_pkg'
[0.621s] Level 1:colcon.colcon_core.package_identification:_identify(src/Multi-turtlebot3-Gazebo-ROS2/turtlebot3_simulations/turtlebot3_gazebo) by extensions ['colcon_meta']
[0.621s] Level 1:colcon.colcon_core.package_identification:_identify(src/Multi-turtlebot3-Gazebo-ROS2/turtlebot3_simulations/turtlebot3_gazebo) by extension 'colcon_meta'
[0.621s] Level 1:colcon.colcon_core.package_identification:_identify(src/Multi-turtlebot3-Gazebo-ROS2/turtlebot3_simulations/turtlebot3_gazebo) by extensions ['ros']
[0.621s] Level 1:colcon.colcon_core.package_identification:_identify(src/Multi-turtlebot3-Gazebo-ROS2/turtlebot3_simulations/turtlebot3_gazebo) by extension 'ros'
[0.622s] DEBUG:colcon.colcon_core.package_identification:Package 'src/Multi-turtlebot3-Gazebo-ROS2/turtlebot3_simulations/turtlebot3_gazebo' with type 'ros.ament_cmake' and name 'turtlebot3_gazebo'
[0.622s] Level 1:colcon.colcon_core.package_identification:_identify(src/Multi-turtlebot3-Gazebo-ROS2/turtlebot3_simulations/turtlebot3_simulations) by extensions ['ignore', 'ignore_ament_install']
[0.622s] Level 1:colcon.colcon_core.package_identification:_identify(src/Multi-turtlebot3-Gazebo-ROS2/turtlebot3_simulations/turtlebot3_simulations) by extension 'ignore'
[0.622s] Level 1:colcon.colcon_core.package_identification:_identify(src/Multi-turtlebot3-Gazebo-ROS2/turtlebot3_simulations/turtlebot3_simulations) by extension 'ignore_ament_install'
[0.622s] Level 1:colcon.colcon_core.package_identification:_identify(src/Multi-turtlebot3-Gazebo-ROS2/turtlebot3_simulations/turtlebot3_simulations) by extensions ['colcon_pkg']
[0.622s] Level 1:colcon.colcon_core.package_identification:_identify(src/Multi-turtlebot3-Gazebo-ROS2/turtlebot3_simulations/turtlebot3_simulations) by extension 'colcon_pkg'
[0.622s] Level 1:colcon.colcon_core.package_identification:_identify(src/Multi-turtlebot3-Gazebo-ROS2/turtlebot3_simulations/turtlebot3_simulations) by extensions ['colcon_meta']
[0.622s] Level 1:colcon.colcon_core.package_identification:_identify(src/Multi-turtlebot3-Gazebo-ROS2/turtlebot3_simulations/turtlebot3_simulations) by extension 'colcon_meta'
[0.622s] Level 1:colcon.colcon_core.package_identification:_identify(src/Multi-turtlebot3-Gazebo-ROS2/turtlebot3_simulations/turtlebot3_simulations) by extensions ['ros']
[0.622s] Level 1:colcon.colcon_core.package_identification:_identify(src/Multi-turtlebot3-Gazebo-ROS2/turtlebot3_simulations/turtlebot3_simulations) by extension 'ros'
[0.622s] DEBUG:colcon.colcon_core.package_identification:Package 'src/Multi-turtlebot3-Gazebo-ROS2/turtlebot3_simulations/turtlebot3_simulations' with type 'ros.ament_cmake' and name 'turtlebot3_simulations'
[0.622s] Level 1:colcon.colcon_core.package_identification:_identify(src/Multi-turtlebot3-Gazebo-ROS2/velodyne_simulator) by extensions ['ignore', 'ignore_ament_install']
[0.622s] Level 1:colcon.colcon_core.package_identification:_identify(src/Multi-turtlebot3-Gazebo-ROS2/velodyne_simulator) by extension 'ignore'
[0.622s] Level 1:colcon.colcon_core.package_identification:_identify(src/Multi-turtlebot3-Gazebo-ROS2/velodyne_simulator) by extension 'ignore_ament_install'
[0.623s] Level 1:colcon.colcon_core.package_identification:_identify(src/Multi-turtlebot3-Gazebo-ROS2/velodyne_simulator) by extensions ['colcon_pkg']
[0.623s] Level 1:colcon.colcon_core.package_identification:_identify(src/Multi-turtlebot3-Gazebo-ROS2/velodyne_simulator) by extension 'colcon_pkg'
[0.623s] Level 1:colcon.colcon_core.package_identification:_identify(src/Multi-turtlebot3-Gazebo-ROS2/velodyne_simulator) by extensions ['colcon_meta']
[0.623s] Level 1:colcon.colcon_core.package_identification:_identify(src/Multi-turtlebot3-Gazebo-ROS2/velodyne_simulator) by extension 'colcon_meta'
[0.623s] Level 1:colcon.colcon_core.package_identification:_identify(src/Multi-turtlebot3-Gazebo-ROS2/velodyne_simulator) by extensions ['ros']
[0.623s] Level 1:colcon.colcon_core.package_identification:_identify(src/Multi-turtlebot3-Gazebo-ROS2/velodyne_simulator) by extension 'ros'
[0.623s] Level 1:colcon.colcon_core.package_identification:_identify(src/Multi-turtlebot3-Gazebo-ROS2/velodyne_simulator) by extensions ['cmake', 'python']
[0.623s] Level 1:colcon.colcon_core.package_identification:_identify(src/Multi-turtlebot3-Gazebo-ROS2/velodyne_simulator) by extension 'cmake'
[0.623s] Level 1:colcon.colcon_core.package_identification:_identify(src/Multi-turtlebot3-Gazebo-ROS2/velodyne_simulator) by extension 'python'
[0.623s] Level 1:colcon.colcon_core.package_identification:_identify(src/Multi-turtlebot3-Gazebo-ROS2/velodyne_simulator) by extensions ['python_setup_py']
[0.623s] Level 1:colcon.colcon_core.package_identification:_identify(src/Multi-turtlebot3-Gazebo-ROS2/velodyne_simulator) by extension 'python_setup_py'
[0.623s] Level 1:colcon.colcon_core.package_identification:_identify(src/Multi-turtlebot3-Gazebo-ROS2/velodyne_simulator/img) by extensions ['ignore', 'ignore_ament_install']
[0.623s] Level 1:colcon.colcon_core.package_identification:_identify(src/Multi-turtlebot3-Gazebo-ROS2/velodyne_simulator/img) by extension 'ignore'
[0.623s] Level 1:colcon.colcon_core.package_identification:_identify(src/Multi-turtlebot3-Gazebo-ROS2/velodyne_simulator/img) by extension 'ignore_ament_install'
[0.623s] Level 1:colcon.colcon_core.package_identification:_identify(src/Multi-turtlebot3-Gazebo-ROS2/velodyne_simulator/img) by extensions ['colcon_pkg']
[0.623s] Level 1:colcon.colcon_core.package_identification:_identify(src/Multi-turtlebot3-Gazebo-ROS2/velodyne_simulator/img) by extension 'colcon_pkg'
[0.623s] Level 1:colcon.colcon_core.package_identification:_identify(src/Multi-turtlebot3-Gazebo-ROS2/velodyne_simulator/img) by extensions ['colcon_meta']
[0.623s] Level 1:colcon.colcon_core.package_identification:_identify(src/Multi-turtlebot3-Gazebo-ROS2/velodyne_simulator/img) by extension 'colcon_meta'
[0.623s] Level 1:colcon.colcon_core.package_identification:_identify(src/Multi-turtlebot3-Gazebo-ROS2/velodyne_simulator/img) by extensions ['ros']
[0.623s] Level 1:colcon.colcon_core.package_identification:_identify(src/Multi-turtlebot3-Gazebo-ROS2/velodyne_simulator/img) by extension 'ros'
[0.623s] Level 1:colcon.colcon_core.package_identification:_identify(src/Multi-turtlebot3-Gazebo-ROS2/velodyne_simulator/img) by extensions ['cmake', 'python']
[0.623s] Level 1:colcon.colcon_core.package_identification:_identify(src/Multi-turtlebot3-Gazebo-ROS2/velodyne_simulator/img) by extension 'cmake'
[0.623s] Level 1:colcon.colcon_core.package_identification:_identify(src/Multi-turtlebot3-Gazebo-ROS2/velodyne_simulator/img) by extension 'python'
[0.623s] Level 1:colcon.colcon_core.package_identification:_identify(src/Multi-turtlebot3-Gazebo-ROS2/velodyne_simulator/img) by extensions ['python_setup_py']
[0.623s] Level 1:colcon.colcon_core.package_identification:_identify(src/Multi-turtlebot3-Gazebo-ROS2/velodyne_simulator/img) by extension 'python_setup_py'
[0.623s] Level 1:colcon.colcon_core.package_identification:_identify(src/Multi-turtlebot3-Gazebo-ROS2/velodyne_simulator/velodyne_description) by extensions ['ignore', 'ignore_ament_install']
[0.623s] Level 1:colcon.colcon_core.package_identification:_identify(src/Multi-turtlebot3-Gazebo-ROS2/velodyne_simulator/velodyne_description) by extension 'ignore'
[0.623s] Level 1:colcon.colcon_core.package_identification:_identify(src/Multi-turtlebot3-Gazebo-ROS2/velodyne_simulator/velodyne_description) by extension 'ignore_ament_install'
[0.623s] Level 1:colcon.colcon_core.package_identification:_identify(src/Multi-turtlebot3-Gazebo-ROS2/velodyne_simulator/velodyne_description) by extensions ['colcon_pkg']
[0.623s] Level 1:colcon.colcon_core.package_identification:_identify(src/Multi-turtlebot3-Gazebo-ROS2/velodyne_simulator/velodyne_description) by extension 'colcon_pkg'
[0.623s] Level 1:colcon.colcon_core.package_identification:_identify(src/Multi-turtlebot3-Gazebo-ROS2/velodyne_simulator/velodyne_description) by extensions ['colcon_meta']
[0.623s] Level 1:colcon.colcon_core.package_identification:_identify(src/Multi-turtlebot3-Gazebo-ROS2/velodyne_simulator/velodyne_description) by extension 'colcon_meta'
[0.623s] Level 1:colcon.colcon_core.package_identification:_identify(src/Multi-turtlebot3-Gazebo-ROS2/velodyne_simulator/velodyne_description) by extensions ['ros']
[0.623s] Level 1:colcon.colcon_core.package_identification:_identify(src/Multi-turtlebot3-Gazebo-ROS2/velodyne_simulator/velodyne_description) by extension 'ros'
[0.624s] DEBUG:colcon.colcon_core.package_identification:Package 'src/Multi-turtlebot3-Gazebo-ROS2/velodyne_simulator/velodyne_description' with type 'ros.ament_cmake' and name 'velodyne_description'
[0.624s] Level 1:colcon.colcon_core.package_identification:_identify(src/Multi-turtlebot3-Gazebo-ROS2/velodyne_simulator/velodyne_gazebo_plugins) by extensions ['ignore', 'ignore_ament_install']
[0.624s] Level 1:colcon.colcon_core.package_identification:_identify(src/Multi-turtlebot3-Gazebo-ROS2/velodyne_simulator/velodyne_gazebo_plugins) by extension 'ignore'
[0.624s] Level 1:colcon.colcon_core.package_identification:_identify(src/Multi-turtlebot3-Gazebo-ROS2/velodyne_simulator/velodyne_gazebo_plugins) by extension 'ignore_ament_install'
[0.624s] Level 1:colcon.colcon_core.package_identification:_identify(src/Multi-turtlebot3-Gazebo-ROS2/velodyne_simulator/velodyne_gazebo_plugins) by extensions ['colcon_pkg']
[0.624s] Level 1:colcon.colcon_core.package_identification:_identify(src/Multi-turtlebot3-Gazebo-ROS2/velodyne_simulator/velodyne_gazebo_plugins) by extension 'colcon_pkg'
[0.624s] Level 1:colcon.colcon_core.package_identification:_identify(src/Multi-turtlebot3-Gazebo-ROS2/velodyne_simulator/velodyne_gazebo_plugins) by extensions ['colcon_meta']
[0.624s] Level 1:colcon.colcon_core.package_identification:_identify(src/Multi-turtlebot3-Gazebo-ROS2/velodyne_simulator/velodyne_gazebo_plugins) by extension 'colcon_meta'
[0.624s] Level 1:colcon.colcon_core.package_identification:_identify(src/Multi-turtlebot3-Gazebo-ROS2/velodyne_simulator/velodyne_gazebo_plugins) by extensions ['ros']
[0.624s] Level 1:colcon.colcon_core.package_identification:_identify(src/Multi-turtlebot3-Gazebo-ROS2/velodyne_simulator/velodyne_gazebo_plugins) by extension 'ros'
[0.624s] DEBUG:colcon.colcon_core.package_identification:Package 'src/Multi-turtlebot3-Gazebo-ROS2/velodyne_simulator/velodyne_gazebo_plugins' with type 'ros.ament_cmake' and name 'velodyne_gazebo_plugins'
[0.624s] Level 1:colcon.colcon_core.package_identification:_identify(src/Multi-turtlebot3-Gazebo-ROS2/velodyne_simulator/velodyne_simulator) by extensions ['ignore', 'ignore_ament_install']
[0.624s] Level 1:colcon.colcon_core.package_identification:_identify(src/Multi-turtlebot3-Gazebo-ROS2/velodyne_simulator/velodyne_simulator) by extension 'ignore'
[0.624s] Level 1:colcon.colcon_core.package_identification:_identify(src/Multi-turtlebot3-Gazebo-ROS2/velodyne_simulator/velodyne_simulator) by extension 'ignore_ament_install'
[0.625s] Level 1:colcon.colcon_core.package_identification:_identify(src/Multi-turtlebot3-Gazebo-ROS2/velodyne_simulator/velodyne_simulator) by extensions ['colcon_pkg']
[0.625s] Level 1:colcon.colcon_core.package_identification:_identify(src/Multi-turtlebot3-Gazebo-ROS2/velodyne_simulator/velodyne_simulator) by extension 'colcon_pkg'
[0.625s] Level 1:colcon.colcon_core.package_identification:_identify(src/Multi-turtlebot3-Gazebo-ROS2/velodyne_simulator/velodyne_simulator) by extensions ['colcon_meta']
[0.625s] Level 1:colcon.colcon_core.package_identification:_identify(src/Multi-turtlebot3-Gazebo-ROS2/velodyne_simulator/velodyne_simulator) by extension 'colcon_meta'
[0.625s] Level 1:colcon.colcon_core.package_identification:_identify(src/Multi-turtlebot3-Gazebo-ROS2/velodyne_simulator/velodyne_simulator) by extensions ['ros']
[0.625s] Level 1:colcon.colcon_core.package_identification:_identify(src/Multi-turtlebot3-Gazebo-ROS2/velodyne_simulator/velodyne_simulator) by extension 'ros'
[0.625s] DEBUG:colcon.colcon_core.package_identification:Package 'src/Multi-turtlebot3-Gazebo-ROS2/velodyne_simulator/velodyne_simulator' with type 'ros.ament_cmake' and name 'velodyne_simulator'
[0.625s] Level 1:colcon.colcon_core.package_discovery:discover_packages(recursive) using defaults
[0.625s] Level 1:colcon.colcon_core.package_discovery:discover_packages(ignore) discover
[0.625s] Level 1:colcon.colcon_core.package_discovery:discover_packages(ignore) using defaults
[0.625s] Level 1:colcon.colcon_core.package_discovery:discover_packages(path) discover
[0.625s] Level 1:colcon.colcon_core.package_discovery:discover_packages(path) using defaults
[0.681s] Level 1:colcon.colcon_core.package_discovery:discover_packages(prefix_path) check parameters
[0.681s] Level 1:colcon.colcon_core.package_discovery:discover_packages(prefix_path) discover
[0.698s] DEBUG:colcon.colcon_installed_package_information.package_discovery:Found 7 installed packages in /home/rajesh/multi_tb3/install
[0.713s] DEBUG:colcon.colcon_installed_package_information.package_discovery:Found 369 installed packages in /opt/ros/humble
[0.714s] Level 1:colcon.colcon_core.package_discovery:discover_packages(prefix_path) using defaults
[0.772s] Level 5:colcon.colcon_core.verb:set package 'teleop_twist_keyboard' build argument 'cmake_args' from command line to 'None'
[0.772s] Level 5:colcon.colcon_core.verb:set package 'teleop_twist_keyboard' build argument 'cmake_target' from command line to 'None'
[0.772s] Level 5:colcon.colcon_core.verb:set package 'teleop_twist_keyboard' build argument 'cmake_target_skip_unavailable' from command line to 'False'
[0.772s] Level 5:colcon.colcon_core.verb:set package 'teleop_twist_keyboard' build argument 'cmake_clean_cache' from command line to 'False'
[0.772s] Level 5:colcon.colcon_core.verb:set package 'teleop_twist_keyboard' build argument 'cmake_clean_first' from command line to 'False'
[0.772s] Level 5:colcon.colcon_core.verb:set package 'teleop_twist_keyboard' build argument 'cmake_force_configure' from command line to 'False'
[0.773s] Level 5:colcon.colcon_core.verb:set package 'teleop_twist_keyboard' build argument 'ament_cmake_args' from command line to 'None'
[0.773s] Level 5:colcon.colcon_core.verb:set package 'teleop_twist_keyboard' build argument 'catkin_cmake_args' from command line to 'None'
[0.773s] Level 5:colcon.colcon_core.verb:set package 'teleop_twist_keyboard' build argument 'catkin_skip_building_tests' from command line to 'False'
[0.773s] DEBUG:colcon.colcon_core.verb:Building package 'teleop_twist_keyboard' with the following arguments: {'ament_cmake_args': None, 'build_base': '/home/rajesh/multi_tb3/build/teleop_twist_keyboard', 'catkin_cmake_args': None, 'catkin_skip_building_tests': False, 'cmake_args': None, 'cmake_clean_cache': False, 'cmake_clean_first': False, 'cmake_force_configure': False, 'cmake_target': None, 'cmake_target_skip_unavailable': False, 'install_base': '/home/rajesh/multi_tb3/install/teleop_twist_keyboard', 'merge_install': False, 'path': '/home/rajesh/multi_tb3/src/Multi-turtlebot3-Gazebo-ROS2/teleop_twist_keyboard', 'symlink_install': False, 'test_result_base': None}
[0.781s] Level 5:colcon.colcon_core.verb:set package 'turtlebot3_description' build argument 'cmake_args' from command line to 'None'
[0.781s] Level 5:colcon.colcon_core.verb:set package 'turtlebot3_description' build argument 'cmake_target' from command line to 'None'
[0.781s] Level 5:colcon.colcon_core.verb:set package 'turtlebot3_description' build argument 'cmake_target_skip_unavailable' from command line to 'False'
[0.781s] Level 5:colcon.colcon_core.verb:set package 'turtlebot3_description' build argument 'cmake_clean_cache' from command line to 'False'
[0.781s] Level 5:colcon.colcon_core.verb:set package 'turtlebot3_description' build argument 'cmake_clean_first' from command line to 'False'
[0.781s] Level 5:colcon.colcon_core.verb:set package 'turtlebot3_description' build argument 'cmake_force_configure' from command line to 'False'
[0.781s] Level 5:colcon.colcon_core.verb:set package 'turtlebot3_description' build argument 'ament_cmake_args' from command line to 'None'
[0.781s] Level 5:colcon.colcon_core.verb:set package 'turtlebot3_description' build argument 'catkin_cmake_args' from command line to 'None'
[0.781s] Level 5:colcon.colcon_core.verb:set package 'turtlebot3_description' build argument 'catkin_skip_building_tests' from command line to 'False'
[0.781s] DEBUG:colcon.colcon_core.verb:Building package 'turtlebot3_description' with the following arguments: {'ament_cmake_args': None, 'build_base': '/home/rajesh/multi_tb3/build/turtlebot3_description', 'catkin_cmake_args': None, 'catkin_skip_building_tests': False, 'cmake_args': None, 'cmake_clean_cache': False, 'cmake_clean_first': False, 'cmake_force_configure': False, 'cmake_target': None, 'cmake_target_skip_unavailable': False, 'install_base': '/home/rajesh/multi_tb3/install/turtlebot3_description', 'merge_install': False, 'path': '/home/rajesh/multi_tb3/src/Multi-turtlebot3-Gazebo-ROS2/turtlebot3_description', 'symlink_install': False, 'test_result_base': None}
[0.789s] Level 5:colcon.colcon_core.verb:set package 'velodyne_description' build argument 'cmake_args' from command line to 'None'
[0.789s] Level 5:colcon.colcon_core.verb:set package 'velodyne_description' build argument 'cmake_target' from command line to 'None'
[0.789s] Level 5:colcon.colcon_core.verb:set package 'velodyne_description' build argument 'cmake_target_skip_unavailable' from command line to 'False'
[0.789s] Level 5:colcon.colcon_core.verb:set package 'velodyne_description' build argument 'cmake_clean_cache' from command line to 'False'
[0.789s] Level 5:colcon.colcon_core.verb:set package 'velodyne_description' build argument 'cmake_clean_first' from command line to 'False'
[0.789s] Level 5:colcon.colcon_core.verb:set package 'velodyne_description' build argument 'cmake_force_configure' from command line to 'False'
[0.789s] Level 5:colcon.colcon_core.verb:set package 'velodyne_description' build argument 'ament_cmake_args' from command line to 'None'
[0.789s] Level 5:colcon.colcon_core.verb:set package 'velodyne_description' build argument 'catkin_cmake_args' from command line to 'None'
[0.789s] Level 5:colcon.colcon_core.verb:set package 'velodyne_description' build argument 'catkin_skip_building_tests' from command line to 'False'
[0.789s] DEBUG:colcon.colcon_core.verb:Building package 'velodyne_description' with the following arguments: {'ament_cmake_args': None, 'build_base': '/home/rajesh/multi_tb3/build/velodyne_description', 'catkin_cmake_args': None, 'catkin_skip_building_tests': False, 'cmake_args': None, 'cmake_clean_cache': False, 'cmake_clean_first': False, 'cmake_force_configure': False, 'cmake_target': None, 'cmake_target_skip_unavailable': False, 'install_base': '/home/rajesh/multi_tb3/install/velodyne_description', 'merge_install': False, 'path': '/home/rajesh/multi_tb3/src/Multi-turtlebot3-Gazebo-ROS2/velodyne_simulator/velodyne_description', 'symlink_install': False, 'test_result_base': None}
[0.797s] Level 5:colcon.colcon_core.verb:set package 'velodyne_gazebo_plugins' build argument 'cmake_args' from command line to 'None'
[0.797s] Level 5:colcon.colcon_core.verb:set package 'velodyne_gazebo_plugins' build argument 'cmake_target' from command line to 'None'
[0.797s] Level 5:colcon.colcon_core.verb:set package 'velodyne_gazebo_plugins' build argument 'cmake_target_skip_unavailable' from command line to 'False'
[0.797s] Level 5:colcon.colcon_core.verb:set package 'velodyne_gazebo_plugins' build argument 'cmake_clean_cache' from command line to 'False'
[0.797s] Level 5:colcon.colcon_core.verb:set package 'velodyne_gazebo_plugins' build argument 'cmake_clean_first' from command line to 'False'
[0.797s] Level 5:colcon.colcon_core.verb:set package 'velodyne_gazebo_plugins' build argument 'cmake_force_configure' from command line to 'False'
[0.797s] Level 5:colcon.colcon_core.verb:set package 'velodyne_gazebo_plugins' build argument 'ament_cmake_args' from command line to 'None'
[0.797s] Level 5:colcon.colcon_core.verb:set package 'velodyne_gazebo_plugins' build argument 'catkin_cmake_args' from command line to 'None'
[0.797s] Level 5:colcon.colcon_core.verb:set package 'velodyne_gazebo_plugins' build argument 'catkin_skip_building_tests' from command line to 'False'
[0.797s] DEBUG:colcon.colcon_core.verb:Building package 'velodyne_gazebo_plugins' with the following arguments: {'ament_cmake_args': None, 'build_base': '/home/rajesh/multi_tb3/build/velodyne_gazebo_plugins', 'catkin_cmake_args': None, 'catkin_skip_building_tests': False, 'cmake_args': None, 'cmake_clean_cache': False, 'cmake_clean_first': False, 'cmake_force_configure': False, 'cmake_target': None, 'cmake_target_skip_unavailable': False, 'install_base': '/home/rajesh/multi_tb3/install/velodyne_gazebo_plugins', 'merge_install': False, 'path': '/home/rajesh/multi_tb3/src/Multi-turtlebot3-Gazebo-ROS2/velodyne_simulator/velodyne_gazebo_plugins', 'symlink_install': False, 'test_result_base': None}
[0.805s] Level 5:colcon.colcon_core.verb:set package 'turtlebot3_gazebo' build argument 'cmake_args' from command line to 'None'
[0.805s] Level 5:colcon.colcon_core.verb:set package 'turtlebot3_gazebo' build argument 'cmake_target' from command line to 'None'
[0.805s] Level 5:colcon.colcon_core.verb:set package 'turtlebot3_gazebo' build argument 'cmake_target_skip_unavailable' from command line to 'False'
[0.805s] Level 5:colcon.colcon_core.verb:set package 'turtlebot3_gazebo' build argument 'cmake_clean_cache' from command line to 'False'
[0.805s] Level 5:colcon.colcon_core.verb:set package 'turtlebot3_gazebo' build argument 'cmake_clean_first' from command line to 'False'
[0.805s] Level 5:colcon.colcon_core.verb:set package 'turtlebot3_gazebo' build argument 'cmake_force_configure' from command line to 'False'
[0.805s] Level 5:colcon.colcon_core.verb:set package 'turtlebot3_gazebo' build argument 'ament_cmake_args' from command line to 'None'
[0.805s] Level 5:colcon.colcon_core.verb:set package 'turtlebot3_gazebo' build argument 'catkin_cmake_args' from command line to 'None'
[0.805s] Level 5:colcon.colcon_core.verb:set package 'turtlebot3_gazebo' build argument 'catkin_skip_building_tests' from command line to 'False'
[0.805s] DEBUG:colcon.colcon_core.verb:Building package 'turtlebot3_gazebo' with the following arguments: {'ament_cmake_args': None, 'build_base': '/home/rajesh/multi_tb3/build/turtlebot3_gazebo', 'catkin_cmake_args': None, 'catkin_skip_building_tests': False, 'cmake_args': None, 'cmake_clean_cache': False, 'cmake_clean_first': False, 'cmake_force_configure': False, 'cmake_target': None, 'cmake_target_skip_unavailable': False, 'install_base': '/home/rajesh/multi_tb3/install/turtlebot3_gazebo', 'merge_install': False, 'path': '/home/rajesh/multi_tb3/src/Multi-turtlebot3-Gazebo-ROS2/turtlebot3_simulations/turtlebot3_gazebo', 'symlink_install': False, 'test_result_base': None}
[0.813s] Level 5:colcon.colcon_core.verb:set package 'velodyne_simulator' build argument 'cmake_args' from command line to 'None'
[0.813s] Level 5:colcon.colcon_core.verb:set package 'velodyne_simulator' build argument 'cmake_target' from command line to 'None'
[0.813s] Level 5:colcon.colcon_core.verb:set package 'velodyne_simulator' build argument 'cmake_target_skip_unavailable' from command line to 'False'
[0.813s] Level 5:colcon.colcon_core.verb:set package 'velodyne_simulator' build argument 'cmake_clean_cache' from command line to 'False'
[0.813s] Level 5:colcon.colcon_core.verb:set package 'velodyne_simulator' build argument 'cmake_clean_first' from command line to 'False'
[0.813s] Level 5:colcon.colcon_core.verb:set package 'velodyne_simulator' build argument 'cmake_force_configure' from command line to 'False'
[0.813s] Level 5:colcon.colcon_core.verb:set package 'velodyne_simulator' build argument 'ament_cmake_args' from command line to 'None'
[0.813s] Level 5:colcon.colcon_core.verb:set package 'velodyne_simulator' build argument 'catkin_cmake_args' from command line to 'None'
[0.813s] Level 5:colcon.colcon_core.verb:set package 'velodyne_simulator' build argument 'catkin_skip_building_tests' from command line to 'False'
[0.813s] DEBUG:colcon.colcon_core.verb:Building package 'velodyne_simulator' with the following arguments: {'ament_cmake_args': None, 'build_base': '/home/rajesh/multi_tb3/build/velodyne_simulator', 'catkin_cmake_args': None, 'catkin_skip_building_tests': False, 'cmake_args': None, 'cmake_clean_cache': False, 'cmake_clean_first': False, 'cmake_force_configure': False, 'cmake_target': None, 'cmake_target_skip_unavailable': False, 'install_base': '/home/rajesh/multi_tb3/install/velodyne_simulator', 'merge_install': False, 'path': '/home/rajesh/multi_tb3/src/Multi-turtlebot3-Gazebo-ROS2/velodyne_simulator/velodyne_simulator', 'symlink_install': False, 'test_result_base': None}
[0.821s] Level 5:colcon.colcon_core.verb:set package 'turtlebot3_simulations' build argument 'cmake_args' from command line to 'None'
[0.821s] Level 5:colcon.colcon_core.verb:set package 'turtlebot3_simulations' build argument 'cmake_target' from command line to 'None'
[0.821s] Level 5:colcon.colcon_core.verb:set package 'turtlebot3_simulations' build argument 'cmake_target_skip_unavailable' from command line to 'False'
[0.821s] Level 5:colcon.colcon_core.verb:set package 'turtlebot3_simulations' build argument 'cmake_clean_cache' from command line to 'False'
[0.821s] Level 5:colcon.colcon_core.verb:set package 'turtlebot3_simulations' build argument 'cmake_clean_first' from command line to 'False'
[0.821s] Level 5:colcon.colcon_core.verb:set package 'turtlebot3_simulations' build argument 'cmake_force_configure' from command line to 'False'
[0.821s] Level 5:colcon.colcon_core.verb:set package 'turtlebot3_simulations' build argument 'ament_cmake_args' from command line to 'None'
[0.821s] Level 5:colcon.colcon_core.verb:set package 'turtlebot3_simulations' build argument 'catkin_cmake_args' from command line to 'None'
[0.821s] Level 5:colcon.colcon_core.verb:set package 'turtlebot3_simulations' build argument 'catkin_skip_building_tests' from command line to 'False'
[0.821s] DEBUG:colcon.colcon_core.verb:Building package 'turtlebot3_simulations' with the following arguments: {'ament_cmake_args': None, 'build_base': '/home/rajesh/multi_tb3/build/turtlebot3_simulations', 'catkin_cmake_args': None, 'catkin_skip_building_tests': False, 'cmake_args': None, 'cmake_clean_cache': False, 'cmake_clean_first': False, 'cmake_force_configure': False, 'cmake_target': None, 'cmake_target_skip_unavailable': False, 'install_base': '/home/rajesh/multi_tb3/install/turtlebot3_simulations', 'merge_install': False, 'path': '/home/rajesh/multi_tb3/src/Multi-turtlebot3-Gazebo-ROS2/turtlebot3_simulations/turtlebot3_simulations', 'symlink_install': False, 'test_result_base': None}
[0.829s] INFO:colcon.colcon_core.executor:Executing jobs using 'parallel' executor
[0.838s] DEBUG:colcon.colcon_parallel_executor.executor.parallel:run_until_complete
[0.838s] INFO:colcon.colcon_ros.task.ament_cmake.build:Building ROS package in '/home/rajesh/multi_tb3/src/Multi-turtlebot3-Gazebo-ROS2/velodyne_simulator/velodyne_description' with build type 'ament_cmake'
[0.838s] INFO:colcon.colcon_cmake.task.cmake.build:Building CMake package in '/home/rajesh/multi_tb3/src/Multi-turtlebot3-Gazebo-ROS2/velodyne_simulator/velodyne_description'
[0.847s] INFO:colcon.colcon_core.plugin_system:Skipping extension 'colcon_core.shell.bat': Not used on non-Windows systems
[0.847s] INFO:colcon.colcon_core.shell:Skip shell extension 'powershell' for command environment: Not usable outside of PowerShell
[0.848s] DEBUG:colcon.colcon_core.shell:Skip shell extension 'dsv' for command environment
[0.875s] INFO:colcon.colcon_ros.task.ament_cmake.build:Building ROS package in '/home/rajesh/multi_tb3/src/Multi-turtlebot3-Gazebo-ROS2/turtlebot3_description' with build type 'ament_cmake'
[0.875s] INFO:colcon.colcon_cmake.task.cmake.build:Building CMake package in '/home/rajesh/multi_tb3/src/Multi-turtlebot3-Gazebo-ROS2/turtlebot3_description'
[0.885s] INFO:colcon.colcon_core.shell:Skip shell extension 'powershell' for command environment: Not usable outside of PowerShell
[0.885s] DEBUG:colcon.colcon_core.shell:Skip shell extension 'dsv' for command environment
[0.913s] INFO:colcon.colcon_ros.task.ament_cmake.build:Building ROS package in '/home/rajesh/multi_tb3/src/Multi-turtlebot3-Gazebo-ROS2/velodyne_simulator/velodyne_gazebo_plugins' with build type 'ament_cmake'
[0.913s] INFO:colcon.colcon_cmake.task.cmake.build:Building CMake package in '/home/rajesh/multi_tb3/src/Multi-turtlebot3-Gazebo-ROS2/velodyne_simulator/velodyne_gazebo_plugins'
[0.922s] INFO:colcon.colcon_core.shell:Skip shell extension 'powershell' for command environment: Not usable outside of PowerShell
[0.922s] DEBUG:colcon.colcon_core.shell:Skip shell extension 'dsv' for command environment
[0.949s] INFO:colcon.colcon_ros.task.ament_python.build:Building ROS package in '/home/rajesh/multi_tb3/src/Multi-turtlebot3-Gazebo-ROS2/teleop_twist_keyboard' with build type 'ament_python'
[0.949s] Level 1:colcon.colcon_core.shell:create_environment_hook('teleop_twist_keyboard', 'ament_prefix_path')
[0.966s] INFO:colcon.colcon_core.shell:Creating environment hook '/home/rajesh/multi_tb3/install/teleop_twist_keyboard/share/teleop_twist_keyboard/hook/ament_prefix_path.ps1'
[0.966s] INFO:colcon.colcon_core.shell:Creating environment descriptor '/home/rajesh/multi_tb3/install/teleop_twist_keyboard/share/teleop_twist_keyboard/hook/ament_prefix_path.dsv'
[0.967s] INFO:colcon.colcon_core.shell:Creating environment hook '/home/rajesh/multi_tb3/install/teleop_twist_keyboard/share/teleop_twist_keyboard/hook/ament_prefix_path.sh'
[0.975s] INFO:colcon.colcon_core.shell:Skip shell extension 'powershell' for command environment: Not usable outside of PowerShell
[0.976s] DEBUG:colcon.colcon_core.shell:Skip shell extension 'dsv' for command environment
[1.007s] DEBUG:colcon.colcon_core.event_handler.log_command:Invoking command in '/home/rajesh/multi_tb3/build/velodyne_description': CMAKE_PREFIX_PATH=${CMAKE_PREFIX_PATH}:/home/rajesh/multi_tb3/install/teleop_twist_keyboard:/opt/ros/humble /usr/bin/cmake --build /home/rajesh/multi_tb3/build/velodyne_description -- -j12 -l12
[1.008s] DEBUG:colcon.colcon_core.event_handler.log_command:Invoking command in '/home/rajesh/multi_tb3/build/turtlebot3_description': CMAKE_PREFIX_PATH=${CMAKE_PREFIX_PATH}:/home/rajesh/multi_tb3/install/teleop_twist_keyboard:/opt/ros/humble /usr/bin/cmake --build /home/rajesh/multi_tb3/build/turtlebot3_description -- -j12 -l12
[1.013s] DEBUG:colcon.colcon_core.event_handler.log_command:Invoking command in '/home/rajesh/multi_tb3/build/velodyne_gazebo_plugins': CMAKE_PREFIX_PATH=${CMAKE_PREFIX_PATH}:/home/rajesh/multi_tb3/install/teleop_twist_keyboard:/opt/ros/humble /usr/bin/cmake --build /home/rajesh/multi_tb3/build/velodyne_gazebo_plugins -- -j12 -l12
[1.209s] INFO:colcon.colcon_core.task.python.build:Building Python package in '/home/rajesh/multi_tb3/src/Multi-turtlebot3-Gazebo-ROS2/teleop_twist_keyboard'
[1.217s] INFO:colcon.colcon_core.shell:Skip shell extension 'powershell' for command environment: Not usable outside of PowerShell
[1.218s] DEBUG:colcon.colcon_core.shell:Skip shell extension 'dsv' for command environment
[1.246s] DEBUG:colcon.colcon_core.event_handler.log_command:Invoked command in '/home/rajesh/multi_tb3/build/turtlebot3_description' returned '0': CMAKE_PREFIX_PATH=${CMAKE_PREFIX_PATH}:/home/rajesh/multi_tb3/install/teleop_twist_keyboard:/opt/ros/humble /usr/bin/cmake --build /home/rajesh/multi_tb3/build/turtlebot3_description -- -j12 -l12
[1.248s] DEBUG:colcon.colcon_core.event_handler.log_command:Invoked command in '/home/rajesh/multi_tb3/build/velodyne_gazebo_plugins' returned '0': CMAKE_PREFIX_PATH=${CMAKE_PREFIX_PATH}:/home/rajesh/multi_tb3/install/teleop_twist_keyboard:/opt/ros/humble /usr/bin/cmake --build /home/rajesh/multi_tb3/build/velodyne_gazebo_plugins -- -j12 -l12
[1.249s] DEBUG:colcon.colcon_core.event_handler.log_command:Invoked command in '/home/rajesh/multi_tb3/build/velodyne_description' returned '0': CMAKE_PREFIX_PATH=${CMAKE_PREFIX_PATH}:/home/rajesh/multi_tb3/install/teleop_twist_keyboard:/opt/ros/humble /usr/bin/cmake --build /home/rajesh/multi_tb3/build/velodyne_description -- -j12 -l12
[1.269s] DEBUG:colcon.colcon_core.event_handler.log_command:Invoking command in '/home/rajesh/multi_tb3/build/velodyne_description': CMAKE_PREFIX_PATH=${CMAKE_PREFIX_PATH}:/home/rajesh/multi_tb3/install/teleop_twist_keyboard:/opt/ros/humble /usr/bin/cmake --install /home/rajesh/multi_tb3/build/velodyne_description
[1.271s] DEBUG:colcon.colcon_core.event_handler.log_command:Invoking command in '/home/rajesh/multi_tb3/build/turtlebot3_description': CMAKE_PREFIX_PATH=${CMAKE_PREFIX_PATH}:/home/rajesh/multi_tb3/install/teleop_twist_keyboard:/opt/ros/humble /usr/bin/cmake --install /home/rajesh/multi_tb3/build/turtlebot3_description
[1.273s] DEBUG:colcon.colcon_core.event_handler.log_command:Invoking command in '/home/rajesh/multi_tb3/build/velodyne_gazebo_plugins': CMAKE_PREFIX_PATH=${CMAKE_PREFIX_PATH}:/home/rajesh/multi_tb3/install/teleop_twist_keyboard:/opt/ros/humble /usr/bin/cmake --install /home/rajesh/multi_tb3/build/velodyne_gazebo_plugins
[1.276s] Level 1:colcon.colcon_core.environment:create_environment_scripts_only(velodyne_description)
[1.281s] DEBUG:colcon.colcon_core.event_handler.log_command:Invoked command in '/home/rajesh/multi_tb3/build/velodyne_description' returned '0': CMAKE_PREFIX_PATH=${CMAKE_PREFIX_PATH}:/home/rajesh/multi_tb3/install/teleop_twist_keyboard:/opt/ros/humble /usr/bin/cmake --install /home/rajesh/multi_tb3/build/velodyne_description
[1.299s] Level 1:colcon.colcon_core.environment:checking '/home/rajesh/multi_tb3/install/velodyne_description' for CMake module files
[1.300s] Level 1:colcon.colcon_core.environment:checking '/home/rajesh/multi_tb3/install/velodyne_description' for CMake config files
[1.300s] Level 1:colcon.colcon_core.shell:create_environment_hook('velodyne_description', 'cmake_prefix_path')
[1.308s] INFO:colcon.colcon_core.shell:Creating environment hook '/home/rajesh/multi_tb3/install/velodyne_description/share/velodyne_description/hook/cmake_prefix_path.ps1'
[1.309s] INFO:colcon.colcon_core.shell:Creating environment descriptor '/home/rajesh/multi_tb3/install/velodyne_description/share/velodyne_description/hook/cmake_prefix_path.dsv'
[1.309s] INFO:colcon.colcon_core.shell:Creating environment hook '/home/rajesh/multi_tb3/install/velodyne_description/share/velodyne_description/hook/cmake_prefix_path.sh'
[1.309s] Level 1:colcon.colcon_core.environment:checking '/home/rajesh/multi_tb3/install/velodyne_description/bin'
[1.309s] Level 1:colcon.colcon_core.environment:checking '/home/rajesh/multi_tb3/install/velodyne_description/lib/pkgconfig/velodyne_description.pc'
[1.309s] Level 1:colcon.colcon_core.environment:checking '/home/rajesh/multi_tb3/install/velodyne_description/lib/python3.10/site-packages'
[1.309s] Level 1:colcon.colcon_core.environment:checking '/home/rajesh/multi_tb3/install/velodyne_description/bin'
[1.317s] INFO:colcon.colcon_core.shell:Creating package script '/home/rajesh/multi_tb3/install/velodyne_description/share/velodyne_description/package.ps1'
[1.318s] INFO:colcon.colcon_core.shell:Creating package descriptor '/home/rajesh/multi_tb3/install/velodyne_description/share/velodyne_description/package.dsv'
[1.318s] INFO:colcon.colcon_core.shell:Creating package script '/home/rajesh/multi_tb3/install/velodyne_description/share/velodyne_description/package.sh'
[1.318s] INFO:colcon.colcon_core.shell:Creating package script '/home/rajesh/multi_tb3/install/velodyne_description/share/velodyne_description/package.bash'
[1.319s] INFO:colcon.colcon_core.shell:Creating package script '/home/rajesh/multi_tb3/install/velodyne_description/share/velodyne_description/package.zsh'
[1.319s] Level 1:colcon.colcon_core.environment:create_file_with_runtime_dependencies(/home/rajesh/multi_tb3/install/velodyne_description/share/colcon-core/packages/velodyne_description)
[1.321s] Level 1:colcon.colcon_core.environment:create_environment_scripts_only(turtlebot3_description)
[1.322s] DEBUG:colcon.colcon_core.event_handler.log_command:Invoked command in '/home/rajesh/multi_tb3/build/turtlebot3_description' returned '0': CMAKE_PREFIX_PATH=${CMAKE_PREFIX_PATH}:/home/rajesh/multi_tb3/install/teleop_twist_keyboard:/opt/ros/humble /usr/bin/cmake --install /home/rajesh/multi_tb3/build/turtlebot3_description
[1.343s] Level 1:colcon.colcon_core.environment:checking '/home/rajesh/multi_tb3/install/turtlebot3_description' for CMake module files
[1.343s] Level 1:colcon.colcon_core.environment:checking '/home/rajesh/multi_tb3/install/turtlebot3_description' for CMake config files
[1.344s] Level 1:colcon.colcon_core.shell:create_environment_hook('turtlebot3_description', 'cmake_prefix_path')
[1.358s] INFO:colcon.colcon_core.shell:Creating environment hook '/home/rajesh/multi_tb3/install/turtlebot3_description/share/turtlebot3_description/hook/cmake_prefix_path.ps1'
[1.359s] INFO:colcon.colcon_core.shell:Creating environment descriptor '/home/rajesh/multi_tb3/install/turtlebot3_description/share/turtlebot3_description/hook/cmake_prefix_path.dsv'
[1.359s] INFO:colcon.colcon_core.shell:Creating environment hook '/home/rajesh/multi_tb3/install/turtlebot3_description/share/turtlebot3_description/hook/cmake_prefix_path.sh'
[1.359s] Level 1:colcon.colcon_core.environment:checking '/home/rajesh/multi_tb3/install/turtlebot3_description/bin'
[1.359s] Level 1:colcon.colcon_core.environment:checking '/home/rajesh/multi_tb3/install/turtlebot3_description/lib/pkgconfig/turtlebot3_description.pc'
[1.359s] Level 1:colcon.colcon_core.environment:checking '/home/rajesh/multi_tb3/install/turtlebot3_description/lib/python3.10/site-packages'
[1.360s] Level 1:colcon.colcon_core.environment:checking '/home/rajesh/multi_tb3/install/turtlebot3_description/bin'
[1.368s] INFO:colcon.colcon_core.shell:Creating package script '/home/rajesh/multi_tb3/install/turtlebot3_description/share/turtlebot3_description/package.ps1'
[1.368s] INFO:colcon.colcon_core.shell:Creating package descriptor '/home/rajesh/multi_tb3/install/turtlebot3_description/share/turtlebot3_description/package.dsv'
[1.368s] INFO:colcon.colcon_core.shell:Creating package script '/home/rajesh/multi_tb3/install/turtlebot3_description/share/turtlebot3_description/package.sh'
[1.369s] INFO:colcon.colcon_core.shell:Creating package script '/home/rajesh/multi_tb3/install/turtlebot3_description/share/turtlebot3_description/package.bash'
[1.369s] INFO:colcon.colcon_core.shell:Creating package script '/home/rajesh/multi_tb3/install/turtlebot3_description/share/turtlebot3_description/package.zsh'
[1.369s] Level 1:colcon.colcon_core.environment:create_file_with_runtime_dependencies(/home/rajesh/multi_tb3/install/turtlebot3_description/share/colcon-core/packages/turtlebot3_description)
[1.370s] Level 1:colcon.colcon_core.environment:create_environment_scripts_only(velodyne_gazebo_plugins)
[1.371s] DEBUG:colcon.colcon_core.event_handler.log_command:Invoked command in '/home/rajesh/multi_tb3/build/velodyne_gazebo_plugins' returned '0': CMAKE_PREFIX_PATH=${CMAKE_PREFIX_PATH}:/home/rajesh/multi_tb3/install/teleop_twist_keyboard:/opt/ros/humble /usr/bin/cmake --install /home/rajesh/multi_tb3/build/velodyne_gazebo_plugins
[1.391s] Level 1:colcon.colcon_core.environment:checking '/home/rajesh/multi_tb3/install/velodyne_gazebo_plugins' for CMake module files
[1.392s] Level 1:colcon.colcon_core.environment:checking '/home/rajesh/multi_tb3/install/velodyne_gazebo_plugins' for CMake config files
[1.392s] Level 1:colcon.colcon_core.shell:create_environment_hook('velodyne_gazebo_plugins', 'cmake_prefix_path')
[1.404s] INFO:colcon.colcon_core.shell:Creating environment hook '/home/rajesh/multi_tb3/install/velodyne_gazebo_plugins/share/velodyne_gazebo_plugins/hook/cmake_prefix_path.ps1'
[1.404s] INFO:colcon.colcon_core.shell:Creating environment descriptor '/home/rajesh/multi_tb3/install/velodyne_gazebo_plugins/share/velodyne_gazebo_plugins/hook/cmake_prefix_path.dsv'
[1.405s] INFO:colcon.colcon_core.shell:Creating environment hook '/home/rajesh/multi_tb3/install/velodyne_gazebo_plugins/share/velodyne_gazebo_plugins/hook/cmake_prefix_path.sh'
[1.405s] Level 1:colcon.colcon_core.environment:checking '/home/rajesh/multi_tb3/install/velodyne_gazebo_plugins/lib'
[1.405s] Level 1:colcon.colcon_core.shell:create_environment_hook('velodyne_gazebo_plugins', 'ld_library_path_lib')
[1.413s] INFO:colcon.colcon_core.shell:Creating environment hook '/home/rajesh/multi_tb3/install/velodyne_gazebo_plugins/share/velodyne_gazebo_plugins/hook/ld_library_path_lib.ps1'
[1.413s] INFO:colcon.colcon_core.shell:Creating environment descriptor '/home/rajesh/multi_tb3/install/velodyne_gazebo_plugins/share/velodyne_gazebo_plugins/hook/ld_library_path_lib.dsv'
[1.413s] INFO:colcon.colcon_core.shell:Creating environment hook '/home/rajesh/multi_tb3/install/velodyne_gazebo_plugins/share/velodyne_gazebo_plugins/hook/ld_library_path_lib.sh'
[1.414s] Level 1:colcon.colcon_core.environment:checking '/home/rajesh/multi_tb3/install/velodyne_gazebo_plugins/bin'
[1.414s] Level 1:colcon.colcon_core.environment:checking '/home/rajesh/multi_tb3/install/velodyne_gazebo_plugins/lib/pkgconfig/velodyne_gazebo_plugins.pc'
[1.414s] Level 1:colcon.colcon_core.environment:checking '/home/rajesh/multi_tb3/install/velodyne_gazebo_plugins/lib/python3.10/site-packages'
[1.414s] Level 1:colcon.colcon_core.environment:checking '/home/rajesh/multi_tb3/install/velodyne_gazebo_plugins/bin'
[1.422s] INFO:colcon.colcon_core.shell:Creating package script '/home/rajesh/multi_tb3/install/velodyne_gazebo_plugins/share/velodyne_gazebo_plugins/package.ps1'
[1.422s] INFO:colcon.colcon_core.shell:Creating package descriptor '/home/rajesh/multi_tb3/install/velodyne_gazebo_plugins/share/velodyne_gazebo_plugins/package.dsv'
[1.423s] INFO:colcon.colcon_core.shell:Creating package script '/home/rajesh/multi_tb3/install/velodyne_gazebo_plugins/share/velodyne_gazebo_plugins/package.sh'
[1.423s] INFO:colcon.colcon_core.shell:Creating package script '/home/rajesh/multi_tb3/install/velodyne_gazebo_plugins/share/velodyne_gazebo_plugins/package.bash'
[1.423s] INFO:colcon.colcon_core.shell:Creating package script '/home/rajesh/multi_tb3/install/velodyne_gazebo_plugins/share/velodyne_gazebo_plugins/package.zsh'
[1.423s] Level 1:colcon.colcon_core.environment:create_file_with_runtime_dependencies(/home/rajesh/multi_tb3/install/velodyne_gazebo_plugins/share/colcon-core/packages/velodyne_gazebo_plugins)
[1.441s] Level 1:colcon.colcon_core.environment:create_environment_scripts_only(velodyne_description)
[1.450s] Level 1:colcon.colcon_core.environment:checking '/home/rajesh/multi_tb3/install/velodyne_description' for CMake module files
[1.450s] Level 1:colcon.colcon_core.environment:checking '/home/rajesh/multi_tb3/install/velodyne_description' for CMake config files
[1.450s] Level 1:colcon.colcon_core.shell:create_environment_hook('velodyne_description', 'cmake_prefix_path')
[1.459s] INFO:colcon.colcon_core.shell:Creating environment hook '/home/rajesh/multi_tb3/install/velodyne_description/share/velodyne_description/hook/cmake_prefix_path.ps1'
[1.459s] INFO:colcon.colcon_core.shell:Creating environment descriptor '/home/rajesh/multi_tb3/install/velodyne_description/share/velodyne_description/hook/cmake_prefix_path.dsv'
[1.459s] INFO:colcon.colcon_core.shell:Creating environment hook '/home/rajesh/multi_tb3/install/velodyne_description/share/velodyne_description/hook/cmake_prefix_path.sh'
[1.460s] Level 1:colcon.colcon_core.environment:checking '/home/rajesh/multi_tb3/install/velodyne_description/bin'
[1.460s] Level 1:colcon.colcon_core.environment:checking '/home/rajesh/multi_tb3/install/velodyne_description/lib/pkgconfig/velodyne_description.pc'
[1.460s] Level 1:colcon.colcon_core.environment:checking '/home/rajesh/multi_tb3/install/velodyne_description/lib/python3.10/site-packages'
[1.460s] Level 1:colcon.colcon_core.environment:checking '/home/rajesh/multi_tb3/install/velodyne_description/bin'
[1.469s] INFO:colcon.colcon_core.shell:Creating package script '/home/rajesh/multi_tb3/install/velodyne_description/share/velodyne_description/package.ps1'
[1.469s] INFO:colcon.colcon_core.shell:Creating package descriptor '/home/rajesh/multi_tb3/install/velodyne_description/share/velodyne_description/package.dsv'
[1.470s] INFO:colcon.colcon_core.shell:Creating package script '/home/rajesh/multi_tb3/install/velodyne_description/share/velodyne_description/package.sh'
[1.470s] INFO:colcon.colcon_core.shell:Creating package script '/home/rajesh/multi_tb3/install/velodyne_description/share/velodyne_description/package.bash'
[1.470s] INFO:colcon.colcon_core.shell:Creating package script '/home/rajesh/multi_tb3/install/velodyne_description/share/velodyne_description/package.zsh'
[1.471s] Level 1:colcon.colcon_core.environment:create_file_with_runtime_dependencies(/home/rajesh/multi_tb3/install/velodyne_description/share/colcon-core/packages/velodyne_description)
[1.481s] Level 1:colcon.colcon_core.environment:create_environment_scripts_only(turtlebot3_description)
[1.489s] Level 1:colcon.colcon_core.environment:checking '/home/rajesh/multi_tb3/install/turtlebot3_description' for CMake module files
[1.490s] Level 1:colcon.colcon_core.environment:checking '/home/rajesh/multi_tb3/install/turtlebot3_description' for CMake config files
[1.490s] Level 1:colcon.colcon_core.shell:create_environment_hook('turtlebot3_description', 'cmake_prefix_path')
[1.499s] INFO:colcon.colcon_core.shell:Creating environment hook '/home/rajesh/multi_tb3/install/turtlebot3_description/share/turtlebot3_description/hook/cmake_prefix_path.ps1'
[1.499s] INFO:colcon.colcon_core.shell:Creating environment descriptor '/home/rajesh/multi_tb3/install/turtlebot3_description/share/turtlebot3_description/hook/cmake_prefix_path.dsv'
[1.499s] INFO:colcon.colcon_core.shell:Creating environment hook '/home/rajesh/multi_tb3/install/turtlebot3_description/share/turtlebot3_description/hook/cmake_prefix_path.sh'
[1.499s] Level 1:colcon.colcon_core.environment:checking '/home/rajesh/multi_tb3/install/turtlebot3_description/bin'
[1.499s] Level 1:colcon.colcon_core.environment:checking '/home/rajesh/multi_tb3/install/turtlebot3_description/lib/pkgconfig/turtlebot3_description.pc'
[1.500s] Level 1:colcon.colcon_core.environment:checking '/home/rajesh/multi_tb3/install/turtlebot3_description/lib/python3.10/site-packages'
[1.500s] Level 1:colcon.colcon_core.environment:checking '/home/rajesh/multi_tb3/install/turtlebot3_description/bin'
[1.516s] INFO:colcon.colcon_core.shell:Creating package script '/home/rajesh/multi_tb3/install/turtlebot3_description/share/turtlebot3_description/package.ps1'
[1.517s] INFO:colcon.colcon_core.shell:Creating package descriptor '/home/rajesh/multi_tb3/install/turtlebot3_description/share/turtlebot3_description/package.dsv'
[1.517s] INFO:colcon.colcon_core.shell:Creating package script '/home/rajesh/multi_tb3/install/turtlebot3_description/share/turtlebot3_description/package.sh'
[1.517s] INFO:colcon.colcon_core.shell:Creating package script '/home/rajesh/multi_tb3/install/turtlebot3_description/share/turtlebot3_description/package.bash'
[1.517s] INFO:colcon.colcon_core.shell:Creating package script '/home/rajesh/multi_tb3/install/turtlebot3_description/share/turtlebot3_description/package.zsh'
[1.518s] Level 1:colcon.colcon_core.environment:create_file_with_runtime_dependencies(/home/rajesh/multi_tb3/install/turtlebot3_description/share/colcon-core/packages/turtlebot3_description)
[1.518s] INFO:colcon.colcon_ros.task.ament_cmake.build:Building ROS package in '/home/rajesh/multi_tb3/src/Multi-turtlebot3-Gazebo-ROS2/turtlebot3_simulations/turtlebot3_gazebo' with build type 'ament_cmake'
[1.519s] INFO:colcon.colcon_cmake.task.cmake.build:Building CMake package in '/home/rajesh/multi_tb3/src/Multi-turtlebot3-Gazebo-ROS2/turtlebot3_simulations/turtlebot3_gazebo'
[1.528s] INFO:colcon.colcon_core.shell:Skip shell extension 'powershell' for command environment: Not usable outside of PowerShell
[1.528s] DEBUG:colcon.colcon_core.shell:Skip shell extension 'dsv' for command environment
[1.565s] Level 1:colcon.colcon_core.environment:create_environment_scripts_only(velodyne_gazebo_plugins)
[1.574s] Level 1:colcon.colcon_core.environment:checking '/home/rajesh/multi_tb3/install/velodyne_gazebo_plugins' for CMake module files
[1.574s] Level 1:colcon.colcon_core.environment:checking '/home/rajesh/multi_tb3/install/velodyne_gazebo_plugins' for CMake config files
[1.574s] Level 1:colcon.colcon_core.shell:create_environment_hook('velodyne_gazebo_plugins', 'cmake_prefix_path')
[1.583s] INFO:colcon.colcon_core.shell:Creating environment hook '/home/rajesh/multi_tb3/install/velodyne_gazebo_plugins/share/velodyne_gazebo_plugins/hook/cmake_prefix_path.ps1'
[1.583s] INFO:colcon.colcon_core.shell:Creating environment descriptor '/home/rajesh/multi_tb3/install/velodyne_gazebo_plugins/share/velodyne_gazebo_plugins/hook/cmake_prefix_path.dsv'
[1.583s] INFO:colcon.colcon_core.shell:Creating environment hook '/home/rajesh/multi_tb3/install/velodyne_gazebo_plugins/share/velodyne_gazebo_plugins/hook/cmake_prefix_path.sh'
[1.583s] Level 1:colcon.colcon_core.environment:checking '/home/rajesh/multi_tb3/install/velodyne_gazebo_plugins/lib'
[1.583s] Level 1:colcon.colcon_core.shell:create_environment_hook('velodyne_gazebo_plugins', 'ld_library_path_lib')
[1.592s] INFO:colcon.colcon_core.shell:Creating environment hook '/home/rajesh/multi_tb3/install/velodyne_gazebo_plugins/share/velodyne_gazebo_plugins/hook/ld_library_path_lib.ps1'
[1.592s] INFO:colcon.colcon_core.shell:Creating environment descriptor '/home/rajesh/multi_tb3/install/velodyne_gazebo_plugins/share/velodyne_gazebo_plugins/hook/ld_library_path_lib.dsv'
[1.592s] INFO:colcon.colcon_core.shell:Creating environment hook '/home/rajesh/multi_tb3/install/velodyne_gazebo_plugins/share/velodyne_gazebo_plugins/hook/ld_library_path_lib.sh'
[1.592s] Level 1:colcon.colcon_core.environment:checking '/home/rajesh/multi_tb3/install/velodyne_gazebo_plugins/bin'
[1.592s] Level 1:colcon.colcon_core.environment:checking '/home/rajesh/multi_tb3/install/velodyne_gazebo_plugins/lib/pkgconfig/velodyne_gazebo_plugins.pc'
[1.592s] Level 1:colcon.colcon_core.environment:checking '/home/rajesh/multi_tb3/install/velodyne_gazebo_plugins/lib/python3.10/site-packages'
[1.593s] Level 1:colcon.colcon_core.environment:checking '/home/rajesh/multi_tb3/install/velodyne_gazebo_plugins/bin'
[1.601s] INFO:colcon.colcon_core.shell:Creating package script '/home/rajesh/multi_tb3/install/velodyne_gazebo_plugins/share/velodyne_gazebo_plugins/package.ps1'
[1.601s] INFO:colcon.colcon_core.shell:Creating package descriptor '/home/rajesh/multi_tb3/install/velodyne_gazebo_plugins/share/velodyne_gazebo_plugins/package.dsv'
[1.601s] INFO:colcon.colcon_core.shell:Creating package script '/home/rajesh/multi_tb3/install/velodyne_gazebo_plugins/share/velodyne_gazebo_plugins/package.sh'
[1.601s] INFO:colcon.colcon_core.shell:Creating package script '/home/rajesh/multi_tb3/install/velodyne_gazebo_plugins/share/velodyne_gazebo_plugins/package.bash'
[1.602s] INFO:colcon.colcon_core.shell:Creating package script '/home/rajesh/multi_tb3/install/velodyne_gazebo_plugins/share/velodyne_gazebo_plugins/package.zsh'
[1.602s] Level 1:colcon.colcon_core.environment:create_file_with_runtime_dependencies(/home/rajesh/multi_tb3/install/velodyne_gazebo_plugins/share/colcon-core/packages/velodyne_gazebo_plugins)
[1.603s] INFO:colcon.colcon_ros.task.ament_cmake.build:Building ROS package in '/home/rajesh/multi_tb3/src/Multi-turtlebot3-Gazebo-ROS2/velodyne_simulator/velodyne_simulator' with build type 'ament_cmake'
[1.603s] INFO:colcon.colcon_cmake.task.cmake.build:Building CMake package in '/home/rajesh/multi_tb3/src/Multi-turtlebot3-Gazebo-ROS2/velodyne_simulator/velodyne_simulator'
[1.605s] DEBUG:colcon.colcon_core.event_handler.log_command:Invoking command in '/home/rajesh/multi_tb3/src/Multi-turtlebot3-Gazebo-ROS2/teleop_twist_keyboard': PYTHONPATH=/home/rajesh/multi_tb3/build/teleop_twist_keyboard/prefix_override:/home/rajesh/multi_tb3/install/teleop_twist_keyboard/lib/python3.10/site-packages:${PYTHONPATH} /usr/bin/python3 setup.py egg_info --egg-base ../../../build/teleop_twist_keyboard build --build-base /home/rajesh/multi_tb3/build/teleop_twist_keyboard/build install --record /home/rajesh/multi_tb3/build/teleop_twist_keyboard/install.log --single-version-externally-managed
[1.613s] INFO:colcon.colcon_core.shell:Skip shell extension 'powershell' for command environment: Not usable outside of PowerShell
[1.613s] DEBUG:colcon.colcon_core.shell:Skip shell extension 'dsv' for command environment
[1.647s] DEBUG:colcon.colcon_core.event_handler.log_command:Invoking command in '/home/rajesh/multi_tb3/build/turtlebot3_gazebo': CMAKE_PREFIX_PATH=/home/rajesh/multi_tb3/install/velodyne_description:/home/rajesh/multi_tb3/install/turtlebot3_description:/home/rajesh/multi_tb3/install/velodyne_simulator:/home/rajesh/multi_tb3/install/velodyne_gazebo_plugins:/home/rajesh/multi_tb3/install/turtlebot3_simulations:/home/rajesh/multi_tb3/install/turtlebot3_gazebo:/home/rajesh/multi_tb3/install/teleop_twist_keyboard:/opt/ros/humble /usr/bin/cmake --build /home/rajesh/multi_tb3/build/turtlebot3_gazebo -- -j12 -l12
[1.651s] DEBUG:colcon.colcon_core.event_handler.log_command:Invoking command in '/home/rajesh/multi_tb3/build/velodyne_simulator': CMAKE_PREFIX_PATH=/home/rajesh/multi_tb3/install/velodyne_gazebo_plugins:/home/rajesh/multi_tb3/install/velodyne_description:/home/rajesh/multi_tb3/install/velodyne_simulator:/home/rajesh/multi_tb3/install/turtlebot3_simulations:/home/rajesh/multi_tb3/install/turtlebot3_gazebo:/home/rajesh/multi_tb3/install/turtlebot3_description:/home/rajesh/multi_tb3/install/teleop_twist_keyboard:/opt/ros/humble /usr/bin/cmake --build /home/rajesh/multi_tb3/build/velodyne_simulator -- -j12 -l12
[1.680s] DEBUG:colcon.colcon_core.event_handler.log_command:Invoked command in '/home/rajesh/multi_tb3/build/velodyne_simulator' returned '0': CMAKE_PREFIX_PATH=/home/rajesh/multi_tb3/install/velodyne_gazebo_plugins:/home/rajesh/multi_tb3/install/velodyne_description:/home/rajesh/multi_tb3/install/velodyne_simulator:/home/rajesh/multi_tb3/install/turtlebot3_simulations:/home/rajesh/multi_tb3/install/turtlebot3_gazebo:/home/rajesh/multi_tb3/install/turtlebot3_description:/home/rajesh/multi_tb3/install/teleop_twist_keyboard:/opt/ros/humble /usr/bin/cmake --build /home/rajesh/multi_tb3/build/velodyne_simulator -- -j12 -l12
[1.700s] DEBUG:colcon.colcon_core.event_handler.log_command:Invoking command in '/home/rajesh/multi_tb3/build/velodyne_simulator': CMAKE_PREFIX_PATH=/home/rajesh/multi_tb3/install/velodyne_gazebo_plugins:/home/rajesh/multi_tb3/install/velodyne_description:/home/rajesh/multi_tb3/install/velodyne_simulator:/home/rajesh/multi_tb3/install/turtlebot3_simulations:/home/rajesh/multi_tb3/install/turtlebot3_gazebo:/home/rajesh/multi_tb3/install/turtlebot3_description:/home/rajesh/multi_tb3/install/teleop_twist_keyboard:/opt/ros/humble /usr/bin/cmake --install /home/rajesh/multi_tb3/build/velodyne_simulator
[1.709s] Level 1:colcon.colcon_core.environment:create_environment_scripts_only(velodyne_simulator)
[1.710s] DEBUG:colcon.colcon_core.event_handler.log_command:Invoked command in '/home/rajesh/multi_tb3/build/velodyne_simulator' returned '0': CMAKE_PREFIX_PATH=/home/rajesh/multi_tb3/install/velodyne_gazebo_plugins:/home/rajesh/multi_tb3/install/velodyne_description:/home/rajesh/multi_tb3/install/velodyne_simulator:/home/rajesh/multi_tb3/install/turtlebot3_simulations:/home/rajesh/multi_tb3/install/turtlebot3_gazebo:/home/rajesh/multi_tb3/install/turtlebot3_description:/home/rajesh/multi_tb3/install/teleop_twist_keyboard:/opt/ros/humble /usr/bin/cmake --install /home/rajesh/multi_tb3/build/velodyne_simulator
[1.723s] Level 1:colcon.colcon_core.environment:checking '/home/rajesh/multi_tb3/install/velodyne_simulator' for CMake module files
[1.724s] Level 1:colcon.colcon_core.environment:checking '/home/rajesh/multi_tb3/install/velodyne_simulator' for CMake config files
[1.724s] Level 1:colcon.colcon_core.shell:create_environment_hook('velodyne_simulator', 'cmake_prefix_path')
[1.732s] INFO:colcon.colcon_core.shell:Creating environment hook '/home/rajesh/multi_tb3/install/velodyne_simulator/share/velodyne_simulator/hook/cmake_prefix_path.ps1'
[1.732s] INFO:colcon.colcon_core.shell:Creating environment descriptor '/home/rajesh/multi_tb3/install/velodyne_simulator/share/velodyne_simulator/hook/cmake_prefix_path.dsv'
[1.732s] INFO:colcon.colcon_core.shell:Creating environment hook '/home/rajesh/multi_tb3/install/velodyne_simulator/share/velodyne_simulator/hook/cmake_prefix_path.sh'
[1.733s] Level 1:colcon.colcon_core.environment:checking '/home/rajesh/multi_tb3/install/velodyne_simulator/bin'
[1.733s] Level 1:colcon.colcon_core.environment:checking '/home/rajesh/multi_tb3/install/velodyne_simulator/lib/pkgconfig/velodyne_simulator.pc'
[1.733s] Level 1:colcon.colcon_core.environment:checking '/home/rajesh/multi_tb3/install/velodyne_simulator/lib/python3.10/site-packages'
[1.733s] Level 1:colcon.colcon_core.environment:checking '/home/rajesh/multi_tb3/install/velodyne_simulator/bin'
[1.741s] INFO:colcon.colcon_core.shell:Creating package script '/home/rajesh/multi_tb3/install/velodyne_simulator/share/velodyne_simulator/package.ps1'
[1.742s] INFO:colcon.colcon_core.shell:Creating package descriptor '/home/rajesh/multi_tb3/install/velodyne_simulator/share/velodyne_simulator/package.dsv'
[1.742s] INFO:colcon.colcon_core.shell:Creating package script '/home/rajesh/multi_tb3/install/velodyne_simulator/share/velodyne_simulator/package.sh'
[1.742s] INFO:colcon.colcon_core.shell:Creating package script '/home/rajesh/multi_tb3/install/velodyne_simulator/share/velodyne_simulator/package.bash'
[1.743s] INFO:colcon.colcon_core.shell:Creating package script '/home/rajesh/multi_tb3/install/velodyne_simulator/share/velodyne_simulator/package.zsh'
[1.743s] Level 1:colcon.colcon_core.environment:create_file_with_runtime_dependencies(/home/rajesh/multi_tb3/install/velodyne_simulator/share/colcon-core/packages/velodyne_simulator)
[1.745s] DEBUG:colcon.colcon_core.event_handler.log_command:Invoked command in '/home/rajesh/multi_tb3/build/turtlebot3_gazebo' returned '0': CMAKE_PREFIX_PATH=/home/rajesh/multi_tb3/install/velodyne_description:/home/rajesh/multi_tb3/install/turtlebot3_description:/home/rajesh/multi_tb3/install/velodyne_simulator:/home/rajesh/multi_tb3/install/velodyne_gazebo_plugins:/home/rajesh/multi_tb3/install/turtlebot3_simulations:/home/rajesh/multi_tb3/install/turtlebot3_gazebo:/home/rajesh/multi_tb3/install/teleop_twist_keyboard:/opt/ros/humble /usr/bin/cmake --build /home/rajesh/multi_tb3/build/turtlebot3_gazebo -- -j12 -l12
[1.778s] Level 1:colcon.colcon_core.environment:create_environment_scripts_only(velodyne_simulator)
[1.789s] Level 1:colcon.colcon_core.environment:checking '/home/rajesh/multi_tb3/install/velodyne_simulator' for CMake module files
[1.789s] Level 1:colcon.colcon_core.environment:checking '/home/rajesh/multi_tb3/install/velodyne_simulator' for CMake config files
[1.790s] Level 1:colcon.colcon_core.shell:create_environment_hook('velodyne_simulator', 'cmake_prefix_path')
[1.804s] INFO:colcon.colcon_core.shell:Creating environment hook '/home/rajesh/multi_tb3/install/velodyne_simulator/share/velodyne_simulator/hook/cmake_prefix_path.ps1'
[1.804s] INFO:colcon.colcon_core.shell:Creating environment descriptor '/home/rajesh/multi_tb3/install/velodyne_simulator/share/velodyne_simulator/hook/cmake_prefix_path.dsv'
[1.804s] INFO:colcon.colcon_core.shell:Creating environment hook '/home/rajesh/multi_tb3/install/velodyne_simulator/share/velodyne_simulator/hook/cmake_prefix_path.sh'
[1.805s] Level 1:colcon.colcon_core.environment:checking '/home/rajesh/multi_tb3/install/velodyne_simulator/bin'
[1.805s] Level 1:colcon.colcon_core.environment:checking '/home/rajesh/multi_tb3/install/velodyne_simulator/lib/pkgconfig/velodyne_simulator.pc'
[1.805s] Level 1:colcon.colcon_core.environment:checking '/home/rajesh/multi_tb3/install/velodyne_simulator/lib/python3.10/site-packages'
[1.805s] Level 1:colcon.colcon_core.environment:checking '/home/rajesh/multi_tb3/install/velodyne_simulator/bin'
[1.814s] INFO:colcon.colcon_core.shell:Creating package script '/home/rajesh/multi_tb3/install/velodyne_simulator/share/velodyne_simulator/package.ps1'
[1.815s] INFO:colcon.colcon_core.shell:Creating package descriptor '/home/rajesh/multi_tb3/install/velodyne_simulator/share/velodyne_simulator/package.dsv'
[1.815s] INFO:colcon.colcon_core.shell:Creating package script '/home/rajesh/multi_tb3/install/velodyne_simulator/share/velodyne_simulator/package.sh'
[1.815s] INFO:colcon.colcon_core.shell:Creating package script '/home/rajesh/multi_tb3/install/velodyne_simulator/share/velodyne_simulator/package.bash'
[1.815s] INFO:colcon.colcon_core.shell:Creating package script '/home/rajesh/multi_tb3/install/velodyne_simulator/share/velodyne_simulator/package.zsh'
[1.815s] Level 1:colcon.colcon_core.environment:create_file_with_runtime_dependencies(/home/rajesh/multi_tb3/install/velodyne_simulator/share/colcon-core/packages/velodyne_simulator)
[1.817s] DEBUG:colcon.colcon_core.event_handler.log_command:Invoking command in '/home/rajesh/multi_tb3/build/turtlebot3_gazebo': CMAKE_PREFIX_PATH=/home/rajesh/multi_tb3/install/velodyne_description:/home/rajesh/multi_tb3/install/turtlebot3_description:/home/rajesh/multi_tb3/install/velodyne_simulator:/home/rajesh/multi_tb3/install/velodyne_gazebo_plugins:/home/rajesh/multi_tb3/install/turtlebot3_simulations:/home/rajesh/multi_tb3/install/turtlebot3_gazebo:/home/rajesh/multi_tb3/install/teleop_twist_keyboard:/opt/ros/humble /usr/bin/cmake --install /home/rajesh/multi_tb3/build/turtlebot3_gazebo
[1.849s] Level 1:colcon.colcon_core.environment:checking '/home/rajesh/multi_tb3/install/teleop_twist_keyboard' for CMake module files
[1.849s] Level 1:colcon.colcon_core.environment:checking '/home/rajesh/multi_tb3/install/teleop_twist_keyboard' for CMake config files
[1.854s] DEBUG:colcon.colcon_core.event_handler.log_command:Invoked command in '/home/rajesh/multi_tb3/src/Multi-turtlebot3-Gazebo-ROS2/teleop_twist_keyboard' returned '0': PYTHONPATH=/home/rajesh/multi_tb3/build/teleop_twist_keyboard/prefix_override:/home/rajesh/multi_tb3/install/teleop_twist_keyboard/lib/python3.10/site-packages:${PYTHONPATH} /usr/bin/python3 setup.py egg_info --egg-base ../../../build/teleop_twist_keyboard build --build-base /home/rajesh/multi_tb3/build/teleop_twist_keyboard/build install --record /home/rajesh/multi_tb3/build/teleop_twist_keyboard/install.log --single-version-externally-managed
[1.858s] Level 1:colcon.colcon_core.environment:checking '/home/rajesh/multi_tb3/install/teleop_twist_keyboard/lib'
[1.858s] Level 1:colcon.colcon_core.environment:checking '/home/rajesh/multi_tb3/install/teleop_twist_keyboard/bin'
[1.858s] Level 1:colcon.colcon_core.environment:checking '/home/rajesh/multi_tb3/install/teleop_twist_keyboard/lib/pkgconfig/teleop_twist_keyboard.pc'
[1.858s] Level 1:colcon.colcon_core.environment:checking '/home/rajesh/multi_tb3/install/teleop_twist_keyboard/lib/python3.10/site-packages'
[1.858s] Level 1:colcon.colcon_core.shell:create_environment_hook('teleop_twist_keyboard', 'pythonpath')
[1.869s] INFO:colcon.colcon_core.shell:Creating environment hook '/home/rajesh/multi_tb3/install/teleop_twist_keyboard/share/teleop_twist_keyboard/hook/pythonpath.ps1'
[1.869s] INFO:colcon.colcon_core.shell:Creating environment descriptor '/home/rajesh/multi_tb3/install/teleop_twist_keyboard/share/teleop_twist_keyboard/hook/pythonpath.dsv'
[1.869s] INFO:colcon.colcon_core.shell:Creating environment hook '/home/rajesh/multi_tb3/install/teleop_twist_keyboard/share/teleop_twist_keyboard/hook/pythonpath.sh'
[1.870s] Level 1:colcon.colcon_core.environment:checking '/home/rajesh/multi_tb3/install/teleop_twist_keyboard/bin'
[1.870s] Level 1:colcon.colcon_core.environment:create_environment_scripts_only(teleop_twist_keyboard)
[1.878s] INFO:colcon.colcon_core.shell:Creating package script '/home/rajesh/multi_tb3/install/teleop_twist_keyboard/share/teleop_twist_keyboard/package.ps1'
[1.879s] INFO:colcon.colcon_core.shell:Creating package descriptor '/home/rajesh/multi_tb3/install/teleop_twist_keyboard/share/teleop_twist_keyboard/package.dsv'
[1.879s] INFO:colcon.colcon_core.shell:Creating package script '/home/rajesh/multi_tb3/install/teleop_twist_keyboard/share/teleop_twist_keyboard/package.sh'
[1.879s] INFO:colcon.colcon_core.shell:Creating package script '/home/rajesh/multi_tb3/install/teleop_twist_keyboard/share/teleop_twist_keyboard/package.bash'
[1.879s] INFO:colcon.colcon_core.shell:Creating package script '/home/rajesh/multi_tb3/install/teleop_twist_keyboard/share/teleop_twist_keyboard/package.zsh'
[1.879s] Level 1:colcon.colcon_core.environment:create_file_with_runtime_dependencies(/home/rajesh/multi_tb3/install/teleop_twist_keyboard/share/colcon-core/packages/teleop_twist_keyboard)
[1.881s] Level 1:colcon.colcon_core.environment:create_environment_scripts_only(turtlebot3_gazebo)
[1.881s] DEBUG:colcon.colcon_core.event_handler.log_command:Invoked command in '/home/rajesh/multi_tb3/build/turtlebot3_gazebo' returned '0': CMAKE_PREFIX_PATH=/home/rajesh/multi_tb3/install/velodyne_description:/home/rajesh/multi_tb3/install/turtlebot3_description:/home/rajesh/multi_tb3/install/velodyne_simulator:/home/rajesh/multi_tb3/install/velodyne_gazebo_plugins:/home/rajesh/multi_tb3/install/turtlebot3_simulations:/home/rajesh/multi_tb3/install/turtlebot3_gazebo:/home/rajesh/multi_tb3/install/teleop_twist_keyboard:/opt/ros/humble /usr/bin/cmake --install /home/rajesh/multi_tb3/build/turtlebot3_gazebo
[1.890s] Level 1:colcon.colcon_core.environment:checking '/home/rajesh/multi_tb3/install/turtlebot3_gazebo' for CMake module files
[1.890s] Level 1:colcon.colcon_core.environment:checking '/home/rajesh/multi_tb3/install/turtlebot3_gazebo' for CMake config files
[1.890s] Level 1:colcon.colcon_core.shell:create_environment_hook('turtlebot3_gazebo', 'cmake_prefix_path')
[1.899s] INFO:colcon.colcon_core.shell:Creating environment hook '/home/rajesh/multi_tb3/install/turtlebot3_gazebo/share/turtlebot3_gazebo/hook/cmake_prefix_path.ps1'
[1.899s] INFO:colcon.colcon_core.shell:Creating environment descriptor '/home/rajesh/multi_tb3/install/turtlebot3_gazebo/share/turtlebot3_gazebo/hook/cmake_prefix_path.dsv'
[1.899s] INFO:colcon.colcon_core.shell:Creating environment hook '/home/rajesh/multi_tb3/install/turtlebot3_gazebo/share/turtlebot3_gazebo/hook/cmake_prefix_path.sh'
[1.899s] Level 1:colcon.colcon_core.environment:checking '/home/rajesh/multi_tb3/install/turtlebot3_gazebo/lib'
[1.900s] Level 1:colcon.colcon_core.environment:checking '/home/rajesh/multi_tb3/install/turtlebot3_gazebo/bin'
[1.900s] Level 1:colcon.colcon_core.environment:checking '/home/rajesh/multi_tb3/install/turtlebot3_gazebo/lib/pkgconfig/turtlebot3_gazebo.pc'
[1.900s] Level 1:colcon.colcon_core.environment:checking '/home/rajesh/multi_tb3/install/turtlebot3_gazebo/lib/python3.10/site-packages'
[1.900s] Level 1:colcon.colcon_core.environment:checking '/home/rajesh/multi_tb3/install/turtlebot3_gazebo/bin'
[1.908s] INFO:colcon.colcon_core.shell:Creating package script '/home/rajesh/multi_tb3/install/turtlebot3_gazebo/share/turtlebot3_gazebo/package.ps1'
[1.909s] INFO:colcon.colcon_core.shell:Creating package descriptor '/home/rajesh/multi_tb3/install/turtlebot3_gazebo/share/turtlebot3_gazebo/package.dsv'
[1.909s] INFO:colcon.colcon_core.shell:Creating package script '/home/rajesh/multi_tb3/install/turtlebot3_gazebo/share/turtlebot3_gazebo/package.sh'
[1.909s] INFO:colcon.colcon_core.shell:Creating package script '/home/rajesh/multi_tb3/install/turtlebot3_gazebo/share/turtlebot3_gazebo/package.bash'
[1.909s] INFO:colcon.colcon_core.shell:Creating package script '/home/rajesh/multi_tb3/install/turtlebot3_gazebo/share/turtlebot3_gazebo/package.zsh'
[1.909s] Level 1:colcon.colcon_core.environment:create_file_with_runtime_dependencies(/home/rajesh/multi_tb3/install/turtlebot3_gazebo/share/colcon-core/packages/turtlebot3_gazebo)
[1.944s] Level 1:colcon.colcon_core.environment:create_environment_scripts_only(turtlebot3_gazebo)
[1.953s] Level 1:colcon.colcon_core.environment:checking '/home/rajesh/multi_tb3/install/turtlebot3_gazebo' for CMake module files
[1.953s] Level 1:colcon.colcon_core.environment:checking '/home/rajesh/multi_tb3/install/turtlebot3_gazebo' for CMake config files
[1.953s] Level 1:colcon.colcon_core.shell:create_environment_hook('turtlebot3_gazebo', 'cmake_prefix_path')
[1.962s] INFO:colcon.colcon_core.shell:Creating environment hook '/home/rajesh/multi_tb3/install/turtlebot3_gazebo/share/turtlebot3_gazebo/hook/cmake_prefix_path.ps1'
[1.962s] INFO:colcon.colcon_core.shell:Creating environment descriptor '/home/rajesh/multi_tb3/install/turtlebot3_gazebo/share/turtlebot3_gazebo/hook/cmake_prefix_path.dsv'
[1.962s] INFO:colcon.colcon_core.shell:Creating environment hook '/home/rajesh/multi_tb3/install/turtlebot3_gazebo/share/turtlebot3_gazebo/hook/cmake_prefix_path.sh'
[1.963s] Level 1:colcon.colcon_core.environment:checking '/home/rajesh/multi_tb3/install/turtlebot3_gazebo/lib'
[1.963s] Level 1:colcon.colcon_core.environment:checking '/home/rajesh/multi_tb3/install/turtlebot3_gazebo/bin'
[1.963s] Level 1:colcon.colcon_core.environment:checking '/home/rajesh/multi_tb3/install/turtlebot3_gazebo/lib/pkgconfig/turtlebot3_gazebo.pc'
[1.963s] Level 1:colcon.colcon_core.environment:checking '/home/rajesh/multi_tb3/install/turtlebot3_gazebo/lib/python3.10/site-packages'
[1.963s] Level 1:colcon.colcon_core.environment:checking '/home/rajesh/multi_tb3/install/turtlebot3_gazebo/bin'
[1.972s] INFO:colcon.colcon_core.shell:Creating package script '/home/rajesh/multi_tb3/install/turtlebot3_gazebo/share/turtlebot3_gazebo/package.ps1'
[1.972s] INFO:colcon.colcon_core.shell:Creating package descriptor '/home/rajesh/multi_tb3/install/turtlebot3_gazebo/share/turtlebot3_gazebo/package.dsv'
[1.972s] INFO:colcon.colcon_core.shell:Creating package script '/home/rajesh/multi_tb3/install/turtlebot3_gazebo/share/turtlebot3_gazebo/package.sh'
[1.972s] INFO:colcon.colcon_core.shell:Creating package script '/home/rajesh/multi_tb3/install/turtlebot3_gazebo/share/turtlebot3_gazebo/package.bash'
[1.973s] INFO:colcon.colcon_core.shell:Creating package script '/home/rajesh/multi_tb3/install/turtlebot3_gazebo/share/turtlebot3_gazebo/package.zsh'
[1.973s] Level 1:colcon.colcon_core.environment:create_file_with_runtime_dependencies(/home/rajesh/multi_tb3/install/turtlebot3_gazebo/share/colcon-core/packages/turtlebot3_gazebo)
[1.973s] INFO:colcon.colcon_ros.task.ament_cmake.build:Building ROS package in '/home/rajesh/multi_tb3/src/Multi-turtlebot3-Gazebo-ROS2/turtlebot3_simulations/turtlebot3_simulations' with build type 'ament_cmake'
[1.973s] INFO:colcon.colcon_cmake.task.cmake.build:Building CMake package in '/home/rajesh/multi_tb3/src/Multi-turtlebot3-Gazebo-ROS2/turtlebot3_simulations/turtlebot3_simulations'
[1.982s] INFO:colcon.colcon_core.shell:Skip shell extension 'powershell' for command environment: Not usable outside of PowerShell
[1.982s] DEBUG:colcon.colcon_core.shell:Skip shell extension 'dsv' for command environment
[2.014s] DEBUG:colcon.colcon_core.event_handler.log_command:Invoking command in '/home/rajesh/multi_tb3/build/turtlebot3_simulations': CMAKE_PREFIX_PATH=/home/rajesh/multi_tb3/install/turtlebot3_gazebo:/home/rajesh/multi_tb3/install/velodyne_description:/home/rajesh/multi_tb3/install/turtlebot3_description:/home/rajesh/multi_tb3/install/velodyne_simulator:/home/rajesh/multi_tb3/install/velodyne_gazebo_plugins:/home/rajesh/multi_tb3/install/turtlebot3_simulations:/home/rajesh/multi_tb3/install/teleop_twist_keyboard:/opt/ros/humble /usr/bin/cmake --build /home/rajesh/multi_tb3/build/turtlebot3_simulations -- -j12 -l12
[2.038s] DEBUG:colcon.colcon_core.event_handler.log_command:Invoked command in '/home/rajesh/multi_tb3/build/turtlebot3_simulations' returned '0': CMAKE_PREFIX_PATH=/home/rajesh/multi_tb3/install/turtlebot3_gazebo:/home/rajesh/multi_tb3/install/velodyne_description:/home/rajesh/multi_tb3/install/turtlebot3_description:/home/rajesh/multi_tb3/install/velodyne_simulator:/home/rajesh/multi_tb3/install/velodyne_gazebo_plugins:/home/rajesh/multi_tb3/install/turtlebot3_simulations:/home/rajesh/multi_tb3/install/teleop_twist_keyboard:/opt/ros/humble /usr/bin/cmake --build /home/rajesh/multi_tb3/build/turtlebot3_simulations -- -j12 -l12
[2.055s] DEBUG:colcon.colcon_core.event_handler.log_command:Invoking command in '/home/rajesh/multi_tb3/build/turtlebot3_simulations': CMAKE_PREFIX_PATH=/home/rajesh/multi_tb3/install/turtlebot3_gazebo:/home/rajesh/multi_tb3/install/velodyne_description:/home/rajesh/multi_tb3/install/turtlebot3_description:/home/rajesh/multi_tb3/install/velodyne_simulator:/home/rajesh/multi_tb3/install/velodyne_gazebo_plugins:/home/rajesh/multi_tb3/install/turtlebot3_simulations:/home/rajesh/multi_tb3/install/teleop_twist_keyboard:/opt/ros/humble /usr/bin/cmake --install /home/rajesh/multi_tb3/build/turtlebot3_simulations
[2.062s] Level 1:colcon.colcon_core.environment:create_environment_scripts_only(turtlebot3_simulations)
[2.064s] DEBUG:colcon.colcon_core.event_handler.log_command:Invoked command in '/home/rajesh/multi_tb3/build/turtlebot3_simulations' returned '0': CMAKE_PREFIX_PATH=/home/rajesh/multi_tb3/install/turtlebot3_gazebo:/home/rajesh/multi_tb3/install/velodyne_description:/home/rajesh/multi_tb3/install/turtlebot3_description:/home/rajesh/multi_tb3/install/velodyne_simulator:/home/rajesh/multi_tb3/install/velodyne_gazebo_plugins:/home/rajesh/multi_tb3/install/turtlebot3_simulations:/home/rajesh/multi_tb3/install/teleop_twist_keyboard:/opt/ros/humble /usr/bin/cmake --install /home/rajesh/multi_tb3/build/turtlebot3_simulations
[2.076s] Level 1:colcon.colcon_core.environment:checking '/home/rajesh/multi_tb3/install/turtlebot3_simulations' for CMake module files
[2.076s] Level 1:colcon.colcon_core.environment:checking '/home/rajesh/multi_tb3/install/turtlebot3_simulations' for CMake config files
[2.077s] Level 1:colcon.colcon_core.shell:create_environment_hook('turtlebot3_simulations', 'cmake_prefix_path')
[2.087s] INFO:colcon.colcon_core.shell:Creating environment hook '/home/rajesh/multi_tb3/install/turtlebot3_simulations/share/turtlebot3_simulations/hook/cmake_prefix_path.ps1'
[2.088s] INFO:colcon.colcon_core.shell:Creating environment descriptor '/home/rajesh/multi_tb3/install/turtlebot3_simulations/share/turtlebot3_simulations/hook/cmake_prefix_path.dsv'
[2.088s] INFO:colcon.colcon_core.shell:Creating environment hook '/home/rajesh/multi_tb3/install/turtlebot3_simulations/share/turtlebot3_simulations/hook/cmake_prefix_path.sh'
[2.088s] Level 1:colcon.colcon_core.environment:checking '/home/rajesh/multi_tb3/install/turtlebot3_simulations/bin'
[2.088s] Level 1:colcon.colcon_core.environment:checking '/home/rajesh/multi_tb3/install/turtlebot3_simulations/lib/pkgconfig/turtlebot3_simulations.pc'
[2.088s] Level 1:colcon.colcon_core.environment:checking '/home/rajesh/multi_tb3/install/turtlebot3_simulations/lib/python3.10/site-packages'
[2.088s] Level 1:colcon.colcon_core.environment:checking '/home/rajesh/multi_tb3/install/turtlebot3_simulations/bin'
[2.098s] INFO:colcon.colcon_core.shell:Creating package script '/home/rajesh/multi_tb3/install/turtlebot3_simulations/share/turtlebot3_simulations/package.ps1'
[2.098s] INFO:colcon.colcon_core.shell:Creating package descriptor '/home/rajesh/multi_tb3/install/turtlebot3_simulations/share/turtlebot3_simulations/package.dsv'
[2.098s] INFO:colcon.colcon_core.shell:Creating package script '/home/rajesh/multi_tb3/install/turtlebot3_simulations/share/turtlebot3_simulations/package.sh'
[2.099s] INFO:colcon.colcon_core.shell:Creating package script '/home/rajesh/multi_tb3/install/turtlebot3_simulations/share/turtlebot3_simulations/package.bash'
[2.099s] INFO:colcon.colcon_core.shell:Creating package script '/home/rajesh/multi_tb3/install/turtlebot3_simulations/share/turtlebot3_simulations/package.zsh'
[2.099s] Level 1:colcon.colcon_core.environment:create_file_with_runtime_dependencies(/home/rajesh/multi_tb3/install/turtlebot3_simulations/share/colcon-core/packages/turtlebot3_simulations)
[2.124s] Level 1:colcon.colcon_core.environment:create_environment_scripts_only(turtlebot3_simulations)
[2.132s] Level 1:colcon.colcon_core.environment:checking '/home/rajesh/multi_tb3/install/turtlebot3_simulations' for CMake module files
[2.132s] Level 1:colcon.colcon_core.environment:checking '/home/rajesh/multi_tb3/install/turtlebot3_simulations' for CMake config files
[2.132s] Level 1:colcon.colcon_core.shell:create_environment_hook('turtlebot3_simulations', 'cmake_prefix_path')
[2.140s] INFO:colcon.colcon_core.shell:Creating environment hook '/home/rajesh/multi_tb3/install/turtlebot3_simulations/share/turtlebot3_simulations/hook/cmake_prefix_path.ps1'
[2.140s] INFO:colcon.colcon_core.shell:Creating environment descriptor '/home/rajesh/multi_tb3/install/turtlebot3_simulations/share/turtlebot3_simulations/hook/cmake_prefix_path.dsv'
[2.140s] INFO:colcon.colcon_core.shell:Creating environment hook '/home/rajesh/multi_tb3/install/turtlebot3_simulations/share/turtlebot3_simulations/hook/cmake_prefix_path.sh'
[2.141s] Level 1:colcon.colcon_core.environment:checking '/home/rajesh/multi_tb3/install/turtlebot3_simulations/bin'
[2.141s] Level 1:colcon.colcon_core.environment:checking '/home/rajesh/multi_tb3/install/turtlebot3_simulations/lib/pkgconfig/turtlebot3_simulations.pc'
[2.141s] Level 1:colcon.colcon_core.environment:checking '/home/rajesh/multi_tb3/install/turtlebot3_simulations/lib/python3.10/site-packages'
[2.141s] Level 1:colcon.colcon_core.environment:checking '/home/rajesh/multi_tb3/install/turtlebot3_simulations/bin'
[2.149s] INFO:colcon.colcon_core.shell:Creating package script '/home/rajesh/multi_tb3/install/turtlebot3_simulations/share/turtlebot3_simulations/package.ps1'
[2.150s] INFO:colcon.colcon_core.shell:Creating package descriptor '/home/rajesh/multi_tb3/install/turtlebot3_simulations/share/turtlebot3_simulations/package.dsv'
[2.150s] INFO:colcon.colcon_core.shell:Creating package script '/home/rajesh/multi_tb3/install/turtlebot3_simulations/share/turtlebot3_simulations/package.sh'
[2.150s] INFO:colcon.colcon_core.shell:Creating package script '/home/rajesh/multi_tb3/install/turtlebot3_simulations/share/turtlebot3_simulations/package.bash'
[2.150s] INFO:colcon.colcon_core.shell:Creating package script '/home/rajesh/multi_tb3/install/turtlebot3_simulations/share/turtlebot3_simulations/package.zsh'
[2.151s] Level 1:colcon.colcon_core.environment:create_file_with_runtime_dependencies(/home/rajesh/multi_tb3/install/turtlebot3_simulations/share/colcon-core/packages/turtlebot3_simulations)
[2.151s] DEBUG:colcon.colcon_parallel_executor.executor.parallel:closing loop
[2.151s] DEBUG:colcon.colcon_parallel_executor.executor.parallel:loop closed
[2.151s] DEBUG:colcon.colcon_parallel_executor.executor.parallel:run_until_complete finished with '0'
[2.151s] DEBUG:colcon.colcon_core.event_reactor:joining thread
[2.165s] INFO:colcon.colcon_core.plugin_system:Skipping extension 'colcon_notification.desktop_notification.terminal_notifier': Not used on non-Darwin systems
[2.165s] INFO:colcon.colcon_core.plugin_system:Skipping extension 'colcon_notification.desktop_notification.win32': Not used on non-Windows systems
[2.165s] INFO:colcon.colcon_notification.desktop_notification:Sending desktop notification using 'notify2'
[2.176s] DEBUG:colcon.colcon_core.event_reactor:joined thread
[2.185s] INFO:colcon.colcon_core.shell:Creating prefix script '/home/rajesh/multi_tb3/install/local_setup.ps1'
[2.186s] INFO:colcon.colcon_core.shell:Creating prefix util module '/home/rajesh/multi_tb3/install/_local_setup_util_ps1.py'
[2.187s] INFO:colcon.colcon_core.shell:Creating prefix chain script '/home/rajesh/multi_tb3/install/setup.ps1'
[2.196s] INFO:colcon.colcon_core.shell:Creating prefix script '/home/rajesh/multi_tb3/install/local_setup.sh'
[2.196s] INFO:colcon.colcon_core.shell:Creating prefix util module '/home/rajesh/multi_tb3/install/_local_setup_util_sh.py'
[2.196s] INFO:colcon.colcon_core.shell:Creating prefix chain script '/home/rajesh/multi_tb3/install/setup.sh'
[2.205s] INFO:colcon.colcon_core.shell:Creating prefix script '/home/rajesh/multi_tb3/install/local_setup.bash'
[2.206s] INFO:colcon.colcon_core.shell:Creating prefix chain script '/home/rajesh/multi_tb3/install/setup.bash'
[2.215s] INFO:colcon.colcon_core.shell:Creating prefix script '/home/rajesh/multi_tb3/install/local_setup.zsh'
[2.215s] INFO:colcon.colcon_core.shell:Creating prefix chain script '/home/rajesh/multi_tb3/install/setup.zsh'
