[0.034s] Invoking command in '/home/rajesh/multi_tb3/build/turtlebot3_simulations': AMENT_PREFIX_PATH=/home/rajesh/multi_tb3/install/turtlebot3_gazebo:/home/rajesh/multi_tb3/install/velodyne_description:/home/rajesh/multi_tb3/install/turtlebot3_description:${AMENT_PREFIX_PATH} CMAKE_PREFIX_PATH=/home/rajesh/multi_tb3/install/turtlebot3_gazebo:/home/rajesh/multi_tb3/install/velodyne_description:/home/rajesh/multi_tb3/install/turtlebot3_description:/opt/ros/humble /usr/bin/cmake --build /home/rajesh/multi_tb3/build/turtlebot3_simulations -- -j12 -l12
[0.061s] Invoked command in '/home/rajesh/multi_tb3/build/turtlebot3_simulations' returned '0': AMENT_PREFIX_PATH=/home/rajesh/multi_tb3/install/turtlebot3_gazebo:/home/rajesh/multi_tb3/install/velodyne_description:/home/rajesh/multi_tb3/install/turtlebot3_description:${AMENT_PREFIX_PATH} CMAKE_PREFIX_PATH=/home/rajesh/multi_tb3/install/turtlebot3_gazebo:/home/rajesh/multi_tb3/install/velodyne_description:/home/rajesh/multi_tb3/install/turtlebot3_description:/opt/ros/humble /usr/bin/cmake --build /home/rajesh/multi_tb3/build/turtlebot3_simulations -- -j12 -l12
[0.077s] Invoking command in '/home/rajesh/multi_tb3/build/turtlebot3_simulations': AMENT_PREFIX_PATH=/home/rajesh/multi_tb3/install/turtlebot3_gazebo:/home/rajesh/multi_tb3/install/velodyne_description:/home/rajesh/multi_tb3/install/turtlebot3_description:${AMENT_PREFIX_PATH} CMAKE_PREFIX_PATH=/home/rajesh/multi_tb3/install/turtlebot3_gazebo:/home/rajesh/multi_tb3/install/velodyne_description:/home/rajesh/multi_tb3/install/turtlebot3_description:/opt/ros/humble /usr/bin/cmake --install /home/rajesh/multi_tb3/build/turtlebot3_simulations
[0.081s] -- Install configuration: ""
[0.081s] -- Up-to-date: /home/rajesh/multi_tb3/install/turtlebot3_simulations/share/ament_index/resource_index/package_run_dependencies/turtlebot3_simulations
[0.082s] -- Up-to-date: /home/rajesh/multi_tb3/install/turtlebot3_simulations/share/ament_index/resource_index/parent_prefix_path/turtlebot3_simulations
[0.082s] -- Up-to-date: /home/rajesh/multi_tb3/install/turtlebot3_simulations/share/turtlebot3_simulations/environment/ament_prefix_path.sh
[0.082s] -- Up-to-date: /home/rajesh/multi_tb3/install/turtlebot3_simulations/share/turtlebot3_simulations/environment/ament_prefix_path.dsv
[0.082s] -- Up-to-date: /home/rajesh/multi_tb3/install/turtlebot3_simulations/share/turtlebot3_simulations/environment/path.sh
[0.082s] -- Up-to-date: /home/rajesh/multi_tb3/install/turtlebot3_simulations/share/turtlebot3_simulations/environment/path.dsv
[0.082s] -- Up-to-date: /home/rajesh/multi_tb3/install/turtlebot3_simulations/share/turtlebot3_simulations/local_setup.bash
[0.082s] -- Up-to-date: /home/rajesh/multi_tb3/install/turtlebot3_simulations/share/turtlebot3_simulations/local_setup.sh
[0.082s] -- Up-to-date: /home/rajesh/multi_tb3/install/turtlebot3_simulations/share/turtlebot3_simulations/local_setup.zsh
[0.082s] -- Up-to-date: /home/rajesh/multi_tb3/install/turtlebot3_simulations/share/turtlebot3_simulations/local_setup.dsv
[0.082s] -- Installing: /home/rajesh/multi_tb3/install/turtlebot3_simulations/share/turtlebot3_simulations/package.dsv
[0.083s] -- Up-to-date: /home/rajesh/multi_tb3/install/turtlebot3_simulations/share/ament_index/resource_index/packages/turtlebot3_simulations
[0.083s] -- Up-to-date: /home/rajesh/multi_tb3/install/turtlebot3_simulations/share/turtlebot3_simulations/cmake/turtlebot3_simulationsConfig.cmake
[0.083s] -- Up-to-date: /home/rajesh/multi_tb3/install/turtlebot3_simulations/share/turtlebot3_simulations/cmake/turtlebot3_simulationsConfig-version.cmake
[0.084s] -- Up-to-date: /home/rajesh/multi_tb3/install/turtlebot3_simulations/share/turtlebot3_simulations/package.xml
[0.084s] Invoked command in '/home/rajesh/multi_tb3/build/turtlebot3_simulations' returned '0': AMENT_PREFIX_PATH=/home/rajesh/multi_tb3/install/turtlebot3_gazebo:/home/rajesh/multi_tb3/install/velodyne_description:/home/rajesh/multi_tb3/install/turtlebot3_description:${AMENT_PREFIX_PATH} CMAKE_PREFIX_PATH=/home/rajesh/multi_tb3/install/turtlebot3_gazebo:/home/rajesh/multi_tb3/install/velodyne_description:/home/rajesh/multi_tb3/install/turtlebot3_description:/opt/ros/humble /usr/bin/cmake --install /home/rajesh/multi_tb3/build/turtlebot3_simulations
