[0.029s] Invoking command in '/home/rajesh/multi_tb3/build/turtlebot3_simulations': AMENT_PREFIX_PATH=/home/rajesh/multi_tb3/install/turtlebot3_gazebo:/home/rajesh/multi_tb3/install/velodyne_description:/home/rajesh/multi_tb3/install/turtlebot3_description:${AMENT_PREFIX_PATH} CMAKE_PREFIX_PATH=/home/rajesh/multi_tb3/install/turtlebot3_gazebo:/home/rajesh/multi_tb3/install/velodyne_description:/home/rajesh/multi_tb3/install/turtlebot3_description:/opt/ros/humble /usr/bin/cmake /home/rajesh/multi_tb3/src/Multi-turtlebot3-Gazebo-ROS2/turtlebot3_simulations/turtlebot3_simulations -DCMAKE_INSTALL_PREFIX=/home/rajesh/multi_tb3/install/turtlebot3_simulations
[0.064s] -- The C compiler identification is GNU 11.4.0
[0.099s] -- The CXX compiler identification is GNU 11.4.0
[0.103s] -- Detecting C compiler ABI info
[0.144s] -- Detecting C compiler ABI info - done
[0.154s] -- Check for working C compiler: /usr/bin/cc - skipped
[0.154s] -- Detecting C compile features
[0.154s] -- Detecting C compile features - done
[0.158s] -- Detecting CXX compiler ABI info
[0.211s] -- Detecting CXX compiler ABI info - done
[0.216s] -- Check for working CXX compiler: /usr/bin/c++ - skipped
[0.216s] -- Detecting CXX compile features
[0.217s] -- Detecting CXX compile features - done
[0.218s] -- Found ament_cmake: 1.3.7 (/opt/ros/humble/share/ament_cmake/cmake)
[0.331s] -- Found Python3: /usr/bin/python3.10 (found version "3.10.12") found components: Interpreter 
[0.429s] -- Configuring done
[0.430s] -- Generating done
[0.430s] -- Build files have been written to: /home/rajesh/multi_tb3/build/turtlebot3_simulations
[0.434s] Invoked command in '/home/rajesh/multi_tb3/build/turtlebot3_simulations' returned '0': AMENT_PREFIX_PATH=/home/rajesh/multi_tb3/install/turtlebot3_gazebo:/home/rajesh/multi_tb3/install/velodyne_description:/home/rajesh/multi_tb3/install/turtlebot3_description:${AMENT_PREFIX_PATH} CMAKE_PREFIX_PATH=/home/rajesh/multi_tb3/install/turtlebot3_gazebo:/home/rajesh/multi_tb3/install/velodyne_description:/home/rajesh/multi_tb3/install/turtlebot3_description:/opt/ros/humble /usr/bin/cmake /home/rajesh/multi_tb3/src/Multi-turtlebot3-Gazebo-ROS2/turtlebot3_simulations/turtlebot3_simulations -DCMAKE_INSTALL_PREFIX=/home/rajesh/multi_tb3/install/turtlebot3_simulations
[0.435s] Invoking command in '/home/rajesh/multi_tb3/build/turtlebot3_simulations': AMENT_PREFIX_PATH=/home/rajesh/multi_tb3/install/turtlebot3_gazebo:/home/rajesh/multi_tb3/install/velodyne_description:/home/rajesh/multi_tb3/install/turtlebot3_description:${AMENT_PREFIX_PATH} CMAKE_PREFIX_PATH=/home/rajesh/multi_tb3/install/turtlebot3_gazebo:/home/rajesh/multi_tb3/install/velodyne_description:/home/rajesh/multi_tb3/install/turtlebot3_description:/opt/ros/humble /usr/bin/cmake --build /home/rajesh/multi_tb3/build/turtlebot3_simulations -- -j12 -l12
[0.459s] Invoked command in '/home/rajesh/multi_tb3/build/turtlebot3_simulations' returned '0': AMENT_PREFIX_PATH=/home/rajesh/multi_tb3/install/turtlebot3_gazebo:/home/rajesh/multi_tb3/install/velodyne_description:/home/rajesh/multi_tb3/install/turtlebot3_description:${AMENT_PREFIX_PATH} CMAKE_PREFIX_PATH=/home/rajesh/multi_tb3/install/turtlebot3_gazebo:/home/rajesh/multi_tb3/install/velodyne_description:/home/rajesh/multi_tb3/install/turtlebot3_description:/opt/ros/humble /usr/bin/cmake --build /home/rajesh/multi_tb3/build/turtlebot3_simulations -- -j12 -l12
[0.471s] Invoking command in '/home/rajesh/multi_tb3/build/turtlebot3_simulations': AMENT_PREFIX_PATH=/home/rajesh/multi_tb3/install/turtlebot3_gazebo:/home/rajesh/multi_tb3/install/velodyne_description:/home/rajesh/multi_tb3/install/turtlebot3_description:${AMENT_PREFIX_PATH} CMAKE_PREFIX_PATH=/home/rajesh/multi_tb3/install/turtlebot3_gazebo:/home/rajesh/multi_tb3/install/velodyne_description:/home/rajesh/multi_tb3/install/turtlebot3_description:/opt/ros/humble /usr/bin/cmake --install /home/rajesh/multi_tb3/build/turtlebot3_simulations
[0.477s] -- Install configuration: ""
[0.477s] -- Installing: /home/rajesh/multi_tb3/install/turtlebot3_simulations/share/ament_index/resource_index/package_run_dependencies/turtlebot3_simulations
[0.477s] -- Installing: /home/rajesh/multi_tb3/install/turtlebot3_simulations/share/ament_index/resource_index/parent_prefix_path/turtlebot3_simulations
[0.477s] -- Installing: /home/rajesh/multi_tb3/install/turtlebot3_simulations/share/turtlebot3_simulations/environment/ament_prefix_path.sh
[0.477s] -- Installing: /home/rajesh/multi_tb3/install/turtlebot3_simulations/share/turtlebot3_simulations/environment/ament_prefix_path.dsv
[0.478s] -- Installing: /home/rajesh/multi_tb3/install/turtlebot3_simulations/share/turtlebot3_simulations/environment/path.sh
[0.478s] -- Installing: /home/rajesh/multi_tb3/install/turtlebot3_simulations/share/turtlebot3_simulations/environment/path.dsv
[0.478s] -- Installing: /home/rajesh/multi_tb3/install/turtlebot3_simulations/share/turtlebot3_simulations/local_setup.bash
[0.478s] -- Installing: /home/rajesh/multi_tb3/install/turtlebot3_simulations/share/turtlebot3_simulations/local_setup.sh
[0.478s] -- Installing: /home/rajesh/multi_tb3/install/turtlebot3_simulations/share/turtlebot3_simulations/local_setup.zsh
[0.478s] -- Installing: /home/rajesh/multi_tb3/install/turtlebot3_simulations/share/turtlebot3_simulations/local_setup.dsv
[0.478s] -- Installing: /home/rajesh/multi_tb3/install/turtlebot3_simulations/share/turtlebot3_simulations/package.dsv
[0.478s] -- Installing: /home/rajesh/multi_tb3/install/turtlebot3_simulations/share/ament_index/resource_index/packages/turtlebot3_simulations
[0.478s] -- Installing: /home/rajesh/multi_tb3/install/turtlebot3_simulations/share/turtlebot3_simulations/cmake/turtlebot3_simulationsConfig.cmake
[0.478s] -- Installing: /home/rajesh/multi_tb3/install/turtlebot3_simulations/share/turtlebot3_simulations/cmake/turtlebot3_simulationsConfig-version.cmake
[0.478s] -- Installing: /home/rajesh/multi_tb3/install/turtlebot3_simulations/share/turtlebot3_simulations/package.xml
[0.480s] Invoked command in '/home/rajesh/multi_tb3/build/turtlebot3_simulations' returned '0': AMENT_PREFIX_PATH=/home/rajesh/multi_tb3/install/turtlebot3_gazebo:/home/rajesh/multi_tb3/install/velodyne_description:/home/rajesh/multi_tb3/install/turtlebot3_description:${AMENT_PREFIX_PATH} CMAKE_PREFIX_PATH=/home/rajesh/multi_tb3/install/turtlebot3_gazebo:/home/rajesh/multi_tb3/install/velodyne_description:/home/rajesh/multi_tb3/install/turtlebot3_description:/opt/ros/humble /usr/bin/cmake --install /home/rajesh/multi_tb3/build/turtlebot3_simulations
